#
# There is insufficient memory for the Java Runtime Environment to continue.
# Native memory allocation (malloc) failed to allocate 52953088 bytes for committing reserved memory.
# Possible reasons:
#   The system is out of physical RAM or swap space
#   In 32 bit mode, the process size limit was hit
# Possible solutions:
#   Reduce memory load on the system
#   Increase physical memory or swap space
#   Check if swap backing store is full
#   Use 64 bit Java on a 64 bit OS
#   Decrease Java heap size (-Xmx/-Xms)
#   Decrease number of Java threads
#   Decrease Java thread stack sizes (-Xss)
#   Set larger code cache with -XX:ReservedCodeCacheSize=
# This output file may be truncated or incomplete.
#
#  Out of Memory Error (os_linux.cpp:2756), pid=15331, tid=140313361659648
#
# JRE version: Java(TM) SE Runtime Environment (7.0_80-b15) (build 1.7.0_80-b15)
# Java VM: Java HotSpot(TM) 64-Bit Server VM (24.80-b11 mixed mode linux-amd64 compressed oops)
# Failed to write core dump. Core dumps have been disabled. To enable core dumping, try "ulimit -c unlimited" before starting Java again
#

---------------  T H R E A D  ---------------

Current thread (0x00007f9d4806a000):  VMThread [stack: 0x00007f9d40043000,0x00007f9d40144000] [id=15340]

Stack: [0x00007f9d40043000,0x00007f9d40144000],  sp=0x00007f9d40141fc0,  free space=1019k
Native frames: (J=compiled Java code, j=interpreted, Vv=VM code, C=native code)
V  [libjvm.so+0x9a320a]  VMError::report_and_die()+0x2ea
V  [libjvm.so+0x498d3b]  report_vm_out_of_memory(char const*, int, unsigned long, char const*)+0x9b
V  [libjvm.so+0x82191e]  os::Linux::commit_memory_impl(char*, unsigned long, bool)+0xfe
V  [libjvm.so+0x821e69]  os::pd_commit_memory(char*, unsigned long, unsigned long, bool)+0x29
V  [libjvm.so+0x81bb6a]  os::commit_memory(char*, unsigned long, unsigned long, bool)+0x2a
V  [libjvm.so+0x88d623]  PSVirtualSpace::expand_by(unsigned long)+0x53
V  [libjvm.so+0x88e9f8]  PSYoungGen::resize_generation(unsigned long, unsigned long)+0xf8
V  [libjvm.so+0x88db62]  PSYoungGen::resize(unsigned long, unsigned long)+0x22
V  [libjvm.so+0x88af1d]  PSScavenge::invoke_no_policy()+0xf3d
V  [libjvm.so+0x88b761]  PSScavenge::invoke()+0x41
V  [libjvm.so+0x843f40]  ParallelScavengeHeap::failed_mem_allocate(unsigned long)+0x70
V  [libjvm.so+0x9a4a97]  VM_ParallelGCFailedAllocation::doit()+0x97
V  [libjvm.so+0x9abf35]  VM_Operation::evaluate()+0x55
V  [libjvm.so+0x9aa2fa]  VMThread::evaluate_operation(VM_Operation*)+0xba
V  [libjvm.so+0x9aa67e]  VMThread::loop()+0x1ce
V  [libjvm.so+0x9aaaf0]  VMThread::run()+0x70
V  [libjvm.so+0x8238c8]  java_start(Thread*)+0x108

VM_Operation (0x00007f9d4de8a8e0): ParallelGCFailedAllocation, mode: safepoint, requested by thread 0x00007f9d4800a000


---------------  P R O C E S S  ---------------

Java Threads: ( => current thread )
  0x00007f9d48099000 JavaThread "Service Thread" daemon [_thread_blocked, id=15346, stack(0x00007f9d2b731000,0x00007f9d2b832000)]
  0x00007f9d48096800 JavaThread "C2 CompilerThread1" daemon [_thread_blocked, id=15345, stack(0x00007f9d2b832000,0x00007f9d2b933000)]
  0x00007f9d48093800 JavaThread "C2 CompilerThread0" daemon [_thread_blocked, id=15344, stack(0x00007f9d2b933000,0x00007f9d2ba34000)]
  0x00007f9d48091800 JavaThread "Signal Dispatcher" daemon [_thread_blocked, id=15343, stack(0x00007f9d2ba34000,0x00007f9d2bb35000)]
  0x00007f9d48070000 JavaThread "Finalizer" daemon [_thread_blocked, id=15342, stack(0x00007f9d2bdfe000,0x00007f9d2beff000)]
  0x00007f9d4806e000 JavaThread "Reference Handler" daemon [_thread_blocked, id=15341, stack(0x00007f9d2beff000,0x00007f9d2c000000)]
  0x00007f9d4800a000 JavaThread "main" [_thread_blocked, id=15333, stack(0x00007f9d4dd8c000,0x00007f9d4de8d000)]

Other Threads:
=>0x00007f9d4806a000 VMThread [stack: 0x00007f9d40043000,0x00007f9d40144000] [id=15340]
  0x00007f9d480a3800 WatcherThread [stack: 0x00007f9d2b630000,0x00007f9d2b731000] [id=15347]

VM state:at safepoint (normal execution)

VM Mutex/Monitor currently owned by a thread:  ([mutex/lock_event])
[0x00007f9d48006770] Threads_lock - owner thread: 0x00007f9d4806a000
[0x00007f9d48006c70] Heap_lock - owner thread: 0x00007f9d4800a000

Heap
 PSYoungGen      total 31232K, used 2553K [0x00000000eaa80000, 0x00000000ecd80000, 0x0000000100000000)
  eden space 28672K, 0% used [0x00000000eaa80000,0x00000000eaa80000,0x00000000ec680000)
  from space 2560K, 99% used [0x00000000ec880000,0x00000000ecafe618,0x00000000ecb00000)
  to   space 2560K, 0% used [0x00000000ecb00000,0x00000000ecb00000,0x00000000ecd80000)
 ParOldGen       total 61440K, used 39218K [0x00000000c0000000, 0x00000000c3c00000, 0x00000000eaa80000)
  object space 61440K, 63% used [0x00000000c0000000,0x00000000c264c818,0x00000000c3c00000)
 PSPermGen       total 21504K, used 5270K [0x00000000bae00000, 0x00000000bc300000, 0x00000000c0000000)
  object space 21504K, 24% used [0x00000000bae00000,0x00000000bb325b80,0x00000000bc300000)

Card table byte_map: [0x00007f9d43d41000,0x00007f9d43f6b000] byte_map_base: 0x00007f9d4376a000

Polling page: 0x00007f9d4deb0000

Code Cache  [0x00007f9d43f6b000, 0x00007f9d441db000, 0x00007f9d46f6b000)
 total_blobs=447 nmethods=219 adapters=179 free_code_cache=48300Kb largest_free_block=49450880

Compilation events (10 events):
Event: 23.085 Thread 0x00007f9d48096800 nmethod 214 0x00007f9d44037650 code [0x00007f9d44037800, 0x00007f9d44037d38]
Event: 23.085 Thread 0x00007f9d48096800  217             com.android.dx.rop.code.RegisterSpec::makeLocalOptional (7 bytes)
Event: 23.086 Thread 0x00007f9d48096800 nmethod 217 0x00007f9d44034c10 code [0x00007f9d44034d60, 0x00007f9d44034dc8]
Event: 23.086 Thread 0x00007f9d48096800  218             java.util.Arrays::equals (78 bytes)
Event: 23.113 Thread 0x00007f9d48096800 nmethod 218 0x00007f9d4403bed0 code [0x00007f9d4403c060, 0x00007f9d4403c4f8]
Event: 23.114 Thread 0x00007f9d48096800  219             com.android.dx.rop.code.RegisterSpec::withReg (23 bytes)
Event: 23.117 Thread 0x00007f9d48096800 nmethod 219 0x00007f9d4403a390 code [0x00007f9d4403a4e0, 0x00007f9d4403a588]
Event: 23.117 Thread 0x00007f9d48096800  220             com.android.dx.rop.code.CstInsn::<init> (31 bytes)
Event: 23.120 Thread 0x00007f9d48096800 nmethod 220 0x00007f9d44037250 code [0x00007f9d440373a0, 0x00007f9d440374f8]
Event: 23.120 Thread 0x00007f9d48096800  221             com.android.dx.ssa.SsaRenamer$BlockRenamer::processResultReg (56 bytes)

GC Heap History (10 events):
Event: 14.870 GC heap after
Heap after GC invocations=1 (full 0):
 PSYoungGen      total 17920K, used 2556K [0x00000000eaa80000, 0x00000000ebe80000, 0x0000000100000000)
  eden space 15360K, 0% used [0x00000000eaa80000,0x00000000eaa80000,0x00000000eb980000)
  from space 2560K, 99% used [0x00000000eb980000,0x00000000ebbff1e0,0x00000000ebc00000)
  to   space 2560K, 0% used [0x00000000ebc00000,0x00000000ebc00000,0x00000000ebe80000)
 ParOldGen       total 40960K, used 4359K [0x00000000c0000000, 0x00000000c2800000, 0x00000000eaa80000)
  object space 40960K, 10% used [0x00000000c0000000,0x00000000c0441e60,0x00000000c2800000)
 PSPermGen       total 21504K, used 5202K [0x00000000bae00000, 0x00000000bc300000, 0x00000000c0000000)
  object space 21504K, 24% used [0x00000000bae00000,0x00000000bb314af0,0x00000000bc300000)
}
Event: 15.095 GC heap before
{Heap before GC invocations=2 (full 0):
 PSYoungGen      total 17920K, used 17916K [0x00000000eaa80000, 0x00000000ebe80000, 0x0000000100000000)
  eden space 15360K, 100% used [0x00000000eaa80000,0x00000000eb980000,0x00000000eb980000)
  from space 2560K, 99% used [0x00000000eb980000,0x00000000ebbff1e0,0x00000000ebc00000)
  to   space 2560K, 0% used [0x00000000ebc00000,0x00000000ebc00000,0x00000000ebe80000)
 ParOldGen       total 40960K, used 4359K [0x00000000c0000000, 0x00000000c2800000, 0x00000000eaa80000)
  object space 40960K, 10% used [0x00000000c0000000,0x00000000c0441e60,0x00000000c2800000)
 PSPermGen       total 21504K, used 5209K [0x00000000bae00000, 0x00000000bc300000, 0x00000000c0000000)
  object space 21504K, 24% used [0x00000000bae00000,0x00000000bb316748,0x00000000bc300000)
Event: 15.139 GC heap after
Heap after GC invocations=2 (full 0):
 PSYoungGen      total 17920K, used 2535K [0x00000000eaa80000, 0x00000000ecd80000, 0x0000000100000000)
  eden space 15360K, 0% used [0x00000000eaa80000,0x00000000eaa80000,0x00000000eb980000)
  from space 2560K, 99% used [0x00000000ebc00000,0x00000000ebe79e98,0x00000000ebe80000)
  to   space 2560K, 0% used [0x00000000eb980000,0x00000000eb980000,0x00000000ebc00000)
 ParOldGen       total 40960K, used 17451K [0x00000000c0000000, 0x00000000c2800000, 0x00000000eaa80000)
  object space 40960K, 42% used [0x00000000c0000000,0x00000000c110ac80,0x00000000c2800000)
 PSPermGen       total 21504K, used 5209K [0x00000000bae00000, 0x00000000bc300000, 0x00000000c0000000)
  object space 21504K, 24% used [0x00000000bae00000,0x00000000bb316748,0x00000000bc300000)
}
Event: 15.410 GC heap before
{Heap before GC invocations=3 (full 0):
 PSYoungGen      total 17920K, used 17895K [0x00000000eaa80000, 0x00000000ecd80000, 0x0000000100000000)
  eden space 15360K, 100% used [0x00000000eaa80000,0x00000000eb980000,0x00000000eb980000)
  from space 2560K, 99% used [0x00000000ebc00000,0x00000000ebe79e98,0x00000000ebe80000)
  to   space 2560K, 0% used [0x00000000eb980000,0x00000000eb980000,0x00000000ebc00000)
 ParOldGen       total 40960K, used 17451K [0x00000000c0000000, 0x00000000c2800000, 0x00000000eaa80000)
  object space 40960K, 42% used [0x00000000c0000000,0x00000000c110ac80,0x00000000c2800000)
 PSPermGen       total 21504K, used 5209K [0x00000000bae00000, 0x00000000bc300000, 0x00000000c0000000)
  object space 21504K, 24% used [0x00000000bae00000,0x00000000bb316748,0x00000000bc300000)
Event: 15.489 GC heap after
Heap after GC invocations=3 (full 0):
 PSYoungGen      total 17920K, used 2535K [0x00000000eaa80000, 0x00000000ecd80000, 0x0000000100000000)
  eden space 15360K, 0% used [0x00000000eaa80000,0x00000000eaa80000,0x00000000eb980000)
  from space 2560K, 99% used [0x00000000eb980000,0x00000000ebbf9eb8,0x00000000ebc00000)
  to   space 2560K, 0% used [0x00000000ecb00000,0x00000000ecb00000,0x00000000ecd80000)
 ParOldGen       total 40960K, used 28171K [0x00000000c0000000, 0x00000000c2800000, 0x00000000eaa80000)
  object space 40960K, 68% used [0x00000000c0000000,0x00000000c1b82c80,0x00000000c2800000)
 PSPermGen       total 21504K, used 5209K [0x00000000bae00000, 0x00000000bc300000, 0x00000000c0000000)
  object space 21504K, 24% used [0x00000000bae00000,0x00000000bb316748,0x00000000bc300000)
}
Event: 15.490 GC heap before
{Heap before GC invocations=4 (full 1):
 PSYoungGen      total 17920K, used 2535K [0x00000000eaa80000, 0x00000000ecd80000, 0x0000000100000000)
  eden space 15360K, 0% used [0x00000000eaa80000,0x00000000eaa80000,0x00000000eb980000)
  from space 2560K, 99% used [0x00000000eb980000,0x00000000ebbf9eb8,0x00000000ebc00000)
  to   space 2560K, 0% used [0x00000000ecb00000,0x00000000ecb00000,0x00000000ecd80000)
 ParOldGen       total 40960K, used 28171K [0x00000000c0000000, 0x00000000c2800000, 0x00000000eaa80000)
  object space 40960K, 68% used [0x00000000c0000000,0x00000000c1b82c80,0x00000000c2800000)
 PSPermGen       total 21504K, used 5209K [0x00000000bae00000, 0x00000000bc300000, 0x00000000c0000000)
  object space 21504K, 24% used [0x00000000bae00000,0x00000000bb316748,0x00000000bc300000)
Event: 15.877 GC heap after
Heap after GC invocations=4 (full 1):
 PSYoungGen      total 17920K, used 0K [0x00000000eaa80000, 0x00000000ecd80000, 0x0000000100000000)
  eden space 15360K, 0% used [0x00000000eaa80000,0x00000000eaa80000,0x00000000eb980000)
  from space 2560K, 0% used [0x00000000eb980000,0x00000000eb980000,0x00000000ebc00000)
  to   space 2560K, 0% used [0x00000000ecb00000,0x00000000ecb00000,0x00000000ecd80000)
 ParOldGen       total 61440K, used 27984K [0x00000000c0000000, 0x00000000c3c00000, 0x00000000eaa80000)
  object space 61440K, 45% used [0x00000000c0000000,0x00000000c1b54210,0x00000000c3c00000)
 PSPermGen       total 21504K, used 5208K [0x00000000bae00000, 0x00000000bc300000, 0x00000000c0000000)
  object space 21504K, 24% used [0x00000000bae00000,0x00000000bb316200,0x00000000bc300000)
}
Event: 15.896 GC heap before
{Heap before GC invocations=5 (full 1):
 PSYoungGen      total 17920K, used 15360K [0x00000000eaa80000, 0x00000000ecd80000, 0x0000000100000000)
  eden space 15360K, 100% used [0x00000000eaa80000,0x00000000eb980000,0x00000000eb980000)
  from space 2560K, 0% used [0x00000000eb980000,0x00000000eb980000,0x00000000ebc00000)
  to   space 2560K, 0% used [0x00000000ecb00000,0x00000000ecb00000,0x00000000ecd80000)
 ParOldGen       total 61440K, used 27984K [0x00000000c0000000, 0x00000000c3c00000, 0x00000000eaa80000)
  object space 61440K, 45% used [0x00000000c0000000,0x00000000c1b54210,0x00000000c3c00000)
 PSPermGen       total 21504K, used 5208K [0x00000000bae00000, 0x00000000bc300000, 0x00000000c0000000)
  object space 21504K, 24% used [0x00000000bae00000,0x00000000bb316200,0x00000000bc300000)
Event: 15.951 GC heap after
Heap after GC invocations=5 (full 1):
 PSYoungGen      total 31232K, used 2560K [0x00000000eaa80000, 0x00000000ecd80000, 0x0000000100000000)
  eden space 28672K, 0% used [0x00000000eaa80000,0x00000000eaa80000,0x00000000ec680000)
  from space 2560K, 100% used [0x00000000ecb00000,0x00000000ecd80000,0x00000000ecd80000)
  to   space 2560K, 0% used [0x00000000ec880000,0x00000000ec880000,0x00000000ecb00000)
 ParOldGen       total 61440K, used 34512K [0x00000000c0000000, 0x00000000c3c00000, 0x00000000eaa80000)
  object space 61440K, 56% used [0x00000000c0000000,0x00000000c21b4210,0x00000000c3c00000)
 PSPermGen       total 21504K, used 5208K [0x00000000bae00000, 0x00000000bc300000, 0x00000000c0000000)
  object space 21504K, 24% used [0x00000000bae00000,0x00000000bb316200,0x00000000bc300000)
}
Event: 23.617 GC heap before
{Heap before GC invocations=6 (full 1):
 PSYoungGen      total 31232K, used 31232K [0x00000000eaa80000, 0x00000000ecd80000, 0x0000000100000000)
  eden space 28672K, 100% used [0x00000000eaa80000,0x00000000ec680000,0x00000000ec680000)
  from space 2560K, 100% used [0x00000000ecb00000,0x00000000ecd80000,0x00000000ecd80000)
  to   space 2560K, 0% used [0x00000000ec880000,0x00000000ec880000,0x00000000ecb00000)
 ParOldGen       total 61440K, used 34512K [0x00000000c0000000, 0x00000000c3c00000, 0x00000000eaa80000)
  object space 61440K, 56% used [0x00000000c0000000,0x00000000c21b4210,0x00000000c3c00000)
 PSPermGen       total 21504K, used 5270K [0x00000000bae00000, 0x00000000bc300000, 0x00000000c0000000)
  object space 21504K, 24% used [0x00000000bae00000,0x00000000bb325b80,0x00000000bc300000)

Deoptimization events (10 events):
Event: 16.588 Thread 0x00007f9d4800a000 Uncommon trap: reason=unstable_if action=reinterpret pc=0x00007f9d44025828 method=java.util.BitSet.expandTo(I)V @ 9
Event: 16.590 Thread 0x00007f9d4800a000 Uncommon trap: reason=unstable_if action=reinterpret pc=0x00007f9d4401e378 method=java.util.BitSet.expandTo(I)V @ 9
Event: 17.380 Thread 0x00007f9d4800a000 Uncommon trap: reason=unstable_if action=reinterpret pc=0x00007f9d44024c9c method=java.util.BitSet.recalculateWordsInUse()V @ 19
Event: 17.380 Thread 0x00007f9d4800a000 Uncommon trap: reason=unstable_if action=reinterpret pc=0x00007f9d4401e720 method=java.util.BitSet.recalculateWordsInUse()V @ 19
Event: 17.422 Thread 0x00007f9d4800a000 Uncommon trap: reason=unstable_if action=reinterpret pc=0x00007f9d43fe8890 method=com.android.dx.util.FixedSizeList.<init>(I)V @ 2
Event: 17.427 Thread 0x00007f9d4800a000 Uncommon trap: reason=null_check action=make_not_entrant pc=0x00007f9d43fe43ac method=com.android.dx.rop.code.RegisterSpec.intern(ILcom/android/dx/rop/type/TypeBearer;Lcom/android/dx/rop/code/LocalItem;)Lcom/android/dx/rop/code/RegisterSpec; @ 24
Event: 17.427 Thread 0x00007f9d4800a000 Uncommon trap: reason=unstable_if action=reinterpret pc=0x00007f9d43fe8030 method=com.android.dx.rop.code.RegisterSpec.equals(ILcom/android/dx/rop/type/TypeBearer;Lcom/android/dx/rop/code/LocalItem;)Z @ 5
Event: 17.427 Thread 0x00007f9d4800a000 Uncommon trap: reason=unstable_if action=reinterpret pc=0x00007f9d4402f674 method=java.util.ArrayList.remove(I)Ljava/lang/Object; @ 31
Event: 17.429 Thread 0x00007f9d4800a000 Uncommon trap: reason=unstable_if action=reinterpret pc=0x00007f9d43fe28e8 method=java.util.HashMap.getEntry(Ljava/lang/Object;)Ljava/util/HashMap$Entry; @ 71
Event: 17.431 Thread 0x00007f9d4800a000 Uncommon trap: reason=unstable_if action=reinterpret pc=0x00007f9d43fe0624 method=java.util.HashMap.getEntry(Ljava/lang/Object;)Ljava/util/HashMap$Entry; @ 71

Internal exceptions (10 events):
Event: 1.653 Thread 0x00007f9d4800a000 Threw 0x00000000eb127398 at /HUDSON/workspace/7u-2-build-linux-amd64/jdk7u80/2329/hotspot/src/share/vm/prims/jvm.cpp:1319
Event: 1.676 Thread 0x00007f9d4800a000 Threw 0x00000000eb1349a0 at /HUDSON/workspace/7u-2-build-linux-amd64/jdk7u80/2329/hotspot/src/share/vm/prims/jvm.cpp:1319
Event: 1.679 Thread 0x00007f9d4800a000 Threw 0x00000000eb13c610 at /HUDSON/workspace/7u-2-build-linux-amd64/jdk7u80/2329/hotspot/src/share/vm/prims/jvm.cpp:1319
Event: 1.975 Thread 0x00007f9d4800a000 Threw 0x00000000eb20b480 at /HUDSON/workspace/7u-2-build-linux-amd64/jdk7u80/2329/hotspot/src/share/vm/prims/jvm.cpp:1319
Event: 1.995 Thread 0x00007f9d4800a000 Threw 0x00000000eb21a370 at /HUDSON/workspace/7u-2-build-linux-amd64/jdk7u80/2329/hotspot/src/share/vm/prims/jvm.cpp:1319
Event: 2.002 Thread 0x00007f9d4800a000 Threw 0x00000000eb2206d0 at /HUDSON/workspace/7u-2-build-linux-amd64/jdk7u80/2329/hotspot/src/share/vm/prims/jvm.cpp:1319
Event: 3.615 Thread 0x00007f9d4800a000 Threw 0x00000000eb560568 at /HUDSON/workspace/7u-2-build-linux-amd64/jdk7u80/2329/hotspot/src/share/vm/prims/jvm.cpp:1319
Event: 12.726 Thread 0x00007f9d4800a000 Threw 0x00000000eb7f9b58 at /HUDSON/workspace/7u-2-build-linux-amd64/jdk7u80/2329/hotspot/src/share/vm/prims/jvm.cpp:1319
Event: 17.129 Thread 0x00007f9d4800a000 Threw 0x00000000ec0b00c0 at /HUDSON/workspace/7u-2-build-linux-amd64/jdk7u80/2329/hotspot/src/share/vm/prims/jvm.cpp:1319
Event: 17.341 Thread 0x00007f9d4800a000 Threw 0x00000000ec1e54e8 at /HUDSON/workspace/7u-2-build-linux-amd64/jdk7u80/2329/hotspot/src/share/vm/prims/jvm.cpp:1319

Events (10 events):
Event: 17.427 Thread 0x00007f9d4800a000 Uncommon trap: trap_request=0xffffff75 fr.pc=0x00007f9d4402f674
Event: 17.427 Thread 0x00007f9d4800a000 DEOPT PACKING pc=0x00007f9d4402f674 sp=0x00007f9d4de8ad60
Event: 17.427 Thread 0x00007f9d4800a000 DEOPT UNPACKING pc=0x00007f9d43fa4045 sp=0x00007f9d4de8ad28 mode 2
Event: 17.429 Thread 0x00007f9d4800a000 Uncommon trap: trap_request=0xffffff75 fr.pc=0x00007f9d43fe28e8
Event: 17.429 Thread 0x00007f9d4800a000 DEOPT PACKING pc=0x00007f9d43fe28e8 sp=0x00007f9d4de8aa00
Event: 17.429 Thread 0x00007f9d4800a000 DEOPT UNPACKING pc=0x00007f9d43fa4045 sp=0x00007f9d4de8a958 mode 2
Event: 17.431 Thread 0x00007f9d4800a000 Uncommon trap: trap_request=0xffffff75 fr.pc=0x00007f9d43fe0624
Event: 17.431 Thread 0x00007f9d4800a000 DEOPT PACKING pc=0x00007f9d43fe0624 sp=0x00007f9d4de8a9a0
Event: 17.431 Thread 0x00007f9d4800a000 DEOPT UNPACKING pc=0x00007f9d43fa4045 sp=0x00007f9d4de8a960 mode 2
Event: 23.262 Executing VM operation: ParallelGCFailedAllocation


Dynamic libraries:
00400000-00401000 r-xp 00000000 08:02 2235145                            /usr/lib/jvm/java-7-oracle/bin/java
00600000-00601000 rw-p 00000000 08:02 2235145                            /usr/lib/jvm/java-7-oracle/bin/java
00d93000-00db4000 rw-p 00000000 00:00 0                                  [heap]
bae00000-bc300000 rw-p 00000000 00:00 0 
bc300000-c0000000 rw-p 00000000 00:00 0 
c0000000-c3c00000 rw-p 00000000 00:00 0 
c3c00000-eaa80000 rw-p 00000000 00:00 0 
eaa80000-ecd80000 rw-p 00000000 00:00 0 
f0000000-100000000 rw-p 00000000 00:00 0 
7f9d0c000000-7f9d0c021000 rw-p 00000000 00:00 0 
7f9d0c021000-7f9d10000000 ---p 00000000 00:00 0 
7f9d10000000-7f9d10021000 rw-p 00000000 00:00 0 
7f9d10021000-7f9d14000000 ---p 00000000 00:00 0 
7f9d14000000-7f9d14883000 rw-p 00000000 00:00 0 
7f9d14883000-7f9d18000000 ---p 00000000 00:00 0 
7f9d18000000-7f9d189f9000 rw-p 00000000 00:00 0 
7f9d189f9000-7f9d1c000000 ---p 00000000 00:00 0 
7f9d1c000000-7f9d1c021000 rw-p 00000000 00:00 0 
7f9d1c021000-7f9d20000000 ---p 00000000 00:00 0 
7f9d20000000-7f9d20021000 rw-p 00000000 00:00 0 
7f9d20021000-7f9d24000000 ---p 00000000 00:00 0 
7f9d24000000-7f9d24021000 rw-p 00000000 00:00 0 
7f9d24021000-7f9d28000000 ---p 00000000 00:00 0 
7f9d2b208000-7f9d2b21f000 r-xp 00000000 08:02 2232763                    /usr/lib/jvm/java-7-oracle/jre/lib/amd64/libnet.so
7f9d2b21f000-7f9d2b41e000 ---p 00017000 08:02 2232763                    /usr/lib/jvm/java-7-oracle/jre/lib/amd64/libnet.so
7f9d2b41e000-7f9d2b41f000 rw-p 00016000 08:02 2232763                    /usr/lib/jvm/java-7-oracle/jre/lib/amd64/libnet.so
7f9d2b41f000-7f9d2b42f000 r-xp 00000000 08:02 2232777                    /usr/lib/jvm/java-7-oracle/jre/lib/amd64/libnio.so
7f9d2b42f000-7f9d2b62f000 ---p 00010000 08:02 2232777                    /usr/lib/jvm/java-7-oracle/jre/lib/amd64/libnio.so
7f9d2b62f000-7f9d2b630000 rw-p 00010000 08:02 2232777                    /usr/lib/jvm/java-7-oracle/jre/lib/amd64/libnio.so
7f9d2b630000-7f9d2b631000 ---p 00000000 00:00 0 
7f9d2b631000-7f9d2b731000 rw-p 00000000 00:00 0                          [stack:15347]
7f9d2b731000-7f9d2b734000 ---p 00000000 00:00 0 
7f9d2b734000-7f9d2b832000 rw-p 00000000 00:00 0                          [stack:15346]
7f9d2b832000-7f9d2b835000 ---p 00000000 00:00 0 
7f9d2b835000-7f9d2b933000 rw-p 00000000 00:00 0                          [stack:15345]
7f9d2b933000-7f9d2b936000 ---p 00000000 00:00 0 
7f9d2b936000-7f9d2ba34000 rw-p 00000000 00:00 0                          [stack:15344]
7f9d2ba34000-7f9d2ba37000 ---p 00000000 00:00 0 
7f9d2ba37000-7f9d2bb35000 rw-p 00000000 00:00 0                          [stack:15343]
7f9d2bb35000-7f9d2bdfe000 r--p 00000000 08:02 2100321                    /usr/lib/locale/locale-archive
7f9d2bdfe000-7f9d2be01000 ---p 00000000 00:00 0 
7f9d2be01000-7f9d2beff000 rw-p 00000000 00:00 0                          [stack:15342]
7f9d2beff000-7f9d2bf02000 ---p 00000000 00:00 0 
7f9d2bf02000-7f9d2c000000 rw-p 00000000 00:00 0                          [stack:15341]
7f9d2c000000-7f9d2c021000 rw-p 00000000 00:00 0 
7f9d2c021000-7f9d30000000 ---p 00000000 00:00 0 
7f9d30000000-7f9d30250000 rw-p 00000000 00:00 0 
7f9d30250000-7f9d34000000 ---p 00000000 00:00 0 
7f9d34000000-7f9d34021000 rw-p 00000000 00:00 0 
7f9d34021000-7f9d38000000 ---p 00000000 00:00 0 
7f9d38000000-7f9d38021000 rw-p 00000000 00:00 0 
7f9d38021000-7f9d3c000000 ---p 00000000 00:00 0 
7f9d3c000000-7f9d3c021000 rw-p 00000000 00:00 0 
7f9d3c021000-7f9d40000000 ---p 00000000 00:00 0 
7f9d40012000-7f9d40043000 rw-p 00000000 00:00 0 
7f9d40043000-7f9d40044000 ---p 00000000 00:00 0 
7f9d40044000-7f9d410f8000 rw-p 00000000 00:00 0                          [stack:15340]
7f9d410f8000-7f9d412b8000 r--s 039fb000 08:02 2232736                    /usr/lib/jvm/java-7-oracle/jre/lib/rt.jar
7f9d412b8000-7f9d437e7000 rw-p 00000000 00:00 0 
7f9d437e7000-7f9d437e8000 ---p 00000000 00:00 0 
7f9d437e8000-7f9d438e8000 rw-p 00000000 00:00 0                          [stack:15339]
7f9d438e8000-7f9d438e9000 ---p 00000000 00:00 0 
7f9d438e9000-7f9d439e9000 rw-p 00000000 00:00 0                          [stack:15338]
7f9d439e9000-7f9d439ea000 ---p 00000000 00:00 0 
7f9d439ea000-7f9d43aea000 rw-p 00000000 00:00 0                          [stack:15337]
7f9d43aea000-7f9d43aeb000 ---p 00000000 00:00 0 
7f9d43aeb000-7f9d43c09000 rw-p 00000000 00:00 0                          [stack:15336]
7f9d43c09000-7f9d43d41000 rw-p 00000000 00:00 0 
7f9d43d41000-7f9d43d4c000 rw-p 00000000 00:00 0 
7f9d43d4c000-7f9d43d6a000 rw-p 00000000 00:00 0 
7f9d43d6a000-7f9d43d88000 rw-p 00000000 00:00 0 
7f9d43d88000-7f9d43ebf000 rw-p 00000000 00:00 0 
7f9d43ebf000-7f9d43ed1000 rw-p 00000000 00:00 0 
7f9d43ed1000-7f9d43f6a000 rw-p 00000000 00:00 0 
7f9d43f6a000-7f9d43f6b000 rw-p 00000000 00:00 0 
7f9d43f6b000-7f9d441db000 rwxp 00000000 00:00 0 
7f9d441db000-7f9d46f6b000 rw-p 00000000 00:00 0 
7f9d46f6b000-7f9d46f82000 r-xp 00000000 08:02 2232787                    /usr/lib/jvm/java-7-oracle/jre/lib/amd64/libzip.so
7f9d46f82000-7f9d47182000 ---p 00017000 08:02 2232787                    /usr/lib/jvm/java-7-oracle/jre/lib/amd64/libzip.so
7f9d47182000-7f9d47183000 rw-p 00017000 08:02 2232787                    /usr/lib/jvm/java-7-oracle/jre/lib/amd64/libzip.so
7f9d47183000-7f9d4718e000 r-xp 00000000 08:02 1309150                    /lib/x86_64-linux-gnu/libnss_files-2.19.so
7f9d4718e000-7f9d4738d000 ---p 0000b000 08:02 1309150                    /lib/x86_64-linux-gnu/libnss_files-2.19.so
7f9d4738d000-7f9d4738e000 r--p 0000a000 08:02 1309150                    /lib/x86_64-linux-gnu/libnss_files-2.19.so
7f9d4738e000-7f9d4738f000 rw-p 0000b000 08:02 1309150                    /lib/x86_64-linux-gnu/libnss_files-2.19.so
7f9d4738f000-7f9d4739a000 r-xp 00000000 08:02 1309214                    /lib/x86_64-linux-gnu/libnss_nis-2.19.so
7f9d4739a000-7f9d47599000 ---p 0000b000 08:02 1309214                    /lib/x86_64-linux-gnu/libnss_nis-2.19.so
7f9d47599000-7f9d4759a000 r--p 0000a000 08:02 1309214                    /lib/x86_64-linux-gnu/libnss_nis-2.19.so
7f9d4759a000-7f9d4759b000 rw-p 0000b000 08:02 1309214                    /lib/x86_64-linux-gnu/libnss_nis-2.19.so
7f9d4759b000-7f9d475b2000 r-xp 00000000 08:02 1309172                    /lib/x86_64-linux-gnu/libnsl-2.19.so
7f9d475b2000-7f9d477b1000 ---p 00017000 08:02 1309172                    /lib/x86_64-linux-gnu/libnsl-2.19.so
7f9d477b1000-7f9d477b2000 r--p 00016000 08:02 1309172                    /lib/x86_64-linux-gnu/libnsl-2.19.so
7f9d477b2000-7f9d477b3000 rw-p 00017000 08:02 1309172                    /lib/x86_64-linux-gnu/libnsl-2.19.so
7f9d477b3000-7f9d477b5000 rw-p 00000000 00:00 0 
7f9d477b5000-7f9d477be000 r-xp 00000000 08:02 1309171                    /lib/x86_64-linux-gnu/libnss_compat-2.19.so
7f9d477be000-7f9d479bd000 ---p 00009000 08:02 1309171                    /lib/x86_64-linux-gnu/libnss_compat-2.19.so
7f9d479bd000-7f9d479be000 r--p 00008000 08:02 1309171                    /lib/x86_64-linux-gnu/libnss_compat-2.19.so
7f9d479be000-7f9d479bf000 rw-p 00009000 08:02 1309171                    /lib/x86_64-linux-gnu/libnss_compat-2.19.so
7f9d479bf000-7f9d479e8000 r-xp 00000000 08:02 2232770                    /usr/lib/jvm/java-7-oracle/jre/lib/amd64/libjava.so
7f9d479e8000-7f9d47be8000 ---p 00029000 08:02 2232770                    /usr/lib/jvm/java-7-oracle/jre/lib/amd64/libjava.so
7f9d47be8000-7f9d47bea000 rw-p 00029000 08:02 2232770                    /usr/lib/jvm/java-7-oracle/jre/lib/amd64/libjava.so
7f9d47bea000-7f9d47bf7000 r-xp 00000000 08:02 2232752                    /usr/lib/jvm/java-7-oracle/jre/lib/amd64/libverify.so
7f9d47bf7000-7f9d47df6000 ---p 0000d000 08:02 2232752                    /usr/lib/jvm/java-7-oracle/jre/lib/amd64/libverify.so
7f9d47df6000-7f9d47df8000 rw-p 0000c000 08:02 2232752                    /usr/lib/jvm/java-7-oracle/jre/lib/amd64/libverify.so
7f9d47df8000-7f9d47dff000 r-xp 00000000 08:02 1309211                    /lib/x86_64-linux-gnu/librt-2.19.so
7f9d47dff000-7f9d47ffe000 ---p 00007000 08:02 1309211                    /lib/x86_64-linux-gnu/librt-2.19.so
7f9d47ffe000-7f9d47fff000 r--p 00006000 08:02 1309211                    /lib/x86_64-linux-gnu/librt-2.19.so
7f9d47fff000-7f9d48000000 rw-p 00007000 08:02 1309211                    /lib/x86_64-linux-gnu/librt-2.19.so
7f9d48000000-7f9d48199000 rw-p 00000000 00:00 0 
7f9d48199000-7f9d4c000000 ---p 00000000 00:00 0 
7f9d4c013000-7f9d4c01e000 r--s 0006d000 00:1a 1975671                    /home/skylar/Desktop/cmps121-hw3/Local-BB/app/build/intermediates/exploded-aar/com.google.android.gms/play-services-analytics/7.0.0/classes.jar
7f9d4c01e000-7f9d4c0f7000 rw-p 00000000 00:00 0 
7f9d4c0f7000-7f9d4c115000 rw-p 00000000 00:00 0 
7f9d4c115000-7f9d4c21a000 r-xp 00000000 08:02 1309149                    /lib/x86_64-linux-gnu/libm-2.19.so
7f9d4c21a000-7f9d4c419000 ---p 00105000 08:02 1309149                    /lib/x86_64-linux-gnu/libm-2.19.so
7f9d4c419000-7f9d4c41a000 r--p 00104000 08:02 1309149                    /lib/x86_64-linux-gnu/libm-2.19.so
7f9d4c41a000-7f9d4c41b000 rw-p 00105000 08:02 1309149                    /lib/x86_64-linux-gnu/libm-2.19.so
7f9d4c41b000-7f9d4cf91000 r-xp 00000000 08:02 2232774                    /usr/lib/jvm/java-7-oracle/jre/lib/amd64/server/libjvm.so
7f9d4cf91000-7f9d4d190000 ---p 00b76000 08:02 2232774                    /usr/lib/jvm/java-7-oracle/jre/lib/amd64/server/libjvm.so
7f9d4d190000-7f9d4d254000 rw-p 00b75000 08:02 2232774                    /usr/lib/jvm/java-7-oracle/jre/lib/amd64/server/libjvm.so
7f9d4d254000-7f9d4d295000 rw-p 00000000 00:00 0 
7f9d4d295000-7f9d4d450000 r-xp 00000000 08:02 1309200                    /lib/x86_64-linux-gnu/libc-2.19.so
7f9d4d450000-7f9d4d64f000 ---p 001bb000 08:02 1309200                    /lib/x86_64-linux-gnu/libc-2.19.so
7f9d4d64f000-7f9d4d653000 r--p 001ba000 08:02 1309200                    /lib/x86_64-linux-gnu/libc-2.19.so
7f9d4d653000-7f9d4d655000 rw-p 001be000 08:02 1309200                    /lib/x86_64-linux-gnu/libc-2.19.so
7f9d4d655000-7f9d4d65a000 rw-p 00000000 00:00 0 
7f9d4d65a000-7f9d4d65d000 r-xp 00000000 08:02 1309153                    /lib/x86_64-linux-gnu/libdl-2.19.so
7f9d4d65d000-7f9d4d85c000 ---p 00003000 08:02 1309153                    /lib/x86_64-linux-gnu/libdl-2.19.so
7f9d4d85c000-7f9d4d85d000 r--p 00002000 08:02 1309153                    /lib/x86_64-linux-gnu/libdl-2.19.so
7f9d4d85d000-7f9d4d85e000 rw-p 00003000 08:02 1309153                    /lib/x86_64-linux-gnu/libdl-2.19.so
7f9d4d85e000-7f9d4d873000 r-xp 00000000 08:02 2233709                    /usr/lib/jvm/java-7-oracle/lib/amd64/jli/libjli.so
7f9d4d873000-7f9d4da72000 ---p 00015000 08:02 2233709                    /usr/lib/jvm/java-7-oracle/lib/amd64/jli/libjli.so
7f9d4da72000-7f9d4da73000 rw-p 00014000 08:02 2233709                    /usr/lib/jvm/java-7-oracle/lib/amd64/jli/libjli.so
7f9d4da73000-7f9d4da8c000 r-xp 00000000 08:02 1309201                    /lib/x86_64-linux-gnu/libpthread-2.19.so
7f9d4da8c000-7f9d4dc8b000 ---p 00019000 08:02 1309201                    /lib/x86_64-linux-gnu/libpthread-2.19.so
7f9d4dc8b000-7f9d4dc8c000 r--p 00018000 08:02 1309201                    /lib/x86_64-linux-gnu/libpthread-2.19.so
7f9d4dc8c000-7f9d4dc8d000 rw-p 00019000 08:02 1309201                    /lib/x86_64-linux-gnu/libpthread-2.19.so
7f9d4dc8d000-7f9d4dc91000 rw-p 00000000 00:00 0 
7f9d4dc91000-7f9d4dcb4000 r-xp 00000000 08:02 1309176                    /lib/x86_64-linux-gnu/ld-2.19.so
7f9d4dcbd000-7f9d4dccc000 r--s 000dd000 08:02 922509                     /root/Android/Sdk/build-tools/21.1.2/lib/dx.jar
7f9d4dccc000-7f9d4dcd6000 rw-p 00000000 00:00 0 
7f9d4dcd6000-7f9d4dd8c000 rw-p 00000000 00:00 0 
7f9d4dd8c000-7f9d4dd8f000 ---p 00000000 00:00 0 
7f9d4dd8f000-7f9d4dea7000 rw-p 00000000 00:00 0                          [stack:15333]
7f9d4dea7000-7f9d4deaf000 rw-s 00000000 08:02 1447828                    /tmp/hsperfdata_root/15331
7f9d4deaf000-7f9d4deb0000 rw-p 00000000 00:00 0 
7f9d4deb0000-7f9d4deb1000 ---p 00000000 00:00 0 
7f9d4deb1000-7f9d4deb3000 rw-p 00000000 00:00 0 
7f9d4deb3000-7f9d4deb4000 r--p 00022000 08:02 1309176                    /lib/x86_64-linux-gnu/ld-2.19.so
7f9d4deb4000-7f9d4deb5000 rw-p 00023000 08:02 1309176                    /lib/x86_64-linux-gnu/ld-2.19.so
7f9d4deb5000-7f9d4deb6000 rw-p 00000000 00:00 0 
7fff456c6000-7fff456e7000 rw-p 00000000 00:00 0                          [stack]
7fff45708000-7fff4570a000 r-xp 00000000 00:00 0                          [vdso]
ffffffffff600000-ffffffffff601000 r-xp 00000000 00:00 0                  [vsyscall]

VM Arguments:
jvm_args: -Xmx1024M -Dfile.encoding=UTF-8 -Duser.country=US -Duser.language=en -Duser.variant 
java_command: com.android.dx.command.Main --dex --output /home/skylar/Desktop/cmps121-hw3/Local-BB/app/build/intermediates/pre-dexed/debug/classes-3bf7a29e6142528a9e919975b617253f6f971cf2.jar /home/skylar/Desktop/cmps121-hw3/Local-BB/app/build/intermediates/exploded-aar/com.google.android.gms/play-services-analytics/7.0.0/classes.jar
Launcher Type: SUN_STANDARD

Environment Variables:
CLASSPATH=/home/skylar/Documents/dev/android-studio/bin/../lib/bootstrap.jar:/home/skylar/Documents/dev/android-studio/bin/../lib/extensions.jar:/home/skylar/Documents/dev/android-studio/bin/../lib/util.jar:/home/skylar/Documents/dev/android-studio/bin/../lib/jdom.jar:/home/skylar/Documents/dev/android-studio/bin/../lib/log4j.jar:/home/skylar/Documents/dev/android-studio/bin/../lib/trove4j.jar:/home/skylar/Documents/dev/android-studio/bin/../lib/jna.jar:/usr/lib/jvm/java-7-oracle/lib/tools.jar
PATH=/usr/local/sbin:/usr/local/bin:/usr/sbin:/usr/bin:/sbin:/bin
USERNAME=root
LD_LIBRARY_PATH=/home/skylar/Documents/dev/android-studio/bin:
SHELL=/bin/bash
DISPLAY=:0

Signal Handlers:
SIGSEGV: [libjvm.so+0x9a3b20], sa_mask[0]=0x7ffbfeff, sa_flags=0x10000004
SIGBUS: [libjvm.so+0x9a3b20], sa_mask[0]=0x7ffbfeff, sa_flags=0x10000004
SIGFPE: [libjvm.so+0x81e740], sa_mask[0]=0x7ffbfeff, sa_flags=0x10000004
SIGPIPE: [libjvm.so+0x81e740], sa_mask[0]=0x7ffbfeff, sa_flags=0x10000004
SIGXFSZ: [libjvm.so+0x81e740], sa_mask[0]=0x7ffbfeff, sa_flags=0x10000004
SIGILL: [libjvm.so+0x81e740], sa_mask[0]=0x7ffbfeff, sa_flags=0x10000004
SIGUSR1: SIG_DFL, sa_mask[0]=0x00000000, sa_flags=0x00000000
SIGUSR2: [libjvm.so+0x81ffb0], sa_mask[0]=0x00000004, sa_flags=0x10000004
SIGHUP: [libjvm.so+0x8210d0], sa_mask[0]=0x7ffbfeff, sa_flags=0x10000004
SIGINT: [libjvm.so+0x8210d0], sa_mask[0]=0x7ffbfeff, sa_flags=0x10000004
SIGTERM: [libjvm.so+0x8210d0], sa_mask[0]=0x7ffbfeff, sa_flags=0x10000004
SIGQUIT: [libjvm.so+0x8210d0], sa_mask[0]=0x7ffbfeff, sa_flags=0x10000004


---------------  S Y S T E M  ---------------

OS:jessie/sid

uname:Linux 3.13.0-37-generic #64-Ubuntu SMP Mon Sep 22 21:28:38 UTC 2014 x86_64
libc:glibc 2.19 NPTL 2.19 
rlimit: STACK 8192k, CORE 0k, NPROC 30044, NOFILE 4096, AS infinity
load average:11.10 3.42 1.67

/proc/meminfo:
MemTotal:        3928868 kB
MemFree:           93684 kB
Buffers:             200 kB
Cached:           328800 kB
SwapCached:            0 kB
Active:          3320652 kB
Inactive:         319328 kB
Active(anon):    3313976 kB
Inactive(anon):   310388 kB
Active(file):       6676 kB
Inactive(file):     8940 kB
Unevictable:         400 kB
Mlocked:             400 kB
SwapTotal:             0 kB
SwapFree:              0 kB
Dirty:              1584 kB
Writeback:           172 kB
AnonPages:       3311864 kB
Mapped:            69624 kB
Shmem:            312944 kB
Slab:              69552 kB
SReclaimable:      28068 kB
SUnreclaim:        41484 kB
KernelStack:        5792 kB
PageTables:        44224 kB
NFS_Unstable:          0 kB
Bounce:                0 kB
WritebackTmp:          0 kB
CommitLimit:     1964432 kB
Committed_AS:    8085564 kB
VmallocTotal:   34359738367 kB
VmallocUsed:      347452 kB
VmallocChunk:   34359300732 kB
HardwareCorrupted:     0 kB
AnonHugePages:   1478656 kB
HugePages_Total:       0
HugePages_Free:        0
HugePages_Rsvd:        0
HugePages_Surp:        0
Hugepagesize:       2048 kB
DirectMap4k:      108224 kB
DirectMap2M:     3966976 kB


CPU:total 4 (4 cores per cpu, 1 threads per core) family 6 model 55 stepping 8, cmov, cx8, fxsr, mmx, sse, sse2, sse3, ssse3, sse4.1, sse4.2, popcnt, erms, tsc, tscinvbit

/proc/cpuinfo:
processor	: 0
vendor_id	: GenuineIntel
cpu family	: 6
model		: 55
model name	: Intel(R) Pentium(R) CPU  N3530  @ 2.16GHz
stepping	: 8
microcode	: 0x829
cpu MHz		: 2159.000
cache size	: 1024 KB
physical id	: 0
siblings	: 4
core id		: 0
cpu cores	: 4
apicid		: 0
initial apicid	: 0
fpu		: yes
fpu_exception	: yes
cpuid level	: 11
wp		: yes
flags		: fpu vme de pse tsc msr pae mce cx8 apic sep mtrr pge mca cmov pat pse36 clflush dts acpi mmx fxsr sse sse2 ss ht tm pbe syscall nx rdtscp lm constant_tsc arch_perfmon pebs bts rep_good nopl xtopology nonstop_tsc aperfmperf pni pclmulqdq dtes64 monitor ds_cpl vmx est tm2 ssse3 cx16 xtpr pdcm sse4_1 sse4_2 movbe popcnt tsc_deadline_timer rdrand lahf_lm 3dnowprefetch ida arat epb dtherm tpr_shadow vnmi flexpriority ept vpid tsc_adjust smep erms
bogomips	: 4332.97
clflush size	: 64
cache_alignment	: 64
address sizes	: 36 bits physical, 48 bits virtual
power management:

processor	: 1
vendor_id	: GenuineIntel
cpu family	: 6
model		: 55
model name	: Intel(R) Pentium(R) CPU  N3530  @ 2.16GHz
stepping	: 8
microcode	: 0x829
cpu MHz		: 2159.000
cache size	: 1024 KB
physical id	: 0
siblings	: 4
core id		: 1
cpu cores	: 4
apicid		: 2
initial apicid	: 2
fpu		: yes
fpu_exception	: yes
cpuid level	: 11
wp		: yes
flags		: fpu vme de pse tsc msr pae mce cx8 apic sep mtrr pge mca cmov pat pse36 clflush dts acpi mmx fxsr sse sse2 ss ht tm pbe syscall nx rdtscp lm constant_tsc arch_perfmon pebs bts rep_good nopl xtopology nonstop_tsc aperfmperf pni pclmulqdq dtes64 monitor ds_cpl vmx est tm2 ssse3 cx16 xtpr pdcm sse4_1 sse4_2 movbe popcnt tsc_deadline_timer rdrand lahf_lm 3dnowprefetch ida arat epb dtherm tpr_shadow vnmi flexpriority ept vpid tsc_adjust smep erms
bogomips	: 4332.97
clflush size	: 64
cache_alignment	: 64
address sizes	: 36 bits physical, 48 bits virtual
power management:

processor	: 2
vendor_id	: GenuineIntel
cpu family	: 6
model		: 55
model name	: Intel(R) Pentium(R) CPU  N3530  @ 2.16GHz
stepping	: 8
microcode	: 0x829
cpu MHz		: 2159.000
cache size	: 1024 KB
physical id	: 0
siblings	: 4
core id		: 2
cpu cores	: 4
apicid		: 4
initial apicid	: 4
fpu		: yes
fpu_exception	: yes
cpuid level	: 11
wp		: yes
flags		: fpu vme de pse tsc msr pae mce cx8 apic sep mtrr pge mca cmov pat pse36 clflush dts acpi mmx fxsr sse sse2 ss ht tm pbe syscall nx rdtscp lm constant_tsc arch_perfmon pebs bts rep_good nopl xtopology nonstop_tsc aperfmperf pni pclmulqdq dtes64 monitor ds_cpl vmx est tm2 ssse3 cx16 xtpr pdcm sse4_1 sse4_2 movbe popcnt tsc_deadline_timer rdrand lahf_lm 3dnowprefetch ida arat epb dtherm tpr_shadow vnmi flexpriority ept vpid tsc_adjust smep erms
bogomips	: 4332.97
clflush size	: 64
cache_alignment	: 64
address sizes	: 36 bits physical, 48 bits virtual
power management:

processor	: 3
vendor_id	: GenuineIntel
cpu family	: 6
model		: 55
model name	: Intel(R) Pentium(R) CPU  N3530  @ 2.16GHz
stepping	: 8
microcode	: 0x829
cpu MHz		: 2159.000
cache size	: 1024 KB
physical id	: 0
siblings	: 4
core id		: 3
cpu cores	: 4
apicid		: 6
initial apicid	: 6
fpu		: yes
fpu_exception	: yes
cpuid level	: 11
wp		: yes
flags		: fpu vme de pse tsc msr pae mce cx8 apic sep mtrr pge mca cmov pat pse36 clflush dts acpi mmx fxsr sse sse2 ss ht tm pbe syscall nx rdtscp lm constant_tsc arch_perfmon pebs bts rep_good nopl xtopology nonstop_tsc aperfmperf pni pclmulqdq dtes64 monitor ds_cpl vmx est tm2 ssse3 cx16 xtpr pdcm sse4_1 sse4_2 movbe popcnt tsc_deadline_timer rdrand lahf_lm 3dnowprefetch ida arat epb dtherm tpr_shadow vnmi flexpriority ept vpid tsc_adjust smep erms
bogomips	: 4332.97
clflush size	: 64
cache_alignment	: 64
address sizes	: 36 bits physical, 48 bits virtual
power management:



Memory: 4k page, physical 3928868k(92444k free), swap 0k(0k free)

vm_info: Java HotSpot(TM) 64-Bit Server VM (24.80-b11) for linux-amd64 JRE (1.7.0_80-b15), built on Apr 10 2015 19:53:14 by "java_re" with gcc 4.3.0 20080428 (Red Hat 4.3.0-8)

time: Wed May  6 20:27:31 2015
elapsed time: 29 seconds

