#
# There is insufficient memory for the Java Runtime Environment to continue.
# Native memory allocation (malloc) failed to allocate 137363456 bytes for committing reserved memory.
# Possible reasons:
#   The system is out of physical RAM or swap space
#   In 32 bit mode, the process size limit was hit
# Possible solutions:
#   Reduce memory load on the system
#   Increase physical memory or swap space
#   Check if swap backing store is full
#   Use 64 bit Java on a 64 bit OS
#   Decrease Java heap size (-Xmx/-Xms)
#   Decrease number of Java threads
#   Decrease Java thread stack sizes (-Xss)
#   Set larger code cache with -XX:ReservedCodeCacheSize=
# This output file may be truncated or incomplete.
#
#  Out of Memory Error (os_linux.cpp:2756), pid=18323, tid=139812530030336
#
# JRE version: Java(TM) SE Runtime Environment (7.0_80-b15) (build 1.7.0_80-b15)
# Java VM: Java HotSpot(TM) 64-Bit Server VM (24.80-b11 mixed mode linux-amd64 compressed oops)
# Failed to write core dump. Core dumps have been disabled. To enable core dumping, try "ulimit -c unlimited" before starting Java again
#

---------------  T H R E A D  ---------------

Current thread (0x00007f28a006b800):  VMThread [stack: 0x00007f28a4200000,0x00007f28a4301000] [id=18333]

Stack: [0x00007f28a4200000,0x00007f28a4301000],  sp=0x00007f28a42fefc0,  free space=1019k
Native frames: (J=compiled Java code, j=interpreted, Vv=VM code, C=native code)
V  [libjvm.so+0x9a320a]  VMError::report_and_die()+0x2ea
V  [libjvm.so+0x498d3b]  report_vm_out_of_memory(char const*, int, unsigned long, char const*)+0x9b
V  [libjvm.so+0x82191e]  os::Linux::commit_memory_impl(char*, unsigned long, bool)+0xfe
V  [libjvm.so+0x821e69]  os::pd_commit_memory(char*, unsigned long, unsigned long, bool)+0x29
V  [libjvm.so+0x81bb6a]  os::commit_memory(char*, unsigned long, unsigned long, bool)+0x2a
V  [libjvm.so+0x88d623]  PSVirtualSpace::expand_by(unsigned long)+0x53
V  [libjvm.so+0x88e9f8]  PSYoungGen::resize_generation(unsigned long, unsigned long)+0xf8
V  [libjvm.so+0x88db62]  PSYoungGen::resize(unsigned long, unsigned long)+0x22
V  [libjvm.so+0x88af1d]  PSScavenge::invoke_no_policy()+0xf3d
V  [libjvm.so+0x88b761]  PSScavenge::invoke()+0x41
V  [libjvm.so+0x843f40]  ParallelScavengeHeap::failed_mem_allocate(unsigned long)+0x70
V  [libjvm.so+0x9a4a97]  VM_ParallelGCFailedAllocation::doit()+0x97
V  [libjvm.so+0x9abf35]  VM_Operation::evaluate()+0x55
V  [libjvm.so+0x9aa2fa]  VMThread::evaluate_operation(VM_Operation*)+0xba
V  [libjvm.so+0x9aa67e]  VMThread::loop()+0x1ce
V  [libjvm.so+0x9aaaf0]  VMThread::run()+0x70
V  [libjvm.so+0x8238c8]  java_start(Thread*)+0x108

VM_Operation (0x00007f28a8d9a370): ParallelGCFailedAllocation, mode: safepoint, requested by thread 0x00007f28a000b800


---------------  P R O C E S S  ---------------

Java Threads: ( => current thread )
  0x00007f28a009a800 JavaThread "Service Thread" daemon [_thread_blocked, id=18339, stack(0x00007f289a5a2000,0x00007f289a6a3000)]
  0x00007f28a0098000 JavaThread "C2 CompilerThread1" daemon [_thread_blocked, id=18338, stack(0x00007f289a6a3000,0x00007f289a7a4000)]
  0x00007f28a0095000 JavaThread "C2 CompilerThread0" daemon [_thread_blocked, id=18337, stack(0x00007f289a7a4000,0x00007f289a8a5000)]
  0x00007f28a0093000 JavaThread "Signal Dispatcher" daemon [_thread_blocked, id=18336, stack(0x00007f289a8a5000,0x00007f289a9a6000)]
  0x00007f28a0072000 JavaThread "Finalizer" daemon [_thread_blocked, id=18335, stack(0x00007f289ac6f000,0x00007f289ad70000)]
  0x00007f28a0070000 JavaThread "Reference Handler" daemon [_thread_blocked, id=18334, stack(0x00007f28a40ff000,0x00007f28a4200000)]
  0x00007f28a000b800 JavaThread "main" [_thread_blocked, id=18328, stack(0x00007f28a8c9b000,0x00007f28a8d9c000)]

Other Threads:
=>0x00007f28a006b800 VMThread [stack: 0x00007f28a4200000,0x00007f28a4301000] [id=18333]
  0x00007f28a00a5000 WatcherThread [stack: 0x00007f289a4a1000,0x00007f289a5a2000] [id=18340]

VM state:at safepoint (normal execution)

VM Mutex/Monitor currently owned by a thread:  ([mutex/lock_event])
[0x00007f28a0008070] Threads_lock - owner thread: 0x00007f28a006b800
[0x00007f28a0008570] Heap_lock - owner thread: 0x00007f28a000b800

Heap
 PSYoungGen      total 204800K, used 10210K [0x00000000eaa80000, 0x00000000f7c80000, 0x0000000100000000)
  eden space 194560K, 0% used [0x00000000eaa80000,0x00000000eaa80000,0x00000000f6880000)
  from space 10240K, 99% used [0x00000000f6880000,0x00000000f7278b38,0x00000000f7280000)
  to   space 9728K, 0% used [0x00000000f7300000,0x00000000f7300000,0x00000000f7c80000)
 ParOldGen       total 53248K, used 48681K [0x00000000c0000000, 0x00000000c3400000, 0x00000000eaa80000)
  object space 53248K, 91% used [0x00000000c0000000,0x00000000c2f8a6b8,0x00000000c3400000)
 PSPermGen       total 21504K, used 6937K [0x00000000bae00000, 0x00000000bc300000, 0x00000000c0000000)
  object space 21504K, 32% used [0x00000000bae00000,0x00000000bb4c65a0,0x00000000bc300000)

Card table byte_map: [0x00007f28a5d65000,0x00007f28a5f8f000] byte_map_base: 0x00007f28a578e000

Polling page: 0x00007f28a8dbf000

Code Cache  [0x00007f289d000000, 0x00007f289d270000, 0x00007f28a0000000)
 total_blobs=1011 nmethods=762 adapters=203 free_code_cache=47022Kb largest_free_block=48103872

Compilation events (10 events):
Event: 7.583 Thread 0x00007f28a0098000 nmethod 780 0x00007f289d216d50 code [0x00007f289d216ec0, 0x00007f289d217118]
Event: 7.583 Thread 0x00007f28a0098000  782             com.android.dx.io.instructions.InstructionCodec::encodeRegisterRange (26 bytes)
Event: 7.584 Thread 0x00007f28a0095000 nmethod 781 0x00007f289d216690 code [0x00007f289d216800, 0x00007f289d216a38]
Event: 7.584 Thread 0x00007f28a0095000  783             com.android.dx.io.instructions.RegisterRangeDecodedInstruction::getRegisterCount (5 bytes)
Event: 7.585 Thread 0x00007f28a0095000 nmethod 783 0x00007f289d218b10 code [0x00007f289d218c40, 0x00007f289d218c98]
Event: 7.585 Thread 0x00007f28a0095000  784             com.android.dx.io.instructions.DecodedInstruction::getAUnit (46 bytes)
Event: 7.586 Thread 0x00007f28a0095000 nmethod 784 0x00007f289d216410 code [0x00007f289d216560, 0x00007f289d2165f8]
Event: 7.586 Thread 0x00007f28a0095000  785             com.android.dx.io.instructions.RegisterRangeDecodedInstruction::getA (5 bytes)
Event: 7.586 Thread 0x00007f28a0095000 nmethod 785 0x00007f289d216210 code [0x00007f289d216340, 0x00007f289d216398]
Event: 7.588 Thread 0x00007f28a0098000 nmethod 782 0x00007f289d219ed0 code [0x00007f289d21a040, 0x00007f289d21a278]

GC Heap History (10 events):
Event: 5.129 GC heap after
Heap after GC invocations=6 (full 0):
 PSYoungGen      total 69120K, used 7677K [0x00000000eaa80000, 0x00000000ef780000, 0x0000000100000000)
  eden space 60928K, 0% used [0x00000000eaa80000,0x00000000eaa80000,0x00000000ee600000)
  from space 8192K, 93% used [0x00000000eee80000,0x00000000ef5ff5f0,0x00000000ef680000)
  to   space 8704K, 0% used [0x00000000ee600000,0x00000000ee600000,0x00000000eee80000)
 ParOldGen       total 40960K, used 18859K [0x00000000c0000000, 0x00000000c2800000, 0x00000000eaa80000)
  object space 40960K, 46% used [0x00000000c0000000,0x00000000c126afc8,0x00000000c2800000)
 PSPermGen       total 21504K, used 6818K [0x00000000bae00000, 0x00000000bc300000, 0x00000000c0000000)
  object space 21504K, 31% used [0x00000000bae00000,0x00000000bb4a8860,0x00000000bc300000)
}
Event: 5.592 GC heap before
{Heap before GC invocations=7 (full 0):
 PSYoungGen      total 69120K, used 68605K [0x00000000eaa80000, 0x00000000ef780000, 0x0000000100000000)
  eden space 60928K, 100% used [0x00000000eaa80000,0x00000000ee600000,0x00000000ee600000)
  from space 8192K, 93% used [0x00000000eee80000,0x00000000ef5ff5f0,0x00000000ef680000)
  to   space 8704K, 0% used [0x00000000ee600000,0x00000000ee600000,0x00000000eee80000)
 ParOldGen       total 40960K, used 18859K [0x00000000c0000000, 0x00000000c2800000, 0x00000000eaa80000)
  object space 40960K, 46% used [0x00000000c0000000,0x00000000c126afc8,0x00000000c2800000)
 PSPermGen       total 21504K, used 6922K [0x00000000bae00000, 0x00000000bc300000, 0x00000000c0000000)
  object space 21504K, 32% used [0x00000000bae00000,0x00000000bb4c2b98,0x00000000bc300000)
Event: 5.633 GC heap after
Heap after GC invocations=7 (full 0):
 PSYoungGen      total 69632K, used 7890K [0x00000000eaa80000, 0x00000000f3380000, 0x0000000100000000)
  eden space 60928K, 0% used [0x00000000eaa80000,0x00000000eaa80000,0x00000000ee600000)
  from space 8704K, 90% used [0x00000000ee600000,0x00000000eedb4bc0,0x00000000eee80000)
  to   space 9216K, 0% used [0x00000000f2a80000,0x00000000f2a80000,0x00000000f3380000)
 ParOldGen       total 40960K, used 26307K [0x00000000c0000000, 0x00000000c2800000, 0x00000000eaa80000)
  object space 40960K, 64% used [0x00000000c0000000,0x00000000c19b0c38,0x00000000c2800000)
 PSPermGen       total 21504K, used 6922K [0x00000000bae00000, 0x00000000bc300000, 0x00000000c0000000)
  object space 21504K, 32% used [0x00000000bae00000,0x00000000bb4c2b98,0x00000000bc300000)
}
Event: 5.991 GC heap before
{Heap before GC invocations=8 (full 0):
 PSYoungGen      total 69632K, used 68818K [0x00000000eaa80000, 0x00000000f3380000, 0x0000000100000000)
  eden space 60928K, 100% used [0x00000000eaa80000,0x00000000ee600000,0x00000000ee600000)
  from space 8704K, 90% used [0x00000000ee600000,0x00000000eedb4bc0,0x00000000eee80000)
  to   space 9216K, 0% used [0x00000000f2a80000,0x00000000f2a80000,0x00000000f3380000)
 ParOldGen       total 40960K, used 26307K [0x00000000c0000000, 0x00000000c2800000, 0x00000000eaa80000)
  object space 40960K, 64% used [0x00000000c0000000,0x00000000c19b0c38,0x00000000c2800000)
 PSPermGen       total 21504K, used 6926K [0x00000000bae00000, 0x00000000bc300000, 0x00000000c0000000)
  object space 21504K, 32% used [0x00000000bae00000,0x00000000bb4c3a40,0x00000000bc300000)
Event: 6.014 GC heap after
Heap after GC invocations=8 (full 0):
 PSYoungGen      total 130560K, used 8117K [0x00000000eaa80000, 0x00000000f3480000, 0x0000000100000000)
  eden space 121344K, 0% used [0x00000000eaa80000,0x00000000eaa80000,0x00000000f2100000)
  from space 9216K, 88% used [0x00000000f2a80000,0x00000000f326d448,0x00000000f3380000)
  to   space 9728K, 0% used [0x00000000f2100000,0x00000000f2100000,0x00000000f2a80000)
 ParOldGen       total 40960K, used 26787K [0x00000000c0000000, 0x00000000c2800000, 0x00000000eaa80000)
  object space 40960K, 65% used [0x00000000c0000000,0x00000000c1a28c38,0x00000000c2800000)
 PSPermGen       total 21504K, used 6926K [0x00000000bae00000, 0x00000000bc300000, 0x00000000c0000000)
  object space 21504K, 32% used [0x00000000bae00000,0x00000000bb4c3a40,0x00000000bc300000)
}
Event: 6.603 GC heap before
{Heap before GC invocations=9 (full 0):
 PSYoungGen      total 130560K, used 129461K [0x00000000eaa80000, 0x00000000f3480000, 0x0000000100000000)
  eden space 121344K, 100% used [0x00000000eaa80000,0x00000000f2100000,0x00000000f2100000)
  from space 9216K, 88% used [0x00000000f2a80000,0x00000000f326d448,0x00000000f3380000)
  to   space 9728K, 0% used [0x00000000f2100000,0x00000000f2100000,0x00000000f2a80000)
 ParOldGen       total 40960K, used 26787K [0x00000000c0000000, 0x00000000c2800000, 0x00000000eaa80000)
  object space 40960K, 65% used [0x00000000c0000000,0x00000000c1a28c38,0x00000000c2800000)
 PSPermGen       total 21504K, used 6936K [0x00000000bae00000, 0x00000000bc300000, 0x00000000c0000000)
  object space 21504K, 32% used [0x00000000bae00000,0x00000000bb4c6028,0x00000000bc300000)
Event: 6.618 GC heap after
Heap after GC invocations=9 (full 0):
 PSYoungGen      total 131072K, used 9679K [0x00000000eaa80000, 0x00000000f7d80000, 0x0000000100000000)
  eden space 121344K, 0% used [0x00000000eaa80000,0x00000000eaa80000,0x00000000f2100000)
  from space 9728K, 99% used [0x00000000f2100000,0x00000000f2a73f88,0x00000000f2a80000)
  to   space 10752K, 0% used [0x00000000f7300000,0x00000000f7300000,0x00000000f7d80000)
 ParOldGen       total 40960K, used 27483K [0x00000000c0000000, 0x00000000c2800000, 0x00000000eaa80000)
  object space 40960K, 67% used [0x00000000c0000000,0x00000000c1ad6c88,0x00000000c2800000)
 PSPermGen       total 21504K, used 6936K [0x00000000bae00000, 0x00000000bc300000, 0x00000000c0000000)
  object space 21504K, 32% used [0x00000000bae00000,0x00000000bb4c6028,0x00000000bc300000)
}
Event: 7.043 GC heap before
{Heap before GC invocations=10 (full 0):
 PSYoungGen      total 131072K, used 130565K [0x00000000eaa80000, 0x00000000f7d80000, 0x0000000100000000)
  eden space 121344K, 99% used [0x00000000eaa80000,0x00000000f208d828,0x00000000f2100000)
  from space 9728K, 99% used [0x00000000f2100000,0x00000000f2a73f88,0x00000000f2a80000)
  to   space 10752K, 0% used [0x00000000f7300000,0x00000000f7300000,0x00000000f7d80000)
 ParOldGen       total 40960K, used 27483K [0x00000000c0000000, 0x00000000c2800000, 0x00000000eaa80000)
  object space 40960K, 67% used [0x00000000c0000000,0x00000000c1ad6c88,0x00000000c2800000)
 PSPermGen       total 21504K, used 6936K [0x00000000bae00000, 0x00000000bc300000, 0x00000000c0000000)
  object space 21504K, 32% used [0x00000000bae00000,0x00000000bb4c6260,0x00000000bc300000)
Event: 7.049 GC heap after
Heap after GC invocations=10 (full 0):
 PSYoungGen      total 204288K, used 5968K [0x00000000eaa80000, 0x00000000f7c80000, 0x0000000100000000)
  eden space 194560K, 0% used [0x00000000eaa80000,0x00000000eaa80000,0x00000000f6880000)
  from space 9728K, 61% used [0x00000000f7300000,0x00000000f78d41e0,0x00000000f7c80000)
  to   space 10240K, 0% used [0x00000000f6880000,0x00000000f6880000,0x00000000f7280000)
 ParOldGen       total 40960K, used 27499K [0x00000000c0000000, 0x00000000c2800000, 0x00000000eaa80000)
  object space 40960K, 67% used [0x00000000c0000000,0x00000000c1adac88,0x00000000c2800000)
 PSPermGen       total 21504K, used 6936K [0x00000000bae00000, 0x00000000bc300000, 0x00000000c0000000)
  object space 21504K, 32% used [0x00000000bae00000,0x00000000bb4c6260,0x00000000bc300000)
}
Event: 8.134 GC heap before
{Heap before GC invocations=11 (full 0):
 PSYoungGen      total 204288K, used 200528K [0x00000000eaa80000, 0x00000000f7c80000, 0x0000000100000000)
  eden space 194560K, 100% used [0x00000000eaa80000,0x00000000f6880000,0x00000000f6880000)
  from space 9728K, 61% used [0x00000000f7300000,0x00000000f78d41e0,0x00000000f7c80000)
  to   space 10240K, 0% used [0x00000000f6880000,0x00000000f6880000,0x00000000f7280000)
 ParOldGen       total 40960K, used 27499K [0x00000000c0000000, 0x00000000c2800000, 0x00000000eaa80000)
  object space 40960K, 67% used [0x00000000c0000000,0x00000000c1adac88,0x00000000c2800000)
 PSPermGen       total 21504K, used 6937K [0x00000000bae00000, 0x00000000bc300000, 0x00000000c0000000)
  object space 21504K, 32% used [0x00000000bae00000,0x00000000bb4c65a0,0x00000000bc300000)

Deoptimization events (10 events):
Event: 5.578 Thread 0x00007f28a000b800 Uncommon trap: reason=array_check action=maybe_recompile pc=0x00007f289d1c6590 method=java.util.ComparableTimSort.binarySort([Ljava/lang/Object;III)V @ 183
Event: 5.638 Thread 0x00007f28a000b800 Uncommon trap: reason=unstable_if action=reinterpret pc=0x00007f289d1cc6f8 method=java.util.ComparableTimSort.mergeHi(IIII)V @ 553
Event: 5.643 Thread 0x00007f28a000b800 Uncommon trap: reason=array_check action=maybe_recompile pc=0x00007f289d1c9008 method=java.util.TimSort.binarySort([Ljava/lang/Object;IIILjava/util/Comparator;)V @ 193
Event: 5.643 Thread 0x00007f28a000b800 Uncommon trap: reason=array_check action=maybe_recompile pc=0x00007f289d1c8ef8 method=java.util.TimSort.binarySort([Ljava/lang/Object;IIILjava/util/Comparator;)V @ 215
Event: 5.643 Thread 0x00007f28a000b800 Uncommon trap: reason=array_check action=maybe_recompile pc=0x00007f289d1c90e4 method=java.util.TimSort.binarySort([Ljava/lang/Object;IIILjava/util/Comparator;)V @ 183
Event: 5.643 Thread 0x00007f28a000b800 Uncommon trap: reason=array_check action=maybe_recompile pc=0x00007f289d1c8ef8 method=java.util.TimSort.binarySort([Ljava/lang/Object;IIILjava/util/Comparator;)V @ 215
Event: 5.901 Thread 0x00007f28a000b800 Uncommon trap: reason=array_check action=maybe_recompile pc=0x00007f289d1c6590 method=java.util.ComparableTimSort.binarySort([Ljava/lang/Object;III)V @ 183
Event: 5.924 Thread 0x00007f28a000b800 Uncommon trap: reason=unstable_if action=reinterpret pc=0x00007f289d1b5984 method=com.android.dx.merge.DexMerger.transformAnnotationDirectory(Lcom/android/dex/Dex$Section;Lcom/android/dx/merge/IndexMap;)V @ 199
Event: 6.538 Thread 0x00007f28a000b800 Uncommon trap: reason=unstable_if action=reinterpret pc=0x00007f289d17dd60 method=java.util.ComparableTimSort.countRunAndMakeAscending([Ljava/lang/Object;II)I @ 25
Event: 7.081 Thread 0x00007f28a000b800 Uncommon trap: reason=unstable_if action=reinterpret pc=0x00007f289d206c98 method=java.util.ComparableTimSort.mergeLo(IIII)V @ 522

Internal exceptions (10 events):
Event: 3.865 Thread 0x00007f28a000b800 Threw 0x00000000eaabb6d8 at /HUDSON/workspace/7u-2-build-linux-amd64/jdk7u80/2329/hotspot/src/share/vm/prims/jvm.cpp:1319
Event: 3.866 Thread 0x00007f28a000b800 Threw 0x00000000eaabe848 at /HUDSON/workspace/7u-2-build-linux-amd64/jdk7u80/2329/hotspot/src/share/vm/prims/jvm.cpp:1319
Event: 3.867 Thread 0x00007f28a000b800 Threw 0x00000000eaac1b08 at /HUDSON/workspace/7u-2-build-linux-amd64/jdk7u80/2329/hotspot/src/share/vm/prims/jvm.cpp:1319
Event: 3.870 Thread 0x00007f28a000b800 Threw 0x00000000eaac6c80 at /HUDSON/workspace/7u-2-build-linux-amd64/jdk7u80/2329/hotspot/src/share/vm/prims/jvm.cpp:1319
Event: 3.871 Thread 0x00007f28a000b800 Threw 0x00000000eaac9940 at /HUDSON/workspace/7u-2-build-linux-amd64/jdk7u80/2329/hotspot/src/share/vm/prims/jvm.cpp:1319
Event: 3.871 Thread 0x00007f28a000b800 Threw 0x00000000eaacc7c0 at /HUDSON/workspace/7u-2-build-linux-amd64/jdk7u80/2329/hotspot/src/share/vm/prims/jvm.cpp:1319
Event: 3.872 Thread 0x00007f28a000b800 Threw 0x00000000eaacfa78 at /HUDSON/workspace/7u-2-build-linux-amd64/jdk7u80/2329/hotspot/src/share/vm/prims/jvm.cpp:1319
Event: 3.877 Thread 0x00007f28a000b800 Threw 0x00000000eaad6d48 at /HUDSON/workspace/7u-2-build-linux-amd64/jdk7u80/2329/hotspot/src/share/vm/prims/jvm.cpp:1319
Event: 3.878 Thread 0x00007f28a000b800 Threw 0x00000000eaad8d30 at /HUDSON/workspace/7u-2-build-linux-amd64/jdk7u80/2329/hotspot/src/share/vm/prims/jvm.cpp:1319
Event: 4.567 Thread 0x00007f28a000b800 Threw 0x00000000ec067c00 at /HUDSON/workspace/7u-2-build-linux-amd64/jdk7u80/2329/hotspot/src/share/vm/prims/jvm.cpp:1319

Events (10 events):
Event: 6.538 Thread 0x00007f28a000b800 DEOPT UNPACKING pc=0x00007f289d039045 sp=0x00007f28a8d9a468 mode 2
Event: 6.603 Executing VM operation: ParallelGCFailedAllocation
Event: 6.618 Executing VM operation: ParallelGCFailedAllocation done
Event: 6.987 Thread 0x00007f28a0098000 flushing nmethod 0x00007f289d196a50
Event: 7.043 Executing VM operation: ParallelGCFailedAllocation
Event: 7.049 Executing VM operation: ParallelGCFailedAllocation done
Event: 7.081 Thread 0x00007f28a000b800 Uncommon trap: trap_request=0xffffff75 fr.pc=0x00007f289d206c98
Event: 7.081 Thread 0x00007f28a000b800 DEOPT PACKING pc=0x00007f289d206c98 sp=0x00007f28a8d9a320
Event: 7.081 Thread 0x00007f28a000b800 DEOPT UNPACKING pc=0x00007f289d039045 sp=0x00007f28a8d9a328 mode 2
Event: 8.134 Executing VM operation: ParallelGCFailedAllocation


Dynamic libraries:
00400000-00401000 r-xp 00000000 08:02 2235145                            /usr/lib/jvm/java-7-oracle/bin/java
00600000-00601000 rw-p 00000000 08:02 2235145                            /usr/lib/jvm/java-7-oracle/bin/java
017c0000-017e1000 rw-p 00000000 00:00 0                                  [heap]
bae00000-bc300000 rw-p 00000000 00:00 0 
bc300000-c0000000 rw-p 00000000 00:00 0 
c0000000-c3400000 rw-p 00000000 00:00 0 
c3400000-eaa80000 rw-p 00000000 00:00 0 
eaa80000-f7c80000 rw-p 00000000 00:00 0 
fff80000-100000000 rw-p 00000000 00:00 0 
7f2864000000-7f2864021000 rw-p 00000000 00:00 0 
7f2864021000-7f2868000000 ---p 00000000 00:00 0 
7f2868000000-7f2868021000 rw-p 00000000 00:00 0 
7f2868021000-7f286c000000 ---p 00000000 00:00 0 
7f286c000000-7f286c703000 rw-p 00000000 00:00 0 
7f286c703000-7f2870000000 ---p 00000000 00:00 0 
7f2870000000-7f2870aec000 rw-p 00000000 00:00 0 
7f2870aec000-7f2874000000 ---p 00000000 00:00 0 
7f2874000000-7f2874021000 rw-p 00000000 00:00 0 
7f2874021000-7f2878000000 ---p 00000000 00:00 0 
7f2878000000-7f2878021000 rw-p 00000000 00:00 0 
7f2878021000-7f287c000000 ---p 00000000 00:00 0 
7f287c000000-7f287c0e3000 rw-p 00000000 00:00 0 
7f287c0e3000-7f2880000000 ---p 00000000 00:00 0 
7f2880000000-7f2880021000 rw-p 00000000 00:00 0 
7f2880021000-7f2884000000 ---p 00000000 00:00 0 
7f2884000000-7f2884021000 rw-p 00000000 00:00 0 
7f2884021000-7f2888000000 ---p 00000000 00:00 0 
7f2888000000-7f2888021000 rw-p 00000000 00:00 0 
7f2888021000-7f288c000000 ---p 00000000 00:00 0 
7f288c000000-7f288c021000 rw-p 00000000 00:00 0 
7f288c021000-7f2890000000 ---p 00000000 00:00 0 
7f2894000000-7f2894021000 rw-p 00000000 00:00 0 
7f2894021000-7f2898000000 ---p 00000000 00:00 0 
7f2899f0c000-7f289a079000 rw-p 00000000 00:00 0 
7f289a079000-7f289a090000 r-xp 00000000 08:02 2232763                    /usr/lib/jvm/java-7-oracle/jre/lib/amd64/libnet.so
7f289a090000-7f289a28f000 ---p 00017000 08:02 2232763                    /usr/lib/jvm/java-7-oracle/jre/lib/amd64/libnet.so
7f289a28f000-7f289a290000 rw-p 00016000 08:02 2232763                    /usr/lib/jvm/java-7-oracle/jre/lib/amd64/libnet.so
7f289a290000-7f289a2a0000 r-xp 00000000 08:02 2232777                    /usr/lib/jvm/java-7-oracle/jre/lib/amd64/libnio.so
7f289a2a0000-7f289a4a0000 ---p 00010000 08:02 2232777                    /usr/lib/jvm/java-7-oracle/jre/lib/amd64/libnio.so
7f289a4a0000-7f289a4a1000 rw-p 00010000 08:02 2232777                    /usr/lib/jvm/java-7-oracle/jre/lib/amd64/libnio.so
7f289a4a1000-7f289a4a2000 ---p 00000000 00:00 0 
7f289a4a2000-7f289a5a2000 rw-p 00000000 00:00 0                          [stack:18340]
7f289a5a2000-7f289a5a5000 ---p 00000000 00:00 0 
7f289a5a5000-7f289a6a3000 rw-p 00000000 00:00 0                          [stack:18339]
7f289a6a3000-7f289a6a6000 ---p 00000000 00:00 0 
7f289a6a6000-7f289a7a4000 rw-p 00000000 00:00 0                          [stack:18338]
7f289a7a4000-7f289a7a7000 ---p 00000000 00:00 0 
7f289a7a7000-7f289a8a5000 rw-p 00000000 00:00 0                          [stack:18337]
7f289a8a5000-7f289a8a8000 ---p 00000000 00:00 0 
7f289a8a8000-7f289a9a6000 rw-p 00000000 00:00 0                          [stack:18336]
7f289a9a6000-7f289ac6f000 r--p 00000000 08:02 2100321                    /usr/lib/locale/locale-archive
7f289ac6f000-7f289ac72000 ---p 00000000 00:00 0 
7f289ac72000-7f289d000000 rw-p 00000000 00:00 0                          [stack:18335]
7f289d000000-7f289d270000 rwxp 00000000 00:00 0 
7f289d270000-7f28a01fd000 rw-p 00000000 00:00 0 
7f28a01fd000-7f28a4000000 ---p 00000000 00:00 0 
7f28a40ff000-7f28a4102000 ---p 00000000 00:00 0 
7f28a4102000-7f28a4200000 rw-p 00000000 00:00 0                          [stack:18334]
7f28a4200000-7f28a4201000 ---p 00000000 00:00 0 
7f28a4201000-7f28a5300000 rw-p 00000000 00:00 0                          [stack:18333]
7f28a5300000-7f28a54c0000 r--s 039fb000 08:02 2232736                    /usr/lib/jvm/java-7-oracle/jre/lib/rt.jar
7f28a54c0000-7f28a57e2000 rw-p 00000000 00:00 0 
7f28a57e2000-7f28a57e3000 ---p 00000000 00:00 0 
7f28a57e3000-7f28a58e3000 rw-p 00000000 00:00 0                          [stack:18332]
7f28a58e3000-7f28a58e4000 ---p 00000000 00:00 0 
7f28a58e4000-7f28a59e4000 rw-p 00000000 00:00 0                          [stack:18331]
7f28a59e4000-7f28a59e5000 ---p 00000000 00:00 0 
7f28a59e5000-7f28a5ae5000 rw-p 00000000 00:00 0                          [stack:18330]
7f28a5ae5000-7f28a5ae6000 ---p 00000000 00:00 0 
7f28a5ae6000-7f28a5bf1000 rw-p 00000000 00:00 0                          [stack:18329]
7f28a5bf1000-7f28a5c0f000 rw-p 00000000 00:00 0 
7f28a5c0f000-7f28a5c29000 rw-p 00000000 00:00 0 
7f28a5c29000-7f28a5d65000 rw-p 00000000 00:00 0 
7f28a5d65000-7f28a5d70000 rw-p 00000000 00:00 0 
7f28a5d70000-7f28a5d8e000 rw-p 00000000 00:00 0 
7f28a5d8e000-7f28a5da8000 rw-p 00000000 00:00 0 
7f28a5da8000-7f28a5ee3000 rw-p 00000000 00:00 0 
7f28a5ee3000-7f28a5f4d000 rw-p 00000000 00:00 0 
7f28a5f4d000-7f28a5f8e000 rw-p 00000000 00:00 0 
7f28a5f8e000-7f28a5f8f000 rw-p 00000000 00:00 0 
7f28a5f8f000-7f28a5fa6000 r-xp 00000000 08:02 2232787                    /usr/lib/jvm/java-7-oracle/jre/lib/amd64/libzip.so
7f28a5fa6000-7f28a61a6000 ---p 00017000 08:02 2232787                    /usr/lib/jvm/java-7-oracle/jre/lib/amd64/libzip.so
7f28a61a6000-7f28a61a7000 rw-p 00017000 08:02 2232787                    /usr/lib/jvm/java-7-oracle/jre/lib/amd64/libzip.so
7f28a61a7000-7f28a61b2000 r-xp 00000000 08:02 1309150                    /lib/x86_64-linux-gnu/libnss_files-2.19.so
7f28a61b2000-7f28a63b1000 ---p 0000b000 08:02 1309150                    /lib/x86_64-linux-gnu/libnss_files-2.19.so
7f28a63b1000-7f28a63b2000 r--p 0000a000 08:02 1309150                    /lib/x86_64-linux-gnu/libnss_files-2.19.so
7f28a63b2000-7f28a63b3000 rw-p 0000b000 08:02 1309150                    /lib/x86_64-linux-gnu/libnss_files-2.19.so
7f28a63b3000-7f28a63be000 r-xp 00000000 08:02 1309214                    /lib/x86_64-linux-gnu/libnss_nis-2.19.so
7f28a63be000-7f28a65bd000 ---p 0000b000 08:02 1309214                    /lib/x86_64-linux-gnu/libnss_nis-2.19.so
7f28a65bd000-7f28a65be000 r--p 0000a000 08:02 1309214                    /lib/x86_64-linux-gnu/libnss_nis-2.19.so
7f28a65be000-7f28a65bf000 rw-p 0000b000 08:02 1309214                    /lib/x86_64-linux-gnu/libnss_nis-2.19.so
7f28a65bf000-7f28a65d6000 r-xp 00000000 08:02 1309172                    /lib/x86_64-linux-gnu/libnsl-2.19.so
7f28a65d6000-7f28a67d5000 ---p 00017000 08:02 1309172                    /lib/x86_64-linux-gnu/libnsl-2.19.so
7f28a67d5000-7f28a67d6000 r--p 00016000 08:02 1309172                    /lib/x86_64-linux-gnu/libnsl-2.19.so
7f28a67d6000-7f28a67d7000 rw-p 00017000 08:02 1309172                    /lib/x86_64-linux-gnu/libnsl-2.19.so
7f28a67d7000-7f28a67d9000 rw-p 00000000 00:00 0 
7f28a67d9000-7f28a67e2000 r-xp 00000000 08:02 1309171                    /lib/x86_64-linux-gnu/libnss_compat-2.19.so
7f28a67e2000-7f28a69e1000 ---p 00009000 08:02 1309171                    /lib/x86_64-linux-gnu/libnss_compat-2.19.so
7f28a69e1000-7f28a69e2000 r--p 00008000 08:02 1309171                    /lib/x86_64-linux-gnu/libnss_compat-2.19.so
7f28a69e2000-7f28a69e3000 rw-p 00009000 08:02 1309171                    /lib/x86_64-linux-gnu/libnss_compat-2.19.so
7f28a69e3000-7f28a6a0c000 r-xp 00000000 08:02 2232770                    /usr/lib/jvm/java-7-oracle/jre/lib/amd64/libjava.so
7f28a6a0c000-7f28a6c0c000 ---p 00029000 08:02 2232770                    /usr/lib/jvm/java-7-oracle/jre/lib/amd64/libjava.so
7f28a6c0c000-7f28a6c0e000 rw-p 00029000 08:02 2232770                    /usr/lib/jvm/java-7-oracle/jre/lib/amd64/libjava.so
7f28a6c0e000-7f28a6c1b000 r-xp 00000000 08:02 2232752                    /usr/lib/jvm/java-7-oracle/jre/lib/amd64/libverify.so
7f28a6c1b000-7f28a6e1a000 ---p 0000d000 08:02 2232752                    /usr/lib/jvm/java-7-oracle/jre/lib/amd64/libverify.so
7f28a6e1a000-7f28a6e1c000 rw-p 0000c000 08:02 2232752                    /usr/lib/jvm/java-7-oracle/jre/lib/amd64/libverify.so
7f28a6e1c000-7f28a6e23000 r-xp 00000000 08:02 1309211                    /lib/x86_64-linux-gnu/librt-2.19.so
7f28a6e23000-7f28a7022000 ---p 00007000 08:02 1309211                    /lib/x86_64-linux-gnu/librt-2.19.so
7f28a7022000-7f28a7023000 r--p 00006000 08:02 1309211                    /lib/x86_64-linux-gnu/librt-2.19.so
7f28a7023000-7f28a7024000 rw-p 00007000 08:02 1309211                    /lib/x86_64-linux-gnu/librt-2.19.so
7f28a7024000-7f28a7129000 r-xp 00000000 08:02 1309149                    /lib/x86_64-linux-gnu/libm-2.19.so
7f28a7129000-7f28a7328000 ---p 00105000 08:02 1309149                    /lib/x86_64-linux-gnu/libm-2.19.so
7f28a7328000-7f28a7329000 r--p 00104000 08:02 1309149                    /lib/x86_64-linux-gnu/libm-2.19.so
7f28a7329000-7f28a732a000 rw-p 00105000 08:02 1309149                    /lib/x86_64-linux-gnu/libm-2.19.so
7f28a732a000-7f28a7ea0000 r-xp 00000000 08:02 2232774                    /usr/lib/jvm/java-7-oracle/jre/lib/amd64/server/libjvm.so
7f28a7ea0000-7f28a809f000 ---p 00b76000 08:02 2232774                    /usr/lib/jvm/java-7-oracle/jre/lib/amd64/server/libjvm.so
7f28a809f000-7f28a8163000 rw-p 00b75000 08:02 2232774                    /usr/lib/jvm/java-7-oracle/jre/lib/amd64/server/libjvm.so
7f28a8163000-7f28a81a4000 rw-p 00000000 00:00 0 
7f28a81a4000-7f28a835f000 r-xp 00000000 08:02 1309200                    /lib/x86_64-linux-gnu/libc-2.19.so
7f28a835f000-7f28a855e000 ---p 001bb000 08:02 1309200                    /lib/x86_64-linux-gnu/libc-2.19.so
7f28a855e000-7f28a8562000 r--p 001ba000 08:02 1309200                    /lib/x86_64-linux-gnu/libc-2.19.so
7f28a8562000-7f28a8564000 rw-p 001be000 08:02 1309200                    /lib/x86_64-linux-gnu/libc-2.19.so
7f28a8564000-7f28a8569000 rw-p 00000000 00:00 0 
7f28a8569000-7f28a856c000 r-xp 00000000 08:02 1309153                    /lib/x86_64-linux-gnu/libdl-2.19.so
7f28a856c000-7f28a876b000 ---p 00003000 08:02 1309153                    /lib/x86_64-linux-gnu/libdl-2.19.so
7f28a876b000-7f28a876c000 r--p 00002000 08:02 1309153                    /lib/x86_64-linux-gnu/libdl-2.19.so
7f28a876c000-7f28a876d000 rw-p 00003000 08:02 1309153                    /lib/x86_64-linux-gnu/libdl-2.19.so
7f28a876d000-7f28a8782000 r-xp 00000000 08:02 2233709                    /usr/lib/jvm/java-7-oracle/lib/amd64/jli/libjli.so
7f28a8782000-7f28a8981000 ---p 00015000 08:02 2233709                    /usr/lib/jvm/java-7-oracle/lib/amd64/jli/libjli.so
7f28a8981000-7f28a8982000 rw-p 00014000 08:02 2233709                    /usr/lib/jvm/java-7-oracle/lib/amd64/jli/libjli.so
7f28a8982000-7f28a899b000 r-xp 00000000 08:02 1309201                    /lib/x86_64-linux-gnu/libpthread-2.19.so
7f28a899b000-7f28a8b9a000 ---p 00019000 08:02 1309201                    /lib/x86_64-linux-gnu/libpthread-2.19.so
7f28a8b9a000-7f28a8b9b000 r--p 00018000 08:02 1309201                    /lib/x86_64-linux-gnu/libpthread-2.19.so
7f28a8b9b000-7f28a8b9c000 rw-p 00019000 08:02 1309201                    /lib/x86_64-linux-gnu/libpthread-2.19.so
7f28a8b9c000-7f28a8ba0000 rw-p 00000000 00:00 0 
7f28a8ba0000-7f28a8bc3000 r-xp 00000000 08:02 1309176                    /lib/x86_64-linux-gnu/ld-2.19.so
7f28a8bc7000-7f28a8bc8000 rw-p 00000000 00:00 0 
7f28a8bc8000-7f28a8bcc000 r--s 0008b000 08:02 2232716                    /usr/lib/jvm/java-7-oracle/jre/lib/jsse.jar
7f28a8bcc000-7f28a8bdb000 r--s 000dd000 08:02 922509                     /root/Android/Sdk/build-tools/21.1.2/lib/dx.jar
7f28a8bdb000-7f28a8be5000 rw-p 00000000 00:00 0 
7f28a8be5000-7f28a8c9b000 rw-p 00000000 00:00 0 
7f28a8c9b000-7f28a8c9e000 ---p 00000000 00:00 0 
7f28a8c9e000-7f28a8db6000 rw-p 00000000 00:00 0                          [stack:18328]
7f28a8db6000-7f28a8dbe000 rw-s 00000000 08:02 1447730                    /tmp/hsperfdata_root/18323
7f28a8dbe000-7f28a8dbf000 rw-p 00000000 00:00 0 
7f28a8dbf000-7f28a8dc0000 ---p 00000000 00:00 0 
7f28a8dc0000-7f28a8dc2000 rw-p 00000000 00:00 0 
7f28a8dc2000-7f28a8dc3000 r--p 00022000 08:02 1309176                    /lib/x86_64-linux-gnu/ld-2.19.so
7f28a8dc3000-7f28a8dc4000 rw-p 00023000 08:02 1309176                    /lib/x86_64-linux-gnu/ld-2.19.so
7f28a8dc4000-7f28a8dc5000 rw-p 00000000 00:00 0 
7fffc3f55000-7fffc3f77000 rw-p 00000000 00:00 0                          [stack]
7fffc3fcf000-7fffc3fd1000 r-xp 00000000 00:00 0                          [vdso]
ffffffffff600000-ffffffffff601000 r-xp 00000000 00:00 0                  [vsyscall]

VM Arguments:
jvm_args: -Xmx1024M -Dfile.encoding=UTF-8 -Duser.country=US -Duser.language=en -Duser.variant 
java_command: com.android.dx.command.Main --dex --output /home/skylar/Desktop/cmps121-hw3/Local-BB/app/build/intermediates/dex/debug /home/skylar/Desktop/cmps121-hw3/Local-BB/app/build/intermediates/classes/debug /home/skylar/Desktop/cmps121-hw3/Local-BB/app/build/intermediates/pre-dexed/debug/support-annotations-22.0.0-5c3eb70b57859c75c7a27e70cee70709b060b059.jar /home/skylar/Desktop/cmps121-hw3/Local-BB/app/build/intermediates/pre-dexed/debug/classes-c50b554aa3ef033b104d16d9a04fab94479ad82f.jar /home/skylar/Desktop/cmps121-hw3/Local-BB/app/build/intermediates/pre-dexed/debug/classes-f7e39f13e1e2fd87ca3544921917bcb6d3ec382f.jar /home/skylar/Desktop/cmps121-hw3/Local-BB/app/build/intermediates/pre-dexed/debug/classes-e1fe4be47b41bbc13b2b87803aaa80b27011a0ac.jar /home/skylar/Desktop/cmps121-hw3/Local-BB/app/build/intermediates/pre-dexed/debug/classes-8319369d98649fd760abe082d0cc83d1e281f93c.jar /home/skylar/Desktop/cmps121-hw3/Local-BB/app/build/intermediates/pre-dexed/debug/classes-7a79a8aa3b1aa3e8f6d9993bb241c688789512d4.jar /home/skylar/Desktop/cmps121-hw3/Local-BB/app/build/intermediates/pre-dexed/debug/classes-ab10f726e64372cf5fe31e539c89fd4093665d98.jar /home/skylar/Desktop/cmps121-hw3/Local-BB/app/build/intermediates/pre-dexed/debug/classes-6d9d9f65a70a51329bf20397c1248fb966687ba4.jar /home/skylar/Desktop/cmps121-hw3/Local-BB/app/build/intermediates/pre-dexed/debug/classes-31d54cf97e679ab0460223ed6a922baed2ef496a.jar /home/skylar/Desktop/cmps121-hw3/Local-BB/app/build/intermediates/pre-dexed/debug/classes-440b389a166183cee983127c671ab4524f3d0818.jar /home/skylar/Desktop/cmps121-hw3/Local-BB/app/build/intermediates/pre-dexed/debug/classes-ca4d8af32bef15394083d373e84eb936a2307743.jar /home/skylar/Desktop/cmps121-hw3/Local-BB/app/build/intermediates/pre-dexed/debug/classes-129a7ab6dbcda31ed14e1643587fbe0d0b9e9a34.jar /home/skylar/Desktop/cmps121-hw3/Local-BB/app/build/intermediates/pre-dexed/debug/classes-e2846cf80f91ec138de4656915e8a308c16d809c.jar /home/skyla
Launcher Type: SUN_STANDARD

Environment Variables:
CLASSPATH=/home/skylar/Documents/dev/android-studio/bin/../lib/bootstrap.jar:/home/skylar/Documents/dev/android-studio/bin/../lib/extensions.jar:/home/skylar/Documents/dev/android-studio/bin/../lib/util.jar:/home/skylar/Documents/dev/android-studio/bin/../lib/jdom.jar:/home/skylar/Documents/dev/android-studio/bin/../lib/log4j.jar:/home/skylar/Documents/dev/android-studio/bin/../lib/trove4j.jar:/home/skylar/Documents/dev/android-studio/bin/../lib/jna.jar:/usr/lib/jvm/java-7-oracle/lib/tools.jar
PATH=/usr/local/sbin:/usr/local/bin:/usr/sbin:/usr/bin:/sbin:/bin
USERNAME=root
LD_LIBRARY_PATH=/home/skylar/Documents/dev/android-studio/bin:
SHELL=/bin/bash
DISPLAY=:0.0

Signal Handlers:
SIGSEGV: [libjvm.so+0x9a3b20], sa_mask[0]=0x7ffbfeff, sa_flags=0x10000004
SIGBUS: [libjvm.so+0x9a3b20], sa_mask[0]=0x7ffbfeff, sa_flags=0x10000004
SIGFPE: [libjvm.so+0x81e740], sa_mask[0]=0x7ffbfeff, sa_flags=0x10000004
SIGPIPE: [libjvm.so+0x81e740], sa_mask[0]=0x7ffbfeff, sa_flags=0x10000004
SIGXFSZ: [libjvm.so+0x81e740], sa_mask[0]=0x7ffbfeff, sa_flags=0x10000004
SIGILL: [libjvm.so+0x81e740], sa_mask[0]=0x7ffbfeff, sa_flags=0x10000004
SIGUSR1: SIG_DFL, sa_mask[0]=0x00000000, sa_flags=0x00000000
SIGUSR2: [libjvm.so+0x81ffb0], sa_mask[0]=0x00000004, sa_flags=0x10000004
SIGHUP: [libjvm.so+0x8210d0], sa_mask[0]=0x7ffbfeff, sa_flags=0x10000004
SIGINT: [libjvm.so+0x8210d0], sa_mask[0]=0x7ffbfeff, sa_flags=0x10000004
SIGTERM: [libjvm.so+0x8210d0], sa_mask[0]=0x7ffbfeff, sa_flags=0x10000004
SIGQUIT: [libjvm.so+0x8210d0], sa_mask[0]=0x7ffbfeff, sa_flags=0x10000004


---------------  S Y S T E M  ---------------

OS:jessie/sid

uname:Linux 3.13.0-37-generic #64-Ubuntu SMP Mon Sep 22 21:28:38 UTC 2014 x86_64
libc:glibc 2.19 NPTL 2.19 
rlimit: STACK 8192k, CORE 0k, NPROC 30044, NOFILE 4096, AS infinity
load average:2.06 1.20 1.01

/proc/meminfo:
MemTotal:        3928868 kB
MemFree:          103940 kB
Buffers:             236 kB
Cached:           274120 kB
SwapCached:            0 kB
Active:          3373680 kB
Inactive:         272080 kB
Active(anon):    3373504 kB
Inactive(anon):   264816 kB
Active(file):        176 kB
Inactive(file):     7264 kB
Unevictable:         400 kB
Mlocked:             400 kB
SwapTotal:             0 kB
SwapFree:              0 kB
Dirty:                24 kB
Writeback:             0 kB
AnonPages:       3372532 kB
Mapped:            46768 kB
Shmem:            266188 kB
Slab:              63356 kB
SReclaimable:      26536 kB
SUnreclaim:        36820 kB
KernelStack:        4552 kB
PageTables:        33124 kB
NFS_Unstable:          0 kB
Bounce:                0 kB
WritebackTmp:          0 kB
CommitLimit:     1964432 kB
Committed_AS:    6407776 kB
VmallocTotal:   34359738367 kB
VmallocUsed:      347452 kB
VmallocChunk:   34359300732 kB
HardwareCorrupted:     0 kB
AnonHugePages:   1851392 kB
HugePages_Total:       0
HugePages_Free:        0
HugePages_Rsvd:        0
HugePages_Surp:        0
Hugepagesize:       2048 kB
DirectMap4k:      108224 kB
DirectMap2M:     3966976 kB


CPU:total 4 (4 cores per cpu, 1 threads per core) family 6 model 55 stepping 8, cmov, cx8, fxsr, mmx, sse, sse2, sse3, ssse3, sse4.1, sse4.2, popcnt, erms, tsc, tscinvbit

/proc/cpuinfo:
processor	: 0
vendor_id	: GenuineIntel
cpu family	: 6
model		: 55
model name	: Intel(R) Pentium(R) CPU  N3530  @ 2.16GHz
stepping	: 8
microcode	: 0x829
cpu MHz		: 2159.000
cache size	: 1024 KB
physical id	: 0
siblings	: 4
core id		: 0
cpu cores	: 4
apicid		: 0
initial apicid	: 0
fpu		: yes
fpu_exception	: yes
cpuid level	: 11
wp		: yes
flags		: fpu vme de pse tsc msr pae mce cx8 apic sep mtrr pge mca cmov pat pse36 clflush dts acpi mmx fxsr sse sse2 ss ht tm pbe syscall nx rdtscp lm constant_tsc arch_perfmon pebs bts rep_good nopl xtopology nonstop_tsc aperfmperf pni pclmulqdq dtes64 monitor ds_cpl vmx est tm2 ssse3 cx16 xtpr pdcm sse4_1 sse4_2 movbe popcnt tsc_deadline_timer rdrand lahf_lm 3dnowprefetch ida arat epb dtherm tpr_shadow vnmi flexpriority ept vpid tsc_adjust smep erms
bogomips	: 4332.97
clflush size	: 64
cache_alignment	: 64
address sizes	: 36 bits physical, 48 bits virtual
power management:

processor	: 1
vendor_id	: GenuineIntel
cpu family	: 6
model		: 55
model name	: Intel(R) Pentium(R) CPU  N3530  @ 2.16GHz
stepping	: 8
microcode	: 0x829
cpu MHz		: 2159.000
cache size	: 1024 KB
physical id	: 0
siblings	: 4
core id		: 1
cpu cores	: 4
apicid		: 2
initial apicid	: 2
fpu		: yes
fpu_exception	: yes
cpuid level	: 11
wp		: yes
flags		: fpu vme de pse tsc msr pae mce cx8 apic sep mtrr pge mca cmov pat pse36 clflush dts acpi mmx fxsr sse sse2 ss ht tm pbe syscall nx rdtscp lm constant_tsc arch_perfmon pebs bts rep_good nopl xtopology nonstop_tsc aperfmperf pni pclmulqdq dtes64 monitor ds_cpl vmx est tm2 ssse3 cx16 xtpr pdcm sse4_1 sse4_2 movbe popcnt tsc_deadline_timer rdrand lahf_lm 3dnowprefetch ida arat epb dtherm tpr_shadow vnmi flexpriority ept vpid tsc_adjust smep erms
bogomips	: 4332.97
clflush size	: 64
cache_alignment	: 64
address sizes	: 36 bits physical, 48 bits virtual
power management:

processor	: 2
vendor_id	: GenuineIntel
cpu family	: 6
model		: 55
model name	: Intel(R) Pentium(R) CPU  N3530  @ 2.16GHz
stepping	: 8
microcode	: 0x829
cpu MHz		: 2159.000
cache size	: 1024 KB
physical id	: 0
siblings	: 4
core id		: 2
cpu cores	: 4
apicid		: 4
initial apicid	: 4
fpu		: yes
fpu_exception	: yes
cpuid level	: 11
wp		: yes
flags		: fpu vme de pse tsc msr pae mce cx8 apic sep mtrr pge mca cmov pat pse36 clflush dts acpi mmx fxsr sse sse2 ss ht tm pbe syscall nx rdtscp lm constant_tsc arch_perfmon pebs bts rep_good nopl xtopology nonstop_tsc aperfmperf pni pclmulqdq dtes64 monitor ds_cpl vmx est tm2 ssse3 cx16 xtpr pdcm sse4_1 sse4_2 movbe popcnt tsc_deadline_timer rdrand lahf_lm 3dnowprefetch ida arat epb dtherm tpr_shadow vnmi flexpriority ept vpid tsc_adjust smep erms
bogomips	: 4332.97
clflush size	: 64
cache_alignment	: 64
address sizes	: 36 bits physical, 48 bits virtual
power management:

processor	: 3
vendor_id	: GenuineIntel
cpu family	: 6
model		: 55
model name	: Intel(R) Pentium(R) CPU  N3530  @ 2.16GHz
stepping	: 8
microcode	: 0x829
cpu MHz		: 2159.000
cache size	: 1024 KB
physical id	: 0
siblings	: 4
core id		: 3
cpu cores	: 4
apicid		: 6
initial apicid	: 6
fpu		: yes
fpu_exception	: yes
cpuid level	: 11
wp		: yes
flags		: fpu vme de pse tsc msr pae mce cx8 apic sep mtrr pge mca cmov pat pse36 clflush dts acpi mmx fxsr sse sse2 ss ht tm pbe syscall nx rdtscp lm constant_tsc arch_perfmon pebs bts rep_good nopl xtopology nonstop_tsc aperfmperf pni pclmulqdq dtes64 monitor ds_cpl vmx est tm2 ssse3 cx16 xtpr pdcm sse4_1 sse4_2 movbe popcnt tsc_deadline_timer rdrand lahf_lm 3dnowprefetch ida arat epb dtherm tpr_shadow vnmi flexpriority ept vpid tsc_adjust smep erms
bogomips	: 4332.97
clflush size	: 64
cache_alignment	: 64
address sizes	: 36 bits physical, 48 bits virtual
power management:



Memory: 4k page, physical 3928868k(100840k free), swap 0k(0k free)

vm_info: Java HotSpot(TM) 64-Bit Server VM (24.80-b11) for linux-amd64 JRE (1.7.0_80-b15), built on Apr 10 2015 19:53:14 by "java_re" with gcc 4.3.0 20080428 (Red Hat 4.3.0-8)

time: Wed May  6 21:48:01 2015
elapsed time: 9 seconds

