#
# There is insufficient memory for the Java Runtime Environment to continue.
# Native memory allocation (malloc) failed to allocate 124780544 bytes for committing reserved memory.
# Possible reasons:
#   The system is out of physical RAM or swap space
#   In 32 bit mode, the process size limit was hit
# Possible solutions:
#   Reduce memory load on the system
#   Increase physical memory or swap space
#   Check if swap backing store is full
#   Use 64 bit Java on a 64 bit OS
#   Decrease Java heap size (-Xmx/-Xms)
#   Decrease number of Java threads
#   Decrease Java thread stack sizes (-Xss)
#   Set larger code cache with -XX:ReservedCodeCacheSize=
# This output file may be truncated or incomplete.
#
#  Out of Memory Error (os_linux.cpp:2756), pid=13359, tid=140121186150144
#
# JRE version: Java(TM) SE Runtime Environment (7.0_80-b15) (build 1.7.0_80-b15)
# Java VM: Java HotSpot(TM) 64-Bit Server VM (24.80-b11 mixed mode linux-amd64 compressed oops)
# Failed to write core dump. Core dumps have been disabled. To enable core dumping, try "ulimit -c unlimited" before starting Java again
#

---------------  T H R E A D  ---------------

Current thread (0x00007f709406b800):  VMThread [stack: 0x00007f708176a000,0x00007f708186b000] [id=13368]

Stack: [0x00007f708176a000,0x00007f708186b000],  sp=0x00007f70818691c0,  free space=1020k
Native frames: (J=compiled Java code, j=interpreted, Vv=VM code, C=native code)
V  [libjvm.so+0x9a320a]  VMError::report_and_die()+0x2ea
V  [libjvm.so+0x498d3b]  report_vm_out_of_memory(char const*, int, unsigned long, char const*)+0x9b
V  [libjvm.so+0x82191e]  os::Linux::commit_memory_impl(char*, unsigned long, bool)+0xfe
V  [libjvm.so+0x821e69]  os::pd_commit_memory(char*, unsigned long, unsigned long, bool)+0x29
V  [libjvm.so+0x81bb6a]  os::commit_memory(char*, unsigned long, unsigned long, bool)+0x2a
V  [libjvm.so+0x88d623]  PSVirtualSpace::expand_by(unsigned long)+0x53
V  [libjvm.so+0x88e9f8]  PSYoungGen::resize_generation(unsigned long, unsigned long)+0xf8
V  [libjvm.so+0x88db62]  PSYoungGen::resize(unsigned long, unsigned long)+0x22
V  [libjvm.so+0x88af1d]  PSScavenge::invoke_no_policy()+0xf3d
V  [libjvm.so+0x88b761]  PSScavenge::invoke()+0x41
V  [libjvm.so+0x843f40]  ParallelScavengeHeap::failed_mem_allocate(unsigned long)+0x70
V  [libjvm.so+0x9a4a97]  VM_ParallelGCFailedAllocation::doit()+0x97
V  [libjvm.so+0x9abf35]  VM_Operation::evaluate()+0x55
V  [libjvm.so+0x9aa2fa]  VMThread::evaluate_operation(VM_Operation*)+0xba
V  [libjvm.so+0x9aa67e]  VMThread::loop()+0x1ce
V  [libjvm.so+0x9aaaf0]  VMThread::run()+0x70
V  [libjvm.so+0x8238c8]  java_start(Thread*)+0x108

VM_Operation (0x00007f709b63d370): ParallelGCFailedAllocation, mode: safepoint, requested by thread 0x00007f709400b800


---------------  P R O C E S S  ---------------

Java Threads: ( => current thread )
  0x00007f709409a800 JavaThread "Service Thread" daemon [_thread_blocked, id=13374, stack(0x00007f7080e9b000,0x00007f7080f9c000)]
  0x00007f7094098000 JavaThread "C2 CompilerThread1" daemon [_thread_blocked, id=13373, stack(0x00007f7080f9c000,0x00007f708109d000)]
  0x00007f7094095000 JavaThread "C2 CompilerThread0" daemon [_thread_blocked, id=13372, stack(0x00007f708109d000,0x00007f708119e000)]
  0x00007f7094093000 JavaThread "Signal Dispatcher" daemon [_thread_blocked, id=13371, stack(0x00007f708119e000,0x00007f708129f000)]
  0x00007f7094072000 JavaThread "Finalizer" daemon [_thread_blocked, id=13370, stack(0x00007f7081568000,0x00007f7081669000)]
  0x00007f7094070000 JavaThread "Reference Handler" daemon [_thread_blocked, id=13369, stack(0x00007f7081669000,0x00007f708176a000)]
  0x00007f709400b800 JavaThread "main" [_thread_blocked, id=13363, stack(0x00007f709b53e000,0x00007f709b63f000)]

Other Threads:
=>0x00007f709406b800 VMThread [stack: 0x00007f708176a000,0x00007f708186b000] [id=13368]
  0x00007f70940a5000 WatcherThread [stack: 0x00007f7080d9a000,0x00007f7080e9b000] [id=13375]

VM state:at safepoint (normal execution)

VM Mutex/Monitor currently owned by a thread:  ([mutex/lock_event])
[0x00007f7094008070] Threads_lock - owner thread: 0x00007f709406b800
[0x00007f7094008570] Heap_lock - owner thread: 0x00007f709400b800

Heap
 PSYoungGen      total 204800K, used 11755K [0x00000000eaa80000, 0x00000000f7e80000, 0x0000000100000000)
  eden space 193024K, 0% used [0x00000000eaa80000,0x00000000eaa80000,0x00000000f6700000)
  from space 11776K, 99% used [0x00000000f6700000,0x00000000f727ad48,0x00000000f7280000)
  to   space 11264K, 0% used [0x00000000f7280000,0x00000000f7280000,0x00000000f7d80000)
 ParOldGen       total 40960K, used 36926K [0x00000000c0000000, 0x00000000c2800000, 0x00000000eaa80000)
  object space 40960K, 90% used [0x00000000c0000000,0x00000000c240fba0,0x00000000c2800000)
 PSPermGen       total 21504K, used 6938K [0x00000000bae00000, 0x00000000bc300000, 0x00000000c0000000)
  object space 21504K, 32% used [0x00000000bae00000,0x00000000bb4c6958,0x00000000bc300000)

Card table byte_map: [0x00007f7098608000,0x00007f7098832000] byte_map_base: 0x00007f7098031000

Polling page: 0x00007f709b662000

Code Cache  [0x00007f7091000000, 0x00007f7091270000, 0x00007f7094000000)
 total_blobs=1012 nmethods=763 adapters=203 free_code_cache=47029Kb largest_free_block=48119872

Compilation events (10 events):
Event: 7.561 Thread 0x00007f7094098000 nmethod 780 0x00007f7091213090 code [0x00007f7091213200, 0x00007f7091213438]
Event: 7.561 Thread 0x00007f7094098000  781             com.android.dx.io.instructions.InstructionCodec::encodeRegisterRange (26 bytes)
Event: 7.562 Thread 0x00007f7094095000 nmethod 779 0x00007f7091219f10 code [0x00007f709121a080, 0x00007f709121a2d8]
Event: 7.562 Thread 0x00007f7094095000  782             com.android.dx.io.instructions.RegisterRangeDecodedInstruction::getRegisterCount (5 bytes)
Event: 7.563 Thread 0x00007f7094095000 nmethod 782 0x00007f7091217e50 code [0x00007f7091217f80, 0x00007f7091217fd8]
Event: 7.563 Thread 0x00007f7094095000  783             com.android.dx.io.instructions.DecodedInstruction::getAUnit (46 bytes)
Event: 7.565 Thread 0x00007f7094095000 nmethod 783 0x00007f7091194e50 code [0x00007f7091194fa0, 0x00007f7091195038]
Event: 7.565 Thread 0x00007f7094095000  784             com.android.dx.io.instructions.RegisterRangeDecodedInstruction::getA (5 bytes)
Event: 7.566 Thread 0x00007f7094095000 nmethod 784 0x00007f7091213750 code [0x00007f7091213880, 0x00007f70912138d8]
Event: 7.566 Thread 0x00007f7094098000 nmethod 781 0x00007f7091212a50 code [0x00007f7091212bc0, 0x00007f7091212df8]

GC Heap History (10 events):
Event: 5.067 GC heap after
Heap after GC invocations=6 (full 0):
 PSYoungGen      total 69120K, used 8327K [0x00000000eaa80000, 0x00000000ef980000, 0x0000000100000000)
  eden space 60416K, 0% used [0x00000000eaa80000,0x00000000eaa80000,0x00000000ee580000)
  from space 8704K, 95% used [0x00000000eef00000,0x00000000ef721c80,0x00000000ef780000)
  to   space 9728K, 0% used [0x00000000ee580000,0x00000000ee580000,0x00000000eef00000)
 ParOldGen       total 40960K, used 19766K [0x00000000c0000000, 0x00000000c2800000, 0x00000000eaa80000)
  object space 40960K, 48% used [0x00000000c0000000,0x00000000c134d8a0,0x00000000c2800000)
 PSPermGen       total 21504K, used 6817K [0x00000000bae00000, 0x00000000bc300000, 0x00000000c0000000)
  object space 21504K, 31% used [0x00000000bae00000,0x00000000bb4a85e0,0x00000000bc300000)
}
Event: 5.517 GC heap before
{Heap before GC invocations=7 (full 0):
 PSYoungGen      total 69120K, used 68743K [0x00000000eaa80000, 0x00000000ef980000, 0x0000000100000000)
  eden space 60416K, 100% used [0x00000000eaa80000,0x00000000ee580000,0x00000000ee580000)
  from space 8704K, 95% used [0x00000000eef00000,0x00000000ef721c80,0x00000000ef780000)
  to   space 9728K, 0% used [0x00000000ee580000,0x00000000ee580000,0x00000000eef00000)
 ParOldGen       total 40960K, used 19766K [0x00000000c0000000, 0x00000000c2800000, 0x00000000eaa80000)
  object space 40960K, 48% used [0x00000000c0000000,0x00000000c134d8a0,0x00000000c2800000)
 PSPermGen       total 21504K, used 6922K [0x00000000bae00000, 0x00000000bc300000, 0x00000000c0000000)
  object space 21504K, 32% used [0x00000000bae00000,0x00000000bb4c2918,0x00000000bc300000)
Event: 5.574 GC heap after
Heap after GC invocations=7 (full 0):
 PSYoungGen      total 70144K, used 8172K [0x00000000eaa80000, 0x00000000f3480000, 0x0000000100000000)
  eden space 60416K, 0% used [0x00000000eaa80000,0x00000000eaa80000,0x00000000ee580000)
  from space 9728K, 84% used [0x00000000ee580000,0x00000000eed7b3e0,0x00000000eef00000)
  to   space 10240K, 0% used [0x00000000f2a80000,0x00000000f2a80000,0x00000000f3480000)
 ParOldGen       total 40960K, used 29673K [0x00000000c0000000, 0x00000000c2800000, 0x00000000eaa80000)
  object space 40960K, 72% used [0x00000000c0000000,0x00000000c1cfa4b0,0x00000000c2800000)
 PSPermGen       total 21504K, used 6922K [0x00000000bae00000, 0x00000000bc300000, 0x00000000c0000000)
  object space 21504K, 32% used [0x00000000bae00000,0x00000000bb4c2918,0x00000000bc300000)
}
Event: 5.946 GC heap before
{Heap before GC invocations=8 (full 0):
 PSYoungGen      total 70144K, used 68588K [0x00000000eaa80000, 0x00000000f3480000, 0x0000000100000000)
  eden space 60416K, 100% used [0x00000000eaa80000,0x00000000ee580000,0x00000000ee580000)
  from space 9728K, 84% used [0x00000000ee580000,0x00000000eed7b3e0,0x00000000eef00000)
  to   space 10240K, 0% used [0x00000000f2a80000,0x00000000f2a80000,0x00000000f3480000)
 ParOldGen       total 40960K, used 29673K [0x00000000c0000000, 0x00000000c2800000, 0x00000000eaa80000)
  object space 40960K, 72% used [0x00000000c0000000,0x00000000c1cfa4b0,0x00000000c2800000)
 PSPermGen       total 21504K, used 6925K [0x00000000bae00000, 0x00000000bc300000, 0x00000000c0000000)
  object space 21504K, 32% used [0x00000000bae00000,0x00000000bb4c37c0,0x00000000bc300000)
Event: 5.957 GC heap after
Heap after GC invocations=8 (full 0):
 PSYoungGen      total 131072K, used 4443K [0x00000000eaa80000, 0x00000000f3480000, 0x0000000100000000)
  eden space 120832K, 0% used [0x00000000eaa80000,0x00000000eaa80000,0x00000000f2080000)
  from space 10240K, 43% used [0x00000000f2a80000,0x00000000f2ed6f48,0x00000000f3480000)
  to   space 10240K, 0% used [0x00000000f2080000,0x00000000f2080000,0x00000000f2a80000)
 ParOldGen       total 40960K, used 30473K [0x00000000c0000000, 0x00000000c2800000, 0x00000000eaa80000)
  object space 40960K, 74% used [0x00000000c0000000,0x00000000c1dc24b0,0x00000000c2800000)
 PSPermGen       total 21504K, used 6925K [0x00000000bae00000, 0x00000000bc300000, 0x00000000c0000000)
  object space 21504K, 32% used [0x00000000bae00000,0x00000000bb4c37c0,0x00000000bc300000)
}
Event: 6.541 GC heap before
{Heap before GC invocations=9 (full 0):
 PSYoungGen      total 131072K, used 125275K [0x00000000eaa80000, 0x00000000f3480000, 0x0000000100000000)
  eden space 120832K, 100% used [0x00000000eaa80000,0x00000000f2080000,0x00000000f2080000)
  from space 10240K, 43% used [0x00000000f2a80000,0x00000000f2ed6f48,0x00000000f3480000)
  to   space 10240K, 0% used [0x00000000f2080000,0x00000000f2080000,0x00000000f2a80000)
 ParOldGen       total 40960K, used 30473K [0x00000000c0000000, 0x00000000c2800000, 0x00000000eaa80000)
  object space 40960K, 74% used [0x00000000c0000000,0x00000000c1dc24b0,0x00000000c2800000)
 PSPermGen       total 21504K, used 6935K [0x00000000bae00000, 0x00000000bc300000, 0x00000000c0000000)
  object space 21504K, 32% used [0x00000000bae00000,0x00000000bb4c5c58,0x00000000bc300000)
Event: 6.555 GC heap after
Heap after GC invocations=9 (full 0):
 PSYoungGen      total 131072K, used 9683K [0x00000000eaa80000, 0x00000000f7d80000, 0x0000000100000000)
  eden space 120832K, 0% used [0x00000000eaa80000,0x00000000eaa80000,0x00000000f2080000)
  from space 10240K, 94% used [0x00000000f2080000,0x00000000f29f4df8,0x00000000f2a80000)
  to   space 11264K, 0% used [0x00000000f7280000,0x00000000f7280000,0x00000000f7d80000)
 ParOldGen       total 40960K, used 31169K [0x00000000c0000000, 0x00000000c2800000, 0x00000000eaa80000)
  object space 40960K, 76% used [0x00000000c0000000,0x00000000c1e70500,0x00000000c2800000)
 PSPermGen       total 21504K, used 6935K [0x00000000bae00000, 0x00000000bc300000, 0x00000000c0000000)
  object space 21504K, 32% used [0x00000000bae00000,0x00000000bb4c5c58,0x00000000bc300000)
}
Event: 6.991 GC heap before
{Heap before GC invocations=10 (full 0):
 PSYoungGen      total 131072K, used 128804K [0x00000000eaa80000, 0x00000000f7d80000, 0x0000000100000000)
  eden space 120832K, 98% used [0x00000000eaa80000,0x00000000f1ed4590,0x00000000f2080000)
  from space 10240K, 94% used [0x00000000f2080000,0x00000000f29f4df8,0x00000000f2a80000)
  to   space 11264K, 0% used [0x00000000f7280000,0x00000000f7280000,0x00000000f7d80000)
 ParOldGen       total 40960K, used 31169K [0x00000000c0000000, 0x00000000c2800000, 0x00000000eaa80000)
  object space 40960K, 76% used [0x00000000c0000000,0x00000000c1e70500,0x00000000c2800000)
 PSPermGen       total 21504K, used 6937K [0x00000000bae00000, 0x00000000bc300000, 0x00000000c0000000)
  object space 21504K, 32% used [0x00000000bae00000,0x00000000bb4c65d8,0x00000000bc300000)
Event: 7.000 GC heap after
Heap after GC invocations=10 (full 0):
 PSYoungGen      total 204288K, used 8987K [0x00000000eaa80000, 0x00000000f7e80000, 0x0000000100000000)
  eden space 193024K, 0% used [0x00000000eaa80000,0x00000000eaa80000,0x00000000f6700000)
  from space 11264K, 79% used [0x00000000f7280000,0x00000000f7b46f00,0x00000000f7d80000)
  to   space 11776K, 0% used [0x00000000f6700000,0x00000000f6700000,0x00000000f7280000)
 ParOldGen       total 40960K, used 31177K [0x00000000c0000000, 0x00000000c2800000, 0x00000000eaa80000)
  object space 40960K, 76% used [0x00000000c0000000,0x00000000c1e72500,0x00000000c2800000)
 PSPermGen       total 21504K, used 6937K [0x00000000bae00000, 0x00000000bc300000, 0x00000000c0000000)
  object space 21504K, 32% used [0x00000000bae00000,0x00000000bb4c65d8,0x00000000bc300000)
}
Event: 7.871 GC heap before
{Heap before GC invocations=11 (full 0):
 PSYoungGen      total 204288K, used 202011K [0x00000000eaa80000, 0x00000000f7e80000, 0x0000000100000000)
  eden space 193024K, 100% used [0x00000000eaa80000,0x00000000f6700000,0x00000000f6700000)
  from space 11264K, 79% used [0x00000000f7280000,0x00000000f7b46f00,0x00000000f7d80000)
  to   space 11776K, 0% used [0x00000000f6700000,0x00000000f6700000,0x00000000f7280000)
 ParOldGen       total 40960K, used 31177K [0x00000000c0000000, 0x00000000c2800000, 0x00000000eaa80000)
  object space 40960K, 76% used [0x00000000c0000000,0x00000000c1e72500,0x00000000c2800000)
 PSPermGen       total 21504K, used 6938K [0x00000000bae00000, 0x00000000bc300000, 0x00000000c0000000)
  object space 21504K, 32% used [0x00000000bae00000,0x00000000bb4c6958,0x00000000bc300000)

Deoptimization events (10 events):
Event: 5.503 Thread 0x00007f709400b800 Uncommon trap: reason=array_check action=maybe_recompile pc=0x00007f70911c06d0 method=java.util.ComparableTimSort.binarySort([Ljava/lang/Object;III)V @ 183
Event: 5.583 Thread 0x00007f709400b800 Uncommon trap: reason=unstable_if action=reinterpret pc=0x00007f70911c4e88 method=java.util.ComparableTimSort.mergeHi(IIII)V @ 553
Event: 5.588 Thread 0x00007f709400b800 Uncommon trap: reason=array_check action=maybe_recompile pc=0x00007f70911bea3c method=java.util.TimSort.binarySort([Ljava/lang/Object;IIILjava/util/Comparator;)V @ 193
Event: 5.588 Thread 0x00007f709400b800 Uncommon trap: reason=array_check action=maybe_recompile pc=0x00007f70911be938 method=java.util.TimSort.binarySort([Ljava/lang/Object;IIILjava/util/Comparator;)V @ 215
Event: 5.588 Thread 0x00007f709400b800 Uncommon trap: reason=array_check action=maybe_recompile pc=0x00007f70911beb24 method=java.util.TimSort.binarySort([Ljava/lang/Object;IIILjava/util/Comparator;)V @ 183
Event: 5.588 Thread 0x00007f709400b800 Uncommon trap: reason=array_check action=maybe_recompile pc=0x00007f70911be938 method=java.util.TimSort.binarySort([Ljava/lang/Object;IIILjava/util/Comparator;)V @ 215
Event: 5.842 Thread 0x00007f709400b800 Uncommon trap: reason=array_check action=maybe_recompile pc=0x00007f70911c06d0 method=java.util.ComparableTimSort.binarySort([Ljava/lang/Object;III)V @ 183
Event: 5.864 Thread 0x00007f709400b800 Uncommon trap: reason=unstable_if action=reinterpret pc=0x00007f70911adb40 method=com.android.dx.merge.DexMerger.transformAnnotationDirectory(Lcom/android/dex/Dex$Section;Lcom/android/dx/merge/IndexMap;)V @ 199
Event: 6.480 Thread 0x00007f709400b800 Uncommon trap: reason=unstable_if action=reinterpret pc=0x00007f70911728e8 method=java.util.ComparableTimSort.countRunAndMakeAscending([Ljava/lang/Object;II)I @ 25
Event: 7.038 Thread 0x00007f709400b800 Uncommon trap: reason=unstable_if action=reinterpret pc=0x00007f709120310c method=java.util.ComparableTimSort.mergeLo(IIII)V @ 506

Internal exceptions (10 events):
Event: 3.771 Thread 0x00007f709400b800 Threw 0x00000000eb97b3e8 at /HUDSON/workspace/7u-2-build-linux-amd64/jdk7u80/2329/hotspot/src/share/vm/prims/jvm.cpp:1319
Event: 3.772 Thread 0x00007f709400b800 Threw 0x00000000eb97e558 at /HUDSON/workspace/7u-2-build-linux-amd64/jdk7u80/2329/hotspot/src/share/vm/prims/jvm.cpp:1319
Event: 3.788 Thread 0x00007f709400b800 Threw 0x00000000eaa81f28 at /HUDSON/workspace/7u-2-build-linux-amd64/jdk7u80/2329/hotspot/src/share/vm/prims/jvm.cpp:1319
Event: 3.791 Thread 0x00007f709400b800 Threw 0x00000000eaa870a0 at /HUDSON/workspace/7u-2-build-linux-amd64/jdk7u80/2329/hotspot/src/share/vm/prims/jvm.cpp:1319
Event: 3.792 Thread 0x00007f709400b800 Threw 0x00000000eaa89d60 at /HUDSON/workspace/7u-2-build-linux-amd64/jdk7u80/2329/hotspot/src/share/vm/prims/jvm.cpp:1319
Event: 3.792 Thread 0x00007f709400b800 Threw 0x00000000eaa8cbe0 at /HUDSON/workspace/7u-2-build-linux-amd64/jdk7u80/2329/hotspot/src/share/vm/prims/jvm.cpp:1319
Event: 3.793 Thread 0x00007f709400b800 Threw 0x00000000eaa8fe98 at /HUDSON/workspace/7u-2-build-linux-amd64/jdk7u80/2329/hotspot/src/share/vm/prims/jvm.cpp:1319
Event: 3.798 Thread 0x00007f709400b800 Threw 0x00000000eaad7180 at /HUDSON/workspace/7u-2-build-linux-amd64/jdk7u80/2329/hotspot/src/share/vm/prims/jvm.cpp:1319
Event: 3.799 Thread 0x00007f709400b800 Threw 0x00000000eaad9168 at /HUDSON/workspace/7u-2-build-linux-amd64/jdk7u80/2329/hotspot/src/share/vm/prims/jvm.cpp:1319
Event: 4.498 Thread 0x00007f709400b800 Threw 0x00000000ec016728 at /HUDSON/workspace/7u-2-build-linux-amd64/jdk7u80/2329/hotspot/src/share/vm/prims/jvm.cpp:1319

Events (10 events):
Event: 6.480 Thread 0x00007f709400b800 DEOPT UNPACKING pc=0x00007f7091039045 sp=0x00007f709b63d468 mode 2
Event: 6.541 Executing VM operation: ParallelGCFailedAllocation
Event: 6.555 Executing VM operation: ParallelGCFailedAllocation done
Event: 6.936 Thread 0x00007f7094095000 flushing nmethod 0x00007f709118e110
Event: 6.991 Executing VM operation: ParallelGCFailedAllocation
Event: 7.000 Executing VM operation: ParallelGCFailedAllocation done
Event: 7.038 Thread 0x00007f709400b800 Uncommon trap: trap_request=0xffffff75 fr.pc=0x00007f709120310c
Event: 7.038 Thread 0x00007f709400b800 DEOPT PACKING pc=0x00007f709120310c sp=0x00007f709b63d330
Event: 7.038 Thread 0x00007f709400b800 DEOPT UNPACKING pc=0x00007f7091039045 sp=0x00007f709b63d338 mode 2
Event: 7.713 Executing VM operation: ParallelGCFailedAllocation


Dynamic libraries:
00400000-00401000 r-xp 00000000 08:02 2235145                            /usr/lib/jvm/java-7-oracle/bin/java
00600000-00601000 rw-p 00000000 08:02 2235145                            /usr/lib/jvm/java-7-oracle/bin/java
0249e000-024bf000 rw-p 00000000 00:00 0                                  [heap]
bae00000-bc300000 rw-p 00000000 00:00 0 
bc300000-c0000000 rw-p 00000000 00:00 0 
c0000000-c2800000 rw-p 00000000 00:00 0 
c2800000-eaa80000 rw-p 00000000 00:00 0 
eaa80000-f7e80000 rw-p 00000000 00:00 0 
ff580000-100000000 rw-p 00000000 00:00 0 
7f705c000000-7f705c021000 rw-p 00000000 00:00 0 
7f705c021000-7f7060000000 ---p 00000000 00:00 0 
7f7060000000-7f7060021000 rw-p 00000000 00:00 0 
7f7060021000-7f7064000000 ---p 00000000 00:00 0 
7f7064000000-7f7064a71000 rw-p 00000000 00:00 0 
7f7064a71000-7f7068000000 ---p 00000000 00:00 0 
7f7068000000-7f7068c0f000 rw-p 00000000 00:00 0 
7f7068c0f000-7f706c000000 ---p 00000000 00:00 0 
7f706c000000-7f706c021000 rw-p 00000000 00:00 0 
7f706c021000-7f7070000000 ---p 00000000 00:00 0 
7f7070000000-7f7070021000 rw-p 00000000 00:00 0 
7f7070021000-7f7074000000 ---p 00000000 00:00 0 
7f7074000000-7f70740e3000 rw-p 00000000 00:00 0 
7f70740e3000-7f7078000000 ---p 00000000 00:00 0 
7f7078000000-7f7078021000 rw-p 00000000 00:00 0 
7f7078021000-7f707c000000 ---p 00000000 00:00 0 
7f707c000000-7f707c021000 rw-p 00000000 00:00 0 
7f707c021000-7f7080000000 ---p 00000000 00:00 0 
7f7080805000-7f7080972000 rw-p 00000000 00:00 0 
7f7080972000-7f7080989000 r-xp 00000000 08:02 2232763                    /usr/lib/jvm/java-7-oracle/jre/lib/amd64/libnet.so
7f7080989000-7f7080b88000 ---p 00017000 08:02 2232763                    /usr/lib/jvm/java-7-oracle/jre/lib/amd64/libnet.so
7f7080b88000-7f7080b89000 rw-p 00016000 08:02 2232763                    /usr/lib/jvm/java-7-oracle/jre/lib/amd64/libnet.so
7f7080b89000-7f7080b99000 r-xp 00000000 08:02 2232777                    /usr/lib/jvm/java-7-oracle/jre/lib/amd64/libnio.so
7f7080b99000-7f7080d99000 ---p 00010000 08:02 2232777                    /usr/lib/jvm/java-7-oracle/jre/lib/amd64/libnio.so
7f7080d99000-7f7080d9a000 rw-p 00010000 08:02 2232777                    /usr/lib/jvm/java-7-oracle/jre/lib/amd64/libnio.so
7f7080d9a000-7f7080d9b000 ---p 00000000 00:00 0 
7f7080d9b000-7f7080e9b000 rw-p 00000000 00:00 0                          [stack:13375]
7f7080e9b000-7f7080e9e000 ---p 00000000 00:00 0 
7f7080e9e000-7f7080f9c000 rw-p 00000000 00:00 0                          [stack:13374]
7f7080f9c000-7f7080f9f000 ---p 00000000 00:00 0 
7f7080f9f000-7f708109d000 rw-p 00000000 00:00 0                          [stack:13373]
7f708109d000-7f70810a0000 ---p 00000000 00:00 0 
7f70810a0000-7f708119e000 rw-p 00000000 00:00 0                          [stack:13372]
7f708119e000-7f70811a1000 ---p 00000000 00:00 0 
7f70811a1000-7f708129f000 rw-p 00000000 00:00 0                          [stack:13371]
7f708129f000-7f7081568000 r--p 00000000 08:02 2100321                    /usr/lib/locale/locale-archive
7f7081568000-7f708156b000 ---p 00000000 00:00 0 
7f708156b000-7f7081669000 rw-p 00000000 00:00 0                          [stack:13370]
7f7081669000-7f708166c000 ---p 00000000 00:00 0 
7f708166c000-7f708176a000 rw-p 00000000 00:00 0                          [stack:13369]
7f708176a000-7f708176b000 ---p 00000000 00:00 0 
7f708176b000-7f7084000000 rw-p 00000000 00:00 0                          [stack:13368]
7f7084000000-7f7084021000 rw-p 00000000 00:00 0 
7f7084021000-7f7088000000 ---p 00000000 00:00 0 
7f7088000000-7f7088021000 rw-p 00000000 00:00 0 
7f7088021000-7f708c000000 ---p 00000000 00:00 0 
7f708c000000-7f708c021000 rw-p 00000000 00:00 0 
7f708c021000-7f7090000000 ---p 00000000 00:00 0 
7f70900a7000-7f7090ba1000 rw-p 00000000 00:00 0 
7f7090ba1000-7f7090d61000 r--s 039fb000 08:02 2232736                    /usr/lib/jvm/java-7-oracle/jre/lib/rt.jar
7f7090d61000-7f7091000000 rw-p 00000000 00:00 0 
7f7091000000-7f7091270000 rwxp 00000000 00:00 0 
7f7091270000-7f709421c000 rw-p 00000000 00:00 0 
7f709421c000-7f7098000000 ---p 00000000 00:00 0 
7f7098002000-7f7098085000 rw-p 00000000 00:00 0 
7f7098085000-7f7098086000 ---p 00000000 00:00 0 
7f7098086000-7f7098186000 rw-p 00000000 00:00 0                          [stack:13367]
7f7098186000-7f7098187000 ---p 00000000 00:00 0 
7f7098187000-7f7098287000 rw-p 00000000 00:00 0                          [stack:13366]
7f7098287000-7f7098288000 ---p 00000000 00:00 0 
7f7098288000-7f7098388000 rw-p 00000000 00:00 0                          [stack:13365]
7f7098388000-7f7098389000 ---p 00000000 00:00 0 
7f7098389000-7f7098494000 rw-p 00000000 00:00 0                          [stack:13364]
7f7098494000-7f70984b2000 rw-p 00000000 00:00 0 
7f70984b2000-7f70984c6000 rw-p 00000000 00:00 0 
7f70984c6000-7f7098608000 rw-p 00000000 00:00 0 
7f7098608000-7f7098613000 rw-p 00000000 00:00 0 
7f7098613000-7f7098631000 rw-p 00000000 00:00 0 
7f7098631000-7f7098645000 rw-p 00000000 00:00 0 
7f7098645000-7f7098786000 rw-p 00000000 00:00 0 
7f7098786000-7f70987f1000 rw-p 00000000 00:00 0 
7f70987f1000-7f7098831000 rw-p 00000000 00:00 0 
7f7098831000-7f7098832000 rw-p 00000000 00:00 0 
7f7098832000-7f7098849000 r-xp 00000000 08:02 2232787                    /usr/lib/jvm/java-7-oracle/jre/lib/amd64/libzip.so
7f7098849000-7f7098a49000 ---p 00017000 08:02 2232787                    /usr/lib/jvm/java-7-oracle/jre/lib/amd64/libzip.so
7f7098a49000-7f7098a4a000 rw-p 00017000 08:02 2232787                    /usr/lib/jvm/java-7-oracle/jre/lib/amd64/libzip.so
7f7098a4a000-7f7098a55000 r-xp 00000000 08:02 1309150                    /lib/x86_64-linux-gnu/libnss_files-2.19.so
7f7098a55000-7f7098c54000 ---p 0000b000 08:02 1309150                    /lib/x86_64-linux-gnu/libnss_files-2.19.so
7f7098c54000-7f7098c55000 r--p 0000a000 08:02 1309150                    /lib/x86_64-linux-gnu/libnss_files-2.19.so
7f7098c55000-7f7098c56000 rw-p 0000b000 08:02 1309150                    /lib/x86_64-linux-gnu/libnss_files-2.19.so
7f7098c56000-7f7098c61000 r-xp 00000000 08:02 1309214                    /lib/x86_64-linux-gnu/libnss_nis-2.19.so
7f7098c61000-7f7098e60000 ---p 0000b000 08:02 1309214                    /lib/x86_64-linux-gnu/libnss_nis-2.19.so
7f7098e60000-7f7098e61000 r--p 0000a000 08:02 1309214                    /lib/x86_64-linux-gnu/libnss_nis-2.19.so
7f7098e61000-7f7098e62000 rw-p 0000b000 08:02 1309214                    /lib/x86_64-linux-gnu/libnss_nis-2.19.so
7f7098e62000-7f7098e79000 r-xp 00000000 08:02 1309172                    /lib/x86_64-linux-gnu/libnsl-2.19.so
7f7098e79000-7f7099078000 ---p 00017000 08:02 1309172                    /lib/x86_64-linux-gnu/libnsl-2.19.so
7f7099078000-7f7099079000 r--p 00016000 08:02 1309172                    /lib/x86_64-linux-gnu/libnsl-2.19.so
7f7099079000-7f709907a000 rw-p 00017000 08:02 1309172                    /lib/x86_64-linux-gnu/libnsl-2.19.so
7f709907a000-7f709907c000 rw-p 00000000 00:00 0 
7f709907c000-7f7099085000 r-xp 00000000 08:02 1309171                    /lib/x86_64-linux-gnu/libnss_compat-2.19.so
7f7099085000-7f7099284000 ---p 00009000 08:02 1309171                    /lib/x86_64-linux-gnu/libnss_compat-2.19.so
7f7099284000-7f7099285000 r--p 00008000 08:02 1309171                    /lib/x86_64-linux-gnu/libnss_compat-2.19.so
7f7099285000-7f7099286000 rw-p 00009000 08:02 1309171                    /lib/x86_64-linux-gnu/libnss_compat-2.19.so
7f7099286000-7f70992af000 r-xp 00000000 08:02 2232770                    /usr/lib/jvm/java-7-oracle/jre/lib/amd64/libjava.so
7f70992af000-7f70994af000 ---p 00029000 08:02 2232770                    /usr/lib/jvm/java-7-oracle/jre/lib/amd64/libjava.so
7f70994af000-7f70994b1000 rw-p 00029000 08:02 2232770                    /usr/lib/jvm/java-7-oracle/jre/lib/amd64/libjava.so
7f70994b1000-7f70994be000 r-xp 00000000 08:02 2232752                    /usr/lib/jvm/java-7-oracle/jre/lib/amd64/libverify.so
7f70994be000-7f70996bd000 ---p 0000d000 08:02 2232752                    /usr/lib/jvm/java-7-oracle/jre/lib/amd64/libverify.so
7f70996bd000-7f70996bf000 rw-p 0000c000 08:02 2232752                    /usr/lib/jvm/java-7-oracle/jre/lib/amd64/libverify.so
7f70996bf000-7f70996c6000 r-xp 00000000 08:02 1309211                    /lib/x86_64-linux-gnu/librt-2.19.so
7f70996c6000-7f70998c5000 ---p 00007000 08:02 1309211                    /lib/x86_64-linux-gnu/librt-2.19.so
7f70998c5000-7f70998c6000 r--p 00006000 08:02 1309211                    /lib/x86_64-linux-gnu/librt-2.19.so
7f70998c6000-7f70998c7000 rw-p 00007000 08:02 1309211                    /lib/x86_64-linux-gnu/librt-2.19.so
7f70998c7000-7f70999cc000 r-xp 00000000 08:02 1309149                    /lib/x86_64-linux-gnu/libm-2.19.so
7f70999cc000-7f7099bcb000 ---p 00105000 08:02 1309149                    /lib/x86_64-linux-gnu/libm-2.19.so
7f7099bcb000-7f7099bcc000 r--p 00104000 08:02 1309149                    /lib/x86_64-linux-gnu/libm-2.19.so
7f7099bcc000-7f7099bcd000 rw-p 00105000 08:02 1309149                    /lib/x86_64-linux-gnu/libm-2.19.so
7f7099bcd000-7f709a743000 r-xp 00000000 08:02 2232774                    /usr/lib/jvm/java-7-oracle/jre/lib/amd64/server/libjvm.so
7f709a743000-7f709a942000 ---p 00b76000 08:02 2232774                    /usr/lib/jvm/java-7-oracle/jre/lib/amd64/server/libjvm.so
7f709a942000-7f709aa06000 rw-p 00b75000 08:02 2232774                    /usr/lib/jvm/java-7-oracle/jre/lib/amd64/server/libjvm.so
7f709aa06000-7f709aa47000 rw-p 00000000 00:00 0 
7f709aa47000-7f709ac02000 r-xp 00000000 08:02 1309200                    /lib/x86_64-linux-gnu/libc-2.19.so
7f709ac02000-7f709ae01000 ---p 001bb000 08:02 1309200                    /lib/x86_64-linux-gnu/libc-2.19.so
7f709ae01000-7f709ae05000 r--p 001ba000 08:02 1309200                    /lib/x86_64-linux-gnu/libc-2.19.so
7f709ae05000-7f709ae07000 rw-p 001be000 08:02 1309200                    /lib/x86_64-linux-gnu/libc-2.19.so
7f709ae07000-7f709ae0c000 rw-p 00000000 00:00 0 
7f709ae0c000-7f709ae0f000 r-xp 00000000 08:02 1309153                    /lib/x86_64-linux-gnu/libdl-2.19.so
7f709ae0f000-7f709b00e000 ---p 00003000 08:02 1309153                    /lib/x86_64-linux-gnu/libdl-2.19.so
7f709b00e000-7f709b00f000 r--p 00002000 08:02 1309153                    /lib/x86_64-linux-gnu/libdl-2.19.so
7f709b00f000-7f709b010000 rw-p 00003000 08:02 1309153                    /lib/x86_64-linux-gnu/libdl-2.19.so
7f709b010000-7f709b025000 r-xp 00000000 08:02 2233709                    /usr/lib/jvm/java-7-oracle/lib/amd64/jli/libjli.so
7f709b025000-7f709b224000 ---p 00015000 08:02 2233709                    /usr/lib/jvm/java-7-oracle/lib/amd64/jli/libjli.so
7f709b224000-7f709b225000 rw-p 00014000 08:02 2233709                    /usr/lib/jvm/java-7-oracle/lib/amd64/jli/libjli.so
7f709b225000-7f709b23e000 r-xp 00000000 08:02 1309201                    /lib/x86_64-linux-gnu/libpthread-2.19.so
7f709b23e000-7f709b43d000 ---p 00019000 08:02 1309201                    /lib/x86_64-linux-gnu/libpthread-2.19.so
7f709b43d000-7f709b43e000 r--p 00018000 08:02 1309201                    /lib/x86_64-linux-gnu/libpthread-2.19.so
7f709b43e000-7f709b43f000 rw-p 00019000 08:02 1309201                    /lib/x86_64-linux-gnu/libpthread-2.19.so
7f709b43f000-7f709b443000 rw-p 00000000 00:00 0 
7f709b443000-7f709b466000 r-xp 00000000 08:02 1309176                    /lib/x86_64-linux-gnu/ld-2.19.so
7f709b46a000-7f709b46b000 rw-p 00000000 00:00 0 
7f709b46b000-7f709b46f000 r--s 0008b000 08:02 2232716                    /usr/lib/jvm/java-7-oracle/jre/lib/jsse.jar
7f709b46f000-7f709b47e000 r--s 000dd000 08:02 922509                     /root/Android/Sdk/build-tools/21.1.2/lib/dx.jar
7f709b47e000-7f709b488000 rw-p 00000000 00:00 0 
7f709b488000-7f709b53e000 rw-p 00000000 00:00 0 
7f709b53e000-7f709b541000 ---p 00000000 00:00 0 
7f709b541000-7f709b659000 rw-p 00000000 00:00 0                          [stack:13363]
7f709b659000-7f709b661000 rw-s 00000000 08:02 1447827                    /tmp/hsperfdata_root/13359
7f709b661000-7f709b662000 rw-p 00000000 00:00 0 
7f709b662000-7f709b663000 ---p 00000000 00:00 0 
7f709b663000-7f709b665000 rw-p 00000000 00:00 0 
7f709b665000-7f709b666000 r--p 00022000 08:02 1309176                    /lib/x86_64-linux-gnu/ld-2.19.so
7f709b666000-7f709b667000 rw-p 00023000 08:02 1309176                    /lib/x86_64-linux-gnu/ld-2.19.so
7f709b667000-7f709b668000 rw-p 00000000 00:00 0 
7fff3687f000-7fff368a1000 rw-p 00000000 00:00 0                          [stack]
7fff3691d000-7fff3691f000 r-xp 00000000 00:00 0                          [vdso]
ffffffffff600000-ffffffffff601000 r-xp 00000000 00:00 0                  [vsyscall]

VM Arguments:
jvm_args: -Xmx1024M -Dfile.encoding=UTF-8 -Duser.country=US -Duser.language=en -Duser.variant 
java_command: com.android.dx.command.Main --dex --output /home/skylar/Desktop/cmps121-hw3/Local-BB/app/build/intermediates/dex/debug /home/skylar/Desktop/cmps121-hw3/Local-BB/app/build/intermediates/classes/debug /home/skylar/Desktop/cmps121-hw3/Local-BB/app/build/intermediates/pre-dexed/debug/support-annotations-22.0.0-5c3eb70b57859c75c7a27e70cee70709b060b059.jar /home/skylar/Desktop/cmps121-hw3/Local-BB/app/build/intermediates/pre-dexed/debug/classes-c50b554aa3ef033b104d16d9a04fab94479ad82f.jar /home/skylar/Desktop/cmps121-hw3/Local-BB/app/build/intermediates/pre-dexed/debug/classes-f7e39f13e1e2fd87ca3544921917bcb6d3ec382f.jar /home/skylar/Desktop/cmps121-hw3/Local-BB/app/build/intermediates/pre-dexed/debug/classes-e1fe4be47b41bbc13b2b87803aaa80b27011a0ac.jar /home/skylar/Desktop/cmps121-hw3/Local-BB/app/build/intermediates/pre-dexed/debug/classes-8319369d98649fd760abe082d0cc83d1e281f93c.jar /home/skylar/Desktop/cmps121-hw3/Local-BB/app/build/intermediates/pre-dexed/debug/classes-7a79a8aa3b1aa3e8f6d9993bb241c688789512d4.jar /home/skylar/Desktop/cmps121-hw3/Local-BB/app/build/intermediates/pre-dexed/debug/classes-ab10f726e64372cf5fe31e539c89fd4093665d98.jar /home/skylar/Desktop/cmps121-hw3/Local-BB/app/build/intermediates/pre-dexed/debug/classes-6d9d9f65a70a51329bf20397c1248fb966687ba4.jar /home/skylar/Desktop/cmps121-hw3/Local-BB/app/build/intermediates/pre-dexed/debug/classes-31d54cf97e679ab0460223ed6a922baed2ef496a.jar /home/skylar/Desktop/cmps121-hw3/Local-BB/app/build/intermediates/pre-dexed/debug/classes-440b389a166183cee983127c671ab4524f3d0818.jar /home/skylar/Desktop/cmps121-hw3/Local-BB/app/build/intermediates/pre-dexed/debug/classes-ca4d8af32bef15394083d373e84eb936a2307743.jar /home/skylar/Desktop/cmps121-hw3/Local-BB/app/build/intermediates/pre-dexed/debug/classes-129a7ab6dbcda31ed14e1643587fbe0d0b9e9a34.jar /home/skylar/Desktop/cmps121-hw3/Local-BB/app/build/intermediates/pre-dexed/debug/classes-e2846cf80f91ec138de4656915e8a308c16d809c.jar /home/skyla
Launcher Type: SUN_STANDARD

Environment Variables:
CLASSPATH=/home/skylar/Documents/dev/android-studio/bin/../lib/bootstrap.jar:/home/skylar/Documents/dev/android-studio/bin/../lib/extensions.jar:/home/skylar/Documents/dev/android-studio/bin/../lib/util.jar:/home/skylar/Documents/dev/android-studio/bin/../lib/jdom.jar:/home/skylar/Documents/dev/android-studio/bin/../lib/log4j.jar:/home/skylar/Documents/dev/android-studio/bin/../lib/trove4j.jar:/home/skylar/Documents/dev/android-studio/bin/../lib/jna.jar:/usr/lib/jvm/java-7-oracle/lib/tools.jar
PATH=/usr/local/sbin:/usr/local/bin:/usr/sbin:/usr/bin:/sbin:/bin
USERNAME=root
LD_LIBRARY_PATH=/home/skylar/Documents/dev/android-studio/bin:
SHELL=/bin/bash
DISPLAY=:0

Signal Handlers:
SIGSEGV: [libjvm.so+0x9a3b20], sa_mask[0]=0x7ffbfeff, sa_flags=0x10000004
SIGBUS: [libjvm.so+0x9a3b20], sa_mask[0]=0x7ffbfeff, sa_flags=0x10000004
SIGFPE: [libjvm.so+0x81e740], sa_mask[0]=0x7ffbfeff, sa_flags=0x10000004
SIGPIPE: [libjvm.so+0x81e740], sa_mask[0]=0x7ffbfeff, sa_flags=0x10000004
SIGXFSZ: [libjvm.so+0x81e740], sa_mask[0]=0x7ffbfeff, sa_flags=0x10000004
SIGILL: [libjvm.so+0x81e740], sa_mask[0]=0x7ffbfeff, sa_flags=0x10000004
SIGUSR1: SIG_DFL, sa_mask[0]=0x00000000, sa_flags=0x00000000
SIGUSR2: [libjvm.so+0x81ffb0], sa_mask[0]=0x00000004, sa_flags=0x10000004
SIGHUP: [libjvm.so+0x8210d0], sa_mask[0]=0x7ffbfeff, sa_flags=0x10000004
SIGINT: [libjvm.so+0x8210d0], sa_mask[0]=0x7ffbfeff, sa_flags=0x10000004
SIGTERM: [libjvm.so+0x8210d0], sa_mask[0]=0x7ffbfeff, sa_flags=0x10000004
SIGQUIT: [libjvm.so+0x8210d0], sa_mask[0]=0x7ffbfeff, sa_flags=0x10000004


---------------  S Y S T E M  ---------------

OS:jessie/sid

uname:Linux 3.13.0-37-generic #64-Ubuntu SMP Mon Sep 22 21:28:38 UTC 2014 x86_64
libc:glibc 2.19 NPTL 2.19 
rlimit: STACK 8192k, CORE 0k, NPROC 30044, NOFILE 4096, AS infinity
load average:1.53 1.01 0.86

/proc/meminfo:
MemTotal:        3928868 kB
MemFree:          113672 kB
Buffers:            1228 kB
Cached:           385844 kB
SwapCached:            0 kB
Active:          3237964 kB
Inactive:         383768 kB
Active(anon):    3237412 kB
Inactive(anon):   307376 kB
Active(file):        552 kB
Inactive(file):    76392 kB
Unevictable:         400 kB
Mlocked:             400 kB
SwapTotal:             0 kB
SwapFree:              0 kB
Dirty:               172 kB
Writeback:             0 kB
AnonPages:       3235272 kB
Mapped:            69272 kB
Shmem:            310000 kB
Slab:              72452 kB
SReclaimable:      29736 kB
SUnreclaim:        42716 kB
KernelStack:        5432 kB
PageTables:        43312 kB
NFS_Unstable:          0 kB
Bounce:                0 kB
WritebackTmp:          0 kB
CommitLimit:     1964432 kB
Committed_AS:    7707508 kB
VmallocTotal:   34359738367 kB
VmallocUsed:      347452 kB
VmallocChunk:   34359300732 kB
HardwareCorrupted:     0 kB
AnonHugePages:   1476608 kB
HugePages_Total:       0
HugePages_Free:        0
HugePages_Rsvd:        0
HugePages_Surp:        0
Hugepagesize:       2048 kB
DirectMap4k:      108224 kB
DirectMap2M:     3966976 kB


CPU:total 4 (4 cores per cpu, 1 threads per core) family 6 model 55 stepping 8, cmov, cx8, fxsr, mmx, sse, sse2, sse3, ssse3, sse4.1, sse4.2, popcnt, erms, tsc, tscinvbit

/proc/cpuinfo:
processor	: 0
vendor_id	: GenuineIntel
cpu family	: 6
model		: 55
model name	: Intel(R) Pentium(R) CPU  N3530  @ 2.16GHz
stepping	: 8
microcode	: 0x829
cpu MHz		: 1660.000
cache size	: 1024 KB
physical id	: 0
siblings	: 4
core id		: 0
cpu cores	: 4
apicid		: 0
initial apicid	: 0
fpu		: yes
fpu_exception	: yes
cpuid level	: 11
wp		: yes
flags		: fpu vme de pse tsc msr pae mce cx8 apic sep mtrr pge mca cmov pat pse36 clflush dts acpi mmx fxsr sse sse2 ss ht tm pbe syscall nx rdtscp lm constant_tsc arch_perfmon pebs bts rep_good nopl xtopology nonstop_tsc aperfmperf pni pclmulqdq dtes64 monitor ds_cpl vmx est tm2 ssse3 cx16 xtpr pdcm sse4_1 sse4_2 movbe popcnt tsc_deadline_timer rdrand lahf_lm 3dnowprefetch ida arat epb dtherm tpr_shadow vnmi flexpriority ept vpid tsc_adjust smep erms
bogomips	: 4332.97
clflush size	: 64
cache_alignment	: 64
address sizes	: 36 bits physical, 48 bits virtual
power management:

processor	: 1
vendor_id	: GenuineIntel
cpu family	: 6
model		: 55
model name	: Intel(R) Pentium(R) CPU  N3530  @ 2.16GHz
stepping	: 8
microcode	: 0x829
cpu MHz		: 1328.000
cache size	: 1024 KB
physical id	: 0
siblings	: 4
core id		: 1
cpu cores	: 4
apicid		: 2
initial apicid	: 2
fpu		: yes
fpu_exception	: yes
cpuid level	: 11
wp		: yes
flags		: fpu vme de pse tsc msr pae mce cx8 apic sep mtrr pge mca cmov pat pse36 clflush dts acpi mmx fxsr sse sse2 ss ht tm pbe syscall nx rdtscp lm constant_tsc arch_perfmon pebs bts rep_good nopl xtopology nonstop_tsc aperfmperf pni pclmulqdq dtes64 monitor ds_cpl vmx est tm2 ssse3 cx16 xtpr pdcm sse4_1 sse4_2 movbe popcnt tsc_deadline_timer rdrand lahf_lm 3dnowprefetch ida arat epb dtherm tpr_shadow vnmi flexpriority ept vpid tsc_adjust smep erms
bogomips	: 4332.97
clflush size	: 64
cache_alignment	: 64
address sizes	: 36 bits physical, 48 bits virtual
power management:

processor	: 2
vendor_id	: GenuineIntel
cpu family	: 6
model		: 55
model name	: Intel(R) Pentium(R) CPU  N3530  @ 2.16GHz
stepping	: 8
microcode	: 0x829
cpu MHz		: 2159.000
cache size	: 1024 KB
physical id	: 0
siblings	: 4
core id		: 2
cpu cores	: 4
apicid		: 4
initial apicid	: 4
fpu		: yes
fpu_exception	: yes
cpuid level	: 11
wp		: yes
flags		: fpu vme de pse tsc msr pae mce cx8 apic sep mtrr pge mca cmov pat pse36 clflush dts acpi mmx fxsr sse sse2 ss ht tm pbe syscall nx rdtscp lm constant_tsc arch_perfmon pebs bts rep_good nopl xtopology nonstop_tsc aperfmperf pni pclmulqdq dtes64 monitor ds_cpl vmx est tm2 ssse3 cx16 xtpr pdcm sse4_1 sse4_2 movbe popcnt tsc_deadline_timer rdrand lahf_lm 3dnowprefetch ida arat epb dtherm tpr_shadow vnmi flexpriority ept vpid tsc_adjust smep erms
bogomips	: 4332.97
clflush size	: 64
cache_alignment	: 64
address sizes	: 36 bits physical, 48 bits virtual
power management:

processor	: 3
vendor_id	: GenuineIntel
cpu family	: 6
model		: 55
model name	: Intel(R) Pentium(R) CPU  N3530  @ 2.16GHz
stepping	: 8
microcode	: 0x829
cpu MHz		: 2159.000
cache size	: 1024 KB
physical id	: 0
siblings	: 4
core id		: 3
cpu cores	: 4
apicid		: 6
initial apicid	: 6
fpu		: yes
fpu_exception	: yes
cpuid level	: 11
wp		: yes
flags		: fpu vme de pse tsc msr pae mce cx8 apic sep mtrr pge mca cmov pat pse36 clflush dts acpi mmx fxsr sse sse2 ss ht tm pbe syscall nx rdtscp lm constant_tsc arch_perfmon pebs bts rep_good nopl xtopology nonstop_tsc aperfmperf pni pclmulqdq dtes64 monitor ds_cpl vmx est tm2 ssse3 cx16 xtpr pdcm sse4_1 sse4_2 movbe popcnt tsc_deadline_timer rdrand lahf_lm 3dnowprefetch ida arat epb dtherm tpr_shadow vnmi flexpriority ept vpid tsc_adjust smep erms
bogomips	: 4332.97
clflush size	: 64
cache_alignment	: 64
address sizes	: 36 bits physical, 48 bits virtual
power management:



Memory: 4k page, physical 3928868k(112312k free), swap 0k(0k free)

vm_info: Java HotSpot(TM) 64-Bit Server VM (24.80-b11) for linux-amd64 JRE (1.7.0_80-b15), built on Apr 10 2015 19:53:14 by "java_re" with gcc 4.3.0 20080428 (Red Hat 4.3.0-8)

time: Wed May  6 20:21:39 2015
elapsed time: 8 seconds

