#
# There is insufficient memory for the Java Runtime Environment to continue.
# Native memory allocation (malloc) failed to allocate 44040192 bytes for committing reserved memory.
# Possible reasons:
#   The system is out of physical RAM or swap space
#   In 32 bit mode, the process size limit was hit
# Possible solutions:
#   Reduce memory load on the system
#   Increase physical memory or swap space
#   Check if swap backing store is full
#   Use 64 bit Java on a 64 bit OS
#   Decrease Java heap size (-Xmx/-Xms)
#   Decrease number of Java threads
#   Decrease Java thread stack sizes (-Xss)
#   Set larger code cache with -XX:ReservedCodeCacheSize=
# This output file may be truncated or incomplete.
#
#  Out of Memory Error (os_linux.cpp:2756), pid=15257, tid=139812232062720
#
# JRE version: Java(TM) SE Runtime Environment (7.0_80-b15) (build 1.7.0_80-b15)
# Java VM: Java HotSpot(TM) 64-Bit Server VM (24.80-b11 mixed mode linux-amd64 compressed oops)
# Failed to write core dump. Core dumps have been disabled. To enable core dumping, try "ulimit -c unlimited" before starting Java again
#

---------------  T H R E A D  ---------------

Current thread (0x00007f289806a000):  VMThread [stack: 0x00007f28925d6000,0x00007f28926d7000] [id=15266]

Stack: [0x00007f28925d6000,0x00007f28926d7000],  sp=0x00007f28926d50c0,  free space=1020k
Native frames: (J=compiled Java code, j=interpreted, Vv=VM code, C=native code)
V  [libjvm.so+0x9a320a]  VMError::report_and_die()+0x2ea
V  [libjvm.so+0x498d3b]  report_vm_out_of_memory(char const*, int, unsigned long, char const*)+0x9b
V  [libjvm.so+0x82191e]  os::Linux::commit_memory_impl(char*, unsigned long, bool)+0xfe
V  [libjvm.so+0x821e69]  os::pd_commit_memory(char*, unsigned long, unsigned long, bool)+0x29
V  [libjvm.so+0x81bb6a]  os::commit_memory(char*, unsigned long, unsigned long, bool)+0x2a
V  [libjvm.so+0x88d623]  PSVirtualSpace::expand_by(unsigned long)+0x53
V  [libjvm.so+0x88e9f8]  PSYoungGen::resize_generation(unsigned long, unsigned long)+0xf8
V  [libjvm.so+0x88db62]  PSYoungGen::resize(unsigned long, unsigned long)+0x22
V  [libjvm.so+0x88af1d]  PSScavenge::invoke_no_policy()+0xf3d
V  [libjvm.so+0x88b761]  PSScavenge::invoke()+0x41
V  [libjvm.so+0x843f40]  ParallelScavengeHeap::failed_mem_allocate(unsigned long)+0x70
V  [libjvm.so+0x9a4a97]  VM_ParallelGCFailedAllocation::doit()+0x97
V  [libjvm.so+0x9abf35]  VM_Operation::evaluate()+0x55
V  [libjvm.so+0x9aa2fa]  VMThread::evaluate_operation(VM_Operation*)+0xba
V  [libjvm.so+0x9aa67e]  VMThread::loop()+0x1ce
V  [libjvm.so+0x9aaaf0]  VMThread::run()+0x70
V  [libjvm.so+0x8238c8]  java_start(Thread*)+0x108

VM_Operation (0x00007f289e175cc0): ParallelGCFailedAllocation, mode: safepoint, requested by thread 0x00007f289800a000


---------------  P R O C E S S  ---------------

Java Threads: ( => current thread )
  0x00007f2898099000 JavaThread "Service Thread" daemon [_thread_blocked, id=15272, stack(0x00007f2891d07000,0x00007f2891e08000)]
  0x00007f2898096800 JavaThread "C2 CompilerThread1" daemon [_thread_blocked, id=15271, stack(0x00007f2891e08000,0x00007f2891f09000)]
  0x00007f2898093800 JavaThread "C2 CompilerThread0" daemon [_thread_blocked, id=15270, stack(0x00007f2891f09000,0x00007f289200a000)]
  0x00007f2898091800 JavaThread "Signal Dispatcher" daemon [_thread_blocked, id=15269, stack(0x00007f289200a000,0x00007f289210b000)]
  0x00007f2898070000 JavaThread "Finalizer" daemon [_thread_blocked, id=15268, stack(0x00007f28923d4000,0x00007f28924d5000)]
  0x00007f289806e000 JavaThread "Reference Handler" daemon [_thread_blocked, id=15267, stack(0x00007f28924d5000,0x00007f28925d6000)]
  0x00007f289800a000 JavaThread "main" [_thread_blocked, id=15261, stack(0x00007f289e077000,0x00007f289e178000)]

Other Threads:
=>0x00007f289806a000 VMThread [stack: 0x00007f28925d6000,0x00007f28926d7000] [id=15266]
  0x00007f28980a3800 WatcherThread [stack: 0x00007f2891c06000,0x00007f2891d07000] [id=15273]

VM state:at safepoint (normal execution)

VM Mutex/Monitor currently owned by a thread:  ([mutex/lock_event])
[0x00007f2898006770] Threads_lock - owner thread: 0x00007f289806a000
[0x00007f2898006c70] Heap_lock - owner thread: 0x00007f289800a000

Heap
 PSYoungGen      total 69632K, used 9697K [0x00000000eaa80000, 0x00000000ef980000, 0x0000000100000000)
  eden space 59904K, 0% used [0x00000000eaa80000,0x00000000eaa80000,0x00000000ee500000)
  from space 9728K, 99% used [0x00000000ee500000,0x00000000eee78730,0x00000000eee80000)
  to   space 8192K, 0% used [0x00000000eee80000,0x00000000eee80000,0x00000000ef680000)
 ParOldGen       total 40960K, used 24980K [0x00000000c0000000, 0x00000000c2800000, 0x00000000eaa80000)
  object space 40960K, 60% used [0x00000000c0000000,0x00000000c1865188,0x00000000c2800000)
 PSPermGen       total 21504K, used 5603K [0x00000000bae00000, 0x00000000bc300000, 0x00000000c0000000)
  object space 21504K, 26% used [0x00000000bae00000,0x00000000bb378f60,0x00000000bc300000)

Card table byte_map: [0x00007f2893f49000,0x00007f2894173000] byte_map_base: 0x00007f2893972000

Polling page: 0x00007f289e19b000

Code Cache  [0x00007f2894173000, 0x00007f28943e3000, 0x00007f2897173000)
 total_blobs=818 nmethods=592 adapters=180 free_code_cache=47061Kb largest_free_block=47976576

Compilation events (10 events):
Event: 27.540 Thread 0x00007f2898096800 nmethod 614 0x00007f2894386f50 code [0x00007f28943870a0, 0x00007f2894387188]
Event: 27.542 Thread 0x00007f2898096800  615             java.lang.String::substring (56 bytes)
Event: 27.590 Thread 0x00007f2898096800 nmethod 615 0x00007f2894386810 code [0x00007f2894386980, 0x00007f2894386cd8]
Event: 27.590 Thread 0x00007f2898096800  616             com.android.dx.rop.code.InsnList::contentEquals (54 bytes)
Event: 27.629 Thread 0x00007f2898093800 nmethod 612 0x00007f2894388390 code [0x00007f28943885a0, 0x00007f2894388c80]
Event: 27.631 Thread 0x00007f2898093800  617             com.android.dx.dex.code.RopTranslator$TranslationVisitor::visitThrowingCstInsn (225 bytes)
Event: 27.696 Thread 0x00007f2898096800 nmethod 616 0x00007f28943a69d0 code [0x00007f28943a6bc0, 0x00007f28943a7418]
Event: 27.696 Thread 0x00007f2898096800  618             com.android.dx.ssa.SCCP::run (298 bytes)
Event: 27.732 Thread 0x00007f2898093800 nmethod 617 0x00007f28943a83d0 code [0x00007f28943a8600, 0x00007f28943a8ec0]
Event: 27.733 Thread 0x00007f2898093800  619             com.android.dx.dex.cf.CfTranslator::translate0 (259 bytes)

GC Heap History (10 events):
Event: 12.052 GC heap after
Heap after GC invocations=4 (full 0):
 PSYoungGen      total 17920K, used 2560K [0x00000000eaa80000, 0x00000000ecd80000, 0x0000000100000000)
  eden space 15360K, 0% used [0x00000000eaa80000,0x00000000eaa80000,0x00000000eb980000)
  from space 2560K, 100% used [0x00000000ebc00000,0x00000000ebe80000,0x00000000ebe80000)
  to   space 2560K, 0% used [0x00000000eb980000,0x00000000eb980000,0x00000000ebc00000)
 ParOldGen       total 40960K, used 8955K [0x00000000c0000000, 0x00000000c2800000, 0x00000000eaa80000)
  object space 40960K, 21% used [0x00000000c0000000,0x00000000c08bee80,0x00000000c2800000)
 PSPermGen       total 21504K, used 5513K [0x00000000bae00000, 0x00000000bc300000, 0x00000000c0000000)
  object space 21504K, 25% used [0x00000000bae00000,0x00000000bb3627a0,0x00000000bc300000)
}
Event: 14.592 GC heap before
{Heap before GC invocations=5 (full 0):
 PSYoungGen      total 17920K, used 17920K [0x00000000eaa80000, 0x00000000ecd80000, 0x0000000100000000)
  eden space 15360K, 100% used [0x00000000eaa80000,0x00000000eb980000,0x00000000eb980000)
  from space 2560K, 100% used [0x00000000ebc00000,0x00000000ebe80000,0x00000000ebe80000)
  to   space 2560K, 0% used [0x00000000eb980000,0x00000000eb980000,0x00000000ebc00000)
 ParOldGen       total 40960K, used 8955K [0x00000000c0000000, 0x00000000c2800000, 0x00000000eaa80000)
  object space 40960K, 21% used [0x00000000c0000000,0x00000000c08bee80,0x00000000c2800000)
 PSPermGen       total 21504K, used 5523K [0x00000000bae00000, 0x00000000bc300000, 0x00000000c0000000)
  object space 21504K, 25% used [0x00000000bae00000,0x00000000bb364c08,0x00000000bc300000)
Event: 14.632 GC heap after
Heap after GC invocations=5 (full 0):
 PSYoungGen      total 17920K, used 2560K [0x00000000eaa80000, 0x00000000ed380000, 0x0000000100000000)
  eden space 15360K, 0% used [0x00000000eaa80000,0x00000000eaa80000,0x00000000eb980000)
  from space 2560K, 100% used [0x00000000eb980000,0x00000000ebc00000,0x00000000ebc00000)
  to   space 5632K, 0% used [0x00000000ece00000,0x00000000ece00000,0x00000000ed380000)
 ParOldGen       total 40960K, used 11364K [0x00000000c0000000, 0x00000000c2800000, 0x00000000eaa80000)
  object space 40960K, 27% used [0x00000000c0000000,0x00000000c0b192b0,0x00000000c2800000)
 PSPermGen       total 21504K, used 5523K [0x00000000bae00000, 0x00000000bc300000, 0x00000000c0000000)
  object space 21504K, 25% used [0x00000000bae00000,0x00000000bb364c08,0x00000000bc300000)
}
Event: 16.598 GC heap before
{Heap before GC invocations=6 (full 0):
 PSYoungGen      total 17920K, used 17920K [0x00000000eaa80000, 0x00000000ed380000, 0x0000000100000000)
  eden space 15360K, 100% used [0x00000000eaa80000,0x00000000eb980000,0x00000000eb980000)
  from space 2560K, 100% used [0x00000000eb980000,0x00000000ebc00000,0x00000000ebc00000)
  to   space 5632K, 0% used [0x00000000ece00000,0x00000000ece00000,0x00000000ed380000)
 ParOldGen       total 40960K, used 11364K [0x00000000c0000000, 0x00000000c2800000, 0x00000000eaa80000)
  object space 40960K, 27% used [0x00000000c0000000,0x00000000c0b192b0,0x00000000c2800000)
 PSPermGen       total 21504K, used 5537K [0x00000000bae00000, 0x00000000bc300000, 0x00000000c0000000)
  object space 21504K, 25% used [0x00000000bae00000,0x00000000bb368418,0x00000000bc300000)
Event: 16.739 GC heap after
Heap after GC invocations=6 (full 0):
 PSYoungGen      total 36352K, used 4672K [0x00000000eaa80000, 0x00000000ed380000, 0x0000000100000000)
  eden space 30720K, 0% used [0x00000000eaa80000,0x00000000eaa80000,0x00000000ec880000)
  from space 5632K, 82% used [0x00000000ece00000,0x00000000ed290000,0x00000000ed380000)
  to   space 5632K, 0% used [0x00000000ec880000,0x00000000ec880000,0x00000000ece00000)
 ParOldGen       total 40960K, used 11364K [0x00000000c0000000, 0x00000000c2800000, 0x00000000eaa80000)
  object space 40960K, 27% used [0x00000000c0000000,0x00000000c0b192b0,0x00000000c2800000)
 PSPermGen       total 21504K, used 5537K [0x00000000bae00000, 0x00000000bc300000, 0x00000000c0000000)
  object space 21504K, 25% used [0x00000000bae00000,0x00000000bb368418,0x00000000bc300000)
}
Event: 19.918 GC heap before
{Heap before GC invocations=7 (full 0):
 PSYoungGen      total 36352K, used 35392K [0x00000000eaa80000, 0x00000000ed380000, 0x0000000100000000)
  eden space 30720K, 100% used [0x00000000eaa80000,0x00000000ec880000,0x00000000ec880000)
  from space 5632K, 82% used [0x00000000ece00000,0x00000000ed290000,0x00000000ed380000)
  to   space 5632K, 0% used [0x00000000ec880000,0x00000000ec880000,0x00000000ece00000)
 ParOldGen       total 40960K, used 11364K [0x00000000c0000000, 0x00000000c2800000, 0x00000000eaa80000)
  object space 40960K, 27% used [0x00000000c0000000,0x00000000c0b192b0,0x00000000c2800000)
 PSPermGen       total 21504K, used 5555K [0x00000000bae00000, 0x00000000bc300000, 0x00000000c0000000)
  object space 21504K, 25% used [0x00000000bae00000,0x00000000bb36ce60,0x00000000bc300000)
Event: 20.007 GC heap after
Heap after GC invocations=7 (full 0):
 PSYoungGen      total 36352K, used 5617K [0x00000000eaa80000, 0x00000000ef680000, 0x0000000100000000)
  eden space 30720K, 0% used [0x00000000eaa80000,0x00000000eaa80000,0x00000000ec880000)
  from space 5632K, 99% used [0x00000000ec880000,0x00000000ecdfc478,0x00000000ece00000)
  to   space 8192K, 0% used [0x00000000eee80000,0x00000000eee80000,0x00000000ef680000)
 ParOldGen       total 40960K, used 15114K [0x00000000c0000000, 0x00000000c2800000, 0x00000000eaa80000)
  object space 40960K, 36% used [0x00000000c0000000,0x00000000c0ec29b8,0x00000000c2800000)
 PSPermGen       total 21504K, used 5555K [0x00000000bae00000, 0x00000000bc300000, 0x00000000c0000000)
  object space 21504K, 25% used [0x00000000bae00000,0x00000000bb36ce60,0x00000000bc300000)
}
Event: 22.600 GC heap before
{Heap before GC invocations=8 (full 0):
 PSYoungGen      total 36352K, used 36337K [0x00000000eaa80000, 0x00000000ef680000, 0x0000000100000000)
  eden space 30720K, 100% used [0x00000000eaa80000,0x00000000ec880000,0x00000000ec880000)
  from space 5632K, 99% used [0x00000000ec880000,0x00000000ecdfc478,0x00000000ece00000)
  to   space 8192K, 0% used [0x00000000eee80000,0x00000000eee80000,0x00000000ef680000)
 ParOldGen       total 40960K, used 15114K [0x00000000c0000000, 0x00000000c2800000, 0x00000000eaa80000)
  object space 40960K, 36% used [0x00000000c0000000,0x00000000c0ec29b8,0x00000000c2800000)
 PSPermGen       total 21504K, used 5586K [0x00000000bae00000, 0x00000000bc300000, 0x00000000c0000000)
  object space 21504K, 25% used [0x00000000bae00000,0x00000000bb374890,0x00000000bc300000)
Event: 22.666 GC heap after
Heap after GC invocations=8 (full 0):
 PSYoungGen      total 68096K, used 8192K [0x00000000eaa80000, 0x00000000ef980000, 0x0000000100000000)
  eden space 59904K, 0% used [0x00000000eaa80000,0x00000000eaa80000,0x00000000ee500000)
  from space 8192K, 100% used [0x00000000eee80000,0x00000000ef680000,0x00000000ef680000)
  to   space 9728K, 0% used [0x00000000ee500000,0x00000000ee500000,0x00000000eee80000)
 ParOldGen       total 40960K, used 17236K [0x00000000c0000000, 0x00000000c2800000, 0x00000000eaa80000)
  object space 40960K, 42% used [0x00000000c0000000,0x00000000c10d51a0,0x00000000c2800000)
 PSPermGen       total 21504K, used 5586K [0x00000000bae00000, 0x00000000bc300000, 0x00000000c0000000)
  object space 21504K, 25% used [0x00000000bae00000,0x00000000bb374890,0x00000000bc300000)
}
Event: 27.751 GC heap before
{Heap before GC invocations=9 (full 0):
 PSYoungGen      total 68096K, used 68096K [0x00000000eaa80000, 0x00000000ef980000, 0x0000000100000000)
  eden space 59904K, 100% used [0x00000000eaa80000,0x00000000ee500000,0x00000000ee500000)
  from space 8192K, 100% used [0x00000000eee80000,0x00000000ef680000,0x00000000ef680000)
  to   space 9728K, 0% used [0x00000000ee500000,0x00000000ee500000,0x00000000eee80000)
 ParOldGen       total 40960K, used 17236K [0x00000000c0000000, 0x00000000c2800000, 0x00000000eaa80000)
  object space 40960K, 42% used [0x00000000c0000000,0x00000000c10d51a0,0x00000000c2800000)
 PSPermGen       total 21504K, used 5603K [0x00000000bae00000, 0x00000000bc300000, 0x00000000c0000000)
  object space 21504K, 26% used [0x00000000bae00000,0x00000000bb378f60,0x00000000bc300000)

Deoptimization events (10 events):
Event: 20.684 Thread 0x00007f289800a000 Uncommon trap: reason=unstable_if action=reinterpret pc=0x00007f289428e36c method=com.android.dx.rop.code.BasicBlockList.preferredSuccessorOf(Lcom/android/dx/rop/code/BasicBlock;)Lcom/android/dx/rop/code/BasicBlock; @ 58
Event: 21.706 Thread 0x00007f289800a000 Uncommon trap: reason=bimorphic action=maybe_recompile pc=0x00007f28942c8914 method=com.android.dx.ssa.SCCP.simulatePhi(Lcom/android/dx/ssa/PhiInsn;)V @ 124
Event: 21.707 Thread 0x00007f289800a000 Uncommon trap: reason=bimorphic action=maybe_recompile pc=0x00007f289424fafc method=com.android.dx.ssa.SCCP.simulatePhi(Lcom/android/dx/ssa/PhiInsn;)V @ 124
Event: 21.707 Thread 0x00007f289800a000 Uncommon trap: reason=bimorphic action=maybe_recompile pc=0x00007f289424fafc method=com.android.dx.ssa.SCCP.simulatePhi(Lcom/android/dx/ssa/PhiInsn;)V @ 124
Event: 21.707 Thread 0x00007f289800a000 Uncommon trap: reason=bimorphic action=maybe_recompile pc=0x00007f289424fafc method=com.android.dx.ssa.SCCP.simulatePhi(Lcom/android/dx/ssa/PhiInsn;)V @ 124
Event: 21.823 Thread 0x00007f289800a000 Uncommon trap: reason=bimorphic action=maybe_recompile pc=0x00007f28942c8914 method=com.android.dx.ssa.SCCP.simulatePhi(Lcom/android/dx/ssa/PhiInsn;)V @ 124
Event: 21.884 Thread 0x00007f289800a000 Uncommon trap: reason=null_check action=make_not_entrant pc=0x00007f289434b07c method=com.android.dx.dex.cf.AttributeTranslator.getSignature(Lcom/android/dx/cf/iface/AttributeList;)Lcom/android/dx/rop/annotation/Annotation; @ 8
Event: 23.994 Thread 0x00007f289800a000 Uncommon trap: reason=unstable_if action=reinterpret pc=0x00007f28942425d8 method=com.android.dx.rop.code.RegisterSpecSet.equals(Ljava/lang/Object;)Z @ 41
Event: 26.127 Thread 0x00007f289800a000 Uncommon trap: reason=unstable_if action=reinterpret pc=0x00007f28942ebf20 method=com.android.dx.ssa.PhiTypeResolver.equalsHandlesNulls(Lcom/android/dx/rop/code/LocalItem;Lcom/android/dx/rop/code/LocalItem;)Z @ 2
Event: 26.127 Thread 0x00007f289800a000 Uncommon trap: reason=unstable_if action=reinterpret pc=0x00007f28942ab2b0 method=com.android.dx.ssa.PhiTypeResolver.equalsHandlesNulls(Lcom/android/dx/rop/code/LocalItem;Lcom/android/dx/rop/code/LocalItem;)Z @ 2

Internal exceptions (10 events):
Event: 3.587 Thread 0x00007f289800a000 Threw 0x00000000eb451fc8 at /HUDSON/workspace/7u-2-build-linux-amd64/jdk7u80/2329/hotspot/src/share/vm/prims/jvm.cpp:1319
Event: 3.951 Thread 0x00007f289800a000 Implicit null exception at 0x00007f28941eb4a2 to 0x00007f28941eb671
Event: 5.440 Thread 0x00007f289800a000 Implicit null exception at 0x00007f2894214d92 to 0x00007f2894214e83
Event: 5.895 Thread 0x00007f289800a000 Implicit null exception at 0x00007f289421c70f to 0x00007f289421cdf1
Event: 8.971 Thread 0x00007f289800a000 Threw 0x00000000eb729818 at /HUDSON/workspace/7u-2-build-linux-amd64/jdk7u80/2329/hotspot/src/share/vm/prims/jvm.cpp:1319
Event: 10.298 Thread 0x00007f289800a000 Implicit null exception at 0x00007f2894265c49 to 0x00007f2894267f51
Event: 11.502 Thread 0x00007f289800a000 Threw 0x00000000eb6d8938 at /HUDSON/workspace/7u-2-build-linux-amd64/jdk7u80/2329/hotspot/src/share/vm/prims/jvm.cpp:1319
Event: 14.357 Thread 0x00007f289800a000 Threw 0x00000000eb7f56f8 at /HUDSON/workspace/7u-2-build-linux-amd64/jdk7u80/2329/hotspot/src/share/vm/prims/jvm.cpp:1319
Event: 17.949 Thread 0x00007f289800a000 Implicit null exception at 0x00007f2894290adc to 0x00007f2894290f59
Event: 21.884 Thread 0x00007f289800a000 Implicit null exception at 0x00007f2894349814 to 0x00007f289434b014

Events (10 events):
Event: 26.127 Thread 0x00007f289800a000 Uncommon trap: trap_request=0xffffff75 fr.pc=0x00007f28942ebf20
Event: 26.127 Thread 0x00007f289800a000 DEOPT PACKING pc=0x00007f28942ebf20 sp=0x00007f289e175ed0
Event: 26.127 Thread 0x00007f289800a000 DEOPT UNPACKING pc=0x00007f28941ac045 sp=0x00007f289e175d80 mode 2
Event: 26.127 Thread 0x00007f289800a000 Uncommon trap: trap_request=0xffffff75 fr.pc=0x00007f28942ab2b0
Event: 26.127 Thread 0x00007f289800a000 DEOPT PACKING pc=0x00007f28942ab2b0 sp=0x00007f289e175e30
Event: 26.127 Thread 0x00007f289800a000 DEOPT UNPACKING pc=0x00007f28941ac045 sp=0x00007f289e175d70 mode 2
Event: 27.416 Thread 0x00007f2898093800 flushing nmethod 0x00007f289424c710
Event: 27.512 Thread 0x00007f2898096800 flushing nmethod 0x00007f28942c2ad0
Event: 27.590 Thread 0x00007f2898096800 flushing nmethod 0x00007f2894347e90
Event: 27.741 Executing VM operation: ParallelGCFailedAllocation


Dynamic libraries:
00400000-00401000 r-xp 00000000 08:02 2235145                            /usr/lib/jvm/java-7-oracle/bin/java
00600000-00601000 rw-p 00000000 08:02 2235145                            /usr/lib/jvm/java-7-oracle/bin/java
01566000-01587000 rw-p 00000000 00:00 0                                  [heap]
bae00000-bc300000 rw-p 00000000 00:00 0 
bc300000-c0000000 rw-p 00000000 00:00 0 
c0000000-c2800000 rw-p 00000000 00:00 0 
c2800000-eaa80000 rw-p 00000000 00:00 0 
eaa80000-ef980000 rw-p 00000000 00:00 0 
f2380000-100000000 rw-p 00000000 00:00 0 
7f2854000000-7f2854021000 rw-p 00000000 00:00 0 
7f2854021000-7f2858000000 ---p 00000000 00:00 0 
7f285c000000-7f285d54b000 rw-p 00000000 00:00 0 
7f285d54b000-7f2860000000 ---p 00000000 00:00 0 
7f2860000000-7f2860021000 rw-p 00000000 00:00 0 
7f2860021000-7f2864000000 ---p 00000000 00:00 0 
7f2864000000-7f2864021000 rw-p 00000000 00:00 0 
7f2864021000-7f2868000000 ---p 00000000 00:00 0 
7f2868000000-7f2869423000 rw-p 00000000 00:00 0 
7f2869423000-7f286c000000 ---p 00000000 00:00 0 
7f286c000000-7f286c021000 rw-p 00000000 00:00 0 
7f286c021000-7f2870000000 ---p 00000000 00:00 0 
7f2870000000-7f2870021000 rw-p 00000000 00:00 0 
7f2870021000-7f2874000000 ---p 00000000 00:00 0 
7f2874000000-7f2874021000 rw-p 00000000 00:00 0 
7f2874021000-7f2878000000 ---p 00000000 00:00 0 
7f2878000000-7f287824f000 rw-p 00000000 00:00 0 
7f287824f000-7f287c000000 ---p 00000000 00:00 0 
7f287c000000-7f287c021000 rw-p 00000000 00:00 0 
7f287c021000-7f2880000000 ---p 00000000 00:00 0 
7f2884000000-7f2884021000 rw-p 00000000 00:00 0 
7f2884021000-7f2888000000 ---p 00000000 00:00 0 
7f28898b5000-7f288bb45000 rw-p 00000000 00:00 0 
7f288c000000-7f288c021000 rw-p 00000000 00:00 0 
7f288c021000-7f2890000000 ---p 00000000 00:00 0 
7f28917a1000-7f28917d2000 rw-p 00000000 00:00 0 
7f28917d2000-7f28917e9000 r-xp 00000000 08:02 2232763                    /usr/lib/jvm/java-7-oracle/jre/lib/amd64/libnet.so
7f28917e9000-7f28919e8000 ---p 00017000 08:02 2232763                    /usr/lib/jvm/java-7-oracle/jre/lib/amd64/libnet.so
7f28919e8000-7f28919e9000 rw-p 00016000 08:02 2232763                    /usr/lib/jvm/java-7-oracle/jre/lib/amd64/libnet.so
7f28919e9000-7f28919f9000 r-xp 00000000 08:02 2232777                    /usr/lib/jvm/java-7-oracle/jre/lib/amd64/libnio.so
7f28919f9000-7f2891bf9000 ---p 00010000 08:02 2232777                    /usr/lib/jvm/java-7-oracle/jre/lib/amd64/libnio.so
7f2891bf9000-7f2891bfa000 rw-p 00010000 08:02 2232777                    /usr/lib/jvm/java-7-oracle/jre/lib/amd64/libnio.so
7f2891bfa000-7f2891c06000 r--s 00073000 00:1a 1975660                    /home/skylar/Desktop/cmps121-hw3/Local-BB/app/build/intermediates/exploded-aar/com.google.android.gms/play-services-ads/7.0.0/classes.jar
7f2891c06000-7f2891c07000 ---p 00000000 00:00 0 
7f2891c07000-7f2891d07000 rw-p 00000000 00:00 0                          [stack:15273]
7f2891d07000-7f2891d0a000 ---p 00000000 00:00 0 
7f2891d0a000-7f2891e08000 rw-p 00000000 00:00 0                          [stack:15272]
7f2891e08000-7f2891e0b000 ---p 00000000 00:00 0 
7f2891e0b000-7f2891f09000 rw-p 00000000 00:00 0                          [stack:15271]
7f2891f09000-7f2891f0c000 ---p 00000000 00:00 0 
7f2891f0c000-7f289200a000 rw-p 00000000 00:00 0                          [stack:15270]
7f289200a000-7f289200d000 ---p 00000000 00:00 0 
7f289200d000-7f289210b000 rw-p 00000000 00:00 0                          [stack:15269]
7f289210b000-7f28923d4000 r--p 00000000 08:02 2100321                    /usr/lib/locale/locale-archive
7f28923d4000-7f28923d7000 ---p 00000000 00:00 0 
7f28923d7000-7f28924d5000 rw-p 00000000 00:00 0                          [stack:15268]
7f28924d5000-7f28924d8000 ---p 00000000 00:00 0 
7f28924d8000-7f28925d6000 rw-p 00000000 00:00 0                          [stack:15267]
7f28925d6000-7f28925d7000 ---p 00000000 00:00 0 
7f28925d7000-7f289368b000 rw-p 00000000 00:00 0                          [stack:15266]
7f289368b000-7f289384b000 r--s 039fb000 08:02 2232736                    /usr/lib/jvm/java-7-oracle/jre/lib/rt.jar
7f289384b000-7f2893b45000 rw-p 00000000 00:00 0 
7f2893b45000-7f2893b46000 ---p 00000000 00:00 0 
7f2893b46000-7f2893c46000 rw-p 00000000 00:00 0                          [stack:15265]
7f2893c46000-7f2893c47000 ---p 00000000 00:00 0 
7f2893c47000-7f2893d47000 rw-p 00000000 00:00 0                          [stack:15264]
7f2893d47000-7f2893d48000 ---p 00000000 00:00 0 
7f2893d48000-7f2893e48000 rw-p 00000000 00:00 0                          [stack:15263]
7f2893e48000-7f2893e49000 ---p 00000000 00:00 0 
7f2893e49000-7f2893f54000 rw-p 00000000 00:00 0                          [stack:15262]
7f2893f54000-7f2893f72000 rw-p 00000000 00:00 0 
7f2893f72000-7f2893f86000 rw-p 00000000 00:00 0 
7f2893f86000-7f28940c7000 rw-p 00000000 00:00 0 
7f28940c7000-7f28940ef000 rw-p 00000000 00:00 0 
7f28940ef000-7f2894172000 rw-p 00000000 00:00 0 
7f2894172000-7f2894173000 rw-p 00000000 00:00 0 
7f2894173000-7f28943e3000 rwxp 00000000 00:00 0 
7f28943e3000-7f2897173000 rw-p 00000000 00:00 0 
7f2897173000-7f289718a000 r-xp 00000000 08:02 2232787                    /usr/lib/jvm/java-7-oracle/jre/lib/amd64/libzip.so
7f289718a000-7f289738a000 ---p 00017000 08:02 2232787                    /usr/lib/jvm/java-7-oracle/jre/lib/amd64/libzip.so
7f289738a000-7f289738b000 rw-p 00017000 08:02 2232787                    /usr/lib/jvm/java-7-oracle/jre/lib/amd64/libzip.so
7f289738b000-7f2897396000 r-xp 00000000 08:02 1309150                    /lib/x86_64-linux-gnu/libnss_files-2.19.so
7f2897396000-7f2897595000 ---p 0000b000 08:02 1309150                    /lib/x86_64-linux-gnu/libnss_files-2.19.so
7f2897595000-7f2897596000 r--p 0000a000 08:02 1309150                    /lib/x86_64-linux-gnu/libnss_files-2.19.so
7f2897596000-7f2897597000 rw-p 0000b000 08:02 1309150                    /lib/x86_64-linux-gnu/libnss_files-2.19.so
7f2897597000-7f28975a2000 r-xp 00000000 08:02 1309214                    /lib/x86_64-linux-gnu/libnss_nis-2.19.so
7f28975a2000-7f28977a1000 ---p 0000b000 08:02 1309214                    /lib/x86_64-linux-gnu/libnss_nis-2.19.so
7f28977a1000-7f28977a2000 r--p 0000a000 08:02 1309214                    /lib/x86_64-linux-gnu/libnss_nis-2.19.so
7f28977a2000-7f28977a3000 rw-p 0000b000 08:02 1309214                    /lib/x86_64-linux-gnu/libnss_nis-2.19.so
7f28977a3000-7f28977ba000 r-xp 00000000 08:02 1309172                    /lib/x86_64-linux-gnu/libnsl-2.19.so
7f28977ba000-7f28979b9000 ---p 00017000 08:02 1309172                    /lib/x86_64-linux-gnu/libnsl-2.19.so
7f28979b9000-7f28979ba000 r--p 00016000 08:02 1309172                    /lib/x86_64-linux-gnu/libnsl-2.19.so
7f28979ba000-7f28979bb000 rw-p 00017000 08:02 1309172                    /lib/x86_64-linux-gnu/libnsl-2.19.so
7f28979bb000-7f28979bd000 rw-p 00000000 00:00 0 
7f28979bd000-7f28979c6000 r-xp 00000000 08:02 1309171                    /lib/x86_64-linux-gnu/libnss_compat-2.19.so
7f28979c6000-7f2897bc5000 ---p 00009000 08:02 1309171                    /lib/x86_64-linux-gnu/libnss_compat-2.19.so
7f2897bc5000-7f2897bc6000 r--p 00008000 08:02 1309171                    /lib/x86_64-linux-gnu/libnss_compat-2.19.so
7f2897bc6000-7f2897bc7000 rw-p 00009000 08:02 1309171                    /lib/x86_64-linux-gnu/libnss_compat-2.19.so
7f2897bc7000-7f2897bf0000 r-xp 00000000 08:02 2232770                    /usr/lib/jvm/java-7-oracle/jre/lib/amd64/libjava.so
7f2897bf0000-7f2897df0000 ---p 00029000 08:02 2232770                    /usr/lib/jvm/java-7-oracle/jre/lib/amd64/libjava.so
7f2897df0000-7f2897df2000 rw-p 00029000 08:02 2232770                    /usr/lib/jvm/java-7-oracle/jre/lib/amd64/libjava.so
7f2897df2000-7f2897dff000 r-xp 00000000 08:02 2232752                    /usr/lib/jvm/java-7-oracle/jre/lib/amd64/libverify.so
7f2897dff000-7f2897ffe000 ---p 0000d000 08:02 2232752                    /usr/lib/jvm/java-7-oracle/jre/lib/amd64/libverify.so
7f2897ffe000-7f2898000000 rw-p 0000c000 08:02 2232752                    /usr/lib/jvm/java-7-oracle/jre/lib/amd64/libverify.so
7f2898000000-7f28981ad000 rw-p 00000000 00:00 0 
7f28981ad000-7f289c000000 ---p 00000000 00:00 0 
7f289c006000-7f289c084000 rw-p 00000000 00:00 0 
7f289c084000-7f289c0a2000 rw-p 00000000 00:00 0 
7f289c0a2000-7f289c0b6000 rw-p 00000000 00:00 0 
7f289c0b6000-7f289c1f8000 rw-p 00000000 00:00 0 
7f289c1f8000-7f289c1ff000 r-xp 00000000 08:02 1309211                    /lib/x86_64-linux-gnu/librt-2.19.so
7f289c1ff000-7f289c3fe000 ---p 00007000 08:02 1309211                    /lib/x86_64-linux-gnu/librt-2.19.so
7f289c3fe000-7f289c3ff000 r--p 00006000 08:02 1309211                    /lib/x86_64-linux-gnu/librt-2.19.so
7f289c3ff000-7f289c400000 rw-p 00007000 08:02 1309211                    /lib/x86_64-linux-gnu/librt-2.19.so
7f289c400000-7f289c505000 r-xp 00000000 08:02 1309149                    /lib/x86_64-linux-gnu/libm-2.19.so
7f289c505000-7f289c704000 ---p 00105000 08:02 1309149                    /lib/x86_64-linux-gnu/libm-2.19.so
7f289c704000-7f289c705000 r--p 00104000 08:02 1309149                    /lib/x86_64-linux-gnu/libm-2.19.so
7f289c705000-7f289c706000 rw-p 00105000 08:02 1309149                    /lib/x86_64-linux-gnu/libm-2.19.so
7f289c706000-7f289d27c000 r-xp 00000000 08:02 2232774                    /usr/lib/jvm/java-7-oracle/jre/lib/amd64/server/libjvm.so
7f289d27c000-7f289d47b000 ---p 00b76000 08:02 2232774                    /usr/lib/jvm/java-7-oracle/jre/lib/amd64/server/libjvm.so
7f289d47b000-7f289d53f000 rw-p 00b75000 08:02 2232774                    /usr/lib/jvm/java-7-oracle/jre/lib/amd64/server/libjvm.so
7f289d53f000-7f289d580000 rw-p 00000000 00:00 0 
7f289d580000-7f289d73b000 r-xp 00000000 08:02 1309200                    /lib/x86_64-linux-gnu/libc-2.19.so
7f289d73b000-7f289d93a000 ---p 001bb000 08:02 1309200                    /lib/x86_64-linux-gnu/libc-2.19.so
7f289d93a000-7f289d93e000 r--p 001ba000 08:02 1309200                    /lib/x86_64-linux-gnu/libc-2.19.so
7f289d93e000-7f289d940000 rw-p 001be000 08:02 1309200                    /lib/x86_64-linux-gnu/libc-2.19.so
7f289d940000-7f289d945000 rw-p 00000000 00:00 0 
7f289d945000-7f289d948000 r-xp 00000000 08:02 1309153                    /lib/x86_64-linux-gnu/libdl-2.19.so
7f289d948000-7f289db47000 ---p 00003000 08:02 1309153                    /lib/x86_64-linux-gnu/libdl-2.19.so
7f289db47000-7f289db48000 r--p 00002000 08:02 1309153                    /lib/x86_64-linux-gnu/libdl-2.19.so
7f289db48000-7f289db49000 rw-p 00003000 08:02 1309153                    /lib/x86_64-linux-gnu/libdl-2.19.so
7f289db49000-7f289db5e000 r-xp 00000000 08:02 2233709                    /usr/lib/jvm/java-7-oracle/lib/amd64/jli/libjli.so
7f289db5e000-7f289dd5d000 ---p 00015000 08:02 2233709                    /usr/lib/jvm/java-7-oracle/lib/amd64/jli/libjli.so
7f289dd5d000-7f289dd5e000 rw-p 00014000 08:02 2233709                    /usr/lib/jvm/java-7-oracle/lib/amd64/jli/libjli.so
7f289dd5e000-7f289dd77000 r-xp 00000000 08:02 1309201                    /lib/x86_64-linux-gnu/libpthread-2.19.so
7f289dd77000-7f289df76000 ---p 00019000 08:02 1309201                    /lib/x86_64-linux-gnu/libpthread-2.19.so
7f289df76000-7f289df77000 r--p 00018000 08:02 1309201                    /lib/x86_64-linux-gnu/libpthread-2.19.so
7f289df77000-7f289df78000 rw-p 00019000 08:02 1309201                    /lib/x86_64-linux-gnu/libpthread-2.19.so
7f289df78000-7f289df7c000 rw-p 00000000 00:00 0 
7f289df7c000-7f289df9f000 r-xp 00000000 08:02 1309176                    /lib/x86_64-linux-gnu/ld-2.19.so
7f289dfa7000-7f289dfa8000 rw-p 00000000 00:00 0 
7f289dfa8000-7f289dfb7000 r--s 000dd000 08:02 922509                     /root/Android/Sdk/build-tools/21.1.2/lib/dx.jar
7f289dfb7000-7f289dfc1000 rw-p 00000000 00:00 0 
7f289dfc1000-7f289e077000 rw-p 00000000 00:00 0 
7f289e077000-7f289e07a000 ---p 00000000 00:00 0 
7f289e07a000-7f289e192000 rw-p 00000000 00:00 0                          [stack:15261]
7f289e192000-7f289e19a000 rw-s 00000000 08:02 1447829                    /tmp/hsperfdata_root/15257
7f289e19a000-7f289e19b000 rw-p 00000000 00:00 0 
7f289e19b000-7f289e19c000 ---p 00000000 00:00 0 
7f289e19c000-7f289e19e000 rw-p 00000000 00:00 0 
7f289e19e000-7f289e19f000 r--p 00022000 08:02 1309176                    /lib/x86_64-linux-gnu/ld-2.19.so
7f289e19f000-7f289e1a0000 rw-p 00023000 08:02 1309176                    /lib/x86_64-linux-gnu/ld-2.19.so
7f289e1a0000-7f289e1a1000 rw-p 00000000 00:00 0 
7fffb728e000-7fffb72af000 rw-p 00000000 00:00 0                          [stack]
7fffb7378000-7fffb737a000 r-xp 00000000 00:00 0                          [vdso]
ffffffffff600000-ffffffffff601000 r-xp 00000000 00:00 0                  [vsyscall]

VM Arguments:
jvm_args: -Xmx1024M -Dfile.encoding=UTF-8 -Duser.country=US -Duser.language=en -Duser.variant 
java_command: com.android.dx.command.Main --dex --output /home/skylar/Desktop/cmps121-hw3/Local-BB/app/build/intermediates/pre-dexed/debug/classes-04200a09f1bceae3e6430342b4b89d295a671f7c.jar /home/skylar/Desktop/cmps121-hw3/Local-BB/app/build/intermediates/exploded-aar/com.google.android.gms/play-services-ads/7.0.0/classes.jar
Launcher Type: SUN_STANDARD

Environment Variables:
CLASSPATH=/home/skylar/Documents/dev/android-studio/bin/../lib/bootstrap.jar:/home/skylar/Documents/dev/android-studio/bin/../lib/extensions.jar:/home/skylar/Documents/dev/android-studio/bin/../lib/util.jar:/home/skylar/Documents/dev/android-studio/bin/../lib/jdom.jar:/home/skylar/Documents/dev/android-studio/bin/../lib/log4j.jar:/home/skylar/Documents/dev/android-studio/bin/../lib/trove4j.jar:/home/skylar/Documents/dev/android-studio/bin/../lib/jna.jar:/usr/lib/jvm/java-7-oracle/lib/tools.jar
PATH=/usr/local/sbin:/usr/local/bin:/usr/sbin:/usr/bin:/sbin:/bin
USERNAME=root
LD_LIBRARY_PATH=/home/skylar/Documents/dev/android-studio/bin:
SHELL=/bin/bash
DISPLAY=:0

Signal Handlers:
SIGSEGV: [libjvm.so+0x9a3b20], sa_mask[0]=0x7ffbfeff, sa_flags=0x10000004
SIGBUS: [libjvm.so+0x9a3b20], sa_mask[0]=0x7ffbfeff, sa_flags=0x10000004
SIGFPE: [libjvm.so+0x81e740], sa_mask[0]=0x7ffbfeff, sa_flags=0x10000004
SIGPIPE: [libjvm.so+0x81e740], sa_mask[0]=0x7ffbfeff, sa_flags=0x10000004
SIGXFSZ: [libjvm.so+0x81e740], sa_mask[0]=0x7ffbfeff, sa_flags=0x10000004
SIGILL: [libjvm.so+0x81e740], sa_mask[0]=0x7ffbfeff, sa_flags=0x10000004
SIGUSR1: SIG_DFL, sa_mask[0]=0x00000000, sa_flags=0x00000000
SIGUSR2: [libjvm.so+0x81ffb0], sa_mask[0]=0x00000004, sa_flags=0x10000004
SIGHUP: [libjvm.so+0x8210d0], sa_mask[0]=0x7ffbfeff, sa_flags=0x10000004
SIGINT: [libjvm.so+0x8210d0], sa_mask[0]=0x7ffbfeff, sa_flags=0x10000004
SIGTERM: [libjvm.so+0x8210d0], sa_mask[0]=0x7ffbfeff, sa_flags=0x10000004
SIGQUIT: [libjvm.so+0x8210d0], sa_mask[0]=0x7ffbfeff, sa_flags=0x10000004


---------------  S Y S T E M  ---------------

OS:jessie/sid

uname:Linux 3.13.0-37-generic #64-Ubuntu SMP Mon Sep 22 21:28:38 UTC 2014 x86_64
libc:glibc 2.19 NPTL 2.19 
rlimit: STACK 8192k, CORE 0k, NPROC 30044, NOFILE 4096, AS infinity
load average:6.57 2.12 1.23

/proc/meminfo:
MemTotal:        3928868 kB
MemFree:           93632 kB
Buffers:             252 kB
Cached:           334660 kB
SwapCached:            0 kB
Active:          3319020 kB
Inactive:         321312 kB
Active(anon):    3308728 kB
Inactive(anon):   311960 kB
Active(file):      10292 kB
Inactive(file):     9352 kB
Unevictable:         400 kB
Mlocked:             400 kB
SwapTotal:             0 kB
SwapFree:              0 kB
Dirty:                72 kB
Writeback:             0 kB
AnonPages:       3306584 kB
Mapped:            73268 kB
Shmem:            314504 kB
Slab:              69776 kB
SReclaimable:      28228 kB
SUnreclaim:        41548 kB
KernelStack:        5952 kB
PageTables:        44772 kB
NFS_Unstable:          0 kB
Bounce:                0 kB
WritebackTmp:          0 kB
CommitLimit:     1964432 kB
Committed_AS:    8191848 kB
VmallocTotal:   34359738367 kB
VmallocUsed:      347468 kB
VmallocChunk:   34359300732 kB
HardwareCorrupted:     0 kB
AnonHugePages:   1478656 kB
HugePages_Total:       0
HugePages_Free:        0
HugePages_Rsvd:        0
HugePages_Surp:        0
Hugepagesize:       2048 kB
DirectMap4k:      108224 kB
DirectMap2M:     3966976 kB


CPU:total 4 (4 cores per cpu, 1 threads per core) family 6 model 55 stepping 8, cmov, cx8, fxsr, mmx, sse, sse2, sse3, ssse3, sse4.1, sse4.2, popcnt, erms, tsc, tscinvbit

/proc/cpuinfo:
processor	: 0
vendor_id	: GenuineIntel
cpu family	: 6
model		: 55
model name	: Intel(R) Pentium(R) CPU  N3530  @ 2.16GHz
stepping	: 8
microcode	: 0x829
cpu MHz		: 2159.000
cache size	: 1024 KB
physical id	: 0
siblings	: 4
core id		: 0
cpu cores	: 4
apicid		: 0
initial apicid	: 0
fpu		: yes
fpu_exception	: yes
cpuid level	: 11
wp		: yes
flags		: fpu vme de pse tsc msr pae mce cx8 apic sep mtrr pge mca cmov pat pse36 clflush dts acpi mmx fxsr sse sse2 ss ht tm pbe syscall nx rdtscp lm constant_tsc arch_perfmon pebs bts rep_good nopl xtopology nonstop_tsc aperfmperf pni pclmulqdq dtes64 monitor ds_cpl vmx est tm2 ssse3 cx16 xtpr pdcm sse4_1 sse4_2 movbe popcnt tsc_deadline_timer rdrand lahf_lm 3dnowprefetch ida arat epb dtherm tpr_shadow vnmi flexpriority ept vpid tsc_adjust smep erms
bogomips	: 4332.97
clflush size	: 64
cache_alignment	: 64
address sizes	: 36 bits physical, 48 bits virtual
power management:

processor	: 1
vendor_id	: GenuineIntel
cpu family	: 6
model		: 55
model name	: Intel(R) Pentium(R) CPU  N3530  @ 2.16GHz
stepping	: 8
microcode	: 0x829
cpu MHz		: 2159.000
cache size	: 1024 KB
physical id	: 0
siblings	: 4
core id		: 1
cpu cores	: 4
apicid		: 2
initial apicid	: 2
fpu		: yes
fpu_exception	: yes
cpuid level	: 11
wp		: yes
flags		: fpu vme de pse tsc msr pae mce cx8 apic sep mtrr pge mca cmov pat pse36 clflush dts acpi mmx fxsr sse sse2 ss ht tm pbe syscall nx rdtscp lm constant_tsc arch_perfmon pebs bts rep_good nopl xtopology nonstop_tsc aperfmperf pni pclmulqdq dtes64 monitor ds_cpl vmx est tm2 ssse3 cx16 xtpr pdcm sse4_1 sse4_2 movbe popcnt tsc_deadline_timer rdrand lahf_lm 3dnowprefetch ida arat epb dtherm tpr_shadow vnmi flexpriority ept vpid tsc_adjust smep erms
bogomips	: 4332.97
clflush size	: 64
cache_alignment	: 64
address sizes	: 36 bits physical, 48 bits virtual
power management:

processor	: 2
vendor_id	: GenuineIntel
cpu family	: 6
model		: 55
model name	: Intel(R) Pentium(R) CPU  N3530  @ 2.16GHz
stepping	: 8
microcode	: 0x829
cpu MHz		: 2159.000
cache size	: 1024 KB
physical id	: 0
siblings	: 4
core id		: 2
cpu cores	: 4
apicid		: 4
initial apicid	: 4
fpu		: yes
fpu_exception	: yes
cpuid level	: 11
wp		: yes
flags		: fpu vme de pse tsc msr pae mce cx8 apic sep mtrr pge mca cmov pat pse36 clflush dts acpi mmx fxsr sse sse2 ss ht tm pbe syscall nx rdtscp lm constant_tsc arch_perfmon pebs bts rep_good nopl xtopology nonstop_tsc aperfmperf pni pclmulqdq dtes64 monitor ds_cpl vmx est tm2 ssse3 cx16 xtpr pdcm sse4_1 sse4_2 movbe popcnt tsc_deadline_timer rdrand lahf_lm 3dnowprefetch ida arat epb dtherm tpr_shadow vnmi flexpriority ept vpid tsc_adjust smep erms
bogomips	: 4332.97
clflush size	: 64
cache_alignment	: 64
address sizes	: 36 bits physical, 48 bits virtual
power management:

processor	: 3
vendor_id	: GenuineIntel
cpu family	: 6
model		: 55
model name	: Intel(R) Pentium(R) CPU  N3530  @ 2.16GHz
stepping	: 8
microcode	: 0x829
cpu MHz		: 2159.000
cache size	: 1024 KB
physical id	: 0
siblings	: 4
core id		: 3
cpu cores	: 4
apicid		: 6
initial apicid	: 6
fpu		: yes
fpu_exception	: yes
cpuid level	: 11
wp		: yes
flags		: fpu vme de pse tsc msr pae mce cx8 apic sep mtrr pge mca cmov pat pse36 clflush dts acpi mmx fxsr sse sse2 ss ht tm pbe syscall nx rdtscp lm constant_tsc arch_perfmon pebs bts rep_good nopl xtopology nonstop_tsc aperfmperf pni pclmulqdq dtes64 monitor ds_cpl vmx est tm2 ssse3 cx16 xtpr pdcm sse4_1 sse4_2 movbe popcnt tsc_deadline_timer rdrand lahf_lm 3dnowprefetch ida arat epb dtherm tpr_shadow vnmi flexpriority ept vpid tsc_adjust smep erms
bogomips	: 4332.97
clflush size	: 64
cache_alignment	: 64
address sizes	: 36 bits physical, 48 bits virtual
power management:



Memory: 4k page, physical 3928868k(94632k free), swap 0k(0k free)

vm_info: Java HotSpot(TM) 64-Bit Server VM (24.80-b11) for linux-amd64 JRE (1.7.0_80-b15), built on Apr 10 2015 19:53:14 by "java_re" with gcc 4.3.0 20080428 (Red Hat 4.3.0-8)

time: Wed May  6 20:27:11 2015
elapsed time: 28 seconds

