#
# There is insufficient memory for the Java Runtime Environment to continue.
# Native memory allocation (malloc) failed to allocate 74973184 bytes for committing reserved memory.
# Possible reasons:
#   The system is out of physical RAM or swap space
#   In 32 bit mode, the process size limit was hit
# Possible solutions:
#   Reduce memory load on the system
#   Increase physical memory or swap space
#   Check if swap backing store is full
#   Use 64 bit Java on a 64 bit OS
#   Decrease Java heap size (-Xmx/-Xms)
#   Decrease number of Java threads
#   Decrease Java thread stack sizes (-Xss)
#   Set larger code cache with -XX:ReservedCodeCacheSize=
# This output file may be truncated or incomplete.
#
#  Out of Memory Error (os_linux.cpp:2756), pid=13301, tid=140526543623936
#
# JRE version: Java(TM) SE Runtime Environment (7.0_80-b15) (build 1.7.0_80-b15)
# Java VM: Java HotSpot(TM) 64-Bit Server VM (24.80-b11 mixed mode linux-amd64 compressed oops)
# Failed to write core dump. Core dumps have been disabled. To enable core dumping, try "ulimit -c unlimited" before starting Java again
#

---------------  T H R E A D  ---------------

Current thread (0x00007fcee806b800):  VMThread [stack: 0x00007fcee2a6d000,0x00007fcee2b6e000] [id=13311]

Stack: [0x00007fcee2a6d000,0x00007fcee2b6e000],  sp=0x00007fcee2b6c2c0,  free space=1020k
Native frames: (J=compiled Java code, j=interpreted, Vv=VM code, C=native code)
V  [libjvm.so+0x9a320a]  VMError::report_and_die()+0x2ea
V  [libjvm.so+0x498d3b]  report_vm_out_of_memory(char const*, int, unsigned long, char const*)+0x9b
V  [libjvm.so+0x82191e]  os::Linux::commit_memory_impl(char*, unsigned long, bool)+0xfe
V  [libjvm.so+0x821e69]  os::pd_commit_memory(char*, unsigned long, unsigned long, bool)+0x29
V  [libjvm.so+0x81bb6a]  os::commit_memory(char*, unsigned long, unsigned long, bool)+0x2a
V  [libjvm.so+0x88d623]  PSVirtualSpace::expand_by(unsigned long)+0x53
V  [libjvm.so+0x88e9f8]  PSYoungGen::resize_generation(unsigned long, unsigned long)+0xf8
V  [libjvm.so+0x88db62]  PSYoungGen::resize(unsigned long, unsigned long)+0x22
V  [libjvm.so+0x88af1d]  PSScavenge::invoke_no_policy()+0xf3d
V  [libjvm.so+0x88b761]  PSScavenge::invoke()+0x41
V  [libjvm.so+0x843f40]  ParallelScavengeHeap::failed_mem_allocate(unsigned long)+0x70
V  [libjvm.so+0x9a4a97]  VM_ParallelGCFailedAllocation::doit()+0x97
V  [libjvm.so+0x9abf35]  VM_Operation::evaluate()+0x55
V  [libjvm.so+0x9aa2fa]  VMThread::evaluate_operation(VM_Operation*)+0xba
V  [libjvm.so+0x9aa67e]  VMThread::loop()+0x1ce
V  [libjvm.so+0x9aaaf0]  VMThread::run()+0x70
V  [libjvm.so+0x8238c8]  java_start(Thread*)+0x108

VM_Operation (0x00007fcef0926370): ParallelGCFailedAllocation, mode: safepoint, requested by thread 0x00007fcee800b800


---------------  P R O C E S S  ---------------

Java Threads: ( => current thread )
  0x00007fcee80a2800 JavaThread "Service Thread" daemon [_thread_blocked, id=13317, stack(0x00007fcee219e000,0x00007fcee229f000)]
  0x00007fcee80a0000 JavaThread "C2 CompilerThread1" daemon [_thread_blocked, id=13316, stack(0x00007fcee229f000,0x00007fcee23a0000)]
  0x00007fcee809d000 JavaThread "C2 CompilerThread0" daemon [_thread_blocked, id=13315, stack(0x00007fcee23a0000,0x00007fcee24a1000)]
  0x00007fcee809b000 JavaThread "Signal Dispatcher" daemon [_thread_blocked, id=13314, stack(0x00007fcee24a1000,0x00007fcee25a2000)]
  0x00007fcee8072000 JavaThread "Finalizer" daemon [_thread_blocked, id=13313, stack(0x00007fcee286b000,0x00007fcee296c000)]
  0x00007fcee8070000 JavaThread "Reference Handler" daemon [_thread_blocked, id=13312, stack(0x00007fcee296c000,0x00007fcee2a6d000)]
  0x00007fcee800b800 JavaThread "main" [_thread_blocked, id=13306, stack(0x00007fcef0827000,0x00007fcef0928000)]

Other Threads:
=>0x00007fcee806b800 VMThread [stack: 0x00007fcee2a6d000,0x00007fcee2b6e000] [id=13311]
  0x00007fcee80a5000 WatcherThread [stack: 0x00007fcee209d000,0x00007fcee219e000] [id=13318]

VM state:at safepoint (normal execution)

VM Mutex/Monitor currently owned by a thread:  ([mutex/lock_event])
[0x00007fcee8008070] Threads_lock - owner thread: 0x00007fcee806b800
[0x00007fcee8008570] Heap_lock - owner thread: 0x00007fcee800b800

Heap
 PSYoungGen      total 185344K, used 14316K [0x00000000eaa80000, 0x00000000f7d00000, 0x0000000100000000)
  eden space 171008K, 0% used [0x00000000eaa80000,0x00000000eaa80000,0x00000000f5180000)
  from space 14336K, 99% used [0x00000000f6100000,0x00000000f6efb350,0x00000000f6f00000)
  to   space 9216K, 0% used [0x00000000f7400000,0x00000000f7400000,0x00000000f7d00000)
 ParOldGen       total 47616K, used 33506K [0x00000000c0000000, 0x00000000c2e80000, 0x00000000eaa80000)
  object space 47616K, 70% used [0x00000000c0000000,0x00000000c20b8bf8,0x00000000c2e80000)
 PSPermGen       total 21504K, used 6935K [0x00000000bae00000, 0x00000000bc300000, 0x00000000c0000000)
  object space 21504K, 32% used [0x00000000bae00000,0x00000000bb4c5e40,0x00000000bc300000)

Card table byte_map: [0x00007fceed8f1000,0x00007fceedb1b000] byte_map_base: 0x00007fceed31a000

Polling page: 0x00007fcef094b000

Code Cache  [0x00007fcee5000000, 0x00007fcee5270000, 0x00007fcee8000000)
 total_blobs=1014 nmethods=765 adapters=203 free_code_cache=47019Kb largest_free_block=48102976

Compilation events (10 events):
Event: 7.645 Thread 0x00007fcee80a0000 nmethod 781 0x00007fcee52094d0 code [0x00007fcee5209640, 0x00007fcee5209898]
Event: 7.645 Thread 0x00007fcee80a0000  783             com.android.dx.io.instructions.InstructionCodec::encodeRegisterRange (26 bytes)
Event: 7.649 Thread 0x00007fcee809d000 nmethod 782 0x00007fcee5208e10 code [0x00007fcee5208f80, 0x00007fcee52091b8]
Event: 7.649 Thread 0x00007fcee809d000  784             com.android.dx.io.instructions.RegisterRangeDecodedInstruction::getRegisterCount (5 bytes)
Event: 7.649 Thread 0x00007fcee809d000 nmethod 784 0x00007fcee5208bd0 code [0x00007fcee5208d00, 0x00007fcee5208d58]
Event: 7.649 Thread 0x00007fcee809d000  785             com.android.dx.io.instructions.DecodedInstruction::getAUnit (46 bytes)
Event: 7.649 Thread 0x00007fcee80a0000 nmethod 783 0x00007fcee521fb90 code [0x00007fcee521fd00, 0x00007fcee521ff38]
Event: 7.649 Thread 0x00007fcee80a0000  786             com.android.dx.io.instructions.RegisterRangeDecodedInstruction::getA (5 bytes)
Event: 7.650 Thread 0x00007fcee80a0000 nmethod 786 0x00007fcee5217ed0 code [0x00007fcee5218000, 0x00007fcee5218058]
Event: 7.650 Thread 0x00007fcee809d000 nmethod 785 0x00007fcee521f910 code [0x00007fcee521fa60, 0x00007fcee521faf8]

GC Heap History (10 events):
Event: 5.545 GC heap after
Heap after GC invocations=7 (full 0):
 PSYoungGen      total 70144K, used 9683K [0x00000000eaa80000, 0x00000000f3580000, 0x0000000100000000)
  eden space 60416K, 0% used [0x00000000eaa80000,0x00000000eaa80000,0x00000000ee580000)
  from space 9728K, 99% used [0x00000000ee580000,0x00000000eeef4de8,0x00000000eef00000)
  to   space 10752K, 0% used [0x00000000f2b00000,0x00000000f2b00000,0x00000000f3580000)
 ParOldGen       total 40960K, used 28749K [0x00000000c0000000, 0x00000000c2800000, 0x00000000eaa80000)
  object space 40960K, 70% used [0x00000000c0000000,0x00000000c1c13690,0x00000000c2800000)
 PSPermGen       total 21504K, used 6922K [0x00000000bae00000, 0x00000000bc300000, 0x00000000c0000000)
  object space 21504K, 32% used [0x00000000bae00000,0x00000000bb4c28f8,0x00000000bc300000)
}
Event: 5.917 GC heap before
{Heap before GC invocations=8 (full 0):
 PSYoungGen      total 70144K, used 70099K [0x00000000eaa80000, 0x00000000f3580000, 0x0000000100000000)
  eden space 60416K, 100% used [0x00000000eaa80000,0x00000000ee580000,0x00000000ee580000)
  from space 9728K, 99% used [0x00000000ee580000,0x00000000eeef4de8,0x00000000eef00000)
  to   space 10752K, 0% used [0x00000000f2b00000,0x00000000f2b00000,0x00000000f3580000)
 ParOldGen       total 40960K, used 28749K [0x00000000c0000000, 0x00000000c2800000, 0x00000000eaa80000)
  object space 40960K, 70% used [0x00000000c0000000,0x00000000c1c13690,0x00000000c2800000)
 PSPermGen       total 21504K, used 6925K [0x00000000bae00000, 0x00000000bc300000, 0x00000000c0000000)
  object space 21504K, 32% used [0x00000000bae00000,0x00000000bb4c37a0,0x00000000bc300000)
Event: 5.951 GC heap after
Heap after GC invocations=8 (full 0):
 PSYoungGen      total 130560K, used 10056K [0x00000000eaa80000, 0x00000000f3780000, 0x0000000100000000)
  eden space 119808K, 0% used [0x00000000eaa80000,0x00000000eaa80000,0x00000000f1f80000)
  from space 10752K, 93% used [0x00000000f2b00000,0x00000000f34d20f8,0x00000000f3580000)
  to   space 11776K, 0% used [0x00000000f1f80000,0x00000000f1f80000,0x00000000f2b00000)
 ParOldGen       total 40960K, used 29317K [0x00000000c0000000, 0x00000000c2800000, 0x00000000eaa80000)
  object space 40960K, 71% used [0x00000000c0000000,0x00000000c1ca1690,0x00000000c2800000)
 PSPermGen       total 21504K, used 6925K [0x00000000bae00000, 0x00000000bc300000, 0x00000000c0000000)
  object space 21504K, 32% used [0x00000000bae00000,0x00000000bb4c37a0,0x00000000bc300000)
}
Event: 6.528 GC heap before
{Heap before GC invocations=9 (full 0):
 PSYoungGen      total 130560K, used 129864K [0x00000000eaa80000, 0x00000000f3780000, 0x0000000100000000)
  eden space 119808K, 100% used [0x00000000eaa80000,0x00000000f1f80000,0x00000000f1f80000)
  from space 10752K, 93% used [0x00000000f2b00000,0x00000000f34d20f8,0x00000000f3580000)
  to   space 11776K, 0% used [0x00000000f1f80000,0x00000000f1f80000,0x00000000f2b00000)
 ParOldGen       total 40960K, used 29317K [0x00000000c0000000, 0x00000000c2800000, 0x00000000eaa80000)
  object space 40960K, 71% used [0x00000000c0000000,0x00000000c1ca1690,0x00000000c2800000)
 PSPermGen       total 21504K, used 6935K [0x00000000bae00000, 0x00000000bc300000, 0x00000000c0000000)
  object space 21504K, 32% used [0x00000000bae00000,0x00000000bb4c5c38,0x00000000bc300000)
Event: 6.545 GC heap after
Heap after GC invocations=9 (full 0):
 PSYoungGen      total 131584K, used 11754K [0x00000000eaa80000, 0x00000000f8200000, 0x0000000100000000)
  eden space 119808K, 0% used [0x00000000eaa80000,0x00000000eaa80000,0x00000000f1f80000)
  from space 11776K, 99% used [0x00000000f1f80000,0x00000000f2afa828,0x00000000f2b00000)
  to   space 14336K, 0% used [0x00000000f7400000,0x00000000f7400000,0x00000000f8200000)
 ParOldGen       total 40960K, used 32634K [0x00000000c0000000, 0x00000000c2800000, 0x00000000eaa80000)
  object space 40960K, 79% used [0x00000000c0000000,0x00000000c1fde910,0x00000000c2800000)
 PSPermGen       total 21504K, used 6935K [0x00000000bae00000, 0x00000000bc300000, 0x00000000c0000000)
  object space 21504K, 32% used [0x00000000bae00000,0x00000000bb4c5c38,0x00000000bc300000)
}
Event: 6.546 GC heap before
{Heap before GC invocations=10 (full 1):
 PSYoungGen      total 131584K, used 11754K [0x00000000eaa80000, 0x00000000f8200000, 0x0000000100000000)
  eden space 119808K, 0% used [0x00000000eaa80000,0x00000000eaa80000,0x00000000f1f80000)
  from space 11776K, 99% used [0x00000000f1f80000,0x00000000f2afa828,0x00000000f2b00000)
  to   space 14336K, 0% used [0x00000000f7400000,0x00000000f7400000,0x00000000f8200000)
 ParOldGen       total 40960K, used 32634K [0x00000000c0000000, 0x00000000c2800000, 0x00000000eaa80000)
  object space 40960K, 79% used [0x00000000c0000000,0x00000000c1fde910,0x00000000c2800000)
 PSPermGen       total 21504K, used 6935K [0x00000000bae00000, 0x00000000bc300000, 0x00000000c0000000)
  object space 21504K, 32% used [0x00000000bae00000,0x00000000bb4c5c38,0x00000000bc300000)
Event: 6.648 GC heap after
Heap after GC invocations=10 (full 1):
 PSYoungGen      total 131584K, used 0K [0x00000000eaa80000, 0x00000000f8200000, 0x0000000100000000)
  eden space 119808K, 0% used [0x00000000eaa80000,0x00000000eaa80000,0x00000000f1f80000)
  from space 11776K, 0% used [0x00000000f1f80000,0x00000000f1f80000,0x00000000f2b00000)
  to   space 14336K, 0% used [0x00000000f7400000,0x00000000f7400000,0x00000000f8200000)
 ParOldGen       total 47616K, used 18230K [0x00000000c0000000, 0x00000000c2e80000, 0x00000000eaa80000)
  object space 47616K, 38% used [0x00000000c0000000,0x00000000c11cdac0,0x00000000c2e80000)
 PSPermGen       total 21504K, used 6932K [0x00000000bae00000, 0x00000000bc300000, 0x00000000c0000000)
  object space 21504K, 32% used [0x00000000bae00000,0x00000000bb4c5140,0x00000000bc300000)
}
Event: 7.085 GC heap before
{Heap before GC invocations=11 (full 1):
 PSYoungGen      total 131584K, used 119808K [0x00000000eaa80000, 0x00000000f8200000, 0x0000000100000000)
  eden space 119808K, 100% used [0x00000000eaa80000,0x00000000f1f80000,0x00000000f1f80000)
  from space 11776K, 0% used [0x00000000f1f80000,0x00000000f1f80000,0x00000000f2b00000)
  to   space 14336K, 0% used [0x00000000f7400000,0x00000000f7400000,0x00000000f8200000)
 ParOldGen       total 47616K, used 18230K [0x00000000c0000000, 0x00000000c2e80000, 0x00000000eaa80000)
  object space 47616K, 38% used [0x00000000c0000000,0x00000000c11cdac0,0x00000000c2e80000)
 PSPermGen       total 21504K, used 6934K [0x00000000bae00000, 0x00000000bc300000, 0x00000000c0000000)
  object space 21504K, 32% used [0x00000000bae00000,0x00000000bb4c5ac0,0x00000000bc300000)
Event: 7.097 GC heap after
Heap after GC invocations=11 (full 1):
 PSYoungGen      total 180224K, used 8955K [0x00000000eaa80000, 0x00000000f7d00000, 0x0000000100000000)
  eden space 171008K, 0% used [0x00000000eaa80000,0x00000000eaa80000,0x00000000f5180000)
  from space 9216K, 97% used [0x00000000f7400000,0x00000000f7cbef00,0x00000000f7d00000)
  to   space 14336K, 0% used [0x00000000f6100000,0x00000000f6100000,0x00000000f6f00000)
 ParOldGen       total 47616K, used 18230K [0x00000000c0000000, 0x00000000c2e80000, 0x00000000eaa80000)
  object space 47616K, 38% used [0x00000000c0000000,0x00000000c11cdac0,0x00000000c2e80000)
 PSPermGen       total 21504K, used 6934K [0x00000000bae00000, 0x00000000bc300000, 0x00000000c0000000)
  object space 21504K, 32% used [0x00000000bae00000,0x00000000bb4c5ac0,0x00000000bc300000)
}
Event: 7.678 GC heap before
{Heap before GC invocations=12 (full 1):
 PSYoungGen      total 180224K, used 179963K [0x00000000eaa80000, 0x00000000f7d00000, 0x0000000100000000)
  eden space 171008K, 100% used [0x00000000eaa80000,0x00000000f5180000,0x00000000f5180000)
  from space 9216K, 97% used [0x00000000f7400000,0x00000000f7cbef00,0x00000000f7d00000)
  to   space 14336K, 0% used [0x00000000f6100000,0x00000000f6100000,0x00000000f6f00000)
 ParOldGen       total 47616K, used 18230K [0x00000000c0000000, 0x00000000c2e80000, 0x00000000eaa80000)
  object space 47616K, 38% used [0x00000000c0000000,0x00000000c11cdac0,0x00000000c2e80000)
 PSPermGen       total 21504K, used 6935K [0x00000000bae00000, 0x00000000bc300000, 0x00000000c0000000)
  object space 21504K, 32% used [0x00000000bae00000,0x00000000bb4c5e40,0x00000000bc300000)

Deoptimization events (10 events):
Event: 5.512 Thread 0x00007fcee800b800 Uncommon trap: reason=array_check action=maybe_recompile pc=0x00007fcee51c6e50 method=java.util.ComparableTimSort.binarySort([Ljava/lang/Object;III)V @ 183
Event: 5.551 Thread 0x00007fcee800b800 Uncommon trap: reason=unstable_if action=reinterpret pc=0x00007fcee51c4408 method=java.util.ComparableTimSort.mergeHi(IIII)V @ 553
Event: 5.555 Thread 0x00007fcee800b800 Uncommon trap: reason=array_check action=maybe_recompile pc=0x00007fcee51c26bc method=java.util.TimSort.binarySort([Ljava/lang/Object;IIILjava/util/Comparator;)V @ 193
Event: 5.556 Thread 0x00007fcee800b800 Uncommon trap: reason=array_check action=maybe_recompile pc=0x00007fcee51c25b8 method=java.util.TimSort.binarySort([Ljava/lang/Object;IIILjava/util/Comparator;)V @ 215
Event: 5.556 Thread 0x00007fcee800b800 Uncommon trap: reason=array_check action=maybe_recompile pc=0x00007fcee51c27a4 method=java.util.TimSort.binarySort([Ljava/lang/Object;IIILjava/util/Comparator;)V @ 183
Event: 5.556 Thread 0x00007fcee800b800 Uncommon trap: reason=array_check action=maybe_recompile pc=0x00007fcee51c25b8 method=java.util.TimSort.binarySort([Ljava/lang/Object;IIILjava/util/Comparator;)V @ 215
Event: 5.802 Thread 0x00007fcee800b800 Uncommon trap: reason=array_check action=maybe_recompile pc=0x00007fcee51c6e50 method=java.util.ComparableTimSort.binarySort([Ljava/lang/Object;III)V @ 183
Event: 5.823 Thread 0x00007fcee800b800 Uncommon trap: reason=unstable_if action=reinterpret pc=0x00007fcee51ae800 method=com.android.dx.merge.DexMerger.transformAnnotationDirectory(Lcom/android/dex/Dex$Section;Lcom/android/dx/merge/IndexMap;)V @ 199
Event: 6.473 Thread 0x00007fcee800b800 Uncommon trap: reason=unstable_if action=reinterpret pc=0x00007fcee51826a8 method=java.util.ComparableTimSort.countRunAndMakeAscending([Ljava/lang/Object;II)I @ 25
Event: 7.135 Thread 0x00007fcee800b800 Uncommon trap: reason=unstable_if action=reinterpret pc=0x00007fcee520520c method=java.util.ComparableTimSort.mergeLo(IIII)V @ 506

Internal exceptions (10 events):
Event: 3.791 Thread 0x00007fcee800b800 Threw 0x00000000eb97b0f0 at /HUDSON/workspace/7u-2-build-linux-amd64/jdk7u80/2329/hotspot/src/share/vm/prims/jvm.cpp:1319
Event: 3.792 Thread 0x00007fcee800b800 Threw 0x00000000eb97e260 at /HUDSON/workspace/7u-2-build-linux-amd64/jdk7u80/2329/hotspot/src/share/vm/prims/jvm.cpp:1319
Event: 3.807 Thread 0x00007fcee800b800 Threw 0x00000000eaa81538 at /HUDSON/workspace/7u-2-build-linux-amd64/jdk7u80/2329/hotspot/src/share/vm/prims/jvm.cpp:1319
Event: 3.811 Thread 0x00007fcee800b800 Threw 0x00000000eaa866b0 at /HUDSON/workspace/7u-2-build-linux-amd64/jdk7u80/2329/hotspot/src/share/vm/prims/jvm.cpp:1319
Event: 3.812 Thread 0x00007fcee800b800 Threw 0x00000000eaa89370 at /HUDSON/workspace/7u-2-build-linux-amd64/jdk7u80/2329/hotspot/src/share/vm/prims/jvm.cpp:1319
Event: 3.813 Thread 0x00007fcee800b800 Threw 0x00000000eaa8c1f0 at /HUDSON/workspace/7u-2-build-linux-amd64/jdk7u80/2329/hotspot/src/share/vm/prims/jvm.cpp:1319
Event: 3.814 Thread 0x00007fcee800b800 Threw 0x00000000eaa8f4a8 at /HUDSON/workspace/7u-2-build-linux-amd64/jdk7u80/2329/hotspot/src/share/vm/prims/jvm.cpp:1319
Event: 3.820 Thread 0x00007fcee800b800 Threw 0x00000000eaad6790 at /HUDSON/workspace/7u-2-build-linux-amd64/jdk7u80/2329/hotspot/src/share/vm/prims/jvm.cpp:1319
Event: 3.821 Thread 0x00007fcee800b800 Threw 0x00000000eaad8778 at /HUDSON/workspace/7u-2-build-linux-amd64/jdk7u80/2329/hotspot/src/share/vm/prims/jvm.cpp:1319
Event: 4.508 Thread 0x00007fcee800b800 Threw 0x00000000ec012100 at /HUDSON/workspace/7u-2-build-linux-amd64/jdk7u80/2329/hotspot/src/share/vm/prims/jvm.cpp:1319

Events (10 events):
Event: 6.650 Executing VM operation: RevokeBias done
Event: 6.650 Executing VM operation: RevokeBias
Event: 6.650 Executing VM operation: RevokeBias done
Event: 7.085 Executing VM operation: ParallelGCFailedAllocation
Event: 7.097 Executing VM operation: ParallelGCFailedAllocation done
Event: 7.135 Thread 0x00007fcee800b800 Uncommon trap: trap_request=0xffffff75 fr.pc=0x00007fcee520520c
Event: 7.135 Thread 0x00007fcee800b800 DEOPT PACKING pc=0x00007fcee520520c sp=0x00007fcef0926330
Event: 7.135 Thread 0x00007fcee800b800 DEOPT UNPACKING pc=0x00007fcee5039045 sp=0x00007fcef0926338 mode 2
Event: 7.382 Thread 0x00007fcee80a0000 flushing nmethod 0x00007fcee5187790
Event: 7.678 Executing VM operation: ParallelGCFailedAllocation


Dynamic libraries:
00400000-00401000 r-xp 00000000 08:02 2235145                            /usr/lib/jvm/java-7-oracle/bin/java
00600000-00601000 rw-p 00000000 08:02 2235145                            /usr/lib/jvm/java-7-oracle/bin/java
01a99000-01aba000 rw-p 00000000 00:00 0                                  [heap]
bae00000-bc300000 rw-p 00000000 00:00 0 
bc300000-c0000000 rw-p 00000000 00:00 0 
c0000000-c2e80000 rw-p 00000000 00:00 0 
c2e80000-eaa80000 rw-p 00000000 00:00 0 
eaa80000-f7d00000 rw-p 00000000 00:00 0 
fc480000-100000000 rw-p 00000000 00:00 0 
7fceb0000000-7fceb0021000 rw-p 00000000 00:00 0 
7fceb0021000-7fceb4000000 ---p 00000000 00:00 0 
7fceb4000000-7fceb4021000 rw-p 00000000 00:00 0 
7fceb4021000-7fceb8000000 ---p 00000000 00:00 0 
7fceb8000000-7fceb8966000 rw-p 00000000 00:00 0 
7fceb8966000-7fcebc000000 ---p 00000000 00:00 0 
7fcebc000000-7fcebcc97000 rw-p 00000000 00:00 0 
7fcebcc97000-7fcec0000000 ---p 00000000 00:00 0 
7fcec0000000-7fcec0021000 rw-p 00000000 00:00 0 
7fcec0021000-7fcec4000000 ---p 00000000 00:00 0 
7fcec4000000-7fcec4021000 rw-p 00000000 00:00 0 
7fcec4021000-7fcec8000000 ---p 00000000 00:00 0 
7fcec8000000-7fcec80e3000 rw-p 00000000 00:00 0 
7fcec80e3000-7fcecc000000 ---p 00000000 00:00 0 
7fcecc000000-7fcecc021000 rw-p 00000000 00:00 0 
7fcecc021000-7fced0000000 ---p 00000000 00:00 0 
7fced0000000-7fced0021000 rw-p 00000000 00:00 0 
7fced0021000-7fced4000000 ---p 00000000 00:00 0 
7fced4000000-7fced4021000 rw-p 00000000 00:00 0 
7fced4021000-7fced8000000 ---p 00000000 00:00 0 
7fced8000000-7fced8021000 rw-p 00000000 00:00 0 
7fced8021000-7fcedc000000 ---p 00000000 00:00 0 
7fcedc000000-7fcedc021000 rw-p 00000000 00:00 0 
7fcedc021000-7fcee0000000 ---p 00000000 00:00 0 
7fcee1b08000-7fcee1c75000 rw-p 00000000 00:00 0 
7fcee1c75000-7fcee1c8c000 r-xp 00000000 08:02 2232763                    /usr/lib/jvm/java-7-oracle/jre/lib/amd64/libnet.so
7fcee1c8c000-7fcee1e8b000 ---p 00017000 08:02 2232763                    /usr/lib/jvm/java-7-oracle/jre/lib/amd64/libnet.so
7fcee1e8b000-7fcee1e8c000 rw-p 00016000 08:02 2232763                    /usr/lib/jvm/java-7-oracle/jre/lib/amd64/libnet.so
7fcee1e8c000-7fcee1e9c000 r-xp 00000000 08:02 2232777                    /usr/lib/jvm/java-7-oracle/jre/lib/amd64/libnio.so
7fcee1e9c000-7fcee209c000 ---p 00010000 08:02 2232777                    /usr/lib/jvm/java-7-oracle/jre/lib/amd64/libnio.so
7fcee209c000-7fcee209d000 rw-p 00010000 08:02 2232777                    /usr/lib/jvm/java-7-oracle/jre/lib/amd64/libnio.so
7fcee209d000-7fcee209e000 ---p 00000000 00:00 0 
7fcee209e000-7fcee219e000 rw-p 00000000 00:00 0                          [stack:13318]
7fcee219e000-7fcee21a1000 ---p 00000000 00:00 0 
7fcee21a1000-7fcee229f000 rw-p 00000000 00:00 0                          [stack:13317]
7fcee229f000-7fcee22a2000 ---p 00000000 00:00 0 
7fcee22a2000-7fcee23a0000 rw-p 00000000 00:00 0                          [stack:13316]
7fcee23a0000-7fcee23a3000 ---p 00000000 00:00 0 
7fcee23a3000-7fcee24a1000 rw-p 00000000 00:00 0                          [stack:13315]
7fcee24a1000-7fcee24a4000 ---p 00000000 00:00 0 
7fcee24a4000-7fcee25a2000 rw-p 00000000 00:00 0                          [stack:13314]
7fcee25a2000-7fcee286b000 r--p 00000000 08:02 2100321                    /usr/lib/locale/locale-archive
7fcee286b000-7fcee286e000 ---p 00000000 00:00 0 
7fcee286e000-7fcee296c000 rw-p 00000000 00:00 0                          [stack:13313]
7fcee296c000-7fcee296f000 ---p 00000000 00:00 0 
7fcee296f000-7fcee2a6d000 rw-p 00000000 00:00 0                          [stack:13312]
7fcee2a6d000-7fcee2a6e000 ---p 00000000 00:00 0 
7fcee2a6e000-7fcee5000000 rw-p 00000000 00:00 0                          [stack:13311]
7fcee5000000-7fcee5270000 rwxp 00000000 00:00 0 
7fcee5270000-7fcee8225000 rw-p 00000000 00:00 0 
7fcee8225000-7fceec000000 ---p 00000000 00:00 0 
7fceec08f000-7fceece8c000 rw-p 00000000 00:00 0 
7fceece8c000-7fceed04c000 r--s 039fb000 08:02 2232736                    /usr/lib/jvm/java-7-oracle/jre/lib/rt.jar
7fceed04c000-7fceed36e000 rw-p 00000000 00:00 0 
7fceed36e000-7fceed36f000 ---p 00000000 00:00 0 
7fceed36f000-7fceed46f000 rw-p 00000000 00:00 0                          [stack:13310]
7fceed46f000-7fceed470000 ---p 00000000 00:00 0 
7fceed470000-7fceed570000 rw-p 00000000 00:00 0                          [stack:13309]
7fceed570000-7fceed571000 ---p 00000000 00:00 0 
7fceed571000-7fceed671000 rw-p 00000000 00:00 0                          [stack:13308]
7fceed671000-7fceed672000 ---p 00000000 00:00 0 
7fceed672000-7fceed77d000 rw-p 00000000 00:00 0                          [stack:13307]
7fceed77d000-7fceed79b000 rw-p 00000000 00:00 0 
7fceed79b000-7fceed7b3000 rw-p 00000000 00:00 0 
7fceed7b3000-7fceed8f1000 rw-p 00000000 00:00 0 
7fceed8f1000-7fceed8fc000 rw-p 00000000 00:00 0 
7fceed8fc000-7fceed91a000 rw-p 00000000 00:00 0 
7fceed91a000-7fceed932000 rw-p 00000000 00:00 0 
7fceed932000-7fceeda6f000 rw-p 00000000 00:00 0 
7fceeda6f000-7fceedad9000 rw-p 00000000 00:00 0 
7fceedad9000-7fceedadb000 ---p 00000000 00:00 0 
7fceedadb000-7fceedb1a000 rw-p 00000000 00:00 0 
7fceedb1a000-7fceedb1b000 rw-p 00000000 00:00 0 
7fceedb1b000-7fceedb32000 r-xp 00000000 08:02 2232787                    /usr/lib/jvm/java-7-oracle/jre/lib/amd64/libzip.so
7fceedb32000-7fceedd32000 ---p 00017000 08:02 2232787                    /usr/lib/jvm/java-7-oracle/jre/lib/amd64/libzip.so
7fceedd32000-7fceedd33000 rw-p 00017000 08:02 2232787                    /usr/lib/jvm/java-7-oracle/jre/lib/amd64/libzip.so
7fceedd33000-7fceedd3e000 r-xp 00000000 08:02 1309150                    /lib/x86_64-linux-gnu/libnss_files-2.19.so
7fceedd3e000-7fceedf3d000 ---p 0000b000 08:02 1309150                    /lib/x86_64-linux-gnu/libnss_files-2.19.so
7fceedf3d000-7fceedf3e000 r--p 0000a000 08:02 1309150                    /lib/x86_64-linux-gnu/libnss_files-2.19.so
7fceedf3e000-7fceedf3f000 rw-p 0000b000 08:02 1309150                    /lib/x86_64-linux-gnu/libnss_files-2.19.so
7fceedf3f000-7fceedf4a000 r-xp 00000000 08:02 1309214                    /lib/x86_64-linux-gnu/libnss_nis-2.19.so
7fceedf4a000-7fceee149000 ---p 0000b000 08:02 1309214                    /lib/x86_64-linux-gnu/libnss_nis-2.19.so
7fceee149000-7fceee14a000 r--p 0000a000 08:02 1309214                    /lib/x86_64-linux-gnu/libnss_nis-2.19.so
7fceee14a000-7fceee14b000 rw-p 0000b000 08:02 1309214                    /lib/x86_64-linux-gnu/libnss_nis-2.19.so
7fceee14b000-7fceee162000 r-xp 00000000 08:02 1309172                    /lib/x86_64-linux-gnu/libnsl-2.19.so
7fceee162000-7fceee361000 ---p 00017000 08:02 1309172                    /lib/x86_64-linux-gnu/libnsl-2.19.so
7fceee361000-7fceee362000 r--p 00016000 08:02 1309172                    /lib/x86_64-linux-gnu/libnsl-2.19.so
7fceee362000-7fceee363000 rw-p 00017000 08:02 1309172                    /lib/x86_64-linux-gnu/libnsl-2.19.so
7fceee363000-7fceee365000 rw-p 00000000 00:00 0 
7fceee365000-7fceee36e000 r-xp 00000000 08:02 1309171                    /lib/x86_64-linux-gnu/libnss_compat-2.19.so
7fceee36e000-7fceee56d000 ---p 00009000 08:02 1309171                    /lib/x86_64-linux-gnu/libnss_compat-2.19.so
7fceee56d000-7fceee56e000 r--p 00008000 08:02 1309171                    /lib/x86_64-linux-gnu/libnss_compat-2.19.so
7fceee56e000-7fceee56f000 rw-p 00009000 08:02 1309171                    /lib/x86_64-linux-gnu/libnss_compat-2.19.so
7fceee56f000-7fceee598000 r-xp 00000000 08:02 2232770                    /usr/lib/jvm/java-7-oracle/jre/lib/amd64/libjava.so
7fceee598000-7fceee798000 ---p 00029000 08:02 2232770                    /usr/lib/jvm/java-7-oracle/jre/lib/amd64/libjava.so
7fceee798000-7fceee79a000 rw-p 00029000 08:02 2232770                    /usr/lib/jvm/java-7-oracle/jre/lib/amd64/libjava.so
7fceee79a000-7fceee7a7000 r-xp 00000000 08:02 2232752                    /usr/lib/jvm/java-7-oracle/jre/lib/amd64/libverify.so
7fceee7a7000-7fceee9a6000 ---p 0000d000 08:02 2232752                    /usr/lib/jvm/java-7-oracle/jre/lib/amd64/libverify.so
7fceee9a6000-7fceee9a8000 rw-p 0000c000 08:02 2232752                    /usr/lib/jvm/java-7-oracle/jre/lib/amd64/libverify.so
7fceee9a8000-7fceee9af000 r-xp 00000000 08:02 1309211                    /lib/x86_64-linux-gnu/librt-2.19.so
7fceee9af000-7fceeebae000 ---p 00007000 08:02 1309211                    /lib/x86_64-linux-gnu/librt-2.19.so
7fceeebae000-7fceeebaf000 r--p 00006000 08:02 1309211                    /lib/x86_64-linux-gnu/librt-2.19.so
7fceeebaf000-7fceeebb0000 rw-p 00007000 08:02 1309211                    /lib/x86_64-linux-gnu/librt-2.19.so
7fceeebb0000-7fceeecb5000 r-xp 00000000 08:02 1309149                    /lib/x86_64-linux-gnu/libm-2.19.so
7fceeecb5000-7fceeeeb4000 ---p 00105000 08:02 1309149                    /lib/x86_64-linux-gnu/libm-2.19.so
7fceeeeb4000-7fceeeeb5000 r--p 00104000 08:02 1309149                    /lib/x86_64-linux-gnu/libm-2.19.so
7fceeeeb5000-7fceeeeb6000 rw-p 00105000 08:02 1309149                    /lib/x86_64-linux-gnu/libm-2.19.so
7fceeeeb6000-7fceefa2c000 r-xp 00000000 08:02 2232774                    /usr/lib/jvm/java-7-oracle/jre/lib/amd64/server/libjvm.so
7fceefa2c000-7fceefc2b000 ---p 00b76000 08:02 2232774                    /usr/lib/jvm/java-7-oracle/jre/lib/amd64/server/libjvm.so
7fceefc2b000-7fceefcef000 rw-p 00b75000 08:02 2232774                    /usr/lib/jvm/java-7-oracle/jre/lib/amd64/server/libjvm.so
7fceefcef000-7fceefd30000 rw-p 00000000 00:00 0 
7fceefd30000-7fceefeeb000 r-xp 00000000 08:02 1309200                    /lib/x86_64-linux-gnu/libc-2.19.so
7fceefeeb000-7fcef00ea000 ---p 001bb000 08:02 1309200                    /lib/x86_64-linux-gnu/libc-2.19.so
7fcef00ea000-7fcef00ee000 r--p 001ba000 08:02 1309200                    /lib/x86_64-linux-gnu/libc-2.19.so
7fcef00ee000-7fcef00f0000 rw-p 001be000 08:02 1309200                    /lib/x86_64-linux-gnu/libc-2.19.so
7fcef00f0000-7fcef00f5000 rw-p 00000000 00:00 0 
7fcef00f5000-7fcef00f8000 r-xp 00000000 08:02 1309153                    /lib/x86_64-linux-gnu/libdl-2.19.so
7fcef00f8000-7fcef02f7000 ---p 00003000 08:02 1309153                    /lib/x86_64-linux-gnu/libdl-2.19.so
7fcef02f7000-7fcef02f8000 r--p 00002000 08:02 1309153                    /lib/x86_64-linux-gnu/libdl-2.19.so
7fcef02f8000-7fcef02f9000 rw-p 00003000 08:02 1309153                    /lib/x86_64-linux-gnu/libdl-2.19.so
7fcef02f9000-7fcef030e000 r-xp 00000000 08:02 2233709                    /usr/lib/jvm/java-7-oracle/lib/amd64/jli/libjli.so
7fcef030e000-7fcef050d000 ---p 00015000 08:02 2233709                    /usr/lib/jvm/java-7-oracle/lib/amd64/jli/libjli.so
7fcef050d000-7fcef050e000 rw-p 00014000 08:02 2233709                    /usr/lib/jvm/java-7-oracle/lib/amd64/jli/libjli.so
7fcef050e000-7fcef0527000 r-xp 00000000 08:02 1309201                    /lib/x86_64-linux-gnu/libpthread-2.19.so
7fcef0527000-7fcef0726000 ---p 00019000 08:02 1309201                    /lib/x86_64-linux-gnu/libpthread-2.19.so
7fcef0726000-7fcef0727000 r--p 00018000 08:02 1309201                    /lib/x86_64-linux-gnu/libpthread-2.19.so
7fcef0727000-7fcef0728000 rw-p 00019000 08:02 1309201                    /lib/x86_64-linux-gnu/libpthread-2.19.so
7fcef0728000-7fcef072c000 rw-p 00000000 00:00 0 
7fcef072c000-7fcef074f000 r-xp 00000000 08:02 1309176                    /lib/x86_64-linux-gnu/ld-2.19.so
7fcef0753000-7fcef0754000 rw-p 00000000 00:00 0 
7fcef0754000-7fcef0758000 r--s 0008b000 08:02 2232716                    /usr/lib/jvm/java-7-oracle/jre/lib/jsse.jar
7fcef0758000-7fcef0767000 r--s 000dd000 08:02 922509                     /root/Android/Sdk/build-tools/21.1.2/lib/dx.jar
7fcef0767000-7fcef0771000 rw-p 00000000 00:00 0 
7fcef0771000-7fcef0827000 rw-p 00000000 00:00 0 
7fcef0827000-7fcef082a000 ---p 00000000 00:00 0 
7fcef082a000-7fcef0942000 rw-p 00000000 00:00 0                          [stack:13306]
7fcef0942000-7fcef094a000 rw-s 00000000 08:02 1447811                    /tmp/hsperfdata_root/13301
7fcef094a000-7fcef094b000 rw-p 00000000 00:00 0 
7fcef094b000-7fcef094c000 ---p 00000000 00:00 0 
7fcef094c000-7fcef094e000 rw-p 00000000 00:00 0 
7fcef094e000-7fcef094f000 r--p 00022000 08:02 1309176                    /lib/x86_64-linux-gnu/ld-2.19.so
7fcef094f000-7fcef0950000 rw-p 00023000 08:02 1309176                    /lib/x86_64-linux-gnu/ld-2.19.so
7fcef0950000-7fcef0951000 rw-p 00000000 00:00 0 
7fffedf6e000-7fffedf90000 rw-p 00000000 00:00 0                          [stack]
7fffedffe000-7fffee000000 r-xp 00000000 00:00 0                          [vdso]
ffffffffff600000-ffffffffff601000 r-xp 00000000 00:00 0                  [vsyscall]

VM Arguments:
jvm_args: -Xmx1024M -Dfile.encoding=UTF-8 -Duser.country=US -Duser.language=en -Duser.variant 
java_command: com.android.dx.command.Main --dex --output /home/skylar/Desktop/cmps121-hw3/Local-BB/app/build/intermediates/dex/debug /home/skylar/Desktop/cmps121-hw3/Local-BB/app/build/intermediates/classes/debug /home/skylar/Desktop/cmps121-hw3/Local-BB/app/build/intermediates/pre-dexed/debug/support-annotations-22.0.0-5c3eb70b57859c75c7a27e70cee70709b060b059.jar /home/skylar/Desktop/cmps121-hw3/Local-BB/app/build/intermediates/pre-dexed/debug/classes-c50b554aa3ef033b104d16d9a04fab94479ad82f.jar /home/skylar/Desktop/cmps121-hw3/Local-BB/app/build/intermediates/pre-dexed/debug/classes-f7e39f13e1e2fd87ca3544921917bcb6d3ec382f.jar /home/skylar/Desktop/cmps121-hw3/Local-BB/app/build/intermediates/pre-dexed/debug/classes-e1fe4be47b41bbc13b2b87803aaa80b27011a0ac.jar /home/skylar/Desktop/cmps121-hw3/Local-BB/app/build/intermediates/pre-dexed/debug/classes-8319369d98649fd760abe082d0cc83d1e281f93c.jar /home/skylar/Desktop/cmps121-hw3/Local-BB/app/build/intermediates/pre-dexed/debug/classes-7a79a8aa3b1aa3e8f6d9993bb241c688789512d4.jar /home/skylar/Desktop/cmps121-hw3/Local-BB/app/build/intermediates/pre-dexed/debug/classes-ab10f726e64372cf5fe31e539c89fd4093665d98.jar /home/skylar/Desktop/cmps121-hw3/Local-BB/app/build/intermediates/pre-dexed/debug/classes-6d9d9f65a70a51329bf20397c1248fb966687ba4.jar /home/skylar/Desktop/cmps121-hw3/Local-BB/app/build/intermediates/pre-dexed/debug/classes-31d54cf97e679ab0460223ed6a922baed2ef496a.jar /home/skylar/Desktop/cmps121-hw3/Local-BB/app/build/intermediates/pre-dexed/debug/classes-440b389a166183cee983127c671ab4524f3d0818.jar /home/skylar/Desktop/cmps121-hw3/Local-BB/app/build/intermediates/pre-dexed/debug/classes-ca4d8af32bef15394083d373e84eb936a2307743.jar /home/skylar/Desktop/cmps121-hw3/Local-BB/app/build/intermediates/pre-dexed/debug/classes-129a7ab6dbcda31ed14e1643587fbe0d0b9e9a34.jar /home/skylar/Desktop/cmps121-hw3/Local-BB/app/build/intermediates/pre-dexed/debug/classes-e2846cf80f91ec138de4656915e8a308c16d809c.jar /home/skyla
Launcher Type: SUN_STANDARD

Environment Variables:
CLASSPATH=/home/skylar/Documents/dev/android-studio/bin/../lib/bootstrap.jar:/home/skylar/Documents/dev/android-studio/bin/../lib/extensions.jar:/home/skylar/Documents/dev/android-studio/bin/../lib/util.jar:/home/skylar/Documents/dev/android-studio/bin/../lib/jdom.jar:/home/skylar/Documents/dev/android-studio/bin/../lib/log4j.jar:/home/skylar/Documents/dev/android-studio/bin/../lib/trove4j.jar:/home/skylar/Documents/dev/android-studio/bin/../lib/jna.jar:/usr/lib/jvm/java-7-oracle/lib/tools.jar
PATH=/usr/local/sbin:/usr/local/bin:/usr/sbin:/usr/bin:/sbin:/bin
USERNAME=root
LD_LIBRARY_PATH=/home/skylar/Documents/dev/android-studio/bin:
SHELL=/bin/bash
DISPLAY=:0

Signal Handlers:
SIGSEGV: [libjvm.so+0x9a3b20], sa_mask[0]=0x7ffbfeff, sa_flags=0x10000004
SIGBUS: [libjvm.so+0x9a3b20], sa_mask[0]=0x7ffbfeff, sa_flags=0x10000004
SIGFPE: [libjvm.so+0x81e740], sa_mask[0]=0x7ffbfeff, sa_flags=0x10000004
SIGPIPE: [libjvm.so+0x81e740], sa_mask[0]=0x7ffbfeff, sa_flags=0x10000004
SIGXFSZ: [libjvm.so+0x81e740], sa_mask[0]=0x7ffbfeff, sa_flags=0x10000004
SIGILL: [libjvm.so+0x81e740], sa_mask[0]=0x7ffbfeff, sa_flags=0x10000004
SIGUSR1: SIG_DFL, sa_mask[0]=0x00000000, sa_flags=0x00000000
SIGUSR2: [libjvm.so+0x81ffb0], sa_mask[0]=0x00000004, sa_flags=0x10000004
SIGHUP: [libjvm.so+0x8210d0], sa_mask[0]=0x7ffbfeff, sa_flags=0x10000004
SIGINT: [libjvm.so+0x8210d0], sa_mask[0]=0x7ffbfeff, sa_flags=0x10000004
SIGTERM: [libjvm.so+0x8210d0], sa_mask[0]=0x7ffbfeff, sa_flags=0x10000004
SIGQUIT: [libjvm.so+0x8210d0], sa_mask[0]=0x7ffbfeff, sa_flags=0x10000004


---------------  S Y S T E M  ---------------

OS:jessie/sid

uname:Linux 3.13.0-37-generic #64-Ubuntu SMP Mon Sep 22 21:28:38 UTC 2014 x86_64
libc:glibc 2.19 NPTL 2.19 
rlimit: STACK 8192k, CORE 0k, NPROC 30044, NOFILE 4096, AS infinity
load average:0.93 0.85 0.81

/proc/meminfo:
MemTotal:        3928868 kB
MemFree:           96444 kB
Buffers:             812 kB
Cached:           335336 kB
SwapCached:            0 kB
Active:          3307628 kB
Inactive:         327180 kB
Active(anon):    3301556 kB
Inactive(anon):   313164 kB
Active(file):       6072 kB
Inactive(file):    14016 kB
Unevictable:         400 kB
Mlocked:             400 kB
SwapTotal:             0 kB
SwapFree:              0 kB
Dirty:               248 kB
Writeback:             0 kB
AnonPages:       3299532 kB
Mapped:            75988 kB
Shmem:            315680 kB
Slab:              74656 kB
SReclaimable:      31256 kB
SUnreclaim:        43400 kB
KernelStack:        5472 kB
PageTables:        44284 kB
NFS_Unstable:          0 kB
Bounce:                0 kB
WritebackTmp:          0 kB
CommitLimit:     1964432 kB
Committed_AS:    7917548 kB
VmallocTotal:   34359738367 kB
VmallocUsed:      347452 kB
VmallocChunk:   34359300732 kB
HardwareCorrupted:     0 kB
AnonHugePages:   1488896 kB
HugePages_Total:       0
HugePages_Free:        0
HugePages_Rsvd:        0
HugePages_Surp:        0
Hugepagesize:       2048 kB
DirectMap4k:      108224 kB
DirectMap2M:     3966976 kB


CPU:total 4 (4 cores per cpu, 1 threads per core) family 6 model 55 stepping 8, cmov, cx8, fxsr, mmx, sse, sse2, sse3, ssse3, sse4.1, sse4.2, popcnt, erms, tsc, tscinvbit

/proc/cpuinfo:
processor	: 0
vendor_id	: GenuineIntel
cpu family	: 6
model		: 55
model name	: Intel(R) Pentium(R) CPU  N3530  @ 2.16GHz
stepping	: 8
microcode	: 0x829
cpu MHz		: 2159.000
cache size	: 1024 KB
physical id	: 0
siblings	: 4
core id		: 0
cpu cores	: 4
apicid		: 0
initial apicid	: 0
fpu		: yes
fpu_exception	: yes
cpuid level	: 11
wp		: yes
flags		: fpu vme de pse tsc msr pae mce cx8 apic sep mtrr pge mca cmov pat pse36 clflush dts acpi mmx fxsr sse sse2 ss ht tm pbe syscall nx rdtscp lm constant_tsc arch_perfmon pebs bts rep_good nopl xtopology nonstop_tsc aperfmperf pni pclmulqdq dtes64 monitor ds_cpl vmx est tm2 ssse3 cx16 xtpr pdcm sse4_1 sse4_2 movbe popcnt tsc_deadline_timer rdrand lahf_lm 3dnowprefetch ida arat epb dtherm tpr_shadow vnmi flexpriority ept vpid tsc_adjust smep erms
bogomips	: 4332.97
clflush size	: 64
cache_alignment	: 64
address sizes	: 36 bits physical, 48 bits virtual
power management:

processor	: 1
vendor_id	: GenuineIntel
cpu family	: 6
model		: 55
model name	: Intel(R) Pentium(R) CPU  N3530  @ 2.16GHz
stepping	: 8
microcode	: 0x829
cpu MHz		: 664.000
cache size	: 1024 KB
physical id	: 0
siblings	: 4
core id		: 1
cpu cores	: 4
apicid		: 2
initial apicid	: 2
fpu		: yes
fpu_exception	: yes
cpuid level	: 11
wp		: yes
flags		: fpu vme de pse tsc msr pae mce cx8 apic sep mtrr pge mca cmov pat pse36 clflush dts acpi mmx fxsr sse sse2 ss ht tm pbe syscall nx rdtscp lm constant_tsc arch_perfmon pebs bts rep_good nopl xtopology nonstop_tsc aperfmperf pni pclmulqdq dtes64 monitor ds_cpl vmx est tm2 ssse3 cx16 xtpr pdcm sse4_1 sse4_2 movbe popcnt tsc_deadline_timer rdrand lahf_lm 3dnowprefetch ida arat epb dtherm tpr_shadow vnmi flexpriority ept vpid tsc_adjust smep erms
bogomips	: 4332.97
clflush size	: 64
cache_alignment	: 64
address sizes	: 36 bits physical, 48 bits virtual
power management:

processor	: 2
vendor_id	: GenuineIntel
cpu family	: 6
model		: 55
model name	: Intel(R) Pentium(R) CPU  N3530  @ 2.16GHz
stepping	: 8
microcode	: 0x829
cpu MHz		: 2159.000
cache size	: 1024 KB
physical id	: 0
siblings	: 4
core id		: 2
cpu cores	: 4
apicid		: 4
initial apicid	: 4
fpu		: yes
fpu_exception	: yes
cpuid level	: 11
wp		: yes
flags		: fpu vme de pse tsc msr pae mce cx8 apic sep mtrr pge mca cmov pat pse36 clflush dts acpi mmx fxsr sse sse2 ss ht tm pbe syscall nx rdtscp lm constant_tsc arch_perfmon pebs bts rep_good nopl xtopology nonstop_tsc aperfmperf pni pclmulqdq dtes64 monitor ds_cpl vmx est tm2 ssse3 cx16 xtpr pdcm sse4_1 sse4_2 movbe popcnt tsc_deadline_timer rdrand lahf_lm 3dnowprefetch ida arat epb dtherm tpr_shadow vnmi flexpriority ept vpid tsc_adjust smep erms
bogomips	: 4332.97
clflush size	: 64
cache_alignment	: 64
address sizes	: 36 bits physical, 48 bits virtual
power management:

processor	: 3
vendor_id	: GenuineIntel
cpu family	: 6
model		: 55
model name	: Intel(R) Pentium(R) CPU  N3530  @ 2.16GHz
stepping	: 8
microcode	: 0x829
cpu MHz		: 664.000
cache size	: 1024 KB
physical id	: 0
siblings	: 4
core id		: 3
cpu cores	: 4
apicid		: 6
initial apicid	: 6
fpu		: yes
fpu_exception	: yes
cpuid level	: 11
wp		: yes
flags		: fpu vme de pse tsc msr pae mce cx8 apic sep mtrr pge mca cmov pat pse36 clflush dts acpi mmx fxsr sse sse2 ss ht tm pbe syscall nx rdtscp lm constant_tsc arch_perfmon pebs bts rep_good nopl xtopology nonstop_tsc aperfmperf pni pclmulqdq dtes64 monitor ds_cpl vmx est tm2 ssse3 cx16 xtpr pdcm sse4_1 sse4_2 movbe popcnt tsc_deadline_timer rdrand lahf_lm 3dnowprefetch ida arat epb dtherm tpr_shadow vnmi flexpriority ept vpid tsc_adjust smep erms
bogomips	: 4332.97
clflush size	: 64
cache_alignment	: 64
address sizes	: 36 bits physical, 48 bits virtual
power management:



Memory: 4k page, physical 3928868k(96444k free), swap 0k(0k free)

vm_info: Java HotSpot(TM) 64-Bit Server VM (24.80-b11) for linux-amd64 JRE (1.7.0_80-b15), built on Apr 10 2015 19:53:14 by "java_re" with gcc 4.3.0 20080428 (Red Hat 4.3.0-8)

time: Wed May  6 20:21:07 2015
elapsed time: 7 seconds

