#
# There is insufficient memory for the Java Runtime Environment to continue.
# Native memory allocation (malloc) failed to allocate 78118912 bytes for committing reserved memory.
# Possible reasons:
#   The system is out of physical RAM or swap space
#   In 32 bit mode, the process size limit was hit
# Possible solutions:
#   Reduce memory load on the system
#   Increase physical memory or swap space
#   Check if swap backing store is full
#   Use 64 bit Java on a 64 bit OS
#   Decrease Java heap size (-Xmx/-Xms)
#   Decrease number of Java threads
#   Decrease Java thread stack sizes (-Xss)
#   Set larger code cache with -XX:ReservedCodeCacheSize=
# This output file may be truncated or incomplete.
#
#  Out of Memory Error (os_linux.cpp:2756), pid=9516, tid=139786567833344
#
# JRE version: Java(TM) SE Runtime Environment (7.0_76-b13) (build 1.7.0_76-b13)
# Java VM: Java HotSpot(TM) 64-Bit Server VM (24.76-b04 mixed mode linux-amd64 compressed oops)
# Failed to write core dump. Core dumps have been disabled. To enable core dumping, try "ulimit -c unlimited" before starting Java again
#

---------------  T H R E A D  ---------------

Current thread (0x00007f229406b800):  VMThread [stack: 0x00007f2298a85000,0x00007f2298b86000] [id=9527]

Stack: [0x00007f2298a85000,0x00007f2298b86000],  sp=0x00007f2298b84340,  free space=1020k
Native frames: (J=compiled Java code, j=interpreted, Vv=VM code, C=native code)
V  [libjvm.so+0x9a32ba]  VMError::report_and_die()+0x2ea
V  [libjvm.so+0x497f7b]  report_vm_out_of_memory(char const*, int, unsigned long, char const*)+0x9b
V  [libjvm.so+0x81fcce]  os::Linux::commit_memory_impl(char*, unsigned long, bool)+0xfe
V  [libjvm.so+0x820219]  os::pd_commit_memory(char*, unsigned long, unsigned long, bool)+0x29
V  [libjvm.so+0x819faa]  os::commit_memory(char*, unsigned long, unsigned long, bool)+0x2a
V  [libjvm.so+0x88d843]  PSVirtualSpace::expand_by(unsigned long)+0x53
V  [libjvm.so+0x88ec18]  PSYoungGen::resize_generation(unsigned long, unsigned long)+0xf8
V  [libjvm.so+0x88dd82]  PSYoungGen::resize(unsigned long, unsigned long)+0x22
V  [libjvm.so+0x88b13d]  PSScavenge::invoke_no_policy()+0xf3d
V  [libjvm.so+0x88b981]  PSScavenge::invoke()+0x41
V  [libjvm.so+0x842300]  ParallelScavengeHeap::failed_mem_allocate(unsigned long)+0x70
V  [libjvm.so+0x9a4b47]  VM_ParallelGCFailedAllocation::doit()+0x97
V  [libjvm.so+0x9abfe5]  VM_Operation::evaluate()+0x55
V  [libjvm.so+0x9aa3aa]  VMThread::evaluate_operation(VM_Operation*)+0xba
V  [libjvm.so+0x9aa72e]  VMThread::loop()+0x1ce
V  [libjvm.so+0x9aaba0]  VMThread::run()+0x70
V  [libjvm.so+0x821ca8]  java_start(Thread*)+0x108

VM_Operation (0x00007f229d623380): ParallelGCFailedAllocation, mode: safepoint, requested by thread 0x00007f229400c000


---------------  P R O C E S S  ---------------

Java Threads: ( => current thread )
  0x00007f229409a800 JavaThread "Service Thread" daemon [_thread_blocked, id=9533, stack(0x00007f22981b6000,0x00007f22982b7000)]
  0x00007f2294098000 JavaThread "C2 CompilerThread1" daemon [_thread_blocked, id=9532, stack(0x00007f22982b7000,0x00007f22983b8000)]
  0x00007f2294095000 JavaThread "C2 CompilerThread0" daemon [_thread_blocked, id=9531, stack(0x00007f22983b8000,0x00007f22984b9000)]
  0x00007f2294093000 JavaThread "Signal Dispatcher" daemon [_thread_blocked, id=9530, stack(0x00007f22984b9000,0x00007f22985ba000)]
  0x00007f2294072000 JavaThread "Finalizer" daemon [_thread_blocked, id=9529, stack(0x00007f2298883000,0x00007f2298984000)]
  0x00007f2294070000 JavaThread "Reference Handler" daemon [_thread_blocked, id=9528, stack(0x00007f2298984000,0x00007f2298a85000)]
  0x00007f229400c000 JavaThread "main" [_thread_blocked, id=9522, stack(0x00007f229d524000,0x00007f229d625000)]

Other Threads:
=>0x00007f229406b800 VMThread [stack: 0x00007f2298a85000,0x00007f2298b86000] [id=9527]
  0x00007f22940a5000 WatcherThread [stack: 0x00007f22980b5000,0x00007f22981b6000] [id=9534]

VM state:at safepoint (normal execution)

VM Mutex/Monitor currently owned by a thread:  ([mutex/lock_event])
[0x00007f2294008150] Threads_lock - owner thread: 0x00007f229406b800
[0x00007f2294008650] Heap_lock - owner thread: 0x00007f229400c000

Heap
 PSYoungGen      total 256512K, used 14645K [0x00000000eaa80000, 0x00000000fb580000, 0x0000000100000000)
  eden space 241664K, 0% used [0x00000000eaa80000,0x00000000eaa80000,0x00000000f9680000)
  from space 14848K, 98% used [0x00000000f9680000,0x00000000fa4cd5e8,0x00000000fa500000)
  to   space 12800K, 0% used [0x00000000fa500000,0x00000000fa500000,0x00000000fb180000)
 ParOldGen       total 55296K, used 36059K [0x00000000c0000000, 0x00000000c3600000, 0x00000000eaa80000)
  object space 55296K, 65% used [0x00000000c0000000,0x00000000c2336e40,0x00000000c3600000)
 PSPermGen       total 21504K, used 6836K [0x00000000bae00000, 0x00000000bc300000, 0x00000000c0000000)
  object space 21504K, 31% used [0x00000000bae00000,0x00000000bb4ad080,0x00000000bc300000)

Card table byte_map: [0x00007f229a5e9000,0x00007f229a813000] byte_map_base: 0x00007f229a012000

Polling page: 0x00007f229d648000

Code Cache  [0x00007f2291000000, 0x00007f2291270000, 0x00007f2294000000)
 total_blobs=966 nmethods=717 adapters=203 free_code_cache=47250Kb largest_free_block=48345408

Compilation events (10 events):
Event: 6.957 Thread 0x00007f2294098000 nmethod 721 0x00007f22911df210 code [0x00007f22911df360, 0x00007f22911df538]
Event: 6.958 Thread 0x00007f2294098000  723             com.android.dx.io.instructions.DecodedInstruction::getLiteralByte (58 bytes)
Event: 6.958 Thread 0x00007f2294098000 nmethod 723 0x00007f22911defd0 code [0x00007f22911df100, 0x00007f22911df178]
Event: 6.959 Thread 0x00007f2294095000 nmethod 722 0x00007f22911de950 code [0x00007f22911deac0, 0x00007f22911decf8]
Event: 7.027 Thread 0x00007f2294098000  724             java.nio.Buffer::hasRemaining (17 bytes)
Event: 7.028 Thread 0x00007f2294098000 nmethod 724 0x00007f22911de750 code [0x00007f22911de880, 0x00007f22911de8d8]
Event: 7.208 Thread 0x00007f2294095000  725             sun.misc.VM::isBooted (4 bytes)
Event: 7.209 Thread 0x00007f2294095000 nmethod 725 0x00007f22911e4cd0 code [0x00007f22911e4e00, 0x00007f22911e4e58]
Event: 7.216 Thread 0x00007f2294098000  726             java.util.HashMap::initHashSeedAsNeeded (61 bytes)
Event: 7.219 Thread 0x00007f2294098000 nmethod 726 0x00007f22911e4a10 code [0x00007f22911e4b60, 0x00007f22911e4c28]

GC Heap History (10 events):
Event: 4.873 GC heap after
Heap after GC invocations=5 (full 0):
 PSYoungGen      total 64000K, used 2553K [0x00000000eaa80000, 0x00000000f3780000, 0x0000000100000000)
  eden space 61440K, 0% used [0x00000000eaa80000,0x00000000eaa80000,0x00000000ee680000)
  from space 2560K, 99% used [0x00000000ee680000,0x00000000ee8fe768,0x00000000ee900000)
  to   space 10752K, 0% used [0x00000000f2d00000,0x00000000f2d00000,0x00000000f3780000)
 ParOldGen       total 40960K, used 16534K [0x00000000c0000000, 0x00000000c2800000, 0x00000000eaa80000)
  object space 40960K, 40% used [0x00000000c0000000,0x00000000c1025ae8,0x00000000c2800000)
 PSPermGen       total 21504K, used 6815K [0x00000000bae00000, 0x00000000bc300000, 0x00000000c0000000)
  object space 21504K, 31% used [0x00000000bae00000,0x00000000bb4a7e28,0x00000000bc300000)
}
Event: 5.203 GC heap before
{Heap before GC invocations=6 (full 0):
 PSYoungGen      total 64000K, used 63993K [0x00000000eaa80000, 0x00000000f3780000, 0x0000000100000000)
  eden space 61440K, 100% used [0x00000000eaa80000,0x00000000ee680000,0x00000000ee680000)
  from space 2560K, 99% used [0x00000000ee680000,0x00000000ee8fe768,0x00000000ee900000)
  to   space 10752K, 0% used [0x00000000f2d00000,0x00000000f2d00000,0x00000000f3780000)
 ParOldGen       total 40960K, used 16534K [0x00000000c0000000, 0x00000000c2800000, 0x00000000eaa80000)
  object space 40960K, 40% used [0x00000000c0000000,0x00000000c1025ae8,0x00000000c2800000)
 PSPermGen       total 21504K, used 6825K [0x00000000bae00000, 0x00000000bc300000, 0x00000000c0000000)
  object space 21504K, 31% used [0x00000000bae00000,0x00000000bb4aa618,0x00000000bc300000)
Event: 5.238 GC heap after
Heap after GC invocations=6 (full 0):
 PSYoungGen      total 132608K, used 8885K [0x00000000eaa80000, 0x00000000f3980000, 0x0000000100000000)
  eden space 121856K, 0% used [0x00000000eaa80000,0x00000000eaa80000,0x00000000f2180000)
  from space 10752K, 82% used [0x00000000f2d00000,0x00000000f35ad688,0x00000000f3780000)
  to   space 11776K, 0% used [0x00000000f2180000,0x00000000f2180000,0x00000000f2d00000)
 ParOldGen       total 40960K, used 19794K [0x00000000c0000000, 0x00000000c2800000, 0x00000000eaa80000)
  object space 40960K, 48% used [0x00000000c0000000,0x00000000c13549a0,0x00000000c2800000)
 PSPermGen       total 21504K, used 6825K [0x00000000bae00000, 0x00000000bc300000, 0x00000000c0000000)
  object space 21504K, 31% used [0x00000000bae00000,0x00000000bb4aa618,0x00000000bc300000)
}
Event: 5.872 GC heap before
{Heap before GC invocations=7 (full 0):
 PSYoungGen      total 132608K, used 130741K [0x00000000eaa80000, 0x00000000f3980000, 0x0000000100000000)
  eden space 121856K, 100% used [0x00000000eaa80000,0x00000000f2180000,0x00000000f2180000)
  from space 10752K, 82% used [0x00000000f2d00000,0x00000000f35ad688,0x00000000f3780000)
  to   space 11776K, 0% used [0x00000000f2180000,0x00000000f2180000,0x00000000f2d00000)
 ParOldGen       total 40960K, used 19794K [0x00000000c0000000, 0x00000000c2800000, 0x00000000eaa80000)
  object space 40960K, 48% used [0x00000000c0000000,0x00000000c13549a0,0x00000000c2800000)
 PSPermGen       total 21504K, used 6833K [0x00000000bae00000, 0x00000000bc300000, 0x00000000c0000000)
  object space 21504K, 31% used [0x00000000bae00000,0x00000000bb4ac4d0,0x00000000bc300000)
Event: 5.900 GC heap after
Heap after GC invocations=7 (full 0):
 PSYoungGen      total 133632K, used 9871K [0x00000000eaa80000, 0x00000000fb180000, 0x0000000100000000)
  eden space 121856K, 0% used [0x00000000eaa80000,0x00000000eaa80000,0x00000000f2180000)
  from space 11776K, 83% used [0x00000000f2180000,0x00000000f2b23f90,0x00000000f2d00000)
  to   space 12800K, 0% used [0x00000000fa500000,0x00000000fa500000,0x00000000fb180000)
 ParOldGen       total 40960K, used 30094K [0x00000000c0000000, 0x00000000c2800000, 0x00000000eaa80000)
  object space 40960K, 73% used [0x00000000c0000000,0x00000000c1d639d0,0x00000000c2800000)
 PSPermGen       total 21504K, used 6833K [0x00000000bae00000, 0x00000000bc300000, 0x00000000c0000000)
  object space 21504K, 31% used [0x00000000bae00000,0x00000000bb4ac4d0,0x00000000bc300000)
}
Event: 6.334 GC heap before
{Heap before GC invocations=8 (full 0):
 PSYoungGen      total 133632K, used 131727K [0x00000000eaa80000, 0x00000000fb180000, 0x0000000100000000)
  eden space 121856K, 100% used [0x00000000eaa80000,0x00000000f2180000,0x00000000f2180000)
  from space 11776K, 83% used [0x00000000f2180000,0x00000000f2b23f90,0x00000000f2d00000)
  to   space 12800K, 0% used [0x00000000fa500000,0x00000000fa500000,0x00000000fb180000)
 ParOldGen       total 40960K, used 30094K [0x00000000c0000000, 0x00000000c2800000, 0x00000000eaa80000)
  object space 40960K, 73% used [0x00000000c0000000,0x00000000c1d639d0,0x00000000c2800000)
 PSPermGen       total 21504K, used 6835K [0x00000000bae00000, 0x00000000bc300000, 0x00000000c0000000)
  object space 21504K, 31% used [0x00000000bae00000,0x00000000bb4acf68,0x00000000bc300000)
Event: 6.356 GC heap after
Heap after GC invocations=8 (full 0):
 PSYoungGen      total 254464K, used 12372K [0x00000000eaa80000, 0x00000000fb580000, 0x0000000100000000)
  eden space 241664K, 0% used [0x00000000eaa80000,0x00000000eaa80000,0x00000000f9680000)
  from space 12800K, 96% used [0x00000000fa500000,0x00000000fb1152b0,0x00000000fb180000)
  to   space 14848K, 0% used [0x00000000f9680000,0x00000000f9680000,0x00000000fa500000)
 ParOldGen       total 46080K, used 45533K [0x00000000c0000000, 0x00000000c2d00000, 0x00000000eaa80000)
  object space 46080K, 98% used [0x00000000c0000000,0x00000000c2c77750,0x00000000c2d00000)
 PSPermGen       total 21504K, used 6835K [0x00000000bae00000, 0x00000000bc300000, 0x00000000c0000000)
  object space 21504K, 31% used [0x00000000bae00000,0x00000000bb4acf68,0x00000000bc300000)
}
Event: 6.357 GC heap before
{Heap before GC invocations=9 (full 1):
 PSYoungGen      total 254464K, used 12372K [0x00000000eaa80000, 0x00000000fb580000, 0x0000000100000000)
  eden space 241664K, 0% used [0x00000000eaa80000,0x00000000eaa80000,0x00000000f9680000)
  from space 12800K, 96% used [0x00000000fa500000,0x00000000fb1152b0,0x00000000fb180000)
  to   space 14848K, 0% used [0x00000000f9680000,0x00000000f9680000,0x00000000fa500000)
 ParOldGen       total 46080K, used 45533K [0x00000000c0000000, 0x00000000c2d00000, 0x00000000eaa80000)
  object space 46080K, 98% used [0x00000000c0000000,0x00000000c2c77750,0x00000000c2d00000)
 PSPermGen       total 21504K, used 6835K [0x00000000bae00000, 0x00000000bc300000, 0x00000000c0000000)
  object space 21504K, 31% used [0x00000000bae00000,0x00000000bb4acf68,0x00000000bc300000)
Event: 6.423 GC heap after
Heap after GC invocations=9 (full 1):
 PSYoungGen      total 254464K, used 0K [0x00000000eaa80000, 0x00000000fb580000, 0x0000000100000000)
  eden space 241664K, 0% used [0x00000000eaa80000,0x00000000eaa80000,0x00000000f9680000)
  from space 12800K, 0% used [0x00000000fa500000,0x00000000fa500000,0x00000000fb180000)
  to   space 14848K, 0% used [0x00000000f9680000,0x00000000f9680000,0x00000000fa500000)
 ParOldGen       total 55296K, used 22920K [0x00000000c0000000, 0x00000000c3600000, 0x00000000eaa80000)
  object space 55296K, 41% used [0x00000000c0000000,0x00000000c16621f0,0x00000000c3600000)
 PSPermGen       total 21504K, used 6833K [0x00000000bae00000, 0x00000000bc300000, 0x00000000c0000000)
  object space 21504K, 31% used [0x00000000bae00000,0x00000000bb4ac510,0x00000000bc300000)
}
Event: 7.350 GC heap before
{Heap before GC invocations=10 (full 1):
 PSYoungGen      total 254464K, used 241664K [0x00000000eaa80000, 0x00000000fb580000, 0x0000000100000000)
  eden space 241664K, 100% used [0x00000000eaa80000,0x00000000f9680000,0x00000000f9680000)
  from space 12800K, 0% used [0x00000000fa500000,0x00000000fa500000,0x00000000fb180000)
  to   space 14848K, 0% used [0x00000000f9680000,0x00000000f9680000,0x00000000fa500000)
 ParOldGen       total 55296K, used 22920K [0x00000000c0000000, 0x00000000c3600000, 0x00000000eaa80000)
  object space 55296K, 41% used [0x00000000c0000000,0x00000000c16621f0,0x00000000c3600000)
 PSPermGen       total 21504K, used 6836K [0x00000000bae00000, 0x00000000bc300000, 0x00000000c0000000)
  object space 21504K, 31% used [0x00000000bae00000,0x00000000bb4ad080,0x00000000bc300000)

Deoptimization events (10 events):
Event: 4.706 Thread 0x00007f229400c000 Uncommon trap: reason=array_check action=maybe_recompile pc=0x00007f22911604c0 method=java.util.ComparableTimSort.binarySort([Ljava/lang/Object;III)V @ 193
Event: 4.901 Thread 0x00007f229400c000 Uncommon trap: reason=predicate action=maybe_recompile pc=0x00007f229116e398 method=java.util.TimSort.binarySort([Ljava/lang/Object;IIILjava/util/Comparator;)V @ 37
Event: 4.999 Thread 0x00007f229400c000 Uncommon trap: reason=array_check action=maybe_recompile pc=0x00007f2291190c9c method=java.util.ComparableTimSort.binarySort([Ljava/lang/Object;III)V @ 183
Event: 5.021 Thread 0x00007f229400c000 Uncommon trap: reason=array_check action=maybe_recompile pc=0x00007f2291198348 method=java.util.TimSort.binarySort([Ljava/lang/Object;IIILjava/util/Comparator;)V @ 193
Event: 5.022 Thread 0x00007f229400c000 Uncommon trap: reason=array_check action=maybe_recompile pc=0x00007f22911982a0 method=java.util.TimSort.binarySort([Ljava/lang/Object;IIILjava/util/Comparator;)V @ 215
Event: 5.131 Thread 0x00007f229400c000 Uncommon trap: reason=array_check action=maybe_recompile pc=0x00007f2291190c9c method=java.util.ComparableTimSort.binarySort([Ljava/lang/Object;III)V @ 183
Event: 5.160 Thread 0x00007f229400c000 Uncommon trap: reason=array_check action=maybe_recompile pc=0x00007f2291198348 method=java.util.TimSort.binarySort([Ljava/lang/Object;IIILjava/util/Comparator;)V @ 193
Event: 5.161 Thread 0x00007f229400c000 Uncommon trap: reason=array_check action=maybe_recompile pc=0x00007f22911982a0 method=java.util.TimSort.binarySort([Ljava/lang/Object;IIILjava/util/Comparator;)V @ 215
Event: 5.357 Thread 0x00007f229400c000 Uncommon trap: reason=array_check action=maybe_recompile pc=0x00007f229119372c method=java.util.TimSort.binarySort([Ljava/lang/Object;IIILjava/util/Comparator;)V @ 183
Event: 5.357 Thread 0x00007f229400c000 Uncommon trap: reason=array_check action=maybe_recompile pc=0x00007f229119372c method=java.util.TimSort.binarySort([Ljava/lang/Object;IIILjava/util/Comparator;)V @ 183

Internal exceptions (10 events):
Event: 3.237 Thread 0x00007f229400c000 Threw 0x00000000ec25c560 at /HUDSON/workspace/7u-2-build-linux-amd64/jdk7u76/1941/hotspot/src/share/vm/prims/jvm.cpp:1304
Event: 3.238 Thread 0x00007f229400c000 Threw 0x00000000ec25f6d0 at /HUDSON/workspace/7u-2-build-linux-amd64/jdk7u76/1941/hotspot/src/share/vm/prims/jvm.cpp:1304
Event: 3.239 Thread 0x00007f229400c000 Threw 0x00000000ec262990 at /HUDSON/workspace/7u-2-build-linux-amd64/jdk7u76/1941/hotspot/src/share/vm/prims/jvm.cpp:1304
Event: 3.242 Thread 0x00007f229400c000 Threw 0x00000000ec267b08 at /HUDSON/workspace/7u-2-build-linux-amd64/jdk7u76/1941/hotspot/src/share/vm/prims/jvm.cpp:1304
Event: 3.242 Thread 0x00007f229400c000 Threw 0x00000000ec26a7c8 at /HUDSON/workspace/7u-2-build-linux-amd64/jdk7u76/1941/hotspot/src/share/vm/prims/jvm.cpp:1304
Event: 3.243 Thread 0x00007f229400c000 Threw 0x00000000ec26d648 at /HUDSON/workspace/7u-2-build-linux-amd64/jdk7u76/1941/hotspot/src/share/vm/prims/jvm.cpp:1304
Event: 3.244 Thread 0x00007f229400c000 Threw 0x00000000ec270900 at /HUDSON/workspace/7u-2-build-linux-amd64/jdk7u76/1941/hotspot/src/share/vm/prims/jvm.cpp:1304
Event: 3.249 Thread 0x00007f229400c000 Threw 0x00000000ec2b7c40 at /HUDSON/workspace/7u-2-build-linux-amd64/jdk7u76/1941/hotspot/src/share/vm/prims/jvm.cpp:1304
Event: 3.250 Thread 0x00007f229400c000 Threw 0x00000000ec2b9c28 at /HUDSON/workspace/7u-2-build-linux-amd64/jdk7u76/1941/hotspot/src/share/vm/prims/jvm.cpp:1304
Event: 3.984 Thread 0x00007f229400c000 Threw 0x00000000ebd1b000 at /HUDSON/workspace/7u-2-build-linux-amd64/jdk7u76/1941/hotspot/src/share/vm/prims/jvm.cpp:1304

Events (10 events):
Event: 5.357 Thread 0x00007f229400c000 Uncommon trap: trap_request=0xffffffd6 fr.pc=0x00007f229119372c
Event: 5.357 Thread 0x00007f229400c000 DEOPT PACKING pc=0x00007f229119372c sp=0x00007f229d623460
Event: 5.357 Thread 0x00007f229400c000 DEOPT UNPACKING pc=0x00007f2291039045 sp=0x00007f229d623428 mode 2
Event: 5.372 Thread 0x00007f2294098000 flushing nmethod 0x00007f229110d150
Event: 5.372 Thread 0x00007f2294098000 flushing nmethod 0x00007f2291118dd0
Event: 5.872 Executing VM operation: ParallelGCFailedAllocation
Event: 5.900 Executing VM operation: ParallelGCFailedAllocation done
Event: 6.333 Executing VM operation: ParallelGCFailedAllocation
Event: 6.423 Executing VM operation: ParallelGCFailedAllocation done
Event: 7.349 Executing VM operation: ParallelGCFailedAllocation


Dynamic libraries:
00400000-00401000 r-xp 00000000 08:02 2108313                            /usr/lib/jvm/java-7-oracle/bin/java
00600000-00601000 rw-p 00000000 08:02 2108313                            /usr/lib/jvm/java-7-oracle/bin/java
008bd000-008de000 rw-p 00000000 00:00 0                                  [heap]
bae00000-bc300000 rw-p 00000000 00:00 0 
bc300000-c0000000 rw-p 00000000 00:00 0 
c0000000-c3600000 rw-p 00000000 00:00 0 
c3600000-eaa80000 rw-p 00000000 00:00 0 
eaa80000-fb580000 rw-p 00000000 00:00 0 
7f225c000000-7f225c021000 rw-p 00000000 00:00 0 
7f225c021000-7f2260000000 ---p 00000000 00:00 0 
7f2260000000-7f2260021000 rw-p 00000000 00:00 0 
7f2260021000-7f2264000000 ---p 00000000 00:00 0 
7f2264000000-7f226499c000 rw-p 00000000 00:00 0 
7f226499c000-7f2268000000 ---p 00000000 00:00 0 
7f2268000000-7f2268925000 rw-p 00000000 00:00 0 
7f2268925000-7f226c000000 ---p 00000000 00:00 0 
7f226c000000-7f226c021000 rw-p 00000000 00:00 0 
7f226c021000-7f2270000000 ---p 00000000 00:00 0 
7f2270000000-7f2270021000 rw-p 00000000 00:00 0 
7f2270021000-7f2274000000 ---p 00000000 00:00 0 
7f2274000000-7f2274021000 rw-p 00000000 00:00 0 
7f2274021000-7f2278000000 ---p 00000000 00:00 0 
7f2278000000-7f2278021000 rw-p 00000000 00:00 0 
7f2278021000-7f227c000000 ---p 00000000 00:00 0 
7f227c000000-7f227c021000 rw-p 00000000 00:00 0 
7f227c021000-7f2280000000 ---p 00000000 00:00 0 
7f2280000000-7f2280021000 rw-p 00000000 00:00 0 
7f2280021000-7f2284000000 ---p 00000000 00:00 0 
7f2284000000-7f2284021000 rw-p 00000000 00:00 0 
7f2284021000-7f2288000000 ---p 00000000 00:00 0 
7f2289d70000-7f228c000000 rw-p 00000000 00:00 0 
7f228c000000-7f228c021000 rw-p 00000000 00:00 0 
7f228c021000-7f2290000000 ---p 00000000 00:00 0 
7f2290990000-7f2290bd8000 rw-p 00000000 00:00 0 
7f2290bd8000-7f2290bee000 r-xp 00000000 08:02 2106523                    /usr/lib/jvm/java-7-oracle/jre/lib/amd64/libnet.so
7f2290bee000-7f2290dee000 ---p 00016000 08:02 2106523                    /usr/lib/jvm/java-7-oracle/jre/lib/amd64/libnet.so
7f2290dee000-7f2290def000 rw-p 00016000 08:02 2106523                    /usr/lib/jvm/java-7-oracle/jre/lib/amd64/libnet.so
7f2290def000-7f2290dff000 r-xp 00000000 08:02 2106536                    /usr/lib/jvm/java-7-oracle/jre/lib/amd64/libnio.so
7f2290dff000-7f2290fff000 ---p 00010000 08:02 2106536                    /usr/lib/jvm/java-7-oracle/jre/lib/amd64/libnio.so
7f2290fff000-7f2291000000 rw-p 00010000 08:02 2106536                    /usr/lib/jvm/java-7-oracle/jre/lib/amd64/libnio.so
7f2291000000-7f2291270000 rwxp 00000000 00:00 0 
7f2291270000-7f2294247000 rw-p 00000000 00:00 0 
7f2294247000-7f2298000000 ---p 00000000 00:00 0 
7f22980b5000-7f22980b6000 ---p 00000000 00:00 0 
7f22980b6000-7f22981b6000 rw-p 00000000 00:00 0                          [stack:9534]
7f22981b6000-7f22981b9000 ---p 00000000 00:00 0 
7f22981b9000-7f22982b7000 rw-p 00000000 00:00 0                          [stack:9533]
7f22982b7000-7f22982ba000 ---p 00000000 00:00 0 
7f22982ba000-7f22983b8000 rw-p 00000000 00:00 0                          [stack:9532]
7f22983b8000-7f22983bb000 ---p 00000000 00:00 0 
7f22983bb000-7f22984b9000 rw-p 00000000 00:00 0                          [stack:9531]
7f22984b9000-7f22984bc000 ---p 00000000 00:00 0 
7f22984bc000-7f22985ba000 rw-p 00000000 00:00 0                          [stack:9530]
7f22985ba000-7f2298883000 r--p 00000000 08:02 2100321                    /usr/lib/locale/locale-archive
7f2298883000-7f2298886000 ---p 00000000 00:00 0 
7f2298886000-7f2298984000 rw-p 00000000 00:00 0                          [stack:9529]
7f2298984000-7f2298987000 ---p 00000000 00:00 0 
7f2298987000-7f2298a85000 rw-p 00000000 00:00 0                          [stack:9528]
7f2298a85000-7f2298a86000 ---p 00000000 00:00 0 
7f2298a86000-7f2299b85000 rw-p 00000000 00:00 0                          [stack:9527]
7f2299b85000-7f2299d44000 r--s 039f0000 08:02 2106498                    /usr/lib/jvm/java-7-oracle/jre/lib/rt.jar
7f2299d44000-7f229a066000 rw-p 00000000 00:00 0 
7f229a066000-7f229a067000 ---p 00000000 00:00 0 
7f229a067000-7f229a167000 rw-p 00000000 00:00 0                          [stack:9526]
7f229a167000-7f229a168000 ---p 00000000 00:00 0 
7f229a168000-7f229a268000 rw-p 00000000 00:00 0                          [stack:9525]
7f229a268000-7f229a269000 ---p 00000000 00:00 0 
7f229a269000-7f229a369000 rw-p 00000000 00:00 0                          [stack:9524]
7f229a369000-7f229a36a000 ---p 00000000 00:00 0 
7f229a36a000-7f229a475000 rw-p 00000000 00:00 0                          [stack:9523]
7f229a475000-7f229a493000 rw-p 00000000 00:00 0 
7f229a493000-7f229a4ae000 rw-p 00000000 00:00 0 
7f229a4ae000-7f229a5e9000 rw-p 00000000 00:00 0 
7f229a5e9000-7f229a5f4000 rw-p 00000000 00:00 0 
7f229a5f4000-7f229a612000 rw-p 00000000 00:00 0 
7f229a612000-7f229a62d000 rw-p 00000000 00:00 0 
7f229a62d000-7f229a767000 rw-p 00000000 00:00 0 
7f229a767000-7f229a7ed000 rw-p 00000000 00:00 0 
7f229a7ed000-7f229a812000 rw-p 00000000 00:00 0 
7f229a812000-7f229a813000 rw-p 00000000 00:00 0 
7f229a813000-7f229a82d000 r-xp 00000000 08:02 2106545                    /usr/lib/jvm/java-7-oracle/jre/lib/amd64/libzip.so
7f229a82d000-7f229aa2d000 ---p 0001a000 08:02 2106545                    /usr/lib/jvm/java-7-oracle/jre/lib/amd64/libzip.so
7f229aa2d000-7f229aa2e000 rw-p 0001a000 08:02 2106545                    /usr/lib/jvm/java-7-oracle/jre/lib/amd64/libzip.so
7f229aa2e000-7f229aa39000 r-xp 00000000 08:02 1309150                    /lib/x86_64-linux-gnu/libnss_files-2.19.so
7f229aa39000-7f229ac38000 ---p 0000b000 08:02 1309150                    /lib/x86_64-linux-gnu/libnss_files-2.19.so
7f229ac38000-7f229ac39000 r--p 0000a000 08:02 1309150                    /lib/x86_64-linux-gnu/libnss_files-2.19.so
7f229ac39000-7f229ac3a000 rw-p 0000b000 08:02 1309150                    /lib/x86_64-linux-gnu/libnss_files-2.19.so
7f229ac3a000-7f229ac45000 r-xp 00000000 08:02 1309214                    /lib/x86_64-linux-gnu/libnss_nis-2.19.so
7f229ac45000-7f229ae44000 ---p 0000b000 08:02 1309214                    /lib/x86_64-linux-gnu/libnss_nis-2.19.so
7f229ae44000-7f229ae45000 r--p 0000a000 08:02 1309214                    /lib/x86_64-linux-gnu/libnss_nis-2.19.so
7f229ae45000-7f229ae46000 rw-p 0000b000 08:02 1309214                    /lib/x86_64-linux-gnu/libnss_nis-2.19.so
7f229ae46000-7f229ae5d000 r-xp 00000000 08:02 1309172                    /lib/x86_64-linux-gnu/libnsl-2.19.so
7f229ae5d000-7f229b05c000 ---p 00017000 08:02 1309172                    /lib/x86_64-linux-gnu/libnsl-2.19.so
7f229b05c000-7f229b05d000 r--p 00016000 08:02 1309172                    /lib/x86_64-linux-gnu/libnsl-2.19.so
7f229b05d000-7f229b05e000 rw-p 00017000 08:02 1309172                    /lib/x86_64-linux-gnu/libnsl-2.19.so
7f229b05e000-7f229b060000 rw-p 00000000 00:00 0 
7f229b060000-7f229b069000 r-xp 00000000 08:02 1309171                    /lib/x86_64-linux-gnu/libnss_compat-2.19.so
7f229b069000-7f229b268000 ---p 00009000 08:02 1309171                    /lib/x86_64-linux-gnu/libnss_compat-2.19.so
7f229b268000-7f229b269000 r--p 00008000 08:02 1309171                    /lib/x86_64-linux-gnu/libnss_compat-2.19.so
7f229b269000-7f229b26a000 rw-p 00009000 08:02 1309171                    /lib/x86_64-linux-gnu/libnss_compat-2.19.so
7f229b26a000-7f229b293000 r-xp 00000000 08:02 2106530                    /usr/lib/jvm/java-7-oracle/jre/lib/amd64/libjava.so
7f229b293000-7f229b493000 ---p 00029000 08:02 2106530                    /usr/lib/jvm/java-7-oracle/jre/lib/amd64/libjava.so
7f229b493000-7f229b495000 rw-p 00029000 08:02 2106530                    /usr/lib/jvm/java-7-oracle/jre/lib/amd64/libjava.so
7f229b495000-7f229b4a2000 r-xp 00000000 08:02 2106512                    /usr/lib/jvm/java-7-oracle/jre/lib/amd64/libverify.so
7f229b4a2000-7f229b6a1000 ---p 0000d000 08:02 2106512                    /usr/lib/jvm/java-7-oracle/jre/lib/amd64/libverify.so
7f229b6a1000-7f229b6a3000 rw-p 0000c000 08:02 2106512                    /usr/lib/jvm/java-7-oracle/jre/lib/amd64/libverify.so
7f229b6a3000-7f229b6aa000 r-xp 00000000 08:02 1309211                    /lib/x86_64-linux-gnu/librt-2.19.so
7f229b6aa000-7f229b8a9000 ---p 00007000 08:02 1309211                    /lib/x86_64-linux-gnu/librt-2.19.so
7f229b8a9000-7f229b8aa000 r--p 00006000 08:02 1309211                    /lib/x86_64-linux-gnu/librt-2.19.so
7f229b8aa000-7f229b8ab000 rw-p 00007000 08:02 1309211                    /lib/x86_64-linux-gnu/librt-2.19.so
7f229b8ab000-7f229b9b0000 r-xp 00000000 08:02 1309149                    /lib/x86_64-linux-gnu/libm-2.19.so
7f229b9b0000-7f229bbaf000 ---p 00105000 08:02 1309149                    /lib/x86_64-linux-gnu/libm-2.19.so
7f229bbaf000-7f229bbb0000 r--p 00104000 08:02 1309149                    /lib/x86_64-linux-gnu/libm-2.19.so
7f229bbb0000-7f229bbb1000 rw-p 00105000 08:02 1309149                    /lib/x86_64-linux-gnu/libm-2.19.so
7f229bbb1000-7f229c726000 r-xp 00000000 08:02 2106533                    /usr/lib/jvm/java-7-oracle/jre/lib/amd64/server/libjvm.so
7f229c726000-7f229c926000 ---p 00b75000 08:02 2106533                    /usr/lib/jvm/java-7-oracle/jre/lib/amd64/server/libjvm.so
7f229c926000-7f229c9ea000 rw-p 00b75000 08:02 2106533                    /usr/lib/jvm/java-7-oracle/jre/lib/amd64/server/libjvm.so
7f229c9ea000-7f229ca2b000 rw-p 00000000 00:00 0 
7f229ca2b000-7f229cbe6000 r-xp 00000000 08:02 1309200                    /lib/x86_64-linux-gnu/libc-2.19.so
7f229cbe6000-7f229cde5000 ---p 001bb000 08:02 1309200                    /lib/x86_64-linux-gnu/libc-2.19.so
7f229cde5000-7f229cde9000 r--p 001ba000 08:02 1309200                    /lib/x86_64-linux-gnu/libc-2.19.so
7f229cde9000-7f229cdeb000 rw-p 001be000 08:02 1309200                    /lib/x86_64-linux-gnu/libc-2.19.so
7f229cdeb000-7f229cdf0000 rw-p 00000000 00:00 0 
7f229cdf0000-7f229cdf3000 r-xp 00000000 08:02 1309153                    /lib/x86_64-linux-gnu/libdl-2.19.so
7f229cdf3000-7f229cff2000 ---p 00003000 08:02 1309153                    /lib/x86_64-linux-gnu/libdl-2.19.so
7f229cff2000-7f229cff3000 r--p 00002000 08:02 1309153                    /lib/x86_64-linux-gnu/libdl-2.19.so
7f229cff3000-7f229cff4000 rw-p 00003000 08:02 1309153                    /lib/x86_64-linux-gnu/libdl-2.19.so
7f229cff4000-7f229d00a000 r-xp 00000000 08:02 2107110                    /usr/lib/jvm/java-7-oracle/lib/amd64/jli/libjli.so
7f229d00a000-7f229d20a000 ---p 00016000 08:02 2107110                    /usr/lib/jvm/java-7-oracle/lib/amd64/jli/libjli.so
7f229d20a000-7f229d20b000 rw-p 00016000 08:02 2107110                    /usr/lib/jvm/java-7-oracle/lib/amd64/jli/libjli.so
7f229d20b000-7f229d224000 r-xp 00000000 08:02 1309201                    /lib/x86_64-linux-gnu/libpthread-2.19.so
7f229d224000-7f229d423000 ---p 00019000 08:02 1309201                    /lib/x86_64-linux-gnu/libpthread-2.19.so
7f229d423000-7f229d424000 r--p 00018000 08:02 1309201                    /lib/x86_64-linux-gnu/libpthread-2.19.so
7f229d424000-7f229d425000 rw-p 00019000 08:02 1309201                    /lib/x86_64-linux-gnu/libpthread-2.19.so
7f229d425000-7f229d429000 rw-p 00000000 00:00 0 
7f229d429000-7f229d44c000 r-xp 00000000 08:02 1309176                    /lib/x86_64-linux-gnu/ld-2.19.so
7f229d450000-7f229d451000 rw-p 00000000 00:00 0 
7f229d451000-7f229d455000 r--s 0008b000 08:02 2106480                    /usr/lib/jvm/java-7-oracle/jre/lib/jsse.jar
7f229d455000-7f229d464000 r--s 000dd000 08:02 922509                     /root/Android/Sdk/build-tools/21.1.2/lib/dx.jar
7f229d464000-7f229d46e000 rw-p 00000000 00:00 0 
7f229d46e000-7f229d524000 rw-p 00000000 00:00 0 
7f229d524000-7f229d527000 ---p 00000000 00:00 0 
7f229d527000-7f229d63f000 rw-p 00000000 00:00 0                          [stack:9522]
7f229d63f000-7f229d647000 rw-s 00000000 08:02 1323103                    /tmp/hsperfdata_root/9516
7f229d647000-7f229d648000 rw-p 00000000 00:00 0 
7f229d648000-7f229d649000 ---p 00000000 00:00 0 
7f229d649000-7f229d64b000 rw-p 00000000 00:00 0 
7f229d64b000-7f229d64c000 r--p 00022000 08:02 1309176                    /lib/x86_64-linux-gnu/ld-2.19.so
7f229d64c000-7f229d64d000 rw-p 00023000 08:02 1309176                    /lib/x86_64-linux-gnu/ld-2.19.so
7f229d64d000-7f229d64e000 rw-p 00000000 00:00 0 
7fff3b8ee000-7fff3b910000 rw-p 00000000 00:00 0                          [stack]
7fff3b9fe000-7fff3ba00000 r-xp 00000000 00:00 0                          [vdso]
ffffffffff600000-ffffffffff601000 r-xp 00000000 00:00 0                  [vsyscall]

VM Arguments:
jvm_args: -Xmx1024M -Dfile.encoding=UTF-8 -Duser.country=US -Duser.language=en -Duser.variant 
java_command: com.android.dx.command.Main --dex --output /home/skylar/Documents/cmps121-bboard-android/app/build/intermediates/dex/debug /home/skylar/Documents/cmps121-bboard-android/app/build/intermediates/classes/debug /home/skylar/Documents/cmps121-bboard-android/app/build/intermediates/pre-dexed/debug/support-annotations-22.0.0-5c3eb70b57859c75c7a27e70cee70709b060b059.jar /home/skylar/Documents/cmps121-bboard-android/app/build/intermediates/pre-dexed/debug/classes-b62c231d4f68763cce60cdcaf8b05a035188868e.jar /home/skylar/Documents/cmps121-bboard-android/app/build/intermediates/pre-dexed/debug/classes-0243a3f185311a1cb1efaae16d9352448fc50f6f.jar /home/skylar/Documents/cmps121-bboard-android/app/build/intermediates/pre-dexed/debug/classes-de33ba2a3eed15acee4187d4acb06422a8d39efd.jar /home/skylar/Documents/cmps121-bboard-android/app/build/intermediates/pre-dexed/debug/classes-d5a60c73055fcc5da94944ede6b8eec088dbc852.jar /home/skylar/Documents/cmps121-bboard-android/app/build/intermediates/pre-dexed/debug/classes-1e830b8c0a4a77c0c29e7c7c746466eb86a1cb92.jar /home/skylar/Documents/cmps121-bboard-android/app/build/intermediates/pre-dexed/debug/classes-82e0a4c95df7cb3f7c256d72d9a3a8be52ef3946.jar /home/skylar/Documents/cmps121-bboard-android/app/build/intermediates/pre-dexed/debug/classes-7e52bbfa5efecd4b1d85b1b916f5cd29c63845f1.jar /home/skylar/Documents/cmps121-bboard-android/app/build/intermediates/pre-dexed/debug/classes-f483c7d4b26e59dd40725281c401fd52e3c0ad88.jar /home/skylar/Documents/cmps121-bboard-android/app/build/intermediates/pre-dexed/debug/classes-5105da51301166da40b964654e148777cf68b400.jar /home/skylar/Documents/cmps121-bboard-android/app/build/intermediates/pre-dexed/debug/classes-f2ce6a0b81b3cefb4d3b4cea86995863f6065387.jar /home/skylar/Documents/cmps121-bboard-android/app/build/intermediates/pre-dexed/debug/classes-1930855ce1e55c2d407bf5596f9c4fbe22527cea.jar /home/skylar/Documents/cmps121-bboard-android/app/build/intermediates/pre-dexed/debug/clas
Launcher Type: SUN_STANDARD

Environment Variables:
CLASSPATH=/home/skylar/Documents/dev/android-studio/bin/../lib/bootstrap.jar:/home/skylar/Documents/dev/android-studio/bin/../lib/extensions.jar:/home/skylar/Documents/dev/android-studio/bin/../lib/util.jar:/home/skylar/Documents/dev/android-studio/bin/../lib/jdom.jar:/home/skylar/Documents/dev/android-studio/bin/../lib/log4j.jar:/home/skylar/Documents/dev/android-studio/bin/../lib/trove4j.jar:/home/skylar/Documents/dev/android-studio/bin/../lib/jna.jar:/usr/lib/jvm/java-7-oracle/lib/tools.jar
PATH=/usr/local/sbin:/usr/local/bin:/usr/sbin:/usr/bin:/sbin:/bin
USERNAME=root
LD_LIBRARY_PATH=/home/skylar/Documents/dev/android-studio/bin:
SHELL=/bin/bash
DISPLAY=:0.0

Signal Handlers:
SIGSEGV: [libjvm.so+0x9a3bd0], sa_mask[0]=0x7ffbfeff, sa_flags=0x10000004
SIGBUS: [libjvm.so+0x9a3bd0], sa_mask[0]=0x7ffbfeff, sa_flags=0x10000004
SIGFPE: [libjvm.so+0x81cb60], sa_mask[0]=0x7ffbfeff, sa_flags=0x10000004
SIGPIPE: [libjvm.so+0x81cb60], sa_mask[0]=0x7ffbfeff, sa_flags=0x10000004
SIGXFSZ: [libjvm.so+0x81cb60], sa_mask[0]=0x7ffbfeff, sa_flags=0x10000004
SIGILL: [libjvm.so+0x81cb60], sa_mask[0]=0x7ffbfeff, sa_flags=0x10000004
SIGUSR1: SIG_DFL, sa_mask[0]=0x00000000, sa_flags=0x00000000
SIGUSR2: [libjvm.so+0x81e360], sa_mask[0]=0x00000004, sa_flags=0x10000004
SIGHUP: [libjvm.so+0x81f480], sa_mask[0]=0x7ffbfeff, sa_flags=0x10000004
SIGINT: [libjvm.so+0x81f480], sa_mask[0]=0x7ffbfeff, sa_flags=0x10000004
SIGTERM: [libjvm.so+0x81f480], sa_mask[0]=0x7ffbfeff, sa_flags=0x10000004
SIGQUIT: [libjvm.so+0x81f480], sa_mask[0]=0x7ffbfeff, sa_flags=0x10000004


---------------  S Y S T E M  ---------------

OS:jessie/sid

uname:Linux 3.13.0-37-generic #64-Ubuntu SMP Mon Sep 22 21:28:38 UTC 2014 x86_64
libc:glibc 2.19 NPTL 2.19 
rlimit: STACK 8192k, CORE 0k, NPROC 30044, NOFILE 4096, AS infinity
load average:1.24 1.25 1.18

/proc/meminfo:
MemTotal:        3928868 kB
MemFree:          120984 kB
Buffers:             384 kB
Cached:           313088 kB
SwapCached:            0 kB
Active:          3335468 kB
Inactive:         296956 kB
Active(anon):    3333692 kB
Inactive(anon):   278688 kB
Active(file):       1776 kB
Inactive(file):    18268 kB
Unevictable:         148 kB
Mlocked:             148 kB
SwapTotal:             0 kB
SwapFree:              0 kB
Dirty:               240 kB
Writeback:             0 kB
AnonPages:       3319504 kB
Mapped:            52104 kB
Shmem:            293096 kB
Slab:              67632 kB
SReclaimable:      28092 kB
SUnreclaim:        39540 kB
KernelStack:        5000 kB
PageTables:        39152 kB
NFS_Unstable:          0 kB
Bounce:                0 kB
WritebackTmp:          0 kB
CommitLimit:     1964432 kB
Committed_AS:    7035816 kB
VmallocTotal:   34359738367 kB
VmallocUsed:      347420 kB
VmallocChunk:   34359384540 kB
HardwareCorrupted:     0 kB
AnonHugePages:   1804288 kB
HugePages_Total:       0
HugePages_Free:        0
HugePages_Rsvd:        0
HugePages_Surp:        0
Hugepagesize:       2048 kB
DirectMap4k:       75456 kB
DirectMap2M:     3999744 kB


CPU:total 4 (4 cores per cpu, 1 threads per core) family 6 model 55 stepping 8, cmov, cx8, fxsr, mmx, sse, sse2, sse3, ssse3, sse4.1, sse4.2, popcnt, erms, tsc, tscinvbit

/proc/cpuinfo:
processor	: 0
vendor_id	: GenuineIntel
cpu family	: 6
model		: 55
model name	: Intel(R) Pentium(R) CPU  N3530  @ 2.16GHz
stepping	: 8
microcode	: 0x829
cpu MHz		: 1494.000
cache size	: 1024 KB
physical id	: 0
siblings	: 4
core id		: 0
cpu cores	: 4
apicid		: 0
initial apicid	: 0
fpu		: yes
fpu_exception	: yes
cpuid level	: 11
wp		: yes
flags		: fpu vme de pse tsc msr pae mce cx8 apic sep mtrr pge mca cmov pat pse36 clflush dts acpi mmx fxsr sse sse2 ss ht tm pbe syscall nx rdtscp lm constant_tsc arch_perfmon pebs bts rep_good nopl xtopology nonstop_tsc aperfmperf pni pclmulqdq dtes64 monitor ds_cpl vmx est tm2 ssse3 cx16 xtpr pdcm sse4_1 sse4_2 movbe popcnt tsc_deadline_timer rdrand lahf_lm 3dnowprefetch ida arat epb dtherm tpr_shadow vnmi flexpriority ept vpid tsc_adjust smep erms
bogomips	: 4332.98
clflush size	: 64
cache_alignment	: 64
address sizes	: 36 bits physical, 48 bits virtual
power management:

processor	: 1
vendor_id	: GenuineIntel
cpu family	: 6
model		: 55
model name	: Intel(R) Pentium(R) CPU  N3530  @ 2.16GHz
stepping	: 8
microcode	: 0x829
cpu MHz		: 2159.000
cache size	: 1024 KB
physical id	: 0
siblings	: 4
core id		: 1
cpu cores	: 4
apicid		: 2
initial apicid	: 2
fpu		: yes
fpu_exception	: yes
cpuid level	: 11
wp		: yes
flags		: fpu vme de pse tsc msr pae mce cx8 apic sep mtrr pge mca cmov pat pse36 clflush dts acpi mmx fxsr sse sse2 ss ht tm pbe syscall nx rdtscp lm constant_tsc arch_perfmon pebs bts rep_good nopl xtopology nonstop_tsc aperfmperf pni pclmulqdq dtes64 monitor ds_cpl vmx est tm2 ssse3 cx16 xtpr pdcm sse4_1 sse4_2 movbe popcnt tsc_deadline_timer rdrand lahf_lm 3dnowprefetch ida arat epb dtherm tpr_shadow vnmi flexpriority ept vpid tsc_adjust smep erms
bogomips	: 4332.98
clflush size	: 64
cache_alignment	: 64
address sizes	: 36 bits physical, 48 bits virtual
power management:

processor	: 2
vendor_id	: GenuineIntel
cpu family	: 6
model		: 55
model name	: Intel(R) Pentium(R) CPU  N3530  @ 2.16GHz
stepping	: 8
microcode	: 0x829
cpu MHz		: 2159.000
cache size	: 1024 KB
physical id	: 0
siblings	: 4
core id		: 2
cpu cores	: 4
apicid		: 4
initial apicid	: 4
fpu		: yes
fpu_exception	: yes
cpuid level	: 11
wp		: yes
flags		: fpu vme de pse tsc msr pae mce cx8 apic sep mtrr pge mca cmov pat pse36 clflush dts acpi mmx fxsr sse sse2 ss ht tm pbe syscall nx rdtscp lm constant_tsc arch_perfmon pebs bts rep_good nopl xtopology nonstop_tsc aperfmperf pni pclmulqdq dtes64 monitor ds_cpl vmx est tm2 ssse3 cx16 xtpr pdcm sse4_1 sse4_2 movbe popcnt tsc_deadline_timer rdrand lahf_lm 3dnowprefetch ida arat epb dtherm tpr_shadow vnmi flexpriority ept vpid tsc_adjust smep erms
bogomips	: 4332.98
clflush size	: 64
cache_alignment	: 64
address sizes	: 36 bits physical, 48 bits virtual
power management:

processor	: 3
vendor_id	: GenuineIntel
cpu family	: 6
model		: 55
model name	: Intel(R) Pentium(R) CPU  N3530  @ 2.16GHz
stepping	: 8
microcode	: 0x829
cpu MHz		: 2159.000
cache size	: 1024 KB
physical id	: 0
siblings	: 4
core id		: 3
cpu cores	: 4
apicid		: 6
initial apicid	: 6
fpu		: yes
fpu_exception	: yes
cpuid level	: 11
wp		: yes
flags		: fpu vme de pse tsc msr pae mce cx8 apic sep mtrr pge mca cmov pat pse36 clflush dts acpi mmx fxsr sse sse2 ss ht tm pbe syscall nx rdtscp lm constant_tsc arch_perfmon pebs bts rep_good nopl xtopology nonstop_tsc aperfmperf pni pclmulqdq dtes64 monitor ds_cpl vmx est tm2 ssse3 cx16 xtpr pdcm sse4_1 sse4_2 movbe popcnt tsc_deadline_timer rdrand lahf_lm 3dnowprefetch ida arat epb dtherm tpr_shadow vnmi flexpriority ept vpid tsc_adjust smep erms
bogomips	: 4332.98
clflush size	: 64
cache_alignment	: 64
address sizes	: 36 bits physical, 48 bits virtual
power management:



Memory: 4k page, physical 3928868k(119064k free), swap 0k(0k free)

vm_info: Java HotSpot(TM) 64-Bit Server VM (24.76-b04) for linux-amd64 JRE (1.7.0_76-b13), built on Dec 18 2014 16:58:39 by "java_re" with gcc 4.3.0 20080428 (Red Hat 4.3.0-8)

time: Sun Apr 26 21:54:48 2015
elapsed time: 7 seconds

