#
# There is insufficient memory for the Java Runtime Environment to continue.
# Native memory allocation (malloc) failed to allocate 45088768 bytes for committing reserved memory.
# Possible reasons:
#   The system is out of physical RAM or swap space
#   In 32 bit mode, the process size limit was hit
# Possible solutions:
#   Reduce memory load on the system
#   Increase physical memory or swap space
#   Check if swap backing store is full
#   Use 64 bit Java on a 64 bit OS
#   Decrease Java heap size (-Xmx/-Xms)
#   Decrease number of Java threads
#   Decrease Java thread stack sizes (-Xss)
#   Set larger code cache with -XX:ReservedCodeCacheSize=
# This output file may be truncated or incomplete.
#
#  Out of Memory Error (os_linux.cpp:2756), pid=20513, tid=140462841657088
#
# JRE version: Java(TM) SE Runtime Environment (7.0_80-b15) (build 1.7.0_80-b15)
# Java VM: Java HotSpot(TM) 64-Bit Server VM (24.80-b11 mixed mode linux-amd64 compressed oops)
# Failed to write core dump. Core dumps have been disabled. To enable core dumping, try "ulimit -c unlimited" before starting Java again
#

---------------  T H R E A D  ---------------

Current thread (0x00007fc01406a000):  VMThread [stack: 0x00007fc00db7f000,0x00007fc00dc80000] [id=20527]

Stack: [0x00007fc00db7f000,0x00007fc00dc80000],  sp=0x00007fc00dc7e0c0,  free space=1020k
Native frames: (J=compiled Java code, j=interpreted, Vv=VM code, C=native code)
V  [libjvm.so+0x9a320a]  VMError::report_and_die()+0x2ea
V  [libjvm.so+0x498d3b]  report_vm_out_of_memory(char const*, int, unsigned long, char const*)+0x9b
V  [libjvm.so+0x82191e]  os::Linux::commit_memory_impl(char*, unsigned long, bool)+0xfe
V  [libjvm.so+0x821e69]  os::pd_commit_memory(char*, unsigned long, unsigned long, bool)+0x29
V  [libjvm.so+0x81bb6a]  os::commit_memory(char*, unsigned long, unsigned long, bool)+0x2a
V  [libjvm.so+0x88d623]  PSVirtualSpace::expand_by(unsigned long)+0x53
V  [libjvm.so+0x88e9f8]  PSYoungGen::resize_generation(unsigned long, unsigned long)+0xf8
V  [libjvm.so+0x88db62]  PSYoungGen::resize(unsigned long, unsigned long)+0x22
V  [libjvm.so+0x88af1d]  PSScavenge::invoke_no_policy()+0xf3d
V  [libjvm.so+0x88b761]  PSScavenge::invoke()+0x41
V  [libjvm.so+0x843f40]  ParallelScavengeHeap::failed_mem_allocate(unsigned long)+0x70
V  [libjvm.so+0x9a4a97]  VM_ParallelGCFailedAllocation::doit()+0x97
V  [libjvm.so+0x9abf35]  VM_Operation::evaluate()+0x55
V  [libjvm.so+0x9aa2fa]  VMThread::evaluate_operation(VM_Operation*)+0xba
V  [libjvm.so+0x9aa67e]  VMThread::loop()+0x1ce
V  [libjvm.so+0x9aaaf0]  VMThread::run()+0x70
V  [libjvm.so+0x8238c8]  java_start(Thread*)+0x108

VM_Operation (0x00007fc01b9b6cd0): ParallelGCFailedAllocation, mode: safepoint, requested by thread 0x00007fc01400a000


---------------  P R O C E S S  ---------------

Java Threads: ( => current thread )
  0x00007fc014099000 JavaThread "Service Thread" daemon [_thread_blocked, id=20535, stack(0x00007fc00d2b0000,0x00007fc00d3b1000)]
  0x00007fc014096800 JavaThread "C2 CompilerThread1" daemon [_thread_blocked, id=20534, stack(0x00007fc00d3b1000,0x00007fc00d4b2000)]
  0x00007fc014093800 JavaThread "C2 CompilerThread0" daemon [_thread_blocked, id=20533, stack(0x00007fc00d4b2000,0x00007fc00d5b3000)]
  0x00007fc014091800 JavaThread "Signal Dispatcher" daemon [_thread_blocked, id=20532, stack(0x00007fc00d5b3000,0x00007fc00d6b4000)]
  0x00007fc014070800 JavaThread "Finalizer" daemon [_thread_blocked, id=20531, stack(0x00007fc00d97d000,0x00007fc00da7e000)]
  0x00007fc01406e000 JavaThread "Reference Handler" daemon [_thread_blocked, id=20530, stack(0x00007fc00da7e000,0x00007fc00db7f000)]
  0x00007fc01400a000 JavaThread "main" [_thread_blocked, id=20515, stack(0x00007fc01b8b8000,0x00007fc01b9b9000)]

Other Threads:
=>0x00007fc01406a000 VMThread [stack: 0x00007fc00db7f000,0x00007fc00dc80000] [id=20527]
  0x00007fc0140a3800 WatcherThread [stack: 0x00007fc00d1af000,0x00007fc00d2b0000] [id=20536]

VM state:at safepoint (normal execution)

VM Mutex/Monitor currently owned by a thread:  ([mutex/lock_event])
[0x00007fc014006760] Threads_lock - owner thread: 0x00007fc01406a000
[0x00007fc014006c60] Heap_lock - owner thread: 0x00007fc01400a000

Heap
 PSYoungGen      total 70144K, used 10215K [0x00000000eaa80000, 0x00000000efa80000, 0x0000000100000000)
  eden space 59904K, 0% used [0x00000000eaa80000,0x00000000eaa80000,0x00000000ee500000)
  from space 10240K, 99% used [0x00000000ee500000,0x00000000eeef9f58,0x00000000eef00000)
  to   space 8704K, 0% used [0x00000000eef00000,0x00000000eef00000,0x00000000ef780000)
 ParOldGen       total 40960K, used 24402K [0x00000000c0000000, 0x00000000c2800000, 0x00000000eaa80000)
  object space 40960K, 59% used [0x00000000c0000000,0x00000000c17d48f0,0x00000000c2800000)
 PSPermGen       total 21504K, used 5650K [0x00000000bae00000, 0x00000000bc300000, 0x00000000c0000000)
  object space 21504K, 26% used [0x00000000bae00000,0x00000000bb384b90,0x00000000bc300000)

Card table byte_map: [0x00007fc018982000,0x00007fc018bac000] byte_map_base: 0x00007fc0183ab000

Polling page: 0x00007fc01b9dc000

Code Cache  [0x00007fc011000000, 0x00007fc011270000, 0x00007fc014000000)
 total_blobs=807 nmethods=581 adapters=180 free_code_cache=46948Kb largest_free_block=47933760

Compilation events (10 events):
Event: 24.019 Thread 0x00007fc014096800 nmethod 599 0x00007fc01115e510 code [0x00007fc01115e700, 0x00007fc01115f018]
Event: 24.019 Thread 0x00007fc014096800  600             com.android.dx.ssa.back.FirstFitLocalCombiningAllocator::handleLocalAssociatedParams (132 bytes)
Event: 24.855 Thread 0x00007fc014096800 nmethod 600 0x00007fc01122c610 code [0x00007fc01122c920, 0x00007fc01122e110]
Event: 24.877 Thread 0x00007fc014096800  601   !         com.android.dx.cf.code.Ropper::processBlock (1101 bytes)
Event: 29.281 Thread 0x00007fc014096800 nmethod 601 0x00007fc011239690 code [0x00007fc011239ea0, 0x00007fc011240b38]
Event: 29.281 Thread 0x00007fc014096800  602   !         com.android.dx.cf.code.BaseMachine::result (36 bytes)
Event: 29.282 Thread 0x00007fc014096800 nmethod 602 0x00007fc011214490 code [0x00007fc0112145e0, 0x00007fc011214698]
Event: 29.283 Thread 0x00007fc014096800  603             java.lang.String::substring (56 bytes)
Event: 29.374 Thread 0x00007fc014096800 nmethod 603 0x00007fc011213d50 code [0x00007fc011213ec0, 0x00007fc011214218]
Event: 29.375 Thread 0x00007fc014096800  604             com.android.dx.ssa.back.SsaToRop::convertBasicBlocks (151 bytes)

GC Heap History (10 events):
Event: 11.359 GC heap after
Heap after GC invocations=4 (full 0):
 PSYoungGen      total 17920K, used 2544K [0x00000000eaa80000, 0x00000000ecd80000, 0x0000000100000000)
  eden space 15360K, 0% used [0x00000000eaa80000,0x00000000eaa80000,0x00000000eb980000)
  from space 2560K, 99% used [0x00000000ebc00000,0x00000000ebe7c2d8,0x00000000ebe80000)
  to   space 2560K, 0% used [0x00000000eb980000,0x00000000eb980000,0x00000000ebc00000)
 ParOldGen       total 40960K, used 7492K [0x00000000c0000000, 0x00000000c2800000, 0x00000000eaa80000)
  object space 40960K, 18% used [0x00000000c0000000,0x00000000c07513e0,0x00000000c2800000)
 PSPermGen       total 21504K, used 5536K [0x00000000bae00000, 0x00000000bc300000, 0x00000000c0000000)
  object space 21504K, 25% used [0x00000000bae00000,0x00000000bb3683d8,0x00000000bc300000)
}
Event: 13.291 GC heap before
{Heap before GC invocations=5 (full 0):
 PSYoungGen      total 17920K, used 17904K [0x00000000eaa80000, 0x00000000ecd80000, 0x0000000100000000)
  eden space 15360K, 100% used [0x00000000eaa80000,0x00000000eb980000,0x00000000eb980000)
  from space 2560K, 99% used [0x00000000ebc00000,0x00000000ebe7c2d8,0x00000000ebe80000)
  to   space 2560K, 0% used [0x00000000eb980000,0x00000000eb980000,0x00000000ebc00000)
 ParOldGen       total 40960K, used 7492K [0x00000000c0000000, 0x00000000c2800000, 0x00000000eaa80000)
  object space 40960K, 18% used [0x00000000c0000000,0x00000000c07513e0,0x00000000c2800000)
 PSPermGen       total 21504K, used 5553K [0x00000000bae00000, 0x00000000bc300000, 0x00000000c0000000)
  object space 21504K, 25% used [0x00000000bae00000,0x00000000bb36c568,0x00000000bc300000)
Event: 13.337 GC heap after
Heap after GC invocations=5 (full 0):
 PSYoungGen      total 17920K, used 2544K [0x00000000eaa80000, 0x00000000ed380000, 0x0000000100000000)
  eden space 15360K, 0% used [0x00000000eaa80000,0x00000000eaa80000,0x00000000eb980000)
  from space 2560K, 99% used [0x00000000eb980000,0x00000000ebbfc2e8,0x00000000ebc00000)
  to   space 5632K, 0% used [0x00000000ece00000,0x00000000ece00000,0x00000000ed380000)
 ParOldGen       total 40960K, used 9986K [0x00000000c0000000, 0x00000000c2800000, 0x00000000eaa80000)
  object space 40960K, 24% used [0x00000000c0000000,0x00000000c09c0aa8,0x00000000c2800000)
 PSPermGen       total 21504K, used 5553K [0x00000000bae00000, 0x00000000bc300000, 0x00000000c0000000)
  object space 21504K, 25% used [0x00000000bae00000,0x00000000bb36c568,0x00000000bc300000)
}
Event: 15.416 GC heap before
{Heap before GC invocations=6 (full 0):
 PSYoungGen      total 17920K, used 17904K [0x00000000eaa80000, 0x00000000ed380000, 0x0000000100000000)
  eden space 15360K, 100% used [0x00000000eaa80000,0x00000000eb980000,0x00000000eb980000)
  from space 2560K, 99% used [0x00000000eb980000,0x00000000ebbfc2e8,0x00000000ebc00000)
  to   space 5632K, 0% used [0x00000000ece00000,0x00000000ece00000,0x00000000ed380000)
 ParOldGen       total 40960K, used 9986K [0x00000000c0000000, 0x00000000c2800000, 0x00000000eaa80000)
  object space 40960K, 24% used [0x00000000c0000000,0x00000000c09c0aa8,0x00000000c2800000)
 PSPermGen       total 21504K, used 5575K [0x00000000bae00000, 0x00000000bc300000, 0x00000000c0000000)
  object space 21504K, 25% used [0x00000000bae00000,0x00000000bb371c20,0x00000000bc300000)
Event: 15.466 GC heap after
Heap after GC invocations=6 (full 0):
 PSYoungGen      total 36352K, used 5075K [0x00000000eaa80000, 0x00000000ed380000, 0x0000000100000000)
  eden space 30720K, 0% used [0x00000000eaa80000,0x00000000eaa80000,0x00000000ec880000)
  from space 5632K, 90% used [0x00000000ece00000,0x00000000ed2f4c68,0x00000000ed380000)
  to   space 5632K, 0% used [0x00000000ec880000,0x00000000ec880000,0x00000000ece00000)
 ParOldGen       total 40960K, used 9986K [0x00000000c0000000, 0x00000000c2800000, 0x00000000eaa80000)
  object space 40960K, 24% used [0x00000000c0000000,0x00000000c09c0aa8,0x00000000c2800000)
 PSPermGen       total 21504K, used 5575K [0x00000000bae00000, 0x00000000bc300000, 0x00000000c0000000)
  object space 21504K, 25% used [0x00000000bae00000,0x00000000bb371c20,0x00000000bc300000)
}
Event: 18.952 GC heap before
{Heap before GC invocations=7 (full 0):
 PSYoungGen      total 36352K, used 35795K [0x00000000eaa80000, 0x00000000ed380000, 0x0000000100000000)
  eden space 30720K, 100% used [0x00000000eaa80000,0x00000000ec880000,0x00000000ec880000)
  from space 5632K, 90% used [0x00000000ece00000,0x00000000ed2f4c68,0x00000000ed380000)
  to   space 5632K, 0% used [0x00000000ec880000,0x00000000ec880000,0x00000000ece00000)
 ParOldGen       total 40960K, used 9986K [0x00000000c0000000, 0x00000000c2800000, 0x00000000eaa80000)
  object space 40960K, 24% used [0x00000000c0000000,0x00000000c09c0aa8,0x00000000c2800000)
 PSPermGen       total 21504K, used 5595K [0x00000000bae00000, 0x00000000bc300000, 0x00000000c0000000)
  object space 21504K, 26% used [0x00000000bae00000,0x00000000bb376c40,0x00000000bc300000)
Event: 19.050 GC heap after
Heap after GC invocations=7 (full 0):
 PSYoungGen      total 36352K, used 5616K [0x00000000eaa80000, 0x00000000ef780000, 0x0000000100000000)
  eden space 30720K, 0% used [0x00000000eaa80000,0x00000000eaa80000,0x00000000ec880000)
  from space 5632K, 99% used [0x00000000ec880000,0x00000000ecdfc2b0,0x00000000ece00000)
  to   space 8704K, 0% used [0x00000000eef00000,0x00000000eef00000,0x00000000ef780000)
 ParOldGen       total 40960K, used 14685K [0x00000000c0000000, 0x00000000c2800000, 0x00000000eaa80000)
  object space 40960K, 35% used [0x00000000c0000000,0x00000000c0e577e8,0x00000000c2800000)
 PSPermGen       total 21504K, used 5595K [0x00000000bae00000, 0x00000000bc300000, 0x00000000c0000000)
  object space 21504K, 26% used [0x00000000bae00000,0x00000000bb376c40,0x00000000bc300000)
}
Event: 22.164 GC heap before
{Heap before GC invocations=8 (full 0):
 PSYoungGen      total 36352K, used 36336K [0x00000000eaa80000, 0x00000000ef780000, 0x0000000100000000)
  eden space 30720K, 100% used [0x00000000eaa80000,0x00000000ec880000,0x00000000ec880000)
  from space 5632K, 99% used [0x00000000ec880000,0x00000000ecdfc2b0,0x00000000ece00000)
  to   space 8704K, 0% used [0x00000000eef00000,0x00000000eef00000,0x00000000ef780000)
 ParOldGen       total 40960K, used 14685K [0x00000000c0000000, 0x00000000c2800000, 0x00000000eaa80000)
  object space 40960K, 35% used [0x00000000c0000000,0x00000000c0e577e8,0x00000000c2800000)
 PSPermGen       total 21504K, used 5626K [0x00000000bae00000, 0x00000000bc300000, 0x00000000c0000000)
  object space 21504K, 26% used [0x00000000bae00000,0x00000000bb37e938,0x00000000bc300000)
Event: 22.274 GC heap after
Heap after GC invocations=8 (full 0):
 PSYoungGen      total 68608K, used 8675K [0x00000000eaa80000, 0x00000000efa80000, 0x0000000100000000)
  eden space 59904K, 0% used [0x00000000eaa80000,0x00000000eaa80000,0x00000000ee500000)
  from space 8704K, 99% used [0x00000000eef00000,0x00000000ef778ca0,0x00000000ef780000)
  to   space 10240K, 0% used [0x00000000ee500000,0x00000000ee500000,0x00000000eef00000)
 ParOldGen       total 40960K, used 16543K [0x00000000c0000000, 0x00000000c2800000, 0x00000000eaa80000)
  object space 40960K, 40% used [0x00000000c0000000,0x00000000c1027de0,0x00000000c2800000)
 PSPermGen       total 21504K, used 5626K [0x00000000bae00000, 0x00000000bc300000, 0x00000000c0000000)
  object space 21504K, 26% used [0x00000000bae00000,0x00000000bb37e938,0x00000000bc300000)
}
Event: 29.478 GC heap before
{Heap before GC invocations=9 (full 0):
 PSYoungGen      total 68608K, used 68579K [0x00000000eaa80000, 0x00000000efa80000, 0x0000000100000000)
  eden space 59904K, 100% used [0x00000000eaa80000,0x00000000ee500000,0x00000000ee500000)
  from space 8704K, 99% used [0x00000000eef00000,0x00000000ef778ca0,0x00000000ef780000)
  to   space 10240K, 0% used [0x00000000ee500000,0x00000000ee500000,0x00000000eef00000)
 ParOldGen       total 40960K, used 16543K [0x00000000c0000000, 0x00000000c2800000, 0x00000000eaa80000)
  object space 40960K, 40% used [0x00000000c0000000,0x00000000c1027de0,0x00000000c2800000)
 PSPermGen       total 21504K, used 5650K [0x00000000bae00000, 0x00000000bc300000, 0x00000000c0000000)
  object space 21504K, 26% used [0x00000000bae00000,0x00000000bb384b90,0x00000000bc300000)

Deoptimization events (10 events):
Event: 23.596 Thread 0x00007fc01400a000 Uncommon trap: reason=bimorphic action=maybe_recompile pc=0x00007fc0111995bc method=com.android.dx.cf.code.RopperMachine.run(Lcom/android/dx/cf/code/Frame;II)V @ 310
Event: 23.987 Thread 0x00007fc01400a000 Uncommon trap: reason=null_check action=make_not_entrant pc=0x00007fc011227a24 method=com.android.dx.dex.cf.AttributeTranslator.getSignature(Lcom/android/dx/cf/iface/AttributeList;)Lcom/android/dx/rop/annotation/Annotation; @ 8
Event: 24.173 Thread 0x00007fc01400a000 Uncommon trap: reason=unstable_if action=reinterpret pc=0x00007fc011095834 method=com.android.dx.util.IntList.binarysearch(I)I @ 105
Event: 24.175 Thread 0x00007fc01400a000 Uncommon trap: reason=unstable_if action=reinterpret pc=0x00007fc01117ce20 method=com.android.dx.ssa.SsaMethod.blockIndexToRopLabel(I)I @ 1
Event: 24.175 Thread 0x00007fc01400a000 Uncommon trap: reason=unstable_if action=reinterpret pc=0x00007fc0111945f0 method=com.android.dx.ssa.SsaMethod.blockIndexToRopLabel(I)I @ 1
Event: 24.200 Thread 0x00007fc01400a000 Uncommon trap: reason=unstable_if action=reinterpret pc=0x00007fc011140220 method=com.android.dx.dex.code.RopTranslator.pickOrder()V @ 279
Event: 27.001 Thread 0x00007fc01400a000 Uncommon trap: reason=unstable_if action=reinterpret pc=0x00007fc0110b6544 method=com.android.dx.cf.code.BaseMachine.popArgs(Lcom/android/dx/cf/code/Frame;I)V @ 15
Event: 27.684 Thread 0x00007fc01400a000 Uncommon trap: reason=unstable_if action=reinterpret pc=0x00007fc0111fb00c method=com.android.dx.cf.code.Merger.mergeType(Lcom/android/dx/rop/type/TypeBearer;Lcom/android/dx/rop/type/TypeBearer;)Lcom/android/dx/rop/type/TypeBearer; @ 52
Event: 28.905 Thread 0x00007fc01400a000 Uncommon trap: reason=unstable_if action=reinterpret pc=0x00007fc01110ffa4 method=com.android.dx.ssa.SsaMethod.blockIndexToRopLabel(I)I @ 1
Event: 29.130 Thread 0x00007fc01400a000 Uncommon trap: reason=unstable_if action=reinterpret pc=0x00007fc0111f8ad8 method=com.android.dx.cf.code.Merger.mergeType(Lcom/android/dx/rop/type/TypeBearer;Lcom/android/dx/rop/type/TypeBearer;)Lcom/android/dx/rop/type/TypeBearer; @ 52

Internal exceptions (10 events):
Event: 15.850 Thread 0x00007fc01400a000 Threw 0x00000000eae763a8 at /HUDSON/workspace/7u-2-build-linux-amd64/jdk7u80/2329/hotspot/src/share/vm/prims/jvm.cpp:1319
Event: 17.734 Thread 0x00007fc01400a000 Threw 0x00000000ebdb5918 at /HUDSON/workspace/7u-2-build-linux-amd64/jdk7u80/2329/hotspot/src/share/vm/prims/jvm.cpp:1319
Event: 19.056 Thread 0x00007fc01400a000 Threw 0x00000000eaa83b78 at /HUDSON/workspace/7u-2-build-linux-amd64/jdk7u80/2329/hotspot/src/share/vm/prims/jvm.cpp:1319
Event: 19.058 Thread 0x00007fc01400a000 Implicit null exception at 0x00007fc011135d88 to 0x00007fc01113688d
Event: 19.058 Thread 0x00007fc01400a000 Implicit null exception at 0x00007fc0110ddc5f to 0x00007fc0110ddee5
Event: 19.750 Thread 0x00007fc01400a000 Implicit null exception at 0x00007fc0110cbb2b to 0x00007fc0110cbd95
Event: 19.750 Thread 0x00007fc01400a000 Implicit null exception at 0x00007fc0110a543c to 0x00007fc0110a5551
Event: 22.626 Thread 0x00007fc01400a000 Implicit null exception at 0x00007fc0111efe10 to 0x00007fc0111f0c05
Event: 23.515 Thread 0x00007fc01400a000 Threw 0x00000000eb531730 at /HUDSON/workspace/7u-2-build-linux-amd64/jdk7u80/2329/hotspot/src/share/vm/prims/jvm.cpp:1319
Event: 23.987 Thread 0x00007fc01400a000 Implicit null exception at 0x00007fc011226491 to 0x00007fc0112279d9

Events (10 events):
Event: 27.684 Thread 0x00007fc01400a000 DEOPT PACKING pc=0x00007fc0111fb00c sp=0x00007fc01b9b6cd0
Event: 27.684 Thread 0x00007fc01400a000 DEOPT UNPACKING pc=0x00007fc011039045 sp=0x00007fc01b9b6c20 mode 2
Event: 28.905 Thread 0x00007fc01400a000 Uncommon trap: trap_request=0xffffff75 fr.pc=0x00007fc01110ffa4
Event: 28.905 Thread 0x00007fc01400a000 DEOPT PACKING pc=0x00007fc01110ffa4 sp=0x00007fc01b9b6d50
Event: 28.905 Thread 0x00007fc01400a000 DEOPT UNPACKING pc=0x00007fc011039045 sp=0x00007fc01b9b6d28 mode 2
Event: 29.130 Thread 0x00007fc01400a000 Uncommon trap: trap_request=0xffffff75 fr.pc=0x00007fc0111f8ad8
Event: 29.130 Thread 0x00007fc01400a000 DEOPT PACKING pc=0x00007fc0111f8ad8 sp=0x00007fc01b9b6c60
Event: 29.130 Thread 0x00007fc01400a000 DEOPT UNPACKING pc=0x00007fc011039045 sp=0x00007fc01b9b6c20 mode 2
Event: 29.375 Thread 0x00007fc014096800 flushing nmethod 0x00007fc0111cd750
Event: 29.477 Executing VM operation: ParallelGCFailedAllocation


Dynamic libraries:
00400000-00401000 r-xp 00000000 08:02 2235145                            /usr/lib/jvm/java-7-oracle/bin/java
00600000-00601000 rw-p 00000000 08:02 2235145                            /usr/lib/jvm/java-7-oracle/bin/java
00e8d000-00eae000 rw-p 00000000 00:00 0                                  [heap]
bae00000-bc300000 rw-p 00000000 00:00 0 
bc300000-c0000000 rw-p 00000000 00:00 0 
c0000000-c2800000 rw-p 00000000 00:00 0 
c2800000-eaa80000 rw-p 00000000 00:00 0 
eaa80000-efa80000 rw-p 00000000 00:00 0 
f2580000-100000000 rw-p 00000000 00:00 0 
7fbfd0000000-7fbfd0021000 rw-p 00000000 00:00 0 
7fbfd0021000-7fbfd4000000 ---p 00000000 00:00 0 
7fbfd8000000-7fbfd91f4000 rw-p 00000000 00:00 0 
7fbfd91f4000-7fbfdc000000 ---p 00000000 00:00 0 
7fbfdc000000-7fbfdc021000 rw-p 00000000 00:00 0 
7fbfdc021000-7fbfe0000000 ---p 00000000 00:00 0 
7fbfe0000000-7fbfe0021000 rw-p 00000000 00:00 0 
7fbfe0021000-7fbfe4000000 ---p 00000000 00:00 0 
7fbfe4000000-7fbfe5472000 rw-p 00000000 00:00 0 
7fbfe5472000-7fbfe8000000 ---p 00000000 00:00 0 
7fbfe8000000-7fbfe8021000 rw-p 00000000 00:00 0 
7fbfe8021000-7fbfec000000 ---p 00000000 00:00 0 
7fbfec000000-7fbfec021000 rw-p 00000000 00:00 0 
7fbfec021000-7fbff0000000 ---p 00000000 00:00 0 
7fbff0000000-7fbff0021000 rw-p 00000000 00:00 0 
7fbff0021000-7fbff4000000 ---p 00000000 00:00 0 
7fbff4000000-7fbff424f000 rw-p 00000000 00:00 0 
7fbff424f000-7fbff8000000 ---p 00000000 00:00 0 
7fbff8000000-7fbff8021000 rw-p 00000000 00:00 0 
7fbff8021000-7fbffc000000 ---p 00000000 00:00 0 
7fc000000000-7fc000021000 rw-p 00000000 00:00 0 
7fc000021000-7fc004000000 ---p 00000000 00:00 0 
7fc008000000-7fc008021000 rw-p 00000000 00:00 0 
7fc008021000-7fc00c000000 ---p 00000000 00:00 0 
7fc00cd45000-7fc00cd76000 rw-p 00000000 00:00 0 
7fc00cd76000-7fc00cd8d000 r-xp 00000000 08:02 2232763                    /usr/lib/jvm/java-7-oracle/jre/lib/amd64/libnet.so
7fc00cd8d000-7fc00cf8c000 ---p 00017000 08:02 2232763                    /usr/lib/jvm/java-7-oracle/jre/lib/amd64/libnet.so
7fc00cf8c000-7fc00cf8d000 rw-p 00016000 08:02 2232763                    /usr/lib/jvm/java-7-oracle/jre/lib/amd64/libnet.so
7fc00cf8d000-7fc00cf9d000 r-xp 00000000 08:02 2232777                    /usr/lib/jvm/java-7-oracle/jre/lib/amd64/libnio.so
7fc00cf9d000-7fc00d19d000 ---p 00010000 08:02 2232777                    /usr/lib/jvm/java-7-oracle/jre/lib/amd64/libnio.so
7fc00d19d000-7fc00d19e000 rw-p 00010000 08:02 2232777                    /usr/lib/jvm/java-7-oracle/jre/lib/amd64/libnio.so
7fc00d19e000-7fc00d1af000 r--s 000b9000 00:1a 1975636                    /home/skylar/Desktop/cmps121-hw3/Local-BB/app/build/intermediates/exploded-aar/com.android.support/support-v4/22.0.0/classes.jar
7fc00d1af000-7fc00d1b0000 ---p 00000000 00:00 0 
7fc00d1b0000-7fc00d2b0000 rw-p 00000000 00:00 0                          [stack:20536]
7fc00d2b0000-7fc00d2b3000 ---p 00000000 00:00 0 
7fc00d2b3000-7fc00d3b1000 rw-p 00000000 00:00 0                          [stack:20535]
7fc00d3b1000-7fc00d3b4000 ---p 00000000 00:00 0 
7fc00d3b4000-7fc00d4b2000 rw-p 00000000 00:00 0                          [stack:20534]
7fc00d4b2000-7fc00d4b5000 ---p 00000000 00:00 0 
7fc00d4b5000-7fc00d5b3000 rw-p 00000000 00:00 0                          [stack:20533]
7fc00d5b3000-7fc00d5b6000 ---p 00000000 00:00 0 
7fc00d5b6000-7fc00d6b4000 rw-p 00000000 00:00 0                          [stack:20532]
7fc00d6b4000-7fc00d97d000 r--p 00000000 08:02 2100321                    /usr/lib/locale/locale-archive
7fc00d97d000-7fc00d980000 ---p 00000000 00:00 0 
7fc00d980000-7fc00da7e000 rw-p 00000000 00:00 0                          [stack:20531]
7fc00da7e000-7fc00da81000 ---p 00000000 00:00 0 
7fc00da81000-7fc00db7f000 rw-p 00000000 00:00 0                          [stack:20530]
7fc00db7f000-7fc00db80000 ---p 00000000 00:00 0 
7fc00db80000-7fc00ebb0000 rw-p 00000000 00:00 0                          [stack:20527]
7fc00ebb0000-7fc00ed70000 r--s 039fb000 08:02 2232736                    /usr/lib/jvm/java-7-oracle/jre/lib/rt.jar
7fc00ed70000-7fc011000000 rw-p 00000000 00:00 0 
7fc011000000-7fc011270000 rwxp 00000000 00:00 0 
7fc011270000-7fc0141b8000 rw-p 00000000 00:00 0 
7fc0141b8000-7fc018000000 ---p 00000000 00:00 0 
7fc01800e000-7fc0183ff000 rw-p 00000000 00:00 0 
7fc0183ff000-7fc018400000 ---p 00000000 00:00 0 
7fc018400000-7fc018500000 rw-p 00000000 00:00 0                          [stack:20524]
7fc018500000-7fc018501000 ---p 00000000 00:00 0 
7fc018501000-7fc018601000 rw-p 00000000 00:00 0                          [stack:20522]
7fc018601000-7fc018602000 ---p 00000000 00:00 0 
7fc018602000-7fc018702000 rw-p 00000000 00:00 0                          [stack:20520]
7fc018702000-7fc018703000 ---p 00000000 00:00 0 
7fc018703000-7fc01880e000 rw-p 00000000 00:00 0                          [stack:20518]
7fc01880e000-7fc01882c000 rw-p 00000000 00:00 0 
7fc01882c000-7fc018840000 rw-p 00000000 00:00 0 
7fc018840000-7fc018982000 rw-p 00000000 00:00 0 
7fc018982000-7fc01898d000 rw-p 00000000 00:00 0 
7fc01898d000-7fc0189ab000 rw-p 00000000 00:00 0 
7fc0189ab000-7fc0189bf000 rw-p 00000000 00:00 0 
7fc0189bf000-7fc018b00000 rw-p 00000000 00:00 0 
7fc018b00000-7fc018b29000 rw-p 00000000 00:00 0 
7fc018b29000-7fc018bab000 rw-p 00000000 00:00 0 
7fc018bab000-7fc018bac000 rw-p 00000000 00:00 0 
7fc018bac000-7fc018bc3000 r-xp 00000000 08:02 2232787                    /usr/lib/jvm/java-7-oracle/jre/lib/amd64/libzip.so
7fc018bc3000-7fc018dc3000 ---p 00017000 08:02 2232787                    /usr/lib/jvm/java-7-oracle/jre/lib/amd64/libzip.so
7fc018dc3000-7fc018dc4000 rw-p 00017000 08:02 2232787                    /usr/lib/jvm/java-7-oracle/jre/lib/amd64/libzip.so
7fc018dc4000-7fc018dcf000 r-xp 00000000 08:02 1309150                    /lib/x86_64-linux-gnu/libnss_files-2.19.so
7fc018dcf000-7fc018fce000 ---p 0000b000 08:02 1309150                    /lib/x86_64-linux-gnu/libnss_files-2.19.so
7fc018fce000-7fc018fcf000 r--p 0000a000 08:02 1309150                    /lib/x86_64-linux-gnu/libnss_files-2.19.so
7fc018fcf000-7fc018fd0000 rw-p 0000b000 08:02 1309150                    /lib/x86_64-linux-gnu/libnss_files-2.19.so
7fc018fd0000-7fc018fdb000 r-xp 00000000 08:02 1309214                    /lib/x86_64-linux-gnu/libnss_nis-2.19.so
7fc018fdb000-7fc0191da000 ---p 0000b000 08:02 1309214                    /lib/x86_64-linux-gnu/libnss_nis-2.19.so
7fc0191da000-7fc0191db000 r--p 0000a000 08:02 1309214                    /lib/x86_64-linux-gnu/libnss_nis-2.19.so
7fc0191db000-7fc0191dc000 rw-p 0000b000 08:02 1309214                    /lib/x86_64-linux-gnu/libnss_nis-2.19.so
7fc0191dc000-7fc0191f3000 r-xp 00000000 08:02 1309172                    /lib/x86_64-linux-gnu/libnsl-2.19.so
7fc0191f3000-7fc0193f2000 ---p 00017000 08:02 1309172                    /lib/x86_64-linux-gnu/libnsl-2.19.so
7fc0193f2000-7fc0193f3000 r--p 00016000 08:02 1309172                    /lib/x86_64-linux-gnu/libnsl-2.19.so
7fc0193f3000-7fc0193f4000 rw-p 00017000 08:02 1309172                    /lib/x86_64-linux-gnu/libnsl-2.19.so
7fc0193f4000-7fc0193f6000 rw-p 00000000 00:00 0 
7fc0193f6000-7fc0193ff000 r-xp 00000000 08:02 1309171                    /lib/x86_64-linux-gnu/libnss_compat-2.19.so
7fc0193ff000-7fc0195fe000 ---p 00009000 08:02 1309171                    /lib/x86_64-linux-gnu/libnss_compat-2.19.so
7fc0195fe000-7fc0195ff000 r--p 00008000 08:02 1309171                    /lib/x86_64-linux-gnu/libnss_compat-2.19.so
7fc0195ff000-7fc019600000 rw-p 00009000 08:02 1309171                    /lib/x86_64-linux-gnu/libnss_compat-2.19.so
7fc019600000-7fc019629000 r-xp 00000000 08:02 2232770                    /usr/lib/jvm/java-7-oracle/jre/lib/amd64/libjava.so
7fc019629000-7fc019829000 ---p 00029000 08:02 2232770                    /usr/lib/jvm/java-7-oracle/jre/lib/amd64/libjava.so
7fc019829000-7fc01982b000 rw-p 00029000 08:02 2232770                    /usr/lib/jvm/java-7-oracle/jre/lib/amd64/libjava.so
7fc01982b000-7fc019838000 r-xp 00000000 08:02 2232752                    /usr/lib/jvm/java-7-oracle/jre/lib/amd64/libverify.so
7fc019838000-7fc019a37000 ---p 0000d000 08:02 2232752                    /usr/lib/jvm/java-7-oracle/jre/lib/amd64/libverify.so
7fc019a37000-7fc019a39000 rw-p 0000c000 08:02 2232752                    /usr/lib/jvm/java-7-oracle/jre/lib/amd64/libverify.so
7fc019a39000-7fc019a40000 r-xp 00000000 08:02 1309211                    /lib/x86_64-linux-gnu/librt-2.19.so
7fc019a40000-7fc019c3f000 ---p 00007000 08:02 1309211                    /lib/x86_64-linux-gnu/librt-2.19.so
7fc019c3f000-7fc019c40000 r--p 00006000 08:02 1309211                    /lib/x86_64-linux-gnu/librt-2.19.so
7fc019c40000-7fc019c41000 rw-p 00007000 08:02 1309211                    /lib/x86_64-linux-gnu/librt-2.19.so
7fc019c41000-7fc019d46000 r-xp 00000000 08:02 1309149                    /lib/x86_64-linux-gnu/libm-2.19.so
7fc019d46000-7fc019f45000 ---p 00105000 08:02 1309149                    /lib/x86_64-linux-gnu/libm-2.19.so
7fc019f45000-7fc019f46000 r--p 00104000 08:02 1309149                    /lib/x86_64-linux-gnu/libm-2.19.so
7fc019f46000-7fc019f47000 rw-p 00105000 08:02 1309149                    /lib/x86_64-linux-gnu/libm-2.19.so
7fc019f47000-7fc01aabd000 r-xp 00000000 08:02 2232774                    /usr/lib/jvm/java-7-oracle/jre/lib/amd64/server/libjvm.so
7fc01aabd000-7fc01acbc000 ---p 00b76000 08:02 2232774                    /usr/lib/jvm/java-7-oracle/jre/lib/amd64/server/libjvm.so
7fc01acbc000-7fc01ad80000 rw-p 00b75000 08:02 2232774                    /usr/lib/jvm/java-7-oracle/jre/lib/amd64/server/libjvm.so
7fc01ad80000-7fc01adc1000 rw-p 00000000 00:00 0 
7fc01adc1000-7fc01af7c000 r-xp 00000000 08:02 1309200                    /lib/x86_64-linux-gnu/libc-2.19.so
7fc01af7c000-7fc01b17b000 ---p 001bb000 08:02 1309200                    /lib/x86_64-linux-gnu/libc-2.19.so
7fc01b17b000-7fc01b17f000 r--p 001ba000 08:02 1309200                    /lib/x86_64-linux-gnu/libc-2.19.so
7fc01b17f000-7fc01b181000 rw-p 001be000 08:02 1309200                    /lib/x86_64-linux-gnu/libc-2.19.so
7fc01b181000-7fc01b186000 rw-p 00000000 00:00 0 
7fc01b186000-7fc01b189000 r-xp 00000000 08:02 1309153                    /lib/x86_64-linux-gnu/libdl-2.19.so
7fc01b189000-7fc01b388000 ---p 00003000 08:02 1309153                    /lib/x86_64-linux-gnu/libdl-2.19.so
7fc01b388000-7fc01b389000 r--p 00002000 08:02 1309153                    /lib/x86_64-linux-gnu/libdl-2.19.so
7fc01b389000-7fc01b38a000 rw-p 00003000 08:02 1309153                    /lib/x86_64-linux-gnu/libdl-2.19.so
7fc01b38a000-7fc01b39f000 r-xp 00000000 08:02 2233709                    /usr/lib/jvm/java-7-oracle/lib/amd64/jli/libjli.so
7fc01b39f000-7fc01b59e000 ---p 00015000 08:02 2233709                    /usr/lib/jvm/java-7-oracle/lib/amd64/jli/libjli.so
7fc01b59e000-7fc01b59f000 rw-p 00014000 08:02 2233709                    /usr/lib/jvm/java-7-oracle/lib/amd64/jli/libjli.so
7fc01b59f000-7fc01b5b8000 r-xp 00000000 08:02 1309201                    /lib/x86_64-linux-gnu/libpthread-2.19.so
7fc01b5b8000-7fc01b7b7000 ---p 00019000 08:02 1309201                    /lib/x86_64-linux-gnu/libpthread-2.19.so
7fc01b7b7000-7fc01b7b8000 r--p 00018000 08:02 1309201                    /lib/x86_64-linux-gnu/libpthread-2.19.so
7fc01b7b8000-7fc01b7b9000 rw-p 00019000 08:02 1309201                    /lib/x86_64-linux-gnu/libpthread-2.19.so
7fc01b7b9000-7fc01b7bd000 rw-p 00000000 00:00 0 
7fc01b7bd000-7fc01b7e0000 r-xp 00000000 08:02 1309176                    /lib/x86_64-linux-gnu/ld-2.19.so
7fc01b7e8000-7fc01b7e9000 rw-p 00000000 00:00 0 
7fc01b7e9000-7fc01b7f8000 r--s 000dd000 08:02 922509                     /root/Android/Sdk/build-tools/21.1.2/lib/dx.jar
7fc01b7f8000-7fc01b802000 rw-p 00000000 00:00 0 
7fc01b802000-7fc01b8b8000 rw-p 00000000 00:00 0 
7fc01b8b8000-7fc01b8bb000 ---p 00000000 00:00 0 
7fc01b8bb000-7fc01b9d3000 rw-p 00000000 00:00 0                          [stack:20515]
7fc01b9d3000-7fc01b9db000 rw-s 00000000 08:02 1447733                    /tmp/hsperfdata_root/20513
7fc01b9db000-7fc01b9dc000 rw-p 00000000 00:00 0 
7fc01b9dc000-7fc01b9dd000 ---p 00000000 00:00 0 
7fc01b9dd000-7fc01b9df000 rw-p 00000000 00:00 0 
7fc01b9df000-7fc01b9e0000 r--p 00022000 08:02 1309176                    /lib/x86_64-linux-gnu/ld-2.19.so
7fc01b9e0000-7fc01b9e1000 rw-p 00023000 08:02 1309176                    /lib/x86_64-linux-gnu/ld-2.19.so
7fc01b9e1000-7fc01b9e2000 rw-p 00000000 00:00 0 
7fffd6c2b000-7fffd6c4c000 rw-p 00000000 00:00 0                          [stack]
7fffd6c9d000-7fffd6c9f000 r-xp 00000000 00:00 0                          [vdso]
ffffffffff600000-ffffffffff601000 r-xp 00000000 00:00 0                  [vsyscall]

VM Arguments:
jvm_args: -Xmx1024M -Dfile.encoding=UTF-8 -Duser.country=US -Duser.language=en -Duser.variant 
java_command: com.android.dx.command.Main --dex --output /home/skylar/Desktop/cmps121-hw3/Local-BB/app/build/intermediates/pre-dexed/debug/classes-693f0a32db5a82d1776896f55eb1c2b6d1c6d97c.jar /home/skylar/Desktop/cmps121-hw3/Local-BB/app/build/intermediates/exploded-aar/com.android.support/support-v4/22.0.0/classes.jar
Launcher Type: SUN_STANDARD

Environment Variables:
CLASSPATH=/home/skylar/Documents/dev/android-studio/bin/../lib/bootstrap.jar:/home/skylar/Documents/dev/android-studio/bin/../lib/extensions.jar:/home/skylar/Documents/dev/android-studio/bin/../lib/util.jar:/home/skylar/Documents/dev/android-studio/bin/../lib/jdom.jar:/home/skylar/Documents/dev/android-studio/bin/../lib/log4j.jar:/home/skylar/Documents/dev/android-studio/bin/../lib/trove4j.jar:/home/skylar/Documents/dev/android-studio/bin/../lib/jna.jar:/usr/lib/jvm/java-7-oracle/lib/tools.jar
PATH=/usr/local/sbin:/usr/local/bin:/usr/sbin:/usr/bin:/sbin:/bin
USERNAME=root
LD_LIBRARY_PATH=/home/skylar/Documents/dev/android-studio/bin:
SHELL=/bin/bash
DISPLAY=:0.0

Signal Handlers:
SIGSEGV: [libjvm.so+0x9a3b20], sa_mask[0]=0x7ffbfeff, sa_flags=0x10000004
SIGBUS: [libjvm.so+0x9a3b20], sa_mask[0]=0x7ffbfeff, sa_flags=0x10000004
SIGFPE: [libjvm.so+0x81e740], sa_mask[0]=0x7ffbfeff, sa_flags=0x10000004
SIGPIPE: [libjvm.so+0x81e740], sa_mask[0]=0x7ffbfeff, sa_flags=0x10000004
SIGXFSZ: [libjvm.so+0x81e740], sa_mask[0]=0x7ffbfeff, sa_flags=0x10000004
SIGILL: [libjvm.so+0x81e740], sa_mask[0]=0x7ffbfeff, sa_flags=0x10000004
SIGUSR1: SIG_DFL, sa_mask[0]=0x00000000, sa_flags=0x00000000
SIGUSR2: [libjvm.so+0x81ffb0], sa_mask[0]=0x00000004, sa_flags=0x10000004
SIGHUP: [libjvm.so+0x8210d0], sa_mask[0]=0x7ffbfeff, sa_flags=0x10000004
SIGINT: [libjvm.so+0x8210d0], sa_mask[0]=0x7ffbfeff, sa_flags=0x10000004
SIGTERM: [libjvm.so+0x8210d0], sa_mask[0]=0x7ffbfeff, sa_flags=0x10000004
SIGQUIT: [libjvm.so+0x8210d0], sa_mask[0]=0x7ffbfeff, sa_flags=0x10000004


---------------  S Y S T E M  ---------------

OS:jessie/sid

uname:Linux 3.13.0-37-generic #64-Ubuntu SMP Mon Sep 22 21:28:38 UTC 2014 x86_64
libc:glibc 2.19 NPTL 2.19 
rlimit: STACK 8192k, CORE 0k, NPROC 30044, NOFILE 4096, AS infinity
load average:12.39 5.26 2.53

/proc/meminfo:
MemTotal:        3928868 kB
MemFree:           97456 kB
Buffers:             248 kB
Cached:           177936 kB
SwapCached:            0 kB
Active:          3489308 kB
Inactive:         174948 kB
Active(anon):    3487388 kB
Inactive(anon):   167672 kB
Active(file):       1920 kB
Inactive(file):     7276 kB
Unevictable:         384 kB
Mlocked:             384 kB
SwapTotal:             0 kB
SwapFree:              0 kB
Dirty:                 0 kB
Writeback:            24 kB
AnonPages:       3486884 kB
Mapped:            37392 kB
Shmem:            168808 kB
Slab:              60124 kB
SReclaimable:      24096 kB
SUnreclaim:        36028 kB
KernelStack:        4800 kB
PageTables:        26724 kB
NFS_Unstable:          0 kB
Bounce:                0 kB
WritebackTmp:          0 kB
CommitLimit:     1964432 kB
Committed_AS:    5897832 kB
VmallocTotal:   34359738367 kB
VmallocUsed:      347452 kB
VmallocChunk:   34359300732 kB
HardwareCorrupted:     0 kB
AnonHugePages:   1937408 kB
HugePages_Total:       0
HugePages_Free:        0
HugePages_Rsvd:        0
HugePages_Surp:        0
Hugepagesize:       2048 kB
DirectMap4k:      108224 kB
DirectMap2M:     3966976 kB


CPU:total 4 (4 cores per cpu, 1 threads per core) family 6 model 55 stepping 8, cmov, cx8, fxsr, mmx, sse, sse2, sse3, ssse3, sse4.1, sse4.2, popcnt, erms, tsc, tscinvbit

/proc/cpuinfo:
processor	: 0
vendor_id	: GenuineIntel
cpu family	: 6
model		: 55
model name	: Intel(R) Pentium(R) CPU  N3530  @ 2.16GHz
stepping	: 8
microcode	: 0x829
cpu MHz		: 2159.000
cache size	: 1024 KB
physical id	: 0
siblings	: 4
core id		: 0
cpu cores	: 4
apicid		: 0
initial apicid	: 0
fpu		: yes
fpu_exception	: yes
cpuid level	: 11
wp		: yes
flags		: fpu vme de pse tsc msr pae mce cx8 apic sep mtrr pge mca cmov pat pse36 clflush dts acpi mmx fxsr sse sse2 ss ht tm pbe syscall nx rdtscp lm constant_tsc arch_perfmon pebs bts rep_good nopl xtopology nonstop_tsc aperfmperf pni pclmulqdq dtes64 monitor ds_cpl vmx est tm2 ssse3 cx16 xtpr pdcm sse4_1 sse4_2 movbe popcnt tsc_deadline_timer rdrand lahf_lm 3dnowprefetch ida arat epb dtherm tpr_shadow vnmi flexpriority ept vpid tsc_adjust smep erms
bogomips	: 4332.97
clflush size	: 64
cache_alignment	: 64
address sizes	: 36 bits physical, 48 bits virtual
power management:

processor	: 1
vendor_id	: GenuineIntel
cpu family	: 6
model		: 55
model name	: Intel(R) Pentium(R) CPU  N3530  @ 2.16GHz
stepping	: 8
microcode	: 0x829
cpu MHz		: 2159.000
cache size	: 1024 KB
physical id	: 0
siblings	: 4
core id		: 1
cpu cores	: 4
apicid		: 2
initial apicid	: 2
fpu		: yes
fpu_exception	: yes
cpuid level	: 11
wp		: yes
flags		: fpu vme de pse tsc msr pae mce cx8 apic sep mtrr pge mca cmov pat pse36 clflush dts acpi mmx fxsr sse sse2 ss ht tm pbe syscall nx rdtscp lm constant_tsc arch_perfmon pebs bts rep_good nopl xtopology nonstop_tsc aperfmperf pni pclmulqdq dtes64 monitor ds_cpl vmx est tm2 ssse3 cx16 xtpr pdcm sse4_1 sse4_2 movbe popcnt tsc_deadline_timer rdrand lahf_lm 3dnowprefetch ida arat epb dtherm tpr_shadow vnmi flexpriority ept vpid tsc_adjust smep erms
bogomips	: 4332.97
clflush size	: 64
cache_alignment	: 64
address sizes	: 36 bits physical, 48 bits virtual
power management:

processor	: 2
vendor_id	: GenuineIntel
cpu family	: 6
model		: 55
model name	: Intel(R) Pentium(R) CPU  N3530  @ 2.16GHz
stepping	: 8
microcode	: 0x829
cpu MHz		: 2159.000
cache size	: 1024 KB
physical id	: 0
siblings	: 4
core id		: 2
cpu cores	: 4
apicid		: 4
initial apicid	: 4
fpu		: yes
fpu_exception	: yes
cpuid level	: 11
wp		: yes
flags		: fpu vme de pse tsc msr pae mce cx8 apic sep mtrr pge mca cmov pat pse36 clflush dts acpi mmx fxsr sse sse2 ss ht tm pbe syscall nx rdtscp lm constant_tsc arch_perfmon pebs bts rep_good nopl xtopology nonstop_tsc aperfmperf pni pclmulqdq dtes64 monitor ds_cpl vmx est tm2 ssse3 cx16 xtpr pdcm sse4_1 sse4_2 movbe popcnt tsc_deadline_timer rdrand lahf_lm 3dnowprefetch ida arat epb dtherm tpr_shadow vnmi flexpriority ept vpid tsc_adjust smep erms
bogomips	: 4332.97
clflush size	: 64
cache_alignment	: 64
address sizes	: 36 bits physical, 48 bits virtual
power management:

processor	: 3
vendor_id	: GenuineIntel
cpu family	: 6
model		: 55
model name	: Intel(R) Pentium(R) CPU  N3530  @ 2.16GHz
stepping	: 8
microcode	: 0x829
cpu MHz		: 2159.000
cache size	: 1024 KB
physical id	: 0
siblings	: 4
core id		: 3
cpu cores	: 4
apicid		: 6
initial apicid	: 6
fpu		: yes
fpu_exception	: yes
cpuid level	: 11
wp		: yes
flags		: fpu vme de pse tsc msr pae mce cx8 apic sep mtrr pge mca cmov pat pse36 clflush dts acpi mmx fxsr sse sse2 ss ht tm pbe syscall nx rdtscp lm constant_tsc arch_perfmon pebs bts rep_good nopl xtopology nonstop_tsc aperfmperf pni pclmulqdq dtes64 monitor ds_cpl vmx est tm2 ssse3 cx16 xtpr pdcm sse4_1 sse4_2 movbe popcnt tsc_deadline_timer rdrand lahf_lm 3dnowprefetch ida arat epb dtherm tpr_shadow vnmi flexpriority ept vpid tsc_adjust smep erms
bogomips	: 4332.97
clflush size	: 64
cache_alignment	: 64
address sizes	: 36 bits physical, 48 bits virtual
power management:



Memory: 4k page, physical 3928868k(93292k free), swap 0k(0k free)

vm_info: Java HotSpot(TM) 64-Bit Server VM (24.80-b11) for linux-amd64 JRE (1.7.0_80-b15), built on Apr 10 2015 19:53:14 by "java_re" with gcc 4.3.0 20080428 (Red Hat 4.3.0-8)

time: Wed May  6 21:51:20 2015
elapsed time: 31 seconds

