#
# There is insufficient memory for the Java Runtime Environment to continue.
# Native memory allocation (malloc) failed to allocate 15728640 bytes for committing reserved memory.
# Possible reasons:
#   The system is out of physical RAM or swap space
#   In 32 bit mode, the process size limit was hit
# Possible solutions:
#   Reduce memory load on the system
#   Increase physical memory or swap space
#   Check if swap backing store is full
#   Use 64 bit Java on a 64 bit OS
#   Decrease Java heap size (-Xmx/-Xms)
#   Decrease number of Java threads
#   Decrease Java thread stack sizes (-Xss)
#   Set larger code cache with -XX:ReservedCodeCacheSize=
# This output file may be truncated or incomplete.
#
#  Out of Memory Error (os_linux.cpp:2756), pid=20219, tid=139642580403968
#
# JRE version: Java(TM) SE Runtime Environment (7.0_80-b15) (build 1.7.0_80-b15)
# Java VM: Java HotSpot(TM) 64-Bit Server VM (24.80-b11 mixed mode linux-amd64 compressed oops)
# Failed to write core dump. Core dumps have been disabled. To enable core dumping, try "ulimit -c unlimited" before starting Java again
#

---------------  T H R E A D  ---------------

Current thread (0x00007f011806a000):  VMThread [stack: 0x00007f0112568000,0x00007f0112669000] [id=20230]

Stack: [0x00007f0112568000,0x00007f0112669000],  sp=0x00007f0112666fc0,  free space=1019k
Native frames: (J=compiled Java code, j=interpreted, Vv=VM code, C=native code)
V  [libjvm.so+0x9a320a]  VMError::report_and_die()+0x2ea
V  [libjvm.so+0x498d3b]  report_vm_out_of_memory(char const*, int, unsigned long, char const*)+0x9b
V  [libjvm.so+0x82191e]  os::Linux::commit_memory_impl(char*, unsigned long, bool)+0xfe
V  [libjvm.so+0x821e69]  os::pd_commit_memory(char*, unsigned long, unsigned long, bool)+0x29
V  [libjvm.so+0x81bb6a]  os::commit_memory(char*, unsigned long, unsigned long, bool)+0x2a
V  [libjvm.so+0x88d623]  PSVirtualSpace::expand_by(unsigned long)+0x53
V  [libjvm.so+0x88e9f8]  PSYoungGen::resize_generation(unsigned long, unsigned long)+0xf8
V  [libjvm.so+0x88db62]  PSYoungGen::resize(unsigned long, unsigned long)+0x22
V  [libjvm.so+0x88af1d]  PSScavenge::invoke_no_policy()+0xf3d
V  [libjvm.so+0x88b761]  PSScavenge::invoke()+0x41
V  [libjvm.so+0x843f40]  ParallelScavengeHeap::failed_mem_allocate(unsigned long)+0x70
V  [libjvm.so+0x9a4a97]  VM_ParallelGCFailedAllocation::doit()+0x97
V  [libjvm.so+0x9abf35]  VM_Operation::evaluate()+0x55
V  [libjvm.so+0x9aa2fa]  VMThread::evaluate_operation(VM_Operation*)+0xba
V  [libjvm.so+0x9aa67e]  VMThread::loop()+0x1ce
V  [libjvm.so+0x9aaaf0]  VMThread::run()+0x70
V  [libjvm.so+0x8238c8]  java_start(Thread*)+0x108

VM_Operation (0x00007f01203c8c90): ParallelGCFailedAllocation, mode: safepoint, requested by thread 0x00007f011800a000


---------------  P R O C E S S  ---------------

Java Threads: ( => current thread )
  0x00007f0118099000 JavaThread "Service Thread" daemon [_thread_blocked, id=20236, stack(0x00007f0111c99000,0x00007f0111d9a000)]
  0x00007f0118096800 JavaThread "C2 CompilerThread1" daemon [_thread_blocked, id=20235, stack(0x00007f0111d9a000,0x00007f0111e9b000)]
  0x00007f0118093800 JavaThread "C2 CompilerThread0" daemon [_thread_blocked, id=20234, stack(0x00007f0111e9b000,0x00007f0111f9c000)]
  0x00007f0118091800 JavaThread "Signal Dispatcher" daemon [_thread_blocked, id=20233, stack(0x00007f0111f9c000,0x00007f011209d000)]
  0x00007f0118070000 JavaThread "Finalizer" daemon [_thread_blocked, id=20232, stack(0x00007f0112366000,0x00007f0112467000)]
  0x00007f011806e000 JavaThread "Reference Handler" daemon [_thread_blocked, id=20231, stack(0x00007f0112467000,0x00007f0112568000)]
  0x00007f011800a000 JavaThread "main" [_thread_blocked, id=20223, stack(0x00007f01202ca000,0x00007f01203cb000)]

Other Threads:
=>0x00007f011806a000 VMThread [stack: 0x00007f0112568000,0x00007f0112669000] [id=20230]
  0x00007f01180a3800 WatcherThread [stack: 0x00007f0111b98000,0x00007f0111c99000] [id=20237]

VM state:at safepoint (normal execution)

VM Mutex/Monitor currently owned by a thread:  ([mutex/lock_event])
[0x00007f0118006770] Threads_lock - owner thread: 0x00007f011806a000
[0x00007f0118006c70] Heap_lock - owner thread: 0x00007f011800a000

Heap
 PSYoungGen      total 17920K, used 2535K [0x00000000eaa80000, 0x00000000ebe80000, 0x0000000100000000)
  eden space 15360K, 0% used [0x00000000eaa80000,0x00000000eaa80000,0x00000000eb980000)
  from space 2560K, 99% used [0x00000000ebc00000,0x00000000ebe79c98,0x00000000ebe80000)
  to   space 2560K, 0% used [0x00000000eb980000,0x00000000eb980000,0x00000000ebc00000)
 ParOldGen       total 40960K, used 3215K [0x00000000c0000000, 0x00000000c2800000, 0x00000000eaa80000)
  object space 40960K, 7% used [0x00000000c0000000,0x00000000c0323de0,0x00000000c2800000)
 PSPermGen       total 21504K, used 5430K [0x00000000bae00000, 0x00000000bc300000, 0x00000000c0000000)
  object space 21504K, 25% used [0x00000000bae00000,0x00000000bb34d858,0x00000000bc300000)

Card table byte_map: [0x00007f011d394000,0x00007f011d5be000] byte_map_base: 0x00007f011cdbd000

Polling page: 0x00007f01203ee000

Code Cache  [0x00007f0115000000, 0x00007f0115270000, 0x00007f0118000000)
 total_blobs=431 nmethods=205 adapters=180 free_code_cache=48325Kb largest_free_block=49459520

Compilation events (10 events):
Event: 10.410 Thread 0x00007f0118093800 nmethod 204 0x00007f01150bde10 code [0x00007f01150bdf60, 0x00007f01150be038]
Event: 10.410 Thread 0x00007f0118093800  205             java.util.AbstractMap::<init> (15 bytes)
Event: 10.411 Thread 0x00007f0118093800 nmethod 205 0x00007f01150ba350 code [0x00007f01150ba480, 0x00007f01150ba4d8]
Event: 10.411 Thread 0x00007f0118093800  206             java.util.HashMap::put (142 bytes)
Event: 10.594 Thread 0x00007f0118093800 nmethod 206 0x00007f01150be890 code [0x00007f01150beaa0, 0x00007f01150bf1a0]
Event: 10.595 Thread 0x00007f0118093800  208             com.android.dx.rop.code.LocalVariableExtractor::processBlock (327 bytes)
Event: 12.706 Thread 0x00007f0118093800 nmethod 208 0x00007f01150d1590 code [0x00007f01150d1880, 0x00007f01150d2668]
Event: 12.707 Thread 0x00007f0118093800  209             com.android.dx.ssa.SsaMethod::buildUseList (112 bytes)
Event: 13.449 Thread 0x00007f0118093800 nmethod 209 0x00007f01150d40d0 code [0x00007f01150d42a0, 0x00007f01150d4aa8]
Event: 13.449 Thread 0x00007f0118093800  210             com.android.dx.ssa.SCCP::simulateBlock (54 bytes)

GC Heap History (3 events):
Event: 6.263 GC heap before
{Heap before GC invocations=1 (full 0):
 PSYoungGen      total 17920K, used 15360K [0x00000000eaa80000, 0x00000000ebe80000, 0x0000000100000000)
  eden space 15360K, 100% used [0x00000000eaa80000,0x00000000eb980000,0x00000000eb980000)
  from space 2560K, 0% used [0x00000000ebc00000,0x00000000ebc00000,0x00000000ebe80000)
  to   space 2560K, 0% used [0x00000000eb980000,0x00000000eb980000,0x00000000ebc00000)
 ParOldGen       total 40960K, used 0K [0x00000000c0000000, 0x00000000c2800000, 0x00000000eaa80000)
  object space 40960K, 0% used [0x00000000c0000000,0x00000000c0000000,0x00000000c2800000)
 PSPermGen       total 21504K, used 5289K [0x00000000bae00000, 0x00000000bc300000, 0x00000000c0000000)
  object space 21504K, 24% used [0x00000000bae00000,0x00000000bb32a7f0,0x00000000bc300000)
Event: 6.288 GC heap after
Heap after GC invocations=1 (full 0):
 PSYoungGen      total 17920K, used 2551K [0x00000000eaa80000, 0x00000000ebe80000, 0x0000000100000000)
  eden space 15360K, 0% used [0x00000000eaa80000,0x00000000eaa80000,0x00000000eb980000)
  from space 2560K, 99% used [0x00000000eb980000,0x00000000ebbfdc78,0x00000000ebc00000)
  to   space 2560K, 0% used [0x00000000ebc00000,0x00000000ebc00000,0x00000000ebe80000)
 ParOldGen       total 40960K, used 1298K [0x00000000c0000000, 0x00000000c2800000, 0x00000000eaa80000)
  object space 40960K, 3% used [0x00000000c0000000,0x00000000c01448f8,0x00000000c2800000)
 PSPermGen       total 21504K, used 5289K [0x00000000bae00000, 0x00000000bc300000, 0x00000000c0000000)
  object space 21504K, 24% used [0x00000000bae00000,0x00000000bb32a7f0,0x00000000bc300000)
}
Event: 13.456 GC heap before
{Heap before GC invocations=2 (full 0):
 PSYoungGen      total 17920K, used 17911K [0x00000000eaa80000, 0x00000000ebe80000, 0x0000000100000000)
  eden space 15360K, 100% used [0x00000000eaa80000,0x00000000eb980000,0x00000000eb980000)
  from space 2560K, 99% used [0x00000000eb980000,0x00000000ebbfdc78,0x00000000ebc00000)
  to   space 2560K, 0% used [0x00000000ebc00000,0x00000000ebc00000,0x00000000ebe80000)
 ParOldGen       total 40960K, used 1298K [0x00000000c0000000, 0x00000000c2800000, 0x00000000eaa80000)
  object space 40960K, 3% used [0x00000000c0000000,0x00000000c01448f8,0x00000000c2800000)
 PSPermGen       total 21504K, used 5430K [0x00000000bae00000, 0x00000000bc300000, 0x00000000c0000000)
  object space 21504K, 25% used [0x00000000bae00000,0x00000000bb34d858,0x00000000bc300000)

Deoptimization events (9 events):
Event: 1.036 Thread 0x00007f011800a000 Uncommon trap: reason=unstable_if action=reinterpret pc=0x00007f01150608f4 method=java.lang.String.indexOf(II)I @ 49
Event: 3.590 Thread 0x00007f011800a000 Uncommon trap: reason=null_assert action=make_not_entrant pc=0x00007f011506eadc method=com.android.dx.rop.code.RegisterSpec$ForComparison.equals(Ljava/lang/Object;)Z @ 27
Event: 3.923 Thread 0x00007f011800a000 Uncommon trap: reason=null_check action=make_not_entrant pc=0x00007f0115076348 method=com.android.dx.rop.code.LocalItem.equals(Ljava/lang/Object;)Z @ 1
Event: 5.007 Thread 0x00007f011800a000 Uncommon trap: reason=class_check action=maybe_recompile pc=0x00007f0115080224 method=com.android.dx.ssa.NormalSsaInsn.accept(Lcom/android/dx/ssa/SsaInsn$Visitor;)V @ 9
Event: 5.105 Thread 0x00007f011800a000 Uncommon trap: reason=class_check action=maybe_recompile pc=0x00007f0115080224 method=com.android.dx.ssa.NormalSsaInsn.accept(Lcom/android/dx/ssa/SsaInsn$Visitor;)V @ 9
Event: 5.562 Thread 0x00007f011800a000 Uncommon trap: reason=class_check action=maybe_recompile pc=0x00007f0115080224 method=com.android.dx.ssa.NormalSsaInsn.accept(Lcom/android/dx/ssa/SsaInsn$Visitor;)V @ 9
Event: 6.239 Thread 0x00007f011800a000 Uncommon trap: reason=class_check action=maybe_recompile pc=0x00007f0115080224 method=com.android.dx.ssa.NormalSsaInsn.accept(Lcom/android/dx/ssa/SsaInsn$Visitor;)V @ 9
Event: 6.798 Thread 0x00007f011800a000 Uncommon trap: reason=class_check action=maybe_recompile pc=0x00007f011506e234 method=com.android.dx.ssa.NormalSsaInsn.accept(Lcom/android/dx/ssa/SsaInsn$Visitor;)V @ 9
Event: 7.662 Thread 0x00007f011800a000 Uncommon trap: reason=null_check action=make_not_entrant pc=0x00007f011508b090 method=com.android.dx.rop.type.Type.equals(Ljava/lang/Object;)Z @ 8

Internal exceptions (10 events):
Event: 3.333 Thread 0x00007f011800a000 Threw 0x00000000eb31f138 at /HUDSON/workspace/7u-2-build-linux-amd64/jdk7u80/2329/hotspot/src/share/vm/prims/jvm.cpp:1319
Event: 3.334 Thread 0x00007f011800a000 Threw 0x00000000eb321b48 at /HUDSON/workspace/7u-2-build-linux-amd64/jdk7u80/2329/hotspot/src/share/vm/prims/jvm.cpp:1319
Event: 3.336 Thread 0x00007f011800a000 Threw 0x00000000eb3241c0 at /HUDSON/workspace/7u-2-build-linux-amd64/jdk7u80/2329/hotspot/src/share/vm/prims/jvm.cpp:1319
Event: 3.344 Thread 0x00007f011800a000 Threw 0x00000000eb326ac8 at /HUDSON/workspace/7u-2-build-linux-amd64/jdk7u80/2329/hotspot/src/share/vm/prims/jvm.cpp:1319
Event: 3.398 Thread 0x00007f011800a000 Threw 0x00000000eb340d48 at /HUDSON/workspace/7u-2-build-linux-amd64/jdk7u80/2329/hotspot/src/share/vm/prims/jvm.cpp:1319
Event: 3.669 Thread 0x00007f011800a000 Threw 0x00000000eb3b6310 at /HUDSON/workspace/7u-2-build-linux-amd64/jdk7u80/2329/hotspot/src/share/vm/prims/jvm.cpp:1319
Event: 3.800 Thread 0x00007f011800a000 Threw 0x00000000eb4025e8 at /HUDSON/workspace/7u-2-build-linux-amd64/jdk7u80/2329/hotspot/src/share/vm/prims/jvm.cpp:1319
Event: 3.907 Thread 0x00007f011800a000 Implicit null exception at 0x00007f0115076162 to 0x00007f0115076331
Event: 5.067 Thread 0x00007f011800a000 Threw 0x00000000eb686348 at /HUDSON/workspace/7u-2-build-linux-amd64/jdk7u80/2329/hotspot/src/share/vm/prims/jvm.cpp:1319
Event: 7.648 Thread 0x00007f011800a000 Implicit null exception at 0x00007f011508af92 to 0x00007f011508b083

Events (10 events):
Event: 6.327 Thread 0x00007f0118093800 flushing nmethod 0x00007f0115060690
Event: 6.798 Thread 0x00007f011800a000 Uncommon trap: trap_request=0xffffffde fr.pc=0x00007f011506e234
Event: 6.798 Thread 0x00007f011800a000 DEOPT PACKING pc=0x00007f011506e234 sp=0x00007f01203c8cd0
Event: 6.800 Thread 0x00007f011800a000 DEOPT UNPACKING pc=0x00007f0115039045 sp=0x00007f01203c8c40 mode 2
Event: 7.388 Thread 0x00007f0118096800 flushing nmethod 0x00007f011506e710
Event: 7.395 Thread 0x00007f0118096800 flushing nmethod 0x00007f0115075d10
Event: 7.648 Thread 0x00007f011800a000 Uncommon trap: trap_request=0xfffffff4 fr.pc=0x00007f011508b090
Event: 7.662 Thread 0x00007f011800a000 DEOPT PACKING pc=0x00007f011508b090 sp=0x00007f01203c8c00
Event: 7.663 Thread 0x00007f011800a000 DEOPT UNPACKING pc=0x00007f0115039045 sp=0x00007f01203c8bb8 mode 2
Event: 13.453 Executing VM operation: ParallelGCFailedAllocation


Dynamic libraries:
00400000-00401000 r-xp 00000000 08:02 2235145                            /usr/lib/jvm/java-7-oracle/bin/java
00600000-00601000 rw-p 00000000 08:02 2235145                            /usr/lib/jvm/java-7-oracle/bin/java
00a9c000-00abd000 rw-p 00000000 00:00 0                                  [heap]
bae00000-bc300000 rw-p 00000000 00:00 0 
bc300000-c0000000 rw-p 00000000 00:00 0 
c0000000-c2800000 rw-p 00000000 00:00 0 
c2800000-eaa80000 rw-p 00000000 00:00 0 
eaa80000-ebe80000 rw-p 00000000 00:00 0 
ecd80000-100000000 rw-p 00000000 00:00 0 
7f00d4000000-7f00d4021000 rw-p 00000000 00:00 0 
7f00d4021000-7f00d8000000 ---p 00000000 00:00 0 
7f00dc000000-7f00dc5b7000 rw-p 00000000 00:00 0 
7f00dc5b7000-7f00e0000000 ---p 00000000 00:00 0 
7f00e0000000-7f00e0021000 rw-p 00000000 00:00 0 
7f00e0021000-7f00e4000000 ---p 00000000 00:00 0 
7f00e4000000-7f00e4021000 rw-p 00000000 00:00 0 
7f00e4021000-7f00e8000000 ---p 00000000 00:00 0 
7f00e8000000-7f00e86e8000 rw-p 00000000 00:00 0 
7f00e86e8000-7f00ec000000 ---p 00000000 00:00 0 
7f00ec000000-7f00ec021000 rw-p 00000000 00:00 0 
7f00ec021000-7f00f0000000 ---p 00000000 00:00 0 
7f00f0000000-7f00f0021000 rw-p 00000000 00:00 0 
7f00f0021000-7f00f4000000 ---p 00000000 00:00 0 
7f00f4000000-7f00f4021000 rw-p 00000000 00:00 0 
7f00f4021000-7f00f8000000 ---p 00000000 00:00 0 
7f00f8000000-7f00f824f000 rw-p 00000000 00:00 0 
7f00f824f000-7f00fc000000 ---p 00000000 00:00 0 
7f00fc000000-7f00fc021000 rw-p 00000000 00:00 0 
7f00fc021000-7f0100000000 ---p 00000000 00:00 0 
7f0104000000-7f0104021000 rw-p 00000000 00:00 0 
7f0104021000-7f0108000000 ---p 00000000 00:00 0 
7f010c000000-7f010c021000 rw-p 00000000 00:00 0 
7f010c021000-7f0110000000 ---p 00000000 00:00 0 
7f0111770000-7f0111787000 r-xp 00000000 08:02 2232763                    /usr/lib/jvm/java-7-oracle/jre/lib/amd64/libnet.so
7f0111787000-7f0111986000 ---p 00017000 08:02 2232763                    /usr/lib/jvm/java-7-oracle/jre/lib/amd64/libnet.so
7f0111986000-7f0111987000 rw-p 00016000 08:02 2232763                    /usr/lib/jvm/java-7-oracle/jre/lib/amd64/libnet.so
7f0111987000-7f0111997000 r-xp 00000000 08:02 2232777                    /usr/lib/jvm/java-7-oracle/jre/lib/amd64/libnio.so
7f0111997000-7f0111b97000 ---p 00010000 08:02 2232777                    /usr/lib/jvm/java-7-oracle/jre/lib/amd64/libnio.so
7f0111b97000-7f0111b98000 rw-p 00010000 08:02 2232777                    /usr/lib/jvm/java-7-oracle/jre/lib/amd64/libnio.so
7f0111b98000-7f0111b99000 ---p 00000000 00:00 0 
7f0111b99000-7f0111c99000 rw-p 00000000 00:00 0                          [stack:20237]
7f0111c99000-7f0111c9c000 ---p 00000000 00:00 0 
7f0111c9c000-7f0111d9a000 rw-p 00000000 00:00 0                          [stack:20236]
7f0111d9a000-7f0111d9d000 ---p 00000000 00:00 0 
7f0111d9d000-7f0111e9b000 rw-p 00000000 00:00 0                          [stack:20235]
7f0111e9b000-7f0111e9e000 ---p 00000000 00:00 0 
7f0111e9e000-7f0111f9c000 rw-p 00000000 00:00 0                          [stack:20234]
7f0111f9c000-7f0111f9f000 ---p 00000000 00:00 0 
7f0111f9f000-7f011209d000 rw-p 00000000 00:00 0                          [stack:20233]
7f011209d000-7f0112366000 r--p 00000000 08:02 2100321                    /usr/lib/locale/locale-archive
7f0112366000-7f0112369000 ---p 00000000 00:00 0 
7f0112369000-7f0112467000 rw-p 00000000 00:00 0                          [stack:20232]
7f0112467000-7f011246a000 ---p 00000000 00:00 0 
7f011246a000-7f0112568000 rw-p 00000000 00:00 0                          [stack:20231]
7f0112568000-7f0112569000 ---p 00000000 00:00 0 
7f0112569000-7f0115000000 rw-p 00000000 00:00 0                          [stack:20230]
7f0115000000-7f0115270000 rwxp 00000000 00:00 0 
7f0115270000-7f011819b000 rw-p 00000000 00:00 0 
7f011819b000-7f011c000000 ---p 00000000 00:00 0 
7f011c006000-7f011c92f000 rw-p 00000000 00:00 0 
7f011c92f000-7f011caef000 r--s 039fb000 08:02 2232736                    /usr/lib/jvm/java-7-oracle/jre/lib/rt.jar
7f011caef000-7f011ce11000 rw-p 00000000 00:00 0 
7f011ce11000-7f011ce12000 ---p 00000000 00:00 0 
7f011ce12000-7f011cf12000 rw-p 00000000 00:00 0                          [stack:20227]
7f011cf12000-7f011cf13000 ---p 00000000 00:00 0 
7f011cf13000-7f011d013000 rw-p 00000000 00:00 0                          [stack:20226]
7f011d013000-7f011d014000 ---p 00000000 00:00 0 
7f011d014000-7f011d114000 rw-p 00000000 00:00 0                          [stack:20225]
7f011d114000-7f011d115000 ---p 00000000 00:00 0 
7f011d115000-7f011d220000 rw-p 00000000 00:00 0                          [stack:20224]
7f011d220000-7f011d23e000 rw-p 00000000 00:00 0 
7f011d23e000-7f011d252000 rw-p 00000000 00:00 0 
7f011d252000-7f011d394000 rw-p 00000000 00:00 0 
7f011d394000-7f011d39f000 rw-p 00000000 00:00 0 
7f011d39f000-7f011d3bd000 rw-p 00000000 00:00 0 
7f011d3bd000-7f011d3d1000 rw-p 00000000 00:00 0 
7f011d3d1000-7f011d512000 rw-p 00000000 00:00 0 
7f011d512000-7f011d51d000 rw-p 00000000 00:00 0 
7f011d51d000-7f011d5bd000 rw-p 00000000 00:00 0 
7f011d5bd000-7f011d5be000 rw-p 00000000 00:00 0 
7f011d5be000-7f011d5d5000 r-xp 00000000 08:02 2232787                    /usr/lib/jvm/java-7-oracle/jre/lib/amd64/libzip.so
7f011d5d5000-7f011d7d5000 ---p 00017000 08:02 2232787                    /usr/lib/jvm/java-7-oracle/jre/lib/amd64/libzip.so
7f011d7d5000-7f011d7d6000 rw-p 00017000 08:02 2232787                    /usr/lib/jvm/java-7-oracle/jre/lib/amd64/libzip.so
7f011d7d6000-7f011d7e1000 r-xp 00000000 08:02 1309150                    /lib/x86_64-linux-gnu/libnss_files-2.19.so
7f011d7e1000-7f011d9e0000 ---p 0000b000 08:02 1309150                    /lib/x86_64-linux-gnu/libnss_files-2.19.so
7f011d9e0000-7f011d9e1000 r--p 0000a000 08:02 1309150                    /lib/x86_64-linux-gnu/libnss_files-2.19.so
7f011d9e1000-7f011d9e2000 rw-p 0000b000 08:02 1309150                    /lib/x86_64-linux-gnu/libnss_files-2.19.so
7f011d9e2000-7f011d9ed000 r-xp 00000000 08:02 1309214                    /lib/x86_64-linux-gnu/libnss_nis-2.19.so
7f011d9ed000-7f011dbec000 ---p 0000b000 08:02 1309214                    /lib/x86_64-linux-gnu/libnss_nis-2.19.so
7f011dbec000-7f011dbed000 r--p 0000a000 08:02 1309214                    /lib/x86_64-linux-gnu/libnss_nis-2.19.so
7f011dbed000-7f011dbee000 rw-p 0000b000 08:02 1309214                    /lib/x86_64-linux-gnu/libnss_nis-2.19.so
7f011dbee000-7f011dc05000 r-xp 00000000 08:02 1309172                    /lib/x86_64-linux-gnu/libnsl-2.19.so
7f011dc05000-7f011de04000 ---p 00017000 08:02 1309172                    /lib/x86_64-linux-gnu/libnsl-2.19.so
7f011de04000-7f011de05000 r--p 00016000 08:02 1309172                    /lib/x86_64-linux-gnu/libnsl-2.19.so
7f011de05000-7f011de06000 rw-p 00017000 08:02 1309172                    /lib/x86_64-linux-gnu/libnsl-2.19.so
7f011de06000-7f011de08000 rw-p 00000000 00:00 0 
7f011de08000-7f011de11000 r-xp 00000000 08:02 1309171                    /lib/x86_64-linux-gnu/libnss_compat-2.19.so
7f011de11000-7f011e010000 ---p 00009000 08:02 1309171                    /lib/x86_64-linux-gnu/libnss_compat-2.19.so
7f011e010000-7f011e011000 r--p 00008000 08:02 1309171                    /lib/x86_64-linux-gnu/libnss_compat-2.19.so
7f011e011000-7f011e012000 rw-p 00009000 08:02 1309171                    /lib/x86_64-linux-gnu/libnss_compat-2.19.so
7f011e012000-7f011e03b000 r-xp 00000000 08:02 2232770                    /usr/lib/jvm/java-7-oracle/jre/lib/amd64/libjava.so
7f011e03b000-7f011e23b000 ---p 00029000 08:02 2232770                    /usr/lib/jvm/java-7-oracle/jre/lib/amd64/libjava.so
7f011e23b000-7f011e23d000 rw-p 00029000 08:02 2232770                    /usr/lib/jvm/java-7-oracle/jre/lib/amd64/libjava.so
7f011e23d000-7f011e24a000 r-xp 00000000 08:02 2232752                    /usr/lib/jvm/java-7-oracle/jre/lib/amd64/libverify.so
7f011e24a000-7f011e449000 ---p 0000d000 08:02 2232752                    /usr/lib/jvm/java-7-oracle/jre/lib/amd64/libverify.so
7f011e449000-7f011e44b000 rw-p 0000c000 08:02 2232752                    /usr/lib/jvm/java-7-oracle/jre/lib/amd64/libverify.so
7f011e44b000-7f011e452000 r-xp 00000000 08:02 1309211                    /lib/x86_64-linux-gnu/librt-2.19.so
7f011e452000-7f011e651000 ---p 00007000 08:02 1309211                    /lib/x86_64-linux-gnu/librt-2.19.so
7f011e651000-7f011e652000 r--p 00006000 08:02 1309211                    /lib/x86_64-linux-gnu/librt-2.19.so
7f011e652000-7f011e653000 rw-p 00007000 08:02 1309211                    /lib/x86_64-linux-gnu/librt-2.19.so
7f011e653000-7f011e758000 r-xp 00000000 08:02 1309149                    /lib/x86_64-linux-gnu/libm-2.19.so
7f011e758000-7f011e957000 ---p 00105000 08:02 1309149                    /lib/x86_64-linux-gnu/libm-2.19.so
7f011e957000-7f011e958000 r--p 00104000 08:02 1309149                    /lib/x86_64-linux-gnu/libm-2.19.so
7f011e958000-7f011e959000 rw-p 00105000 08:02 1309149                    /lib/x86_64-linux-gnu/libm-2.19.so
7f011e959000-7f011f4cf000 r-xp 00000000 08:02 2232774                    /usr/lib/jvm/java-7-oracle/jre/lib/amd64/server/libjvm.so
7f011f4cf000-7f011f6ce000 ---p 00b76000 08:02 2232774                    /usr/lib/jvm/java-7-oracle/jre/lib/amd64/server/libjvm.so
7f011f6ce000-7f011f792000 rw-p 00b75000 08:02 2232774                    /usr/lib/jvm/java-7-oracle/jre/lib/amd64/server/libjvm.so
7f011f792000-7f011f7d3000 rw-p 00000000 00:00 0 
7f011f7d3000-7f011f98e000 r-xp 00000000 08:02 1309200                    /lib/x86_64-linux-gnu/libc-2.19.so
7f011f98e000-7f011fb8d000 ---p 001bb000 08:02 1309200                    /lib/x86_64-linux-gnu/libc-2.19.so
7f011fb8d000-7f011fb91000 r--p 001ba000 08:02 1309200                    /lib/x86_64-linux-gnu/libc-2.19.so
7f011fb91000-7f011fb93000 rw-p 001be000 08:02 1309200                    /lib/x86_64-linux-gnu/libc-2.19.so
7f011fb93000-7f011fb98000 rw-p 00000000 00:00 0 
7f011fb98000-7f011fb9b000 r-xp 00000000 08:02 1309153                    /lib/x86_64-linux-gnu/libdl-2.19.so
7f011fb9b000-7f011fd9a000 ---p 00003000 08:02 1309153                    /lib/x86_64-linux-gnu/libdl-2.19.so
7f011fd9a000-7f011fd9b000 r--p 00002000 08:02 1309153                    /lib/x86_64-linux-gnu/libdl-2.19.so
7f011fd9b000-7f011fd9c000 rw-p 00003000 08:02 1309153                    /lib/x86_64-linux-gnu/libdl-2.19.so
7f011fd9c000-7f011fdb1000 r-xp 00000000 08:02 2233709                    /usr/lib/jvm/java-7-oracle/lib/amd64/jli/libjli.so
7f011fdb1000-7f011ffb0000 ---p 00015000 08:02 2233709                    /usr/lib/jvm/java-7-oracle/lib/amd64/jli/libjli.so
7f011ffb0000-7f011ffb1000 rw-p 00014000 08:02 2233709                    /usr/lib/jvm/java-7-oracle/lib/amd64/jli/libjli.so
7f011ffb1000-7f011ffca000 r-xp 00000000 08:02 1309201                    /lib/x86_64-linux-gnu/libpthread-2.19.so
7f011ffca000-7f01201c9000 ---p 00019000 08:02 1309201                    /lib/x86_64-linux-gnu/libpthread-2.19.so
7f01201c9000-7f01201ca000 r--p 00018000 08:02 1309201                    /lib/x86_64-linux-gnu/libpthread-2.19.so
7f01201ca000-7f01201cb000 rw-p 00019000 08:02 1309201                    /lib/x86_64-linux-gnu/libpthread-2.19.so
7f01201cb000-7f01201cf000 rw-p 00000000 00:00 0 
7f01201cf000-7f01201f2000 r-xp 00000000 08:02 1309176                    /lib/x86_64-linux-gnu/ld-2.19.so
7f01201f7000-7f01201f8000 rw-p 00000000 00:00 0 
7f01201f8000-7f01201fb000 r--s 00017000 00:1a 1975963                    /home/skylar/Desktop/cmps121-hw3/Local-BB/app/build/intermediates/exploded-aar/com.google.android.gms/play-services-cast/7.0.0/classes.jar
7f01201fb000-7f012020a000 r--s 000dd000 08:02 922509                     /root/Android/Sdk/build-tools/21.1.2/lib/dx.jar
7f012020a000-7f0120214000 rw-p 00000000 00:00 0 
7f0120214000-7f01202ca000 rw-p 00000000 00:00 0 
7f01202ca000-7f01202cd000 ---p 00000000 00:00 0 
7f01202cd000-7f01203e5000 rw-p 00000000 00:00 0                          [stack:20223]
7f01203e5000-7f01203ed000 rw-s 00000000 08:02 1447828                    /tmp/hsperfdata_root/20219
7f01203ed000-7f01203ee000 rw-p 00000000 00:00 0 
7f01203ee000-7f01203ef000 ---p 00000000 00:00 0 
7f01203ef000-7f01203f1000 rw-p 00000000 00:00 0 
7f01203f1000-7f01203f2000 r--p 00022000 08:02 1309176                    /lib/x86_64-linux-gnu/ld-2.19.so
7f01203f2000-7f01203f3000 rw-p 00023000 08:02 1309176                    /lib/x86_64-linux-gnu/ld-2.19.so
7f01203f3000-7f01203f4000 rw-p 00000000 00:00 0 
7fff8a285000-7fff8a2a6000 rw-p 00000000 00:00 0                          [stack]
7fff8a309000-7fff8a30b000 r-xp 00000000 00:00 0                          [vdso]
ffffffffff600000-ffffffffff601000 r-xp 00000000 00:00 0                  [vsyscall]

VM Arguments:
jvm_args: -Xmx1024M -Dfile.encoding=UTF-8 -Duser.country=US -Duser.language=en -Duser.variant 
java_command: com.android.dx.command.Main --dex --output /home/skylar/Desktop/cmps121-hw3/Local-BB/app/build/intermediates/pre-dexed/debug/classes-440b389a166183cee983127c671ab4524f3d0818.jar /home/skylar/Desktop/cmps121-hw3/Local-BB/app/build/intermediates/exploded-aar/com.google.android.gms/play-services-cast/7.0.0/classes.jar
Launcher Type: SUN_STANDARD

Environment Variables:
CLASSPATH=/home/skylar/Documents/dev/android-studio/bin/../lib/bootstrap.jar:/home/skylar/Documents/dev/android-studio/bin/../lib/extensions.jar:/home/skylar/Documents/dev/android-studio/bin/../lib/util.jar:/home/skylar/Documents/dev/android-studio/bin/../lib/jdom.jar:/home/skylar/Documents/dev/android-studio/bin/../lib/log4j.jar:/home/skylar/Documents/dev/android-studio/bin/../lib/trove4j.jar:/home/skylar/Documents/dev/android-studio/bin/../lib/jna.jar:/usr/lib/jvm/java-7-oracle/lib/tools.jar
PATH=/usr/local/sbin:/usr/local/bin:/usr/sbin:/usr/bin:/sbin:/bin
USERNAME=root
LD_LIBRARY_PATH=/home/skylar/Documents/dev/android-studio/bin:
SHELL=/bin/bash
DISPLAY=:0.0

Signal Handlers:
SIGSEGV: [libjvm.so+0x9a3b20], sa_mask[0]=0x7ffbfeff, sa_flags=0x10000004
SIGBUS: [libjvm.so+0x9a3b20], sa_mask[0]=0x7ffbfeff, sa_flags=0x10000004
SIGFPE: [libjvm.so+0x81e740], sa_mask[0]=0x7ffbfeff, sa_flags=0x10000004
SIGPIPE: [libjvm.so+0x81e740], sa_mask[0]=0x7ffbfeff, sa_flags=0x10000004
SIGXFSZ: [libjvm.so+0x81e740], sa_mask[0]=0x7ffbfeff, sa_flags=0x10000004
SIGILL: [libjvm.so+0x81e740], sa_mask[0]=0x7ffbfeff, sa_flags=0x10000004
SIGUSR1: SIG_DFL, sa_mask[0]=0x00000000, sa_flags=0x00000000
SIGUSR2: [libjvm.so+0x81ffb0], sa_mask[0]=0x00000004, sa_flags=0x10000004
SIGHUP: [libjvm.so+0x8210d0], sa_mask[0]=0x7ffbfeff, sa_flags=0x10000004
SIGINT: [libjvm.so+0x8210d0], sa_mask[0]=0x7ffbfeff, sa_flags=0x10000004
SIGTERM: [libjvm.so+0x8210d0], sa_mask[0]=0x7ffbfeff, sa_flags=0x10000004
SIGQUIT: [libjvm.so+0x8210d0], sa_mask[0]=0x7ffbfeff, sa_flags=0x10000004


---------------  S Y S T E M  ---------------

OS:jessie/sid

uname:Linux 3.13.0-37-generic #64-Ubuntu SMP Mon Sep 22 21:28:38 UTC 2014 x86_64
libc:glibc 2.19 NPTL 2.19 
rlimit: STACK 8192k, CORE 0k, NPROC 30044, NOFILE 4096, AS infinity
load average:7.42 2.67 1.52

/proc/meminfo:
MemTotal:        3928868 kB
MemFree:          637000 kB
Buffers:            1376 kB
Cached:           207428 kB
SwapCached:            0 kB
Active:          2916292 kB
Inactive:         206456 kB
Active(anon):    2915408 kB
Inactive(anon):   167416 kB
Active(file):        884 kB
Inactive(file):    39040 kB
Unevictable:         400 kB
Mlocked:             400 kB
SwapTotal:             0 kB
SwapFree:              0 kB
Dirty:                 4 kB
Writeback:             0 kB
AnonPages:       2914684 kB
Mapped:            46140 kB
Shmem:            168452 kB
Slab:              62328 kB
SReclaimable:      25632 kB
SUnreclaim:        36696 kB
KernelStack:        4752 kB
PageTables:        25152 kB
NFS_Unstable:          0 kB
Bounce:                0 kB
WritebackTmp:          0 kB
CommitLimit:     1964432 kB
Committed_AS:    4972564 kB
VmallocTotal:   34359738367 kB
VmallocUsed:      347452 kB
VmallocChunk:   34359300732 kB
HardwareCorrupted:     0 kB
AnonHugePages:   1851392 kB
HugePages_Total:       0
HugePages_Free:        0
HugePages_Rsvd:        0
HugePages_Surp:        0
Hugepagesize:       2048 kB
DirectMap4k:      108224 kB
DirectMap2M:     3966976 kB


CPU:total 4 (4 cores per cpu, 1 threads per core) family 6 model 55 stepping 8, cmov, cx8, fxsr, mmx, sse, sse2, sse3, ssse3, sse4.1, sse4.2, popcnt, erms, tsc, tscinvbit

/proc/cpuinfo:
processor	: 0
vendor_id	: GenuineIntel
cpu family	: 6
model		: 55
model name	: Intel(R) Pentium(R) CPU  N3530  @ 2.16GHz
stepping	: 8
microcode	: 0x829
cpu MHz		: 2159.000
cache size	: 1024 KB
physical id	: 0
siblings	: 4
core id		: 0
cpu cores	: 4
apicid		: 0
initial apicid	: 0
fpu		: yes
fpu_exception	: yes
cpuid level	: 11
wp		: yes
flags		: fpu vme de pse tsc msr pae mce cx8 apic sep mtrr pge mca cmov pat pse36 clflush dts acpi mmx fxsr sse sse2 ss ht tm pbe syscall nx rdtscp lm constant_tsc arch_perfmon pebs bts rep_good nopl xtopology nonstop_tsc aperfmperf pni pclmulqdq dtes64 monitor ds_cpl vmx est tm2 ssse3 cx16 xtpr pdcm sse4_1 sse4_2 movbe popcnt tsc_deadline_timer rdrand lahf_lm 3dnowprefetch ida arat epb dtherm tpr_shadow vnmi flexpriority ept vpid tsc_adjust smep erms
bogomips	: 4332.97
clflush size	: 64
cache_alignment	: 64
address sizes	: 36 bits physical, 48 bits virtual
power management:

processor	: 1
vendor_id	: GenuineIntel
cpu family	: 6
model		: 55
model name	: Intel(R) Pentium(R) CPU  N3530  @ 2.16GHz
stepping	: 8
microcode	: 0x829
cpu MHz		: 2159.000
cache size	: 1024 KB
physical id	: 0
siblings	: 4
core id		: 1
cpu cores	: 4
apicid		: 2
initial apicid	: 2
fpu		: yes
fpu_exception	: yes
cpuid level	: 11
wp		: yes
flags		: fpu vme de pse tsc msr pae mce cx8 apic sep mtrr pge mca cmov pat pse36 clflush dts acpi mmx fxsr sse sse2 ss ht tm pbe syscall nx rdtscp lm constant_tsc arch_perfmon pebs bts rep_good nopl xtopology nonstop_tsc aperfmperf pni pclmulqdq dtes64 monitor ds_cpl vmx est tm2 ssse3 cx16 xtpr pdcm sse4_1 sse4_2 movbe popcnt tsc_deadline_timer rdrand lahf_lm 3dnowprefetch ida arat epb dtherm tpr_shadow vnmi flexpriority ept vpid tsc_adjust smep erms
bogomips	: 4332.97
clflush size	: 64
cache_alignment	: 64
address sizes	: 36 bits physical, 48 bits virtual
power management:

processor	: 2
vendor_id	: GenuineIntel
cpu family	: 6
model		: 55
model name	: Intel(R) Pentium(R) CPU  N3530  @ 2.16GHz
stepping	: 8
microcode	: 0x829
cpu MHz		: 2159.000
cache size	: 1024 KB
physical id	: 0
siblings	: 4
core id		: 2
cpu cores	: 4
apicid		: 4
initial apicid	: 4
fpu		: yes
fpu_exception	: yes
cpuid level	: 11
wp		: yes
flags		: fpu vme de pse tsc msr pae mce cx8 apic sep mtrr pge mca cmov pat pse36 clflush dts acpi mmx fxsr sse sse2 ss ht tm pbe syscall nx rdtscp lm constant_tsc arch_perfmon pebs bts rep_good nopl xtopology nonstop_tsc aperfmperf pni pclmulqdq dtes64 monitor ds_cpl vmx est tm2 ssse3 cx16 xtpr pdcm sse4_1 sse4_2 movbe popcnt tsc_deadline_timer rdrand lahf_lm 3dnowprefetch ida arat epb dtherm tpr_shadow vnmi flexpriority ept vpid tsc_adjust smep erms
bogomips	: 4332.97
clflush size	: 64
cache_alignment	: 64
address sizes	: 36 bits physical, 48 bits virtual
power management:

processor	: 3
vendor_id	: GenuineIntel
cpu family	: 6
model		: 55
model name	: Intel(R) Pentium(R) CPU  N3530  @ 2.16GHz
stepping	: 8
microcode	: 0x829
cpu MHz		: 2159.000
cache size	: 1024 KB
physical id	: 0
siblings	: 4
core id		: 3
cpu cores	: 4
apicid		: 6
initial apicid	: 6
fpu		: yes
fpu_exception	: yes
cpuid level	: 11
wp		: yes
flags		: fpu vme de pse tsc msr pae mce cx8 apic sep mtrr pge mca cmov pat pse36 clflush dts acpi mmx fxsr sse sse2 ss ht tm pbe syscall nx rdtscp lm constant_tsc arch_perfmon pebs bts rep_good nopl xtopology nonstop_tsc aperfmperf pni pclmulqdq dtes64 monitor ds_cpl vmx est tm2 ssse3 cx16 xtpr pdcm sse4_1 sse4_2 movbe popcnt tsc_deadline_timer rdrand lahf_lm 3dnowprefetch ida arat epb dtherm tpr_shadow vnmi flexpriority ept vpid tsc_adjust smep erms
bogomips	: 4332.97
clflush size	: 64
cache_alignment	: 64
address sizes	: 36 bits physical, 48 bits virtual
power management:



Memory: 4k page, physical 3928868k(634768k free), swap 0k(0k free)

vm_info: Java HotSpot(TM) 64-Bit Server VM (24.80-b11) for linux-amd64 JRE (1.7.0_80-b15), built on Apr 10 2015 19:53:14 by "java_re" with gcc 4.3.0 20080428 (Red Hat 4.3.0-8)

time: Wed May  6 21:49:55 2015
elapsed time: 14 seconds

