#
# There is insufficient memory for the Java Runtime Environment to continue.
# Native memory allocation (malloc) failed to allocate 138412032 bytes for committing reserved memory.
# Possible reasons:
#   The system is out of physical RAM or swap space
#   In 32 bit mode, the process size limit was hit
# Possible solutions:
#   Reduce memory load on the system
#   Increase physical memory or swap space
#   Check if swap backing store is full
#   Use 64 bit Java on a 64 bit OS
#   Decrease Java heap size (-Xmx/-Xms)
#   Decrease number of Java threads
#   Decrease Java thread stack sizes (-Xss)
#   Set larger code cache with -XX:ReservedCodeCacheSize=
# This output file may be truncated or incomplete.
#
#  Out of Memory Error (os_linux.cpp:2756), pid=18257, tid=140386916615936
#
# JRE version: Java(TM) SE Runtime Environment (7.0_80-b15) (build 1.7.0_80-b15)
# Java VM: Java HotSpot(TM) 64-Bit Server VM (24.80-b11 mixed mode linux-amd64 compressed oops)
# Failed to write core dump. Core dumps have been disabled. To enable core dumping, try "ulimit -c unlimited" before starting Java again
#

---------------  T H R E A D  ---------------

Current thread (0x00007fae5c06b800):  VMThread [stack: 0x00007fae603bc000,0x00007fae604bd000] [id=18267]

Stack: [0x00007fae603bc000,0x00007fae604bd000],  sp=0x00007fae604bb0c0,  free space=1020k
Native frames: (J=compiled Java code, j=interpreted, Vv=VM code, C=native code)
V  [libjvm.so+0x9a320a]  VMError::report_and_die()+0x2ea
V  [libjvm.so+0x498d3b]  report_vm_out_of_memory(char const*, int, unsigned long, char const*)+0x9b
V  [libjvm.so+0x82191e]  os::Linux::commit_memory_impl(char*, unsigned long, bool)+0xfe
V  [libjvm.so+0x821e69]  os::pd_commit_memory(char*, unsigned long, unsigned long, bool)+0x29
V  [libjvm.so+0x81bb6a]  os::commit_memory(char*, unsigned long, unsigned long, bool)+0x2a
V  [libjvm.so+0x88d623]  PSVirtualSpace::expand_by(unsigned long)+0x53
V  [libjvm.so+0x88e9f8]  PSYoungGen::resize_generation(unsigned long, unsigned long)+0xf8
V  [libjvm.so+0x88db62]  PSYoungGen::resize(unsigned long, unsigned long)+0x22
V  [libjvm.so+0x88af1d]  PSScavenge::invoke_no_policy()+0xf3d
V  [libjvm.so+0x88b761]  PSScavenge::invoke()+0x41
V  [libjvm.so+0x843f40]  ParallelScavengeHeap::failed_mem_allocate(unsigned long)+0x70
V  [libjvm.so+0x9a4a97]  VM_ParallelGCFailedAllocation::doit()+0x97
V  [libjvm.so+0x9abf35]  VM_Operation::evaluate()+0x55
V  [libjvm.so+0x9aa2fa]  VMThread::evaluate_operation(VM_Operation*)+0xba
V  [libjvm.so+0x9aa67e]  VMThread::loop()+0x1ce
V  [libjvm.so+0x9aaaf0]  VMThread::run()+0x70
V  [libjvm.so+0x8238c8]  java_start(Thread*)+0x108

VM_Operation (0x00007fae64f56320): ParallelGCFailedAllocation, mode: safepoint, requested by thread 0x00007fae5c00b800


---------------  P R O C E S S  ---------------

Java Threads: ( => current thread )
  0x00007fae5c09a800 JavaThread "Service Thread" daemon [_thread_blocked, id=18273, stack(0x00007fae58a34000,0x00007fae58b35000)]
  0x00007fae5c098000 JavaThread "C2 CompilerThread1" daemon [_thread_blocked, id=18272, stack(0x00007fae58b35000,0x00007fae58c36000)]
  0x00007fae5c095000 JavaThread "C2 CompilerThread0" daemon [_thread_blocked, id=18271, stack(0x00007fae58c36000,0x00007fae58d37000)]
  0x00007fae5c093000 JavaThread "Signal Dispatcher" daemon [_thread_blocked, id=18270, stack(0x00007fae600b9000,0x00007fae601ba000)]
  0x00007fae5c072000 JavaThread "Finalizer" daemon [_thread_blocked, id=18269, stack(0x00007fae601ba000,0x00007fae602bb000)]
  0x00007fae5c070000 JavaThread "Reference Handler" daemon [_thread_blocked, id=18268, stack(0x00007fae602bb000,0x00007fae603bc000)]
  0x00007fae5c00b800 JavaThread "main" [_thread_blocked, id=18262, stack(0x00007fae64e57000,0x00007fae64f58000)]

Other Threads:
=>0x00007fae5c06b800 VMThread [stack: 0x00007fae603bc000,0x00007fae604bd000] [id=18267]
  0x00007fae5c0a5000 WatcherThread [stack: 0x00007fae58933000,0x00007fae58a34000] [id=18274]

VM state:at safepoint (normal execution)

VM Mutex/Monitor currently owned by a thread:  ([mutex/lock_event])
[0x00007fae5c008070] Threads_lock - owner thread: 0x00007fae5c06b800
[0x00007fae5c008570] Heap_lock - owner thread: 0x00007fae5c00b800

Heap
 PSYoungGen      total 135168K, used 13802K [0x00000000eaa80000, 0x00000000f3d80000, 0x0000000100000000)
  eden space 121344K, 0% used [0x00000000eaa80000,0x00000000eaa80000,0x00000000f2100000)
  from space 13824K, 99% used [0x00000000f2100000,0x00000000f2e7aaa0,0x00000000f2e80000)
  to   space 12288K, 0% used [0x00000000f2e80000,0x00000000f2e80000,0x00000000f3a80000)
 ParOldGen       total 40960K, used 33329K [0x00000000c0000000, 0x00000000c2800000, 0x00000000eaa80000)
  object space 40960K, 81% used [0x00000000c0000000,0x00000000c208c498,0x00000000c2800000)
 PSPermGen       total 21504K, used 6931K [0x00000000bae00000, 0x00000000bc300000, 0x00000000c0000000)
  object space 21504K, 32% used [0x00000000bae00000,0x00000000bb4c4d58,0x00000000bc300000)

Card table byte_map: [0x00007fae61f21000,0x00007fae6214b000] byte_map_base: 0x00007fae6194a000

Polling page: 0x00007fae64f7b000

Code Cache  [0x00007fae59000000, 0x00007fae59270000, 0x00007fae5c000000)
 total_blobs=980 nmethods=731 adapters=203 free_code_cache=47066Kb largest_free_block=48148864

Compilation events (10 events):
Event: 6.534 Thread 0x00007fae5c098000 nmethod 747 0x00007fae591fff90 code [0x00007fae592000e0, 0x00007fae59200378]
Event: 6.541 Thread 0x00007fae5c095000  748             com.android.dx.io.instructions.InstructionCodec$16::decode (58 bytes)
Event: 6.541 Thread 0x00007fae5c098000  749             com.android.dx.io.instructions.InstructionCodec$16::encode (37 bytes)
Event: 6.545 Thread 0x00007fae5c095000 nmethod 748 0x00007fae591ff9d0 code [0x00007fae591ffb20, 0x00007fae591ffd58]
Event: 6.548 Thread 0x00007fae5c095000  750             com.android.dx.io.instructions.FiveRegisterDecodedInstruction::withIndex (49 bytes)
Event: 6.548 Thread 0x00007fae5c098000 nmethod 749 0x00007fae591ff290 code [0x00007fae591ff400, 0x00007fae591ff678]
Event: 6.548 Thread 0x00007fae5c098000  751             com.android.dx.io.instructions.FiveRegisterDecodedInstruction::getE (5 bytes)
Event: 6.549 Thread 0x00007fae5c098000 nmethod 751 0x00007fae591fe850 code [0x00007fae591fe980, 0x00007fae591fe9d8]
Event: 6.549 Thread 0x00007fae5c098000  752             com.android.dx.io.instructions.FiveRegisterDecodedInstruction::getRegisterCount (2 bytes)
Event: 6.549 Thread 0x00007fae5c098000 nmethod 752 0x00007fae59201b50 code [0x00007fae59201c80, 0x00007fae59201cd8]

GC Heap History (10 events):
Event: 2.496 GC heap after
Heap after GC invocations=2 (full 0):
 PSYoungGen      total 33280K, used 2545K [0x00000000eaa80000, 0x00000000ecd80000, 0x0000000100000000)
  eden space 30720K, 0% used [0x00000000eaa80000,0x00000000eaa80000,0x00000000ec880000)
  from space 2560K, 99% used [0x00000000ecb00000,0x00000000ecd7c728,0x00000000ecd80000)
  to   space 2560K, 0% used [0x00000000ec880000,0x00000000ec880000,0x00000000ecb00000)
 ParOldGen       total 40960K, used 4671K [0x00000000c0000000, 0x00000000c2800000, 0x00000000eaa80000)
  object space 40960K, 11% used [0x00000000c0000000,0x00000000c048fc80,0x00000000c2800000)
 PSPermGen       total 21504K, used 5063K [0x00000000bae00000, 0x00000000bc300000, 0x00000000c0000000)
  object space 21504K, 23% used [0x00000000bae00000,0x00000000bb2f1eb0,0x00000000bc300000)
}
Event: 3.875 GC heap before
{Heap before GC invocations=3 (full 0):
 PSYoungGen      total 33280K, used 33265K [0x00000000eaa80000, 0x00000000ecd80000, 0x0000000100000000)
  eden space 30720K, 100% used [0x00000000eaa80000,0x00000000ec880000,0x00000000ec880000)
  from space 2560K, 99% used [0x00000000ecb00000,0x00000000ecd7c728,0x00000000ecd80000)
  to   space 2560K, 0% used [0x00000000ec880000,0x00000000ec880000,0x00000000ecb00000)
 ParOldGen       total 40960K, used 4671K [0x00000000c0000000, 0x00000000c2800000, 0x00000000eaa80000)
  object space 40960K, 11% used [0x00000000c0000000,0x00000000c048fc80,0x00000000c2800000)
 PSPermGen       total 21504K, used 6389K [0x00000000bae00000, 0x00000000bc300000, 0x00000000c0000000)
  object space 21504K, 29% used [0x00000000bae00000,0x00000000bb43d490,0x00000000bc300000)
Event: 3.895 GC heap after
Heap after GC invocations=3 (full 0):
 PSYoungGen      total 33280K, used 2545K [0x00000000eaa80000, 0x00000000eeb80000, 0x0000000100000000)
  eden space 30720K, 0% used [0x00000000eaa80000,0x00000000eaa80000,0x00000000ec880000)
  from space 2560K, 99% used [0x00000000ec880000,0x00000000ecafc708,0x00000000ecb00000)
  to   space 2560K, 0% used [0x00000000ee900000,0x00000000ee900000,0x00000000eeb80000)
 ParOldGen       total 40960K, used 12649K [0x00000000c0000000, 0x00000000c2800000, 0x00000000eaa80000)
  object space 40960K, 30% used [0x00000000c0000000,0x00000000c0c5a4e0,0x00000000c2800000)
 PSPermGen       total 21504K, used 6389K [0x00000000bae00000, 0x00000000bc300000, 0x00000000c0000000)
  object space 21504K, 29% used [0x00000000bae00000,0x00000000bb43d490,0x00000000bc300000)
}
Event: 4.769 GC heap before
{Heap before GC invocations=4 (full 0):
 PSYoungGen      total 33280K, used 33265K [0x00000000eaa80000, 0x00000000eeb80000, 0x0000000100000000)
  eden space 30720K, 100% used [0x00000000eaa80000,0x00000000ec880000,0x00000000ec880000)
  from space 2560K, 99% used [0x00000000ec880000,0x00000000ecafc708,0x00000000ecb00000)
  to   space 2560K, 0% used [0x00000000ee900000,0x00000000ee900000,0x00000000eeb80000)
 ParOldGen       total 40960K, used 12649K [0x00000000c0000000, 0x00000000c2800000, 0x00000000eaa80000)
  object space 40960K, 30% used [0x00000000c0000000,0x00000000c0c5a4e0,0x00000000c2800000)
 PSPermGen       total 21504K, used 6790K [0x00000000bae00000, 0x00000000bc300000, 0x00000000c0000000)
  object space 21504K, 31% used [0x00000000bae00000,0x00000000bb4a18a8,0x00000000bc300000)
Event: 4.783 GC heap after
Heap after GC invocations=4 (full 0):
 PSYoungGen      total 64000K, used 2545K [0x00000000eaa80000, 0x00000000eeb80000, 0x0000000100000000)
  eden space 61440K, 0% used [0x00000000eaa80000,0x00000000eaa80000,0x00000000ee680000)
  from space 2560K, 99% used [0x00000000ee900000,0x00000000eeb7c6f8,0x00000000eeb80000)
  to   space 2560K, 0% used [0x00000000ee680000,0x00000000ee680000,0x00000000ee900000)
 ParOldGen       total 40960K, used 14355K [0x00000000c0000000, 0x00000000c2800000, 0x00000000eaa80000)
  object space 40960K, 35% used [0x00000000c0000000,0x00000000c0e04e80,0x00000000c2800000)
 PSPermGen       total 21504K, used 6790K [0x00000000bae00000, 0x00000000bc300000, 0x00000000c0000000)
  object space 21504K, 31% used [0x00000000bae00000,0x00000000bb4a18a8,0x00000000bc300000)
}
Event: 5.426 GC heap before
{Heap before GC invocations=5 (full 0):
 PSYoungGen      total 64000K, used 63985K [0x00000000eaa80000, 0x00000000eeb80000, 0x0000000100000000)
  eden space 61440K, 100% used [0x00000000eaa80000,0x00000000ee680000,0x00000000ee680000)
  from space 2560K, 99% used [0x00000000ee900000,0x00000000eeb7c6f8,0x00000000eeb80000)
  to   space 2560K, 0% used [0x00000000ee680000,0x00000000ee680000,0x00000000ee900000)
 ParOldGen       total 40960K, used 14355K [0x00000000c0000000, 0x00000000c2800000, 0x00000000eaa80000)
  object space 40960K, 35% used [0x00000000c0000000,0x00000000c0e04e80,0x00000000c2800000)
 PSPermGen       total 21504K, used 6834K [0x00000000bae00000, 0x00000000bc300000, 0x00000000c0000000)
  object space 21504K, 31% used [0x00000000bae00000,0x00000000bb4ac928,0x00000000bc300000)
Event: 5.440 GC heap after
Heap after GC invocations=5 (full 0):
 PSYoungGen      total 64000K, used 2545K [0x00000000eaa80000, 0x00000000f3a80000, 0x0000000100000000)
  eden space 61440K, 0% used [0x00000000eaa80000,0x00000000eaa80000,0x00000000ee680000)
  from space 2560K, 99% used [0x00000000ee680000,0x00000000ee8fc6f8,0x00000000ee900000)
  to   space 12288K, 0% used [0x00000000f2e80000,0x00000000f2e80000,0x00000000f3a80000)
 ParOldGen       total 40960K, used 20874K [0x00000000c0000000, 0x00000000c2800000, 0x00000000eaa80000)
  object space 40960K, 50% used [0x00000000c0000000,0x00000000c1462be8,0x00000000c2800000)
 PSPermGen       total 21504K, used 6834K [0x00000000bae00000, 0x00000000bc300000, 0x00000000c0000000)
  object space 21504K, 31% used [0x00000000bae00000,0x00000000bb4ac928,0x00000000bc300000)
}
Event: 5.793 GC heap before
{Heap before GC invocations=6 (full 0):
 PSYoungGen      total 64000K, used 63985K [0x00000000eaa80000, 0x00000000f3a80000, 0x0000000100000000)
  eden space 61440K, 100% used [0x00000000eaa80000,0x00000000ee680000,0x00000000ee680000)
  from space 2560K, 99% used [0x00000000ee680000,0x00000000ee8fc6f8,0x00000000ee900000)
  to   space 12288K, 0% used [0x00000000f2e80000,0x00000000f2e80000,0x00000000f3a80000)
 ParOldGen       total 40960K, used 20874K [0x00000000c0000000, 0x00000000c2800000, 0x00000000eaa80000)
  object space 40960K, 50% used [0x00000000c0000000,0x00000000c1462be8,0x00000000c2800000)
 PSPermGen       total 21504K, used 6926K [0x00000000bae00000, 0x00000000bc300000, 0x00000000c0000000)
  object space 21504K, 32% used [0x00000000bae00000,0x00000000bb4c3880,0x00000000bc300000)
Event: 5.811 GC heap after
Heap after GC invocations=6 (full 0):
 PSYoungGen      total 133632K, used 11374K [0x00000000eaa80000, 0x00000000f3d80000, 0x0000000100000000)
  eden space 121344K, 0% used [0x00000000eaa80000,0x00000000eaa80000,0x00000000f2100000)
  from space 12288K, 92% used [0x00000000f2e80000,0x00000000f399bba8,0x00000000f3a80000)
  to   space 13824K, 0% used [0x00000000f2100000,0x00000000f2100000,0x00000000f2e80000)
 ParOldGen       total 40960K, used 22821K [0x00000000c0000000, 0x00000000c2800000, 0x00000000eaa80000)
  object space 40960K, 55% used [0x00000000c0000000,0x00000000c1649680,0x00000000c2800000)
 PSPermGen       total 21504K, used 6926K [0x00000000bae00000, 0x00000000bc300000, 0x00000000c0000000)
  object space 21504K, 32% used [0x00000000bae00000,0x00000000bb4c3880,0x00000000bc300000)
}
Event: 6.550 GC heap before
{Heap before GC invocations=7 (full 0):
 PSYoungGen      total 133632K, used 132718K [0x00000000eaa80000, 0x00000000f3d80000, 0x0000000100000000)
  eden space 121344K, 100% used [0x00000000eaa80000,0x00000000f2100000,0x00000000f2100000)
  from space 12288K, 92% used [0x00000000f2e80000,0x00000000f399bba8,0x00000000f3a80000)
  to   space 13824K, 0% used [0x00000000f2100000,0x00000000f2100000,0x00000000f2e80000)
 ParOldGen       total 40960K, used 22821K [0x00000000c0000000, 0x00000000c2800000, 0x00000000eaa80000)
  object space 40960K, 55% used [0x00000000c0000000,0x00000000c1649680,0x00000000c2800000)
 PSPermGen       total 21504K, used 6931K [0x00000000bae00000, 0x00000000bc300000, 0x00000000c0000000)
  object space 21504K, 32% used [0x00000000bae00000,0x00000000bb4c4d58,0x00000000bc300000)

Deoptimization events (10 events):
Event: 5.316 Thread 0x00007fae5c00b800 Uncommon trap: reason=array_check action=maybe_recompile pc=0x00007fae5919a3ec method=java.util.ComparableTimSort.binarySort([Ljava/lang/Object;III)V @ 193
Event: 5.501 Thread 0x00007fae5c00b800 Uncommon trap: reason=predicate action=maybe_recompile pc=0x00007fae591ad690 method=java.util.TimSort.binarySort([Ljava/lang/Object;IIILjava/util/Comparator;)V @ 37
Event: 5.598 Thread 0x00007fae5c00b800 Uncommon trap: reason=array_check action=maybe_recompile pc=0x00007fae591c9950 method=java.util.ComparableTimSort.binarySort([Ljava/lang/Object;III)V @ 183
Event: 5.612 Thread 0x00007fae5c00b800 Uncommon trap: reason=unstable_if action=reinterpret pc=0x00007fae591c7838 method=java.util.ComparableTimSort.mergeHi(IIII)V @ 553
Event: 5.617 Thread 0x00007fae5c00b800 Uncommon trap: reason=array_check action=maybe_recompile pc=0x00007fae591d0f48 method=java.util.TimSort.binarySort([Ljava/lang/Object;IIILjava/util/Comparator;)V @ 193
Event: 5.617 Thread 0x00007fae5c00b800 Uncommon trap: reason=array_check action=maybe_recompile pc=0x00007fae591d0e38 method=java.util.TimSort.binarySort([Ljava/lang/Object;IIILjava/util/Comparator;)V @ 215
Event: 5.617 Thread 0x00007fae5c00b800 Uncommon trap: reason=array_check action=maybe_recompile pc=0x00007fae591d1024 method=java.util.TimSort.binarySort([Ljava/lang/Object;IIILjava/util/Comparator;)V @ 183
Event: 5.617 Thread 0x00007fae5c00b800 Uncommon trap: reason=array_check action=maybe_recompile pc=0x00007fae591d0e38 method=java.util.TimSort.binarySort([Ljava/lang/Object;IIILjava/util/Comparator;)V @ 215
Event: 5.881 Thread 0x00007fae5c00b800 Uncommon trap: reason=array_check action=maybe_recompile pc=0x00007fae591c9950 method=java.util.ComparableTimSort.binarySort([Ljava/lang/Object;III)V @ 183
Event: 5.904 Thread 0x00007fae5c00b800 Uncommon trap: reason=unstable_if action=reinterpret pc=0x00007fae591b0944 method=com.android.dx.merge.DexMerger.transformAnnotationDirectory(Lcom/android/dex/Dex$Section;Lcom/android/dx/merge/IndexMap;)V @ 199

Internal exceptions (10 events):
Event: 3.910 Thread 0x00007fae5c00b800 Threw 0x00000000eaab68a8 at /HUDSON/workspace/7u-2-build-linux-amd64/jdk7u80/2329/hotspot/src/share/vm/prims/jvm.cpp:1319
Event: 3.911 Thread 0x00007fae5c00b800 Threw 0x00000000eaab9a18 at /HUDSON/workspace/7u-2-build-linux-amd64/jdk7u80/2329/hotspot/src/share/vm/prims/jvm.cpp:1319
Event: 3.912 Thread 0x00007fae5c00b800 Threw 0x00000000eaabccd8 at /HUDSON/workspace/7u-2-build-linux-amd64/jdk7u80/2329/hotspot/src/share/vm/prims/jvm.cpp:1319
Event: 3.915 Thread 0x00007fae5c00b800 Threw 0x00000000eaac1e50 at /HUDSON/workspace/7u-2-build-linux-amd64/jdk7u80/2329/hotspot/src/share/vm/prims/jvm.cpp:1319
Event: 3.915 Thread 0x00007fae5c00b800 Threw 0x00000000eaac4b10 at /HUDSON/workspace/7u-2-build-linux-amd64/jdk7u80/2329/hotspot/src/share/vm/prims/jvm.cpp:1319
Event: 3.916 Thread 0x00007fae5c00b800 Threw 0x00000000eaac7990 at /HUDSON/workspace/7u-2-build-linux-amd64/jdk7u80/2329/hotspot/src/share/vm/prims/jvm.cpp:1319
Event: 3.917 Thread 0x00007fae5c00b800 Threw 0x00000000eaacac48 at /HUDSON/workspace/7u-2-build-linux-amd64/jdk7u80/2329/hotspot/src/share/vm/prims/jvm.cpp:1319
Event: 3.922 Thread 0x00007fae5c00b800 Threw 0x00000000eaad1f18 at /HUDSON/workspace/7u-2-build-linux-amd64/jdk7u80/2329/hotspot/src/share/vm/prims/jvm.cpp:1319
Event: 3.923 Thread 0x00007fae5c00b800 Threw 0x00000000eaad3f00 at /HUDSON/workspace/7u-2-build-linux-amd64/jdk7u80/2329/hotspot/src/share/vm/prims/jvm.cpp:1319
Event: 4.619 Thread 0x00007fae5c00b800 Threw 0x00000000ec061888 at /HUDSON/workspace/7u-2-build-linux-amd64/jdk7u80/2329/hotspot/src/share/vm/prims/jvm.cpp:1319

Events (10 events):
Event: 5.793 Executing VM operation: ParallelGCFailedAllocation
Event: 5.811 Executing VM operation: ParallelGCFailedAllocation done
Event: 5.880 Thread 0x00007fae5c095000 flushing nmethod 0x00007fae59089190
Event: 5.881 Thread 0x00007fae5c00b800 Uncommon trap: trap_request=0xffffffd6 fr.pc=0x00007fae591c9950
Event: 5.881 Thread 0x00007fae5c00b800 DEOPT PACKING pc=0x00007fae591c9950 sp=0x00007fae64f56410
Event: 5.881 Thread 0x00007fae5c00b800 DEOPT UNPACKING pc=0x00007fae59039045 sp=0x00007fae64f563e8 mode 2
Event: 5.904 Thread 0x00007fae5c00b800 Uncommon trap: trap_request=0xffffff75 fr.pc=0x00007fae591b0944
Event: 5.904 Thread 0x00007fae5c00b800 DEOPT PACKING pc=0x00007fae591b0944 sp=0x00007fae64f56570
Event: 5.904 Thread 0x00007fae5c00b800 DEOPT UNPACKING pc=0x00007fae59039045 sp=0x00007fae64f56540 mode 2
Event: 6.549 Executing VM operation: ParallelGCFailedAllocation


Dynamic libraries:
00400000-00401000 r-xp 00000000 08:02 2235145                            /usr/lib/jvm/java-7-oracle/bin/java
00600000-00601000 rw-p 00000000 08:02 2235145                            /usr/lib/jvm/java-7-oracle/bin/java
00ebb000-00edc000 rw-p 00000000 00:00 0                                  [heap]
bae00000-bc300000 rw-p 00000000 00:00 0 
bc300000-c0000000 rw-p 00000000 00:00 0 
c0000000-c2800000 rw-p 00000000 00:00 0 
c2800000-eaa80000 rw-p 00000000 00:00 0 
eaa80000-f3d80000 rw-p 00000000 00:00 0 
fc180000-100000000 rw-p 00000000 00:00 0 
7fae1c000000-7fae1c021000 rw-p 00000000 00:00 0 
7fae1c021000-7fae20000000 ---p 00000000 00:00 0 
7fae24000000-7fae24a38000 rw-p 00000000 00:00 0 
7fae24a38000-7fae28000000 ---p 00000000 00:00 0 
7fae28000000-7fae28021000 rw-p 00000000 00:00 0 
7fae28021000-7fae2c000000 ---p 00000000 00:00 0 
7fae2c000000-7fae2c021000 rw-p 00000000 00:00 0 
7fae2c021000-7fae30000000 ---p 00000000 00:00 0 
7fae30000000-7fae30ac0000 rw-p 00000000 00:00 0 
7fae30ac0000-7fae34000000 ---p 00000000 00:00 0 
7fae34000000-7fae34021000 rw-p 00000000 00:00 0 
7fae34021000-7fae38000000 ---p 00000000 00:00 0 
7fae38000000-7fae38021000 rw-p 00000000 00:00 0 
7fae38021000-7fae3c000000 ---p 00000000 00:00 0 
7fae3c000000-7fae3c021000 rw-p 00000000 00:00 0 
7fae3c021000-7fae40000000 ---p 00000000 00:00 0 
7fae40000000-7fae400e3000 rw-p 00000000 00:00 0 
7fae400e3000-7fae44000000 ---p 00000000 00:00 0 
7fae44000000-7fae44021000 rw-p 00000000 00:00 0 
7fae44021000-7fae48000000 ---p 00000000 00:00 0 
7fae4c000000-7fae4c021000 rw-p 00000000 00:00 0 
7fae4c021000-7fae50000000 ---p 00000000 00:00 0 
7fae51d70000-7fae54000000 rw-p 00000000 00:00 0 
7fae54000000-7fae54021000 rw-p 00000000 00:00 0 
7fae54021000-7fae58000000 ---p 00000000 00:00 0 
7fae5839e000-7fae5850b000 rw-p 00000000 00:00 0 
7fae5850b000-7fae58522000 r-xp 00000000 08:02 2232763                    /usr/lib/jvm/java-7-oracle/jre/lib/amd64/libnet.so
7fae58522000-7fae58721000 ---p 00017000 08:02 2232763                    /usr/lib/jvm/java-7-oracle/jre/lib/amd64/libnet.so
7fae58721000-7fae58722000 rw-p 00016000 08:02 2232763                    /usr/lib/jvm/java-7-oracle/jre/lib/amd64/libnet.so
7fae58722000-7fae58732000 r-xp 00000000 08:02 2232777                    /usr/lib/jvm/java-7-oracle/jre/lib/amd64/libnio.so
7fae58732000-7fae58932000 ---p 00010000 08:02 2232777                    /usr/lib/jvm/java-7-oracle/jre/lib/amd64/libnio.so
7fae58932000-7fae58933000 rw-p 00010000 08:02 2232777                    /usr/lib/jvm/java-7-oracle/jre/lib/amd64/libnio.so
7fae58933000-7fae58934000 ---p 00000000 00:00 0 
7fae58934000-7fae58a34000 rw-p 00000000 00:00 0                          [stack:18274]
7fae58a34000-7fae58a37000 ---p 00000000 00:00 0 
7fae58a37000-7fae58b35000 rw-p 00000000 00:00 0                          [stack:18273]
7fae58b35000-7fae58b38000 ---p 00000000 00:00 0 
7fae58b38000-7fae58c36000 rw-p 00000000 00:00 0                          [stack:18272]
7fae58c36000-7fae58c39000 ---p 00000000 00:00 0 
7fae58c39000-7fae58d37000 rw-p 00000000 00:00 0                          [stack:18271]
7fae58d37000-7fae59000000 r--p 00000000 08:02 2100321                    /usr/lib/locale/locale-archive
7fae59000000-7fae59270000 rwxp 00000000 00:00 0 
7fae59270000-7fae5c235000 rw-p 00000000 00:00 0 
7fae5c235000-7fae60000000 ---p 00000000 00:00 0 
7fae600b9000-7fae600bc000 ---p 00000000 00:00 0 
7fae600bc000-7fae601ba000 rw-p 00000000 00:00 0                          [stack:18270]
7fae601ba000-7fae601bd000 ---p 00000000 00:00 0 
7fae601bd000-7fae602bb000 rw-p 00000000 00:00 0                          [stack:18269]
7fae602bb000-7fae602be000 ---p 00000000 00:00 0 
7fae602be000-7fae603bc000 rw-p 00000000 00:00 0                          [stack:18268]
7fae603bc000-7fae603bd000 ---p 00000000 00:00 0 
7fae603bd000-7fae614bc000 rw-p 00000000 00:00 0                          [stack:18267]
7fae614bc000-7fae6167c000 r--s 039fb000 08:02 2232736                    /usr/lib/jvm/java-7-oracle/jre/lib/rt.jar
7fae6167c000-7fae6199e000 rw-p 00000000 00:00 0 
7fae6199e000-7fae6199f000 ---p 00000000 00:00 0 
7fae6199f000-7fae61a9f000 rw-p 00000000 00:00 0                          [stack:18266]
7fae61a9f000-7fae61aa0000 ---p 00000000 00:00 0 
7fae61aa0000-7fae61ba0000 rw-p 00000000 00:00 0                          [stack:18265]
7fae61ba0000-7fae61ba1000 ---p 00000000 00:00 0 
7fae61ba1000-7fae61ca1000 rw-p 00000000 00:00 0                          [stack:18264]
7fae61ca1000-7fae61ca2000 ---p 00000000 00:00 0 
7fae61ca2000-7fae61dad000 rw-p 00000000 00:00 0                          [stack:18263]
7fae61dad000-7fae61dcb000 rw-p 00000000 00:00 0 
7fae61dcb000-7fae61ddf000 rw-p 00000000 00:00 0 
7fae61ddf000-7fae61f21000 rw-p 00000000 00:00 0 
7fae61f21000-7fae61f2c000 rw-p 00000000 00:00 0 
7fae61f2c000-7fae61f4a000 rw-p 00000000 00:00 0 
7fae61f4a000-7fae61f5e000 rw-p 00000000 00:00 0 
7fae61f5e000-7fae6209f000 rw-p 00000000 00:00 0 
7fae6209f000-7fae620e9000 rw-p 00000000 00:00 0 
7fae620e9000-7fae6214a000 rw-p 00000000 00:00 0 
7fae6214a000-7fae6214b000 rw-p 00000000 00:00 0 
7fae6214b000-7fae62162000 r-xp 00000000 08:02 2232787                    /usr/lib/jvm/java-7-oracle/jre/lib/amd64/libzip.so
7fae62162000-7fae62362000 ---p 00017000 08:02 2232787                    /usr/lib/jvm/java-7-oracle/jre/lib/amd64/libzip.so
7fae62362000-7fae62363000 rw-p 00017000 08:02 2232787                    /usr/lib/jvm/java-7-oracle/jre/lib/amd64/libzip.so
7fae62363000-7fae6236e000 r-xp 00000000 08:02 1309150                    /lib/x86_64-linux-gnu/libnss_files-2.19.so
7fae6236e000-7fae6256d000 ---p 0000b000 08:02 1309150                    /lib/x86_64-linux-gnu/libnss_files-2.19.so
7fae6256d000-7fae6256e000 r--p 0000a000 08:02 1309150                    /lib/x86_64-linux-gnu/libnss_files-2.19.so
7fae6256e000-7fae6256f000 rw-p 0000b000 08:02 1309150                    /lib/x86_64-linux-gnu/libnss_files-2.19.so
7fae6256f000-7fae6257a000 r-xp 00000000 08:02 1309214                    /lib/x86_64-linux-gnu/libnss_nis-2.19.so
7fae6257a000-7fae62779000 ---p 0000b000 08:02 1309214                    /lib/x86_64-linux-gnu/libnss_nis-2.19.so
7fae62779000-7fae6277a000 r--p 0000a000 08:02 1309214                    /lib/x86_64-linux-gnu/libnss_nis-2.19.so
7fae6277a000-7fae6277b000 rw-p 0000b000 08:02 1309214                    /lib/x86_64-linux-gnu/libnss_nis-2.19.so
7fae6277b000-7fae62792000 r-xp 00000000 08:02 1309172                    /lib/x86_64-linux-gnu/libnsl-2.19.so
7fae62792000-7fae62991000 ---p 00017000 08:02 1309172                    /lib/x86_64-linux-gnu/libnsl-2.19.so
7fae62991000-7fae62992000 r--p 00016000 08:02 1309172                    /lib/x86_64-linux-gnu/libnsl-2.19.so
7fae62992000-7fae62993000 rw-p 00017000 08:02 1309172                    /lib/x86_64-linux-gnu/libnsl-2.19.so
7fae62993000-7fae62995000 rw-p 00000000 00:00 0 
7fae62995000-7fae6299e000 r-xp 00000000 08:02 1309171                    /lib/x86_64-linux-gnu/libnss_compat-2.19.so
7fae6299e000-7fae62b9d000 ---p 00009000 08:02 1309171                    /lib/x86_64-linux-gnu/libnss_compat-2.19.so
7fae62b9d000-7fae62b9e000 r--p 00008000 08:02 1309171                    /lib/x86_64-linux-gnu/libnss_compat-2.19.so
7fae62b9e000-7fae62b9f000 rw-p 00009000 08:02 1309171                    /lib/x86_64-linux-gnu/libnss_compat-2.19.so
7fae62b9f000-7fae62bc8000 r-xp 00000000 08:02 2232770                    /usr/lib/jvm/java-7-oracle/jre/lib/amd64/libjava.so
7fae62bc8000-7fae62dc8000 ---p 00029000 08:02 2232770                    /usr/lib/jvm/java-7-oracle/jre/lib/amd64/libjava.so
7fae62dc8000-7fae62dca000 rw-p 00029000 08:02 2232770                    /usr/lib/jvm/java-7-oracle/jre/lib/amd64/libjava.so
7fae62dca000-7fae62dd7000 r-xp 00000000 08:02 2232752                    /usr/lib/jvm/java-7-oracle/jre/lib/amd64/libverify.so
7fae62dd7000-7fae62fd6000 ---p 0000d000 08:02 2232752                    /usr/lib/jvm/java-7-oracle/jre/lib/amd64/libverify.so
7fae62fd6000-7fae62fd8000 rw-p 0000c000 08:02 2232752                    /usr/lib/jvm/java-7-oracle/jre/lib/amd64/libverify.so
7fae62fd8000-7fae62fdf000 r-xp 00000000 08:02 1309211                    /lib/x86_64-linux-gnu/librt-2.19.so
7fae62fdf000-7fae631de000 ---p 00007000 08:02 1309211                    /lib/x86_64-linux-gnu/librt-2.19.so
7fae631de000-7fae631df000 r--p 00006000 08:02 1309211                    /lib/x86_64-linux-gnu/librt-2.19.so
7fae631df000-7fae631e0000 rw-p 00007000 08:02 1309211                    /lib/x86_64-linux-gnu/librt-2.19.so
7fae631e0000-7fae632e5000 r-xp 00000000 08:02 1309149                    /lib/x86_64-linux-gnu/libm-2.19.so
7fae632e5000-7fae634e4000 ---p 00105000 08:02 1309149                    /lib/x86_64-linux-gnu/libm-2.19.so
7fae634e4000-7fae634e5000 r--p 00104000 08:02 1309149                    /lib/x86_64-linux-gnu/libm-2.19.so
7fae634e5000-7fae634e6000 rw-p 00105000 08:02 1309149                    /lib/x86_64-linux-gnu/libm-2.19.so
7fae634e6000-7fae6405c000 r-xp 00000000 08:02 2232774                    /usr/lib/jvm/java-7-oracle/jre/lib/amd64/server/libjvm.so
7fae6405c000-7fae6425b000 ---p 00b76000 08:02 2232774                    /usr/lib/jvm/java-7-oracle/jre/lib/amd64/server/libjvm.so
7fae6425b000-7fae6431f000 rw-p 00b75000 08:02 2232774                    /usr/lib/jvm/java-7-oracle/jre/lib/amd64/server/libjvm.so
7fae6431f000-7fae64360000 rw-p 00000000 00:00 0 
7fae64360000-7fae6451b000 r-xp 00000000 08:02 1309200                    /lib/x86_64-linux-gnu/libc-2.19.so
7fae6451b000-7fae6471a000 ---p 001bb000 08:02 1309200                    /lib/x86_64-linux-gnu/libc-2.19.so
7fae6471a000-7fae6471e000 r--p 001ba000 08:02 1309200                    /lib/x86_64-linux-gnu/libc-2.19.so
7fae6471e000-7fae64720000 rw-p 001be000 08:02 1309200                    /lib/x86_64-linux-gnu/libc-2.19.so
7fae64720000-7fae64725000 rw-p 00000000 00:00 0 
7fae64725000-7fae64728000 r-xp 00000000 08:02 1309153                    /lib/x86_64-linux-gnu/libdl-2.19.so
7fae64728000-7fae64927000 ---p 00003000 08:02 1309153                    /lib/x86_64-linux-gnu/libdl-2.19.so
7fae64927000-7fae64928000 r--p 00002000 08:02 1309153                    /lib/x86_64-linux-gnu/libdl-2.19.so
7fae64928000-7fae64929000 rw-p 00003000 08:02 1309153                    /lib/x86_64-linux-gnu/libdl-2.19.so
7fae64929000-7fae6493e000 r-xp 00000000 08:02 2233709                    /usr/lib/jvm/java-7-oracle/lib/amd64/jli/libjli.so
7fae6493e000-7fae64b3d000 ---p 00015000 08:02 2233709                    /usr/lib/jvm/java-7-oracle/lib/amd64/jli/libjli.so
7fae64b3d000-7fae64b3e000 rw-p 00014000 08:02 2233709                    /usr/lib/jvm/java-7-oracle/lib/amd64/jli/libjli.so
7fae64b3e000-7fae64b57000 r-xp 00000000 08:02 1309201                    /lib/x86_64-linux-gnu/libpthread-2.19.so
7fae64b57000-7fae64d56000 ---p 00019000 08:02 1309201                    /lib/x86_64-linux-gnu/libpthread-2.19.so
7fae64d56000-7fae64d57000 r--p 00018000 08:02 1309201                    /lib/x86_64-linux-gnu/libpthread-2.19.so
7fae64d57000-7fae64d58000 rw-p 00019000 08:02 1309201                    /lib/x86_64-linux-gnu/libpthread-2.19.so
7fae64d58000-7fae64d5c000 rw-p 00000000 00:00 0 
7fae64d5c000-7fae64d7f000 r-xp 00000000 08:02 1309176                    /lib/x86_64-linux-gnu/ld-2.19.so
7fae64d83000-7fae64d84000 rw-p 00000000 00:00 0 
7fae64d84000-7fae64d88000 r--s 0008b000 08:02 2232716                    /usr/lib/jvm/java-7-oracle/jre/lib/jsse.jar
7fae64d88000-7fae64d97000 r--s 000dd000 08:02 922509                     /root/Android/Sdk/build-tools/21.1.2/lib/dx.jar
7fae64d97000-7fae64da1000 rw-p 00000000 00:00 0 
7fae64da1000-7fae64e57000 rw-p 00000000 00:00 0 
7fae64e57000-7fae64e5a000 ---p 00000000 00:00 0 
7fae64e5a000-7fae64f72000 rw-p 00000000 00:00 0                          [stack:18262]
7fae64f72000-7fae64f7a000 rw-s 00000000 08:02 1447730                    /tmp/hsperfdata_root/18257
7fae64f7a000-7fae64f7b000 rw-p 00000000 00:00 0 
7fae64f7b000-7fae64f7c000 ---p 00000000 00:00 0 
7fae64f7c000-7fae64f7e000 rw-p 00000000 00:00 0 
7fae64f7e000-7fae64f7f000 r--p 00022000 08:02 1309176                    /lib/x86_64-linux-gnu/ld-2.19.so
7fae64f7f000-7fae64f80000 rw-p 00023000 08:02 1309176                    /lib/x86_64-linux-gnu/ld-2.19.so
7fae64f80000-7fae64f81000 rw-p 00000000 00:00 0 
7fff01243000-7fff01265000 rw-p 00000000 00:00 0                          [stack]
7fff012a7000-7fff012a9000 r-xp 00000000 00:00 0                          [vdso]
ffffffffff600000-ffffffffff601000 r-xp 00000000 00:00 0                  [vsyscall]

VM Arguments:
jvm_args: -Xmx1024M -Dfile.encoding=UTF-8 -Duser.country=US -Duser.language=en -Duser.variant 
java_command: com.android.dx.command.Main --dex --output /home/skylar/Desktop/cmps121-hw3/Local-BB/app/build/intermediates/dex/debug /home/skylar/Desktop/cmps121-hw3/Local-BB/app/build/intermediates/classes/debug /home/skylar/Desktop/cmps121-hw3/Local-BB/app/build/intermediates/pre-dexed/debug/support-annotations-22.0.0-5c3eb70b57859c75c7a27e70cee70709b060b059.jar /home/skylar/Desktop/cmps121-hw3/Local-BB/app/build/intermediates/pre-dexed/debug/classes-c50b554aa3ef033b104d16d9a04fab94479ad82f.jar /home/skylar/Desktop/cmps121-hw3/Local-BB/app/build/intermediates/pre-dexed/debug/classes-f7e39f13e1e2fd87ca3544921917bcb6d3ec382f.jar /home/skylar/Desktop/cmps121-hw3/Local-BB/app/build/intermediates/pre-dexed/debug/classes-e1fe4be47b41bbc13b2b87803aaa80b27011a0ac.jar /home/skylar/Desktop/cmps121-hw3/Local-BB/app/build/intermediates/pre-dexed/debug/classes-8319369d98649fd760abe082d0cc83d1e281f93c.jar /home/skylar/Desktop/cmps121-hw3/Local-BB/app/build/intermediates/pre-dexed/debug/classes-7a79a8aa3b1aa3e8f6d9993bb241c688789512d4.jar /home/skylar/Desktop/cmps121-hw3/Local-BB/app/build/intermediates/pre-dexed/debug/classes-ab10f726e64372cf5fe31e539c89fd4093665d98.jar /home/skylar/Desktop/cmps121-hw3/Local-BB/app/build/intermediates/pre-dexed/debug/classes-6d9d9f65a70a51329bf20397c1248fb966687ba4.jar /home/skylar/Desktop/cmps121-hw3/Local-BB/app/build/intermediates/pre-dexed/debug/classes-31d54cf97e679ab0460223ed6a922baed2ef496a.jar /home/skylar/Desktop/cmps121-hw3/Local-BB/app/build/intermediates/pre-dexed/debug/classes-440b389a166183cee983127c671ab4524f3d0818.jar /home/skylar/Desktop/cmps121-hw3/Local-BB/app/build/intermediates/pre-dexed/debug/classes-ca4d8af32bef15394083d373e84eb936a2307743.jar /home/skylar/Desktop/cmps121-hw3/Local-BB/app/build/intermediates/pre-dexed/debug/classes-129a7ab6dbcda31ed14e1643587fbe0d0b9e9a34.jar /home/skylar/Desktop/cmps121-hw3/Local-BB/app/build/intermediates/pre-dexed/debug/classes-e2846cf80f91ec138de4656915e8a308c16d809c.jar /home/skyla
Launcher Type: SUN_STANDARD

Environment Variables:
CLASSPATH=/home/skylar/Documents/dev/android-studio/bin/../lib/bootstrap.jar:/home/skylar/Documents/dev/android-studio/bin/../lib/extensions.jar:/home/skylar/Documents/dev/android-studio/bin/../lib/util.jar:/home/skylar/Documents/dev/android-studio/bin/../lib/jdom.jar:/home/skylar/Documents/dev/android-studio/bin/../lib/log4j.jar:/home/skylar/Documents/dev/android-studio/bin/../lib/trove4j.jar:/home/skylar/Documents/dev/android-studio/bin/../lib/jna.jar:/usr/lib/jvm/java-7-oracle/lib/tools.jar
PATH=/usr/local/sbin:/usr/local/bin:/usr/sbin:/usr/bin:/sbin:/bin
USERNAME=root
LD_LIBRARY_PATH=/home/skylar/Documents/dev/android-studio/bin:
SHELL=/bin/bash
DISPLAY=:0.0

Signal Handlers:
SIGSEGV: [libjvm.so+0x9a3b20], sa_mask[0]=0x7ffbfeff, sa_flags=0x10000004
SIGBUS: [libjvm.so+0x9a3b20], sa_mask[0]=0x7ffbfeff, sa_flags=0x10000004
SIGFPE: [libjvm.so+0x81e740], sa_mask[0]=0x7ffbfeff, sa_flags=0x10000004
SIGPIPE: [libjvm.so+0x81e740], sa_mask[0]=0x7ffbfeff, sa_flags=0x10000004
SIGXFSZ: [libjvm.so+0x81e740], sa_mask[0]=0x7ffbfeff, sa_flags=0x10000004
SIGILL: [libjvm.so+0x81e740], sa_mask[0]=0x7ffbfeff, sa_flags=0x10000004
SIGUSR1: SIG_DFL, sa_mask[0]=0x00000000, sa_flags=0x00000000
SIGUSR2: [libjvm.so+0x81ffb0], sa_mask[0]=0x00000004, sa_flags=0x10000004
SIGHUP: [libjvm.so+0x8210d0], sa_mask[0]=0x7ffbfeff, sa_flags=0x10000004
SIGINT: [libjvm.so+0x8210d0], sa_mask[0]=0x7ffbfeff, sa_flags=0x10000004
SIGTERM: [libjvm.so+0x8210d0], sa_mask[0]=0x7ffbfeff, sa_flags=0x10000004
SIGQUIT: [libjvm.so+0x8210d0], sa_mask[0]=0x7ffbfeff, sa_flags=0x10000004


---------------  S Y S T E M  ---------------

OS:jessie/sid

uname:Linux 3.13.0-37-generic #64-Ubuntu SMP Mon Sep 22 21:28:38 UTC 2014 x86_64
libc:glibc 2.19 NPTL 2.19 
rlimit: STACK 8192k, CORE 0k, NPROC 30044, NOFILE 4096, AS infinity
load average:1.47 1.01 0.95

/proc/meminfo:
MemTotal:        3928868 kB
MemFree:          114496 kB
Buffers:            3716 kB
Cached:           349368 kB
SwapCached:            0 kB
Active:          3317520 kB
Inactive:         316444 kB
Active(anon):    3282764 kB
Inactive(anon):   269444 kB
Active(file):      34756 kB
Inactive(file):    47000 kB
Unevictable:         400 kB
Mlocked:             400 kB
SwapTotal:             0 kB
SwapFree:              0 kB
Dirty:               228 kB
Writeback:             0 kB
AnonPages:       3281800 kB
Mapped:            93576 kB
Shmem:            270716 kB
Slab:              65944 kB
SReclaimable:      28380 kB
SUnreclaim:        37564 kB
KernelStack:        4584 kB
PageTables:        33240 kB
NFS_Unstable:          0 kB
Bounce:                0 kB
WritebackTmp:          0 kB
CommitLimit:     1964432 kB
Committed_AS:    6294756 kB
VmallocTotal:   34359738367 kB
VmallocUsed:      347468 kB
VmallocChunk:   34359300732 kB
HardwareCorrupted:     0 kB
AnonHugePages:   1851392 kB
HugePages_Total:       0
HugePages_Free:        0
HugePages_Rsvd:        0
HugePages_Surp:        0
Hugepagesize:       2048 kB
DirectMap4k:      108224 kB
DirectMap2M:     3966976 kB


CPU:total 4 (4 cores per cpu, 1 threads per core) family 6 model 55 stepping 8, cmov, cx8, fxsr, mmx, sse, sse2, sse3, ssse3, sse4.1, sse4.2, popcnt, erms, tsc, tscinvbit

/proc/cpuinfo:
processor	: 0
vendor_id	: GenuineIntel
cpu family	: 6
model		: 55
model name	: Intel(R) Pentium(R) CPU  N3530  @ 2.16GHz
stepping	: 8
microcode	: 0x829
cpu MHz		: 2159.000
cache size	: 1024 KB
physical id	: 0
siblings	: 4
core id		: 0
cpu cores	: 4
apicid		: 0
initial apicid	: 0
fpu		: yes
fpu_exception	: yes
cpuid level	: 11
wp		: yes
flags		: fpu vme de pse tsc msr pae mce cx8 apic sep mtrr pge mca cmov pat pse36 clflush dts acpi mmx fxsr sse sse2 ss ht tm pbe syscall nx rdtscp lm constant_tsc arch_perfmon pebs bts rep_good nopl xtopology nonstop_tsc aperfmperf pni pclmulqdq dtes64 monitor ds_cpl vmx est tm2 ssse3 cx16 xtpr pdcm sse4_1 sse4_2 movbe popcnt tsc_deadline_timer rdrand lahf_lm 3dnowprefetch ida arat epb dtherm tpr_shadow vnmi flexpriority ept vpid tsc_adjust smep erms
bogomips	: 4332.97
clflush size	: 64
cache_alignment	: 64
address sizes	: 36 bits physical, 48 bits virtual
power management:

processor	: 1
vendor_id	: GenuineIntel
cpu family	: 6
model		: 55
model name	: Intel(R) Pentium(R) CPU  N3530  @ 2.16GHz
stepping	: 8
microcode	: 0x829
cpu MHz		: 1660.000
cache size	: 1024 KB
physical id	: 0
siblings	: 4
core id		: 1
cpu cores	: 4
apicid		: 2
initial apicid	: 2
fpu		: yes
fpu_exception	: yes
cpuid level	: 11
wp		: yes
flags		: fpu vme de pse tsc msr pae mce cx8 apic sep mtrr pge mca cmov pat pse36 clflush dts acpi mmx fxsr sse sse2 ss ht tm pbe syscall nx rdtscp lm constant_tsc arch_perfmon pebs bts rep_good nopl xtopology nonstop_tsc aperfmperf pni pclmulqdq dtes64 monitor ds_cpl vmx est tm2 ssse3 cx16 xtpr pdcm sse4_1 sse4_2 movbe popcnt tsc_deadline_timer rdrand lahf_lm 3dnowprefetch ida arat epb dtherm tpr_shadow vnmi flexpriority ept vpid tsc_adjust smep erms
bogomips	: 4332.97
clflush size	: 64
cache_alignment	: 64
address sizes	: 36 bits physical, 48 bits virtual
power management:

processor	: 2
vendor_id	: GenuineIntel
cpu family	: 6
model		: 55
model name	: Intel(R) Pentium(R) CPU  N3530  @ 2.16GHz
stepping	: 8
microcode	: 0x829
cpu MHz		: 2159.000
cache size	: 1024 KB
physical id	: 0
siblings	: 4
core id		: 2
cpu cores	: 4
apicid		: 4
initial apicid	: 4
fpu		: yes
fpu_exception	: yes
cpuid level	: 11
wp		: yes
flags		: fpu vme de pse tsc msr pae mce cx8 apic sep mtrr pge mca cmov pat pse36 clflush dts acpi mmx fxsr sse sse2 ss ht tm pbe syscall nx rdtscp lm constant_tsc arch_perfmon pebs bts rep_good nopl xtopology nonstop_tsc aperfmperf pni pclmulqdq dtes64 monitor ds_cpl vmx est tm2 ssse3 cx16 xtpr pdcm sse4_1 sse4_2 movbe popcnt tsc_deadline_timer rdrand lahf_lm 3dnowprefetch ida arat epb dtherm tpr_shadow vnmi flexpriority ept vpid tsc_adjust smep erms
bogomips	: 4332.97
clflush size	: 64
cache_alignment	: 64
address sizes	: 36 bits physical, 48 bits virtual
power management:

processor	: 3
vendor_id	: GenuineIntel
cpu family	: 6
model		: 55
model name	: Intel(R) Pentium(R) CPU  N3530  @ 2.16GHz
stepping	: 8
microcode	: 0x829
cpu MHz		: 2159.000
cache size	: 1024 KB
physical id	: 0
siblings	: 4
core id		: 3
cpu cores	: 4
apicid		: 6
initial apicid	: 6
fpu		: yes
fpu_exception	: yes
cpuid level	: 11
wp		: yes
flags		: fpu vme de pse tsc msr pae mce cx8 apic sep mtrr pge mca cmov pat pse36 clflush dts acpi mmx fxsr sse sse2 ss ht tm pbe syscall nx rdtscp lm constant_tsc arch_perfmon pebs bts rep_good nopl xtopology nonstop_tsc aperfmperf pni pclmulqdq dtes64 monitor ds_cpl vmx est tm2 ssse3 cx16 xtpr pdcm sse4_1 sse4_2 movbe popcnt tsc_deadline_timer rdrand lahf_lm 3dnowprefetch ida arat epb dtherm tpr_shadow vnmi flexpriority ept vpid tsc_adjust smep erms
bogomips	: 4332.97
clflush size	: 64
cache_alignment	: 64
address sizes	: 36 bits physical, 48 bits virtual
power management:



Memory: 4k page, physical 3928868k(114372k free), swap 0k(0k free)

vm_info: Java HotSpot(TM) 64-Bit Server VM (24.80-b11) for linux-amd64 JRE (1.7.0_80-b15), built on Apr 10 2015 19:53:14 by "java_re" with gcc 4.3.0 20080428 (Red Hat 4.3.0-8)

time: Wed May  6 21:47:30 2015
elapsed time: 7 seconds

